#
# There is insufficient memory for the Java Runtime Environment to continue.
# Native memory allocation (malloc) failed to allocate 2029456 bytes for Chunk::new
# Possible reasons:
#   The system is out of physical RAM or swap space
#   The process is running with CompressedOops enabled, and the Java Heap may be blocking the growth of the native heap
# Possible solutions:
#   Reduce memory load on the system
#   Increase physical memory or swap space
#   Check if swap backing store is full
#   Decrease Java heap size (-Xmx/-Xms)
#   Decrease number of Java threads
#   Decrease Java thread stack sizes (-Xss)
#   Set larger code cache with -XX:ReservedCodeCacheSize=
#   JVM is running with Unscaled Compressed Oops mode in which the Java heap is
#     placed in the first 4GB address space. The Java Heap base address is the
#     maximum limit for the native heap growth. Please use -XX:HeapBaseMinAddress
#     to set the Java Heap base and to place the Java Heap above 4GB virtual address.
# This output file may be truncated or incomplete.
#
#  Out of Memory Error (./open/src/hotspot/share/memory/arena.cpp:197), pid=9748, tid=14240
#
# JRE version: Java(TM) SE Runtime Environment 18.9 (11.0.13+10) (build 11.0.13+10-LTS-370)
# Java VM: Java HotSpot(TM) 64-Bit Server VM 18.9 (11.0.13+10-LTS-370, mixed mode, tiered, compressed oops, g1 gc, windows-amd64)
# No core dump will be written. Minidumps are not enabled by default on client versions of Windows
#

---------------  S U M M A R Y ------------

Command Line: --add-opens=java.base/java.util=ALL-UNNAMED --add-opens=java.base/java.lang=ALL-UNNAMED --add-opens=java.base/java.lang.invoke=ALL-UNNAMED --add-opens=java.base/java.util=ALL-UNNAMED --add-opens=java.prefs/java.util.prefs=ALL-UNNAMED --add-opens=java.prefs/java.util.prefs=ALL-UNNAMED --add-opens=java.base/java.nio.charset=ALL-UNNAMED --add-opens=java.base/java.net=ALL-UNNAMED --add-opens=java.base/java.util.concurrent.atomic=ALL-UNNAMED -Xmx2048m -Dfile.encoding=UTF-8 -Duser.country=RU -Duser.language=ru -Duser.variant org.gradle.launcher.daemon.bootstrap.GradleDaemon 7.0.2

Host: Intel(R) Core(TM) i5-10300H CPU @ 2.50GHz, 8 cores, 15G,  Windows 10 , 64 bit Build 19041 (10.0.19041.1)
Time: Tue Feb  1 21:01:55 2022 Центральная Азия (зима) elapsed time: 8.131660 seconds (0d 0h 0m 8s)

---------------  T H R E A D  ---------------

Current thread (0x0000026953bf9800):  JavaThread "C2 CompilerThread2" daemon [_thread_in_native, id=14240, stack(0x000000cdf3c00000,0x000000cdf3d00000)]


Current CompileTask:
C2:   8131 5864       4       org.objectweb.asm.Frame::execute (2318 bytes)

Stack: [0x000000cdf3c00000,0x000000cdf3d00000]
Native frames: (J=compiled Java code, j=interpreted, Vv=VM code, C=native code)
V  [jvm.dll+0x62870a]
V  [jvm.dll+0x761f2f]
V  [jvm.dll+0x7635d9]
V  [jvm.dll+0x763c63]
V  [jvm.dll+0x23d728]
V  [jvm.dll+0xb293c]
V  [jvm.dll+0xb2efc]
V  [jvm.dll+0x340872]
V  [jvm.dll+0x30e603]
V  [jvm.dll+0x30d94a]
V  [jvm.dll+0x1f8255]
V  [jvm.dll+0x1f743d]
V  [jvm.dll+0x177991]
V  [jvm.dll+0x206d84]
V  [jvm.dll+0x204ebb]
V  [jvm.dll+0x727e70]
V  [jvm.dll+0x720a54]
V  [jvm.dll+0x627606]
C  [ucrtbase.dll+0x21542]
C  [KERNEL32.DLL+0x16fd4]
C  [ntdll.dll+0x4cf31]


---------------  P R O C E S S  ---------------

Threads class SMR info:
_java_thread_list=0x0000026959173840, length=52, elements={
0x000002692fdbf800, 0x000002695057b800, 0x0000026950585000, 0x00000269505df000,
0x00000269505e1000, 0x00000269505e2000, 0x00000269505e5800, 0x00000269505ee800,
0x00000269505f7000, 0x0000026950757800, 0x000002695343a800, 0x0000026950853800,
0x00000269519ae000, 0x0000026953059000, 0x0000026954085800, 0x0000026951ba5800,
0x0000026951a86800, 0x00000269537f0800, 0x0000026951c36800, 0x0000026952576800,
0x0000026952ded000, 0x0000026952577000, 0x0000026952578000, 0x0000026952575000,
0x0000026952574000, 0x0000026952572800, 0x0000026952575800, 0x0000026952579000,
0x0000026952573000, 0x0000026953bf9800, 0x0000026954556000, 0x0000026954558000,
0x0000026954554000, 0x0000026954558800, 0x000002695455a800, 0x0000026954555800,
0x000002695455d000, 0x000002695455c000, 0x000002695455d800, 0x0000026954561000,
0x0000026954561800, 0x000002695455e800, 0x0000026954560000, 0x0000026954562800,
0x000002695455f000, 0x0000026952f93000, 0x0000026952f90800, 0x0000026952f90000,
0x0000026952f91800, 0x0000026952f92800, 0x0000026952f94000, 0x0000026952f95000
}

Java Threads: ( => current thread )
  0x000002692fdbf800 JavaThread "main" [_thread_blocked, id=13328, stack(0x000000cdf1000000,0x000000cdf1100000)]
  0x000002695057b800 JavaThread "Reference Handler" daemon [_thread_blocked, id=6856, stack(0x000000cdf1700000,0x000000cdf1800000)]
  0x0000026950585000 JavaThread "Finalizer" daemon [_thread_blocked, id=12568, stack(0x000000cdf1800000,0x000000cdf1900000)]
  0x00000269505df000 JavaThread "Signal Dispatcher" daemon [_thread_blocked, id=9376, stack(0x000000cdf1900000,0x000000cdf1a00000)]
  0x00000269505e1000 JavaThread "Attach Listener" daemon [_thread_blocked, id=8124, stack(0x000000cdf1a00000,0x000000cdf1b00000)]
  0x00000269505e2000 JavaThread "Service Thread" daemon [_thread_blocked, id=13556, stack(0x000000cdf1b00000,0x000000cdf1c00000)]
  0x00000269505e5800 JavaThread "C2 CompilerThread0" daemon [_thread_in_native, id=6236, stack(0x000000cdf1c00000,0x000000cdf1d00000)]
  0x00000269505ee800 JavaThread "C1 CompilerThread0" daemon [_thread_blocked, id=3824, stack(0x000000cdf1d00000,0x000000cdf1e00000)]
  0x00000269505f7000 JavaThread "Sweeper thread" daemon [_thread_blocked, id=9648, stack(0x000000cdf1e00000,0x000000cdf1f00000)]
  0x0000026950757800 JavaThread "Common-Cleaner" daemon [_thread_blocked, id=8700, stack(0x000000cdf1f00000,0x000000cdf2000000)]
  0x000002695343a800 JavaThread "Daemon health stats" [_thread_blocked, id=13620, stack(0x000000cdf2800000,0x000000cdf2900000)]
  0x0000026950853800 JavaThread "Incoming local TCP Connector on port 57614" [_thread_in_native, id=4424, stack(0x000000cdf2100000,0x000000cdf2200000)]
  0x00000269519ae000 JavaThread "Daemon periodic checks" [_thread_blocked, id=9496, stack(0x000000cdf2700000,0x000000cdf2800000)]
  0x0000026953059000 JavaThread "Daemon" [_thread_blocked, id=392, stack(0x000000cdf2900000,0x000000cdf2a00000)]
  0x0000026954085800 JavaThread "Handler for socket connection from /127.0.0.1:57614 to /127.0.0.1:57615" [_thread_in_native, id=10656, stack(0x000000cdf2a00000,0x000000cdf2b00000)]
  0x0000026951ba5800 JavaThread "Cancel handler" [_thread_blocked, id=12744, stack(0x000000cdf2b00000,0x000000cdf2c00000)]
  0x0000026951a86800 JavaThread "Daemon worker" [_thread_in_vm, id=14008, stack(0x000000cdf2c00000,0x000000cdf2d00000)]
  0x00000269537f0800 JavaThread "Asynchronous log dispatcher for DefaultDaemonConnection: socket connection from /127.0.0.1:57614 to /127.0.0.1:57615" [_thread_blocked, id=11372, stack(0x000000cdf2d00000,0x000000cdf2e00000)]
  0x0000026951c36800 JavaThread "Stdin handler" [_thread_blocked, id=13824, stack(0x000000cdf2e00000,0x000000cdf2f00000)]
  0x0000026952576800 JavaThread "Daemon client event forwarder" [_thread_blocked, id=13580, stack(0x000000cdf2f00000,0x000000cdf3000000)]
  0x0000026952ded000 JavaThread "C2 CompilerThread1" daemon [_thread_in_native, id=10488, stack(0x000000cdf3000000,0x000000cdf3100000)]
  0x0000026952577000 JavaThread "Cache worker for file hash cache (C:\Users\Aslan\.gradle\caches\7.0.2\fileHashes)" [_thread_blocked, id=11168, stack(0x000000cdf3300000,0x000000cdf3400000)]
  0x0000026952578000 JavaThread "File lock request listener" [_thread_in_native, id=14080, stack(0x000000cdf3400000,0x000000cdf3500000)]
  0x0000026952575000 JavaThread "Cache worker for journal cache (C:\Users\Aslan\.gradle\caches\journal-1)" [_thread_blocked, id=8664, stack(0x000000cdf3600000,0x000000cdf3700000)]
  0x0000026952574000 JavaThread "Cache worker for file hash cache (C:\Users\Aslan\AndroidStudioProjects\TvShowApp\.gradle\7.0.2\fileHashes)" [_thread_blocked, id=2324, stack(0x000000cdf3700000,0x000000cdf3800000)]
  0x0000026952572800 JavaThread "File watcher server" daemon [_thread_in_native, id=2580, stack(0x000000cdf3800000,0x000000cdf3900000)]
  0x0000026952575800 JavaThread "File watcher consumer" daemon [_thread_blocked, id=10908, stack(0x000000cdf3900000,0x000000cdf3a00000)]
  0x0000026952579000 JavaThread "Cache worker for checksums cache (C:\Users\Aslan\AndroidStudioProjects\TvShowApp\.gradle\checksums)" [_thread_blocked, id=14024, stack(0x000000cdf3a00000,0x000000cdf3b00000)]
  0x0000026952573000 JavaThread "Cache worker for cache directory md-supplier (C:\Users\Aslan\.gradle\caches\7.0.2\md-supplier)" [_thread_blocked, id=492, stack(0x000000cdf3b00000,0x000000cdf3c00000)]
=>0x0000026953bf9800 JavaThread "C2 CompilerThread2" daemon [_thread_in_native, id=14240, stack(0x000000cdf3c00000,0x000000cdf3d00000)]
  0x0000026954556000 JavaThread "Cache worker for cache directory md-rule (C:\Users\Aslan\.gradle\caches\7.0.2\md-rule)" [_thread_blocked, id=5540, stack(0x000000cdf3d00000,0x000000cdf3e00000)]
  0x0000026954558000 JavaThread "Cache worker for execution history cache (C:\Users\Aslan\.gradle\caches\7.0.2\executionHistory)" [_thread_blocked, id=9820, stack(0x000000cdf3e00000,0x000000cdf3f00000)]
  0x0000026954554000 JavaThread "jar transforms" [_thread_blocked, id=8512, stack(0x000000cdf3f00000,0x000000cdf4000000)]
  0x0000026954558800 JavaThread "jar transforms Thread 2" [_thread_blocked, id=10248, stack(0x000000cdf4000000,0x000000cdf4100000)]
  0x000002695455a800 JavaThread "Cache worker for file content cache (C:\Users\Aslan\.gradle\caches\7.0.2\fileContent)" [_thread_blocked, id=13456, stack(0x000000cdf4100000,0x000000cdf4200000)]
  0x0000026954555800 JavaThread "Cache worker for dependencies-accessors (C:\Users\Aslan\AndroidStudioProjects\TvShowApp\.gradle\7.0.2\dependencies-accessors)" [_thread_blocked, id=13048, stack(0x000000cdf4200000,0x000000cdf4300000)]
  0x000002695455d000 JavaThread "jar transforms Thread 3" [_thread_blocked, id=10632, stack(0x000000cdf4300000,0x000000cdf4400000)]
  0x000002695455c000 JavaThread "Cache worker for Build Output Cleanup Cache (C:\Users\Aslan\AndroidStudioProjects\TvShowApp\.gradle\buildOutputCleanup)" [_thread_blocked, id=11260, stack(0x000000cdf4400000,0x000000cdf4500000)]
  0x000002695455d800 JavaThread "Build operations" [_thread_blocked, id=5088, stack(0x000000cdf4500000,0x000000cdf4600000)]
  0x0000026954561000 JavaThread "Build operations Thread 2" [_thread_blocked, id=8020, stack(0x000000cdf4600000,0x000000cdf4700000)]
  0x0000026954561800 JavaThread "Build operations Thread 3" [_thread_blocked, id=2360, stack(0x000000cdf4700000,0x000000cdf4800000)]
  0x000002695455e800 JavaThread "Build operations Thread 4" [_thread_blocked, id=12392, stack(0x000000cdf4800000,0x000000cdf4900000)]
  0x0000026954560000 JavaThread "Build operations Thread 5" [_thread_blocked, id=7888, stack(0x000000cdf4900000,0x000000cdf4a00000)]
  0x0000026954562800 JavaThread "Build operations Thread 6" [_thread_blocked, id=9796, stack(0x000000cdf4a00000,0x000000cdf4b00000)]
  0x000002695455f000 JavaThread "Build operations Thread 7" [_thread_blocked, id=9024, stack(0x000000cdf4b00000,0x000000cdf4c00000)]
  0x0000026952f93000 JavaThread "Build operations Thread 8" [_thread_blocked, id=2912, stack(0x000000cdf4c00000,0x000000cdf4d00000)]
  0x0000026952f90800 JavaThread "jar transforms Thread 4" [_thread_blocked, id=14252, stack(0x000000cdf4d00000,0x000000cdf4e00000)]
  0x0000026952f90000 JavaThread "jar transforms Thread 5" [_thread_blocked, id=12072, stack(0x000000cdf4e00000,0x000000cdf4f00000)]
  0x0000026952f91800 JavaThread "jar transforms Thread 6" [_thread_blocked, id=11532, stack(0x000000cdf4f00000,0x000000cdf5000000)]
  0x0000026952f92800 JavaThread "jar transforms Thread 7" [_thread_blocked, id=14304, stack(0x000000cdf5000000,0x000000cdf5100000)]
  0x0000026952f94000 JavaThread "jar transforms Thread 8" [_thread_blocked, id=12740, stack(0x000000cdf5100000,0x000000cdf5200000)]
  0x0000026952f95000 JavaThread "Memory manager" [_thread_blocked, id=8356, stack(0x000000cdf5300000,0x000000cdf5400000)]

Other Threads:
  0x000002694fd4e800 VMThread "VM Thread" [stack: 0x000000cdf1600000,0x000000cdf1700000] [id=3764]
  0x0000026950775800 WatcherThread [stack: 0x000000cdf2000000,0x000000cdf2100000] [id=8916]
  0x000002692fdd4800 GCTaskThread "GC Thread#0" [stack: 0x000000cdf1100000,0x000000cdf1200000] [id=10700]
  0x000002695138e800 GCTaskThread "GC Thread#1" [stack: 0x000000cdf2200000,0x000000cdf2300000] [id=4672]
  0x0000026950cda000 GCTaskThread "GC Thread#2" [stack: 0x000000cdf2300000,0x000000cdf2400000] [id=1784]
  0x0000026951042800 GCTaskThread "GC Thread#3" [stack: 0x000000cdf2400000,0x000000cdf2500000] [id=1428]
  0x0000026951551000 GCTaskThread "GC Thread#4" [stack: 0x000000cdf2500000,0x000000cdf2600000] [id=7220]
  0x0000026951551800 GCTaskThread "GC Thread#5" [stack: 0x000000cdf2600000,0x000000cdf2700000] [id=8064]
  0x0000026951ba6000 GCTaskThread "GC Thread#6" [stack: 0x000000cdf3100000,0x000000cdf3200000] [id=6956]
  0x0000026951a87800 GCTaskThread "GC Thread#7" [stack: 0x000000cdf3200000,0x000000cdf3300000] [id=13140]
  0x000002692fe08000 ConcurrentGCThread "G1 Main Marker" [stack: 0x000000cdf1200000,0x000000cdf1300000] [id=7408]
  0x000002692fe09800 ConcurrentGCThread "G1 Conc#0" [stack: 0x000000cdf1300000,0x000000cdf1400000] [id=3500]
  0x0000026953373800 ConcurrentGCThread "G1 Conc#1" [stack: 0x000000cdf3500000,0x000000cdf3600000] [id=408]
  0x000002694fbca800 ConcurrentGCThread "G1 Refine#0" [stack: 0x000000cdf1400000,0x000000cdf1500000] [id=13712]
  0x0000026957cce000 ConcurrentGCThread "G1 Refine#1" [stack: 0x000000cdf5200000,0x000000cdf5300000] [id=13780]
  0x000002694fbcb800 ConcurrentGCThread "G1 Young RemSet Sampling" [stack: 0x000000cdf1500000,0x000000cdf1600000] [id=2124]

Threads with active compile tasks:
C2 CompilerThread0   8166 5895       4       java.lang.String$CaseInsensitiveComparator::compare (13 bytes)
C2 CompilerThread1   8166 5726   !   4       com.google.common.reflect.TypeVisitor::visit (225 bytes)
C2 CompilerThread2   8166 5864       4       org.objectweb.asm.Frame::execute (2318 bytes)

VM state:not at safepoint (normal execution)

VM Mutex/Monitor currently owned by a thread: None

Heap address: 0x0000000080000000, size: 2048 MB, Compressed Oops mode: 32-bit
Narrow klass base: 0x0000000000000000, Narrow klass shift: 3
Compressed class space size: 1073741824 Address: 0x0000000100000000

Heap:
 garbage-first heap   total 260096K, used 54696K [0x0000000080000000, 0x0000000100000000)
  region size 1024K, 26 young (26624K), 19 survivors (19456K)
 Metaspace       used 57774K, capacity 59248K, committed 59392K, reserved 1101824K
  class space    used 7324K, capacity 7880K, committed 7936K, reserved 1048576K
Heap Regions: E=young(eden), S=young(survivor), O=old, HS=humongous(starts), HC=humongous(continues), CS=collection set, F=free, A=archive, TAMS=top-at-mark-start (previous, next)
|   0|0x0000000080000000, 0x0000000080100000, 0x0000000080100000|100%| O|  |TAMS 0x0000000080100000, 0x0000000080000000| Untracked 
|   1|0x0000000080100000, 0x0000000080200000, 0x0000000080200000|100%| O|  |TAMS 0x0000000080200000, 0x0000000080100000| Untracked 
|   2|0x0000000080200000, 0x0000000080300000, 0x0000000080300000|100%| O|  |TAMS 0x0000000080300000, 0x0000000080200000| Untracked 
|   3|0x0000000080300000, 0x0000000080400000, 0x0000000080400000|100%|HS|  |TAMS 0x0000000080400000, 0x0000000080300000| Complete 
|   4|0x0000000080400000, 0x0000000080500000, 0x0000000080500000|100%|HC|  |TAMS 0x0000000080500000, 0x0000000080400000| Complete 
|   5|0x0000000080500000, 0x0000000080600000, 0x0000000080600000|100%|HC|  |TAMS 0x0000000080600000, 0x0000000080500000| Complete 
|   6|0x0000000080600000, 0x0000000080700000, 0x0000000080700000|100%| O|  |TAMS 0x0000000080700000, 0x0000000080600000| Untracked 
|   7|0x0000000080700000, 0x0000000080800000, 0x0000000080800000|100%| O|  |TAMS 0x0000000080800000, 0x0000000080700000| Untracked 
|   8|0x0000000080800000, 0x0000000080900000, 0x0000000080900000|100%| O|  |TAMS 0x0000000080900000, 0x0000000080800000| Untracked 
|   9|0x0000000080900000, 0x0000000080a00000, 0x0000000080a00000|100%| O|  |TAMS 0x0000000080a00000, 0x0000000080900000| Untracked 
|  10|0x0000000080a00000, 0x0000000080b00000, 0x0000000080b00000|100%| O|  |TAMS 0x0000000080b00000, 0x0000000080a00000| Untracked 
|  11|0x0000000080b00000, 0x0000000080c00000, 0x0000000080c00000|100%| O|  |TAMS 0x0000000080c00000, 0x0000000080b00000| Untracked 
|  12|0x0000000080c00000, 0x0000000080d00000, 0x0000000080d00000|100%| O|  |TAMS 0x0000000080d00000, 0x0000000080c00000| Untracked 
|  13|0x0000000080d00000, 0x0000000080e00000, 0x0000000080e00000|100%| O|  |TAMS 0x0000000080e00000, 0x0000000080d00000| Untracked 
|  14|0x0000000080e00000, 0x0000000080f00000, 0x0000000080f00000|100%| O|  |TAMS 0x0000000080f00000, 0x0000000080e00000| Untracked 
|  15|0x0000000080f00000, 0x0000000081000000, 0x0000000081000000|100%| O|  |TAMS 0x0000000081000000, 0x0000000080f00000| Untracked 
|  16|0x0000000081000000, 0x0000000081100000, 0x0000000081100000|100%| O|  |TAMS 0x000000008102e200, 0x0000000081000000| Untracked 
|  17|0x0000000081100000, 0x0000000081200000, 0x0000000081200000|100%|HS|  |TAMS 0x0000000081100000, 0x0000000081100000| Complete 
|  18|0x0000000081200000, 0x0000000081300000, 0x0000000081300000|100%|HS|  |TAMS 0x0000000081200000, 0x0000000081200000| Complete 
|  19|0x0000000081300000, 0x0000000081400000, 0x0000000081400000|100%|HS|  |TAMS 0x0000000081300000, 0x0000000081300000| Complete 
|  20|0x0000000081400000, 0x0000000081500000, 0x0000000081500000|100%|HS|  |TAMS 0x0000000081400000, 0x0000000081400000| Complete 
|  21|0x0000000081500000, 0x0000000081600000, 0x0000000081600000|100%|HC|  |TAMS 0x0000000081500000, 0x0000000081500000| Complete 
|  22|0x0000000081600000, 0x0000000081700000, 0x0000000081700000|100%|HC|  |TAMS 0x0000000081600000, 0x0000000081600000| Complete 
|  23|0x0000000081700000, 0x0000000081800000, 0x0000000081800000|100%|HS|  |TAMS 0x0000000081700000, 0x0000000081700000| Complete 
|  24|0x0000000081800000, 0x0000000081900000, 0x0000000081900000|100%|HC|  |TAMS 0x0000000081800000, 0x0000000081800000| Complete 
|  25|0x0000000081900000, 0x0000000081a00000, 0x0000000081a00000|100%| O|  |TAMS 0x0000000081900000, 0x0000000081900000| Untracked 
|  26|0x0000000081a00000, 0x0000000081b00000, 0x0000000081b00000|100%| O|  |TAMS 0x0000000081a00000, 0x0000000081a00000| Untracked 
|  27|0x0000000081b00000, 0x0000000081c00000, 0x0000000081c00000|100%| O|  |TAMS 0x0000000081b00000, 0x0000000081b00000| Untracked 
|  28|0x0000000081c00000, 0x0000000081c6a000, 0x0000000081d00000| 41%| O|  |TAMS 0x0000000081c00000, 0x0000000081c00000| Untracked 
|  29|0x0000000081d00000, 0x0000000081d00000, 0x0000000081e00000|  0%| F|  |TAMS 0x0000000081d00000, 0x0000000081d00000| Untracked 
|  30|0x0000000081e00000, 0x0000000081e00000, 0x0000000081f00000|  0%| F|  |TAMS 0x0000000081e00000, 0x0000000081e00000| Untracked 
|  31|0x0000000081f00000, 0x0000000081f00000, 0x0000000082000000|  0%| F|  |TAMS 0x0000000081f00000, 0x0000000081f00000| Untracked 
|  32|0x0000000082000000, 0x0000000082000000, 0x0000000082100000|  0%| F|  |TAMS 0x0000000082000000, 0x0000000082000000| Untracked 
|  33|0x0000000082100000, 0x0000000082100000, 0x0000000082200000|  0%| F|  |TAMS 0x0000000082100000, 0x0000000082100000| Untracked 
|  34|0x0000000082200000, 0x0000000082200000, 0x0000000082300000|  0%| F|  |TAMS 0x0000000082200000, 0x0000000082200000| Untracked 
|  35|0x0000000082300000, 0x0000000082300000, 0x0000000082400000|  0%| F|  |TAMS 0x0000000082300000, 0x0000000082300000| Untracked 
|  36|0x0000000082400000, 0x0000000082400000, 0x0000000082500000|  0%| F|  |TAMS 0x0000000082400000, 0x0000000082400000| Untracked 
|  37|0x0000000082500000, 0x0000000082500000, 0x0000000082600000|  0%| F|  |TAMS 0x0000000082500000, 0x0000000082500000| Untracked 
|  38|0x0000000082600000, 0x0000000082600000, 0x0000000082700000|  0%| F|  |TAMS 0x0000000082600000, 0x0000000082600000| Untracked 
|  39|0x0000000082700000, 0x0000000082700000, 0x0000000082800000|  0%| F|  |TAMS 0x0000000082700000, 0x0000000082700000| Untracked 
|  40|0x0000000082800000, 0x0000000082800000, 0x0000000082900000|  0%| F|  |TAMS 0x0000000082800000, 0x0000000082800000| Untracked 
|  41|0x0000000082900000, 0x0000000082900000, 0x0000000082a00000|  0%| F|  |TAMS 0x0000000082900000, 0x0000000082900000| Untracked 
|  42|0x0000000082a00000, 0x0000000082a00000, 0x0000000082b00000|  0%| F|  |TAMS 0x0000000082a00000, 0x0000000082a00000| Untracked 
|  43|0x0000000082b00000, 0x0000000082b00000, 0x0000000082c00000|  0%| F|  |TAMS 0x0000000082b00000, 0x0000000082b00000| Untracked 
|  44|0x0000000082c00000, 0x0000000082c00000, 0x0000000082d00000|  0%| F|  |TAMS 0x0000000082c00000, 0x0000000082c00000| Untracked 
|  45|0x0000000082d00000, 0x0000000082d00000, 0x0000000082e00000|  0%| F|  |TAMS 0x0000000082d00000, 0x0000000082d00000| Untracked 
|  46|0x0000000082e00000, 0x0000000082e00000, 0x0000000082f00000|  0%| F|  |TAMS 0x0000000082e00000, 0x0000000082e00000| Untracked 
|  47|0x0000000082f00000, 0x0000000082f00000, 0x0000000083000000|  0%| F|  |TAMS 0x0000000082f00000, 0x0000000082f00000| Untracked 
|  48|0x0000000083000000, 0x0000000083000000, 0x0000000083100000|  0%| F|  |TAMS 0x0000000083000000, 0x0000000083000000| Untracked 
|  49|0x0000000083100000, 0x0000000083100000, 0x0000000083200000|  0%| F|  |TAMS 0x0000000083100000, 0x0000000083100000| Untracked 
|  50|0x0000000083200000, 0x0000000083200000, 0x0000000083300000|  0%| F|  |TAMS 0x0000000083200000, 0x0000000083200000| Untracked 
|  51|0x0000000083300000, 0x0000000083300000, 0x0000000083400000|  0%| F|  |TAMS 0x0000000083300000, 0x0000000083300000| Untracked 
|  52|0x0000000083400000, 0x0000000083400000, 0x0000000083500000|  0%| F|  |TAMS 0x0000000083400000, 0x0000000083400000| Untracked 
|  53|0x0000000083500000, 0x0000000083500000, 0x0000000083600000|  0%| F|  |TAMS 0x0000000083500000, 0x0000000083500000| Untracked 
|  54|0x0000000083600000, 0x0000000083600000, 0x0000000083700000|  0%| F|  |TAMS 0x0000000083600000, 0x0000000083600000| Untracked 
|  55|0x0000000083700000, 0x0000000083700000, 0x0000000083800000|  0%| F|  |TAMS 0x0000000083700000, 0x0000000083700000| Untracked 
|  56|0x0000000083800000, 0x0000000083800000, 0x0000000083900000|  0%| F|  |TAMS 0x0000000083800000, 0x0000000083800000| Untracked 
|  57|0x0000000083900000, 0x0000000083900000, 0x0000000083a00000|  0%| F|  |TAMS 0x0000000083900000, 0x0000000083900000| Untracked 
|  58|0x0000000083a00000, 0x0000000083a00000, 0x0000000083b00000|  0%| F|  |TAMS 0x0000000083a00000, 0x0000000083a00000| Untracked 
|  59|0x0000000083b00000, 0x0000000083b00000, 0x0000000083c00000|  0%| F|  |TAMS 0x0000000083b00000, 0x0000000083b00000| Untracked 
|  60|0x0000000083c00000, 0x0000000083c00000, 0x0000000083d00000|  0%| F|  |TAMS 0x0000000083c00000, 0x0000000083c00000| Untracked 
|  61|0x0000000083d00000, 0x0000000083d00000, 0x0000000083e00000|  0%| F|  |TAMS 0x0000000083d00000, 0x0000000083d00000| Untracked 
|  62|0x0000000083e00000, 0x0000000083e00000, 0x0000000083f00000|  0%| F|  |TAMS 0x0000000083e00000, 0x0000000083e00000| Untracked 
|  63|0x0000000083f00000, 0x0000000083f00000, 0x0000000084000000|  0%| F|  |TAMS 0x0000000083f00000, 0x0000000083f00000| Untracked 
|  64|0x0000000084000000, 0x0000000084000000, 0x0000000084100000|  0%| F|  |TAMS 0x0000000084000000, 0x0000000084000000| Untracked 
|  65|0x0000000084100000, 0x0000000084100000, 0x0000000084200000|  0%| F|  |TAMS 0x0000000084100000, 0x0000000084100000| Untracked 
|  66|0x0000000084200000, 0x0000000084200000, 0x0000000084300000|  0%| F|  |TAMS 0x0000000084200000, 0x0000000084200000| Untracked 
|  67|0x0000000084300000, 0x0000000084300000, 0x0000000084400000|  0%| F|  |TAMS 0x0000000084300000, 0x0000000084300000| Untracked 
|  68|0x0000000084400000, 0x0000000084400000, 0x0000000084500000|  0%| F|  |TAMS 0x0000000084400000, 0x0000000084400000| Untracked 
|  69|0x0000000084500000, 0x0000000084500000, 0x0000000084600000|  0%| F|  |TAMS 0x0000000084500000, 0x0000000084500000| Untracked 
|  70|0x0000000084600000, 0x0000000084600000, 0x0000000084700000|  0%| F|  |TAMS 0x0000000084600000, 0x0000000084600000| Untracked 
|  71|0x0000000084700000, 0x0000000084700000, 0x0000000084800000|  0%| F|  |TAMS 0x0000000084700000, 0x0000000084700000| Untracked 
|  72|0x0000000084800000, 0x0000000084800000, 0x0000000084900000|  0%| F|  |TAMS 0x0000000084800000, 0x0000000084800000| Untracked 
|  73|0x0000000084900000, 0x0000000084900000, 0x0000000084a00000|  0%| F|  |TAMS 0x0000000084900000, 0x0000000084900000| Untracked 
|  74|0x0000000084a00000, 0x0000000084a00000, 0x0000000084b00000|  0%| F|  |TAMS 0x0000000084a00000, 0x0000000084a00000| Untracked 
|  75|0x0000000084b00000, 0x0000000084b00000, 0x0000000084c00000|  0%| F|  |TAMS 0x0000000084b00000, 0x0000000084b00000| Untracked 
|  76|0x0000000084c00000, 0x0000000084c00000, 0x0000000084d00000|  0%| F|  |TAMS 0x0000000084c00000, 0x0000000084c00000| Untracked 
|  77|0x0000000084d00000, 0x0000000084d00000, 0x0000000084e00000|  0%| F|  |TAMS 0x0000000084d00000, 0x0000000084d00000| Untracked 
|  78|0x0000000084e00000, 0x0000000084e00000, 0x0000000084f00000|  0%| F|  |TAMS 0x0000000084e00000, 0x0000000084e00000| Untracked 
|  79|0x0000000084f00000, 0x0000000084f00000, 0x0000000085000000|  0%| F|  |TAMS 0x0000000084f00000, 0x0000000084f00000| Untracked 
|  80|0x0000000085000000, 0x0000000085000000, 0x0000000085100000|  0%| F|  |TAMS 0x0000000085000000, 0x0000000085000000| Untracked 
|  81|0x0000000085100000, 0x0000000085100000, 0x0000000085200000|  0%| F|  |TAMS 0x0000000085100000, 0x0000000085100000| Untracked 
|  82|0x0000000085200000, 0x0000000085200000, 0x0000000085300000|  0%| F|  |TAMS 0x0000000085200000, 0x0000000085200000| Untracked 
|  83|0x0000000085300000, 0x0000000085400000, 0x0000000085400000|100%| S|CS|TAMS 0x0000000085300000, 0x0000000085300000| Complete 
|  84|0x0000000085400000, 0x0000000085500000, 0x0000000085500000|100%| S|CS|TAMS 0x0000000085400000, 0x0000000085400000| Complete 
|  85|0x0000000085500000, 0x0000000085600000, 0x0000000085600000|100%| S|CS|TAMS 0x0000000085500000, 0x0000000085500000| Complete 
|  86|0x0000000085600000, 0x0000000085700000, 0x0000000085700000|100%| S|CS|TAMS 0x0000000085600000, 0x0000000085600000| Complete 
|  87|0x0000000085700000, 0x0000000085800000, 0x0000000085800000|100%| S|CS|TAMS 0x0000000085700000, 0x0000000085700000| Complete 
|  88|0x0000000085800000, 0x0000000085900000, 0x0000000085900000|100%| S|CS|TAMS 0x0000000085800000, 0x0000000085800000| Complete 
|  89|0x0000000085900000, 0x0000000085a00000, 0x0000000085a00000|100%| S|CS|TAMS 0x0000000085900000, 0x0000000085900000| Complete 
|  90|0x0000000085a00000, 0x0000000085b00000, 0x0000000085b00000|100%| S|CS|TAMS 0x0000000085a00000, 0x0000000085a00000| Complete 
|  91|0x0000000085b00000, 0x0000000085c00000, 0x0000000085c00000|100%| S|CS|TAMS 0x0000000085b00000, 0x0000000085b00000| Complete 
|  92|0x0000000085c00000, 0x0000000085d00000, 0x0000000085d00000|100%| S|CS|TAMS 0x0000000085c00000, 0x0000000085c00000| Complete 
|  93|0x0000000085d00000, 0x0000000085e00000, 0x0000000085e00000|100%| S|CS|TAMS 0x0000000085d00000, 0x0000000085d00000| Complete 
|  94|0x0000000085e00000, 0x0000000085f00000, 0x0000000085f00000|100%| S|CS|TAMS 0x0000000085e00000, 0x0000000085e00000| Complete 
|  95|0x0000000085f00000, 0x0000000086000000, 0x0000000086000000|100%| S|CS|TAMS 0x0000000085f00000, 0x0000000085f00000| Complete 
|  96|0x0000000086000000, 0x0000000086100000, 0x0000000086100000|100%| S|CS|TAMS 0x0000000086000000, 0x0000000086000000| Complete 
|  97|0x0000000086100000, 0x0000000086200000, 0x0000000086200000|100%| S|CS|TAMS 0x0000000086100000, 0x0000000086100000| Complete 
|  98|0x0000000086200000, 0x0000000086300000, 0x0000000086300000|100%| S|CS|TAMS 0x0000000086200000, 0x0000000086200000| Complete 
|  99|0x0000000086300000, 0x0000000086400000, 0x0000000086400000|100%| S|CS|TAMS 0x0000000086300000, 0x0000000086300000| Complete 
| 100|0x0000000086400000, 0x0000000086500000, 0x0000000086500000|100%| S|CS|TAMS 0x0000000086400000, 0x0000000086400000| Complete 
| 101|0x0000000086500000, 0x0000000086600000, 0x0000000086600000|100%| S|CS|TAMS 0x0000000086500000, 0x0000000086500000| Complete 
| 102|0x0000000086600000, 0x0000000086600000, 0x0000000086700000|  0%| F|  |TAMS 0x0000000086600000, 0x0000000086600000| Untracked 
| 103|0x0000000086700000, 0x0000000086700000, 0x0000000086800000|  0%| F|  |TAMS 0x0000000086700000, 0x0000000086700000| Untracked 
| 104|0x0000000086800000, 0x0000000086800000, 0x0000000086900000|  0%| F|  |TAMS 0x0000000086800000, 0x0000000086800000| Untracked 
| 105|0x0000000086900000, 0x0000000086900000, 0x0000000086a00000|  0%| F|  |TAMS 0x0000000086900000, 0x0000000086900000| Untracked 
| 106|0x0000000086a00000, 0x0000000086a00000, 0x0000000086b00000|  0%| F|  |TAMS 0x0000000086a00000, 0x0000000086a00000| Untracked 
| 107|0x0000000086b00000, 0x0000000086b00000, 0x0000000086c00000|  0%| F|  |TAMS 0x0000000086b00000, 0x0000000086b00000| Untracked 
| 108|0x0000000086c00000, 0x0000000086c00000, 0x0000000086d00000|  0%| F|  |TAMS 0x0000000086c00000, 0x0000000086c00000| Untracked 
| 109|0x0000000086d00000, 0x0000000086d00000, 0x0000000086e00000|  0%| F|  |TAMS 0x0000000086d00000, 0x0000000086d00000| Untracked 
| 110|0x0000000086e00000, 0x0000000086e00000, 0x0000000086f00000|  0%| F|  |TAMS 0x0000000086e00000, 0x0000000086e00000| Untracked 
| 111|0x0000000086f00000, 0x0000000086f00000, 0x0000000087000000|  0%| F|  |TAMS 0x0000000086f00000, 0x0000000086f00000| Untracked 
| 112|0x0000000087000000, 0x0000000087000000, 0x0000000087100000|  0%| F|  |TAMS 0x0000000087000000, 0x0000000087000000| Untracked 
| 113|0x0000000087100000, 0x0000000087100000, 0x0000000087200000|  0%| F|  |TAMS 0x0000000087100000, 0x0000000087100000| Untracked 
| 114|0x0000000087200000, 0x0000000087200000, 0x0000000087300000|  0%| F|  |TAMS 0x0000000087200000, 0x0000000087200000| Untracked 
| 115|0x0000000087300000, 0x0000000087300000, 0x0000000087400000|  0%| F|  |TAMS 0x0000000087300000, 0x0000000087300000| Untracked 
| 116|0x0000000087400000, 0x0000000087400000, 0x0000000087500000|  0%| F|  |TAMS 0x0000000087400000, 0x0000000087400000| Untracked 
| 117|0x0000000087500000, 0x0000000087500000, 0x0000000087600000|  0%| F|  |TAMS 0x0000000087500000, 0x0000000087500000| Untracked 
| 118|0x0000000087600000, 0x0000000087600000, 0x0000000087700000|  0%| F|  |TAMS 0x0000000087600000, 0x0000000087600000| Untracked 
| 119|0x0000000087700000, 0x0000000087700000, 0x0000000087800000|  0%| F|  |TAMS 0x0000000087700000, 0x0000000087700000| Untracked 
| 120|0x0000000087800000, 0x0000000087800000, 0x0000000087900000|  0%| F|  |TAMS 0x0000000087800000, 0x0000000087800000| Untracked 
| 121|0x0000000087900000, 0x0000000087900000, 0x0000000087a00000|  0%| F|  |TAMS 0x0000000087900000, 0x0000000087900000| Untracked 
| 122|0x0000000087a00000, 0x0000000087a00000, 0x0000000087b00000|  0%| F|  |TAMS 0x0000000087a00000, 0x0000000087a00000| Untracked 
| 123|0x0000000087b00000, 0x0000000087b00000, 0x0000000087c00000|  0%| F|  |TAMS 0x0000000087b00000, 0x0000000087b00000| Untracked 
| 124|0x0000000087c00000, 0x0000000087c00000, 0x0000000087d00000|  0%| F|  |TAMS 0x0000000087c00000, 0x0000000087c00000| Untracked 
| 125|0x0000000087d00000, 0x0000000087d00000, 0x0000000087e00000|  0%| F|  |TAMS 0x0000000087d00000, 0x0000000087d00000| Untracked 
| 126|0x0000000087e00000, 0x0000000087e00000, 0x0000000087f00000|  0%| F|  |TAMS 0x0000000087e00000, 0x0000000087e00000| Untracked 
| 127|0x0000000087f00000, 0x0000000087f00000, 0x0000000088000000|  0%| F|  |TAMS 0x0000000087f00000, 0x0000000087f00000| Untracked 
| 128|0x0000000088000000, 0x0000000088000000, 0x0000000088100000|  0%| F|  |TAMS 0x0000000088000000, 0x0000000088000000| Untracked 
| 129|0x0000000088100000, 0x0000000088100000, 0x0000000088200000|  0%| F|  |TAMS 0x0000000088100000, 0x0000000088100000| Untracked 
| 130|0x0000000088200000, 0x0000000088200000, 0x0000000088300000|  0%| F|  |TAMS 0x0000000088200000, 0x0000000088200000| Untracked 
| 131|0x0000000088300000, 0x0000000088300000, 0x0000000088400000|  0%| F|  |TAMS 0x0000000088300000, 0x0000000088300000| Untracked 
| 132|0x0000000088400000, 0x0000000088400000, 0x0000000088500000|  0%| F|  |TAMS 0x0000000088400000, 0x0000000088400000| Untracked 
| 133|0x0000000088500000, 0x0000000088500000, 0x0000000088600000|  0%| F|  |TAMS 0x0000000088500000, 0x0000000088500000| Untracked 
| 134|0x0000000088600000, 0x0000000088600000, 0x0000000088700000|  0%| F|  |TAMS 0x0000000088600000, 0x0000000088600000| Untracked 
| 135|0x0000000088700000, 0x0000000088700000, 0x0000000088800000|  0%| F|  |TAMS 0x0000000088700000, 0x0000000088700000| Untracked 
| 136|0x0000000088800000, 0x0000000088800000, 0x0000000088900000|  0%| F|  |TAMS 0x0000000088800000, 0x0000000088800000| Untracked 
| 137|0x0000000088900000, 0x0000000088900000, 0x0000000088a00000|  0%| F|  |TAMS 0x0000000088900000, 0x0000000088900000| Untracked 
| 138|0x0000000088a00000, 0x0000000088a00000, 0x0000000088b00000|  0%| F|  |TAMS 0x0000000088a00000, 0x0000000088a00000| Untracked 
| 139|0x0000000088b00000, 0x0000000088b00000, 0x0000000088c00000|  0%| F|  |TAMS 0x0000000088b00000, 0x0000000088b00000| Untracked 
| 140|0x0000000088c00000, 0x0000000088c00000, 0x0000000088d00000|  0%| F|  |TAMS 0x0000000088c00000, 0x0000000088c00000| Untracked 
| 141|0x0000000088d00000, 0x0000000088d00000, 0x0000000088e00000|  0%| F|  |TAMS 0x0000000088d00000, 0x0000000088d00000| Untracked 
| 142|0x0000000088e00000, 0x0000000088e00000, 0x0000000088f00000|  0%| F|  |TAMS 0x0000000088e00000, 0x0000000088e00000| Untracked 
| 143|0x0000000088f00000, 0x0000000088f00000, 0x0000000089000000|  0%| F|  |TAMS 0x0000000088f00000, 0x0000000088f00000| Untracked 
| 144|0x0000000089000000, 0x0000000089000000, 0x0000000089100000|  0%| F|  |TAMS 0x0000000089000000, 0x0000000089000000| Untracked 
| 145|0x0000000089100000, 0x0000000089100000, 0x0000000089200000|  0%| F|  |TAMS 0x0000000089100000, 0x0000000089100000| Untracked 
| 146|0x0000000089200000, 0x0000000089200000, 0x0000000089300000|  0%| F|  |TAMS 0x0000000089200000, 0x0000000089200000| Untracked 
| 147|0x0000000089300000, 0x0000000089300000, 0x0000000089400000|  0%| F|  |TAMS 0x0000000089300000, 0x0000000089300000| Untracked 
| 148|0x0000000089400000, 0x0000000089400000, 0x0000000089500000|  0%| F|  |TAMS 0x0000000089400000, 0x0000000089400000| Untracked 
| 149|0x0000000089500000, 0x0000000089500000, 0x0000000089600000|  0%| F|  |TAMS 0x0000000089500000, 0x0000000089500000| Untracked 
| 150|0x0000000089600000, 0x0000000089600000, 0x0000000089700000|  0%| F|  |TAMS 0x0000000089600000, 0x0000000089600000| Untracked 
| 151|0x0000000089700000, 0x0000000089700000, 0x0000000089800000|  0%| F|  |TAMS 0x0000000089700000, 0x0000000089700000| Untracked 
| 152|0x0000000089800000, 0x0000000089800000, 0x0000000089900000|  0%| F|  |TAMS 0x0000000089800000, 0x0000000089800000| Untracked 
| 153|0x0000000089900000, 0x0000000089900000, 0x0000000089a00000|  0%| F|  |TAMS 0x0000000089900000, 0x0000000089900000| Untracked 
| 154|0x0000000089a00000, 0x0000000089a00000, 0x0000000089b00000|  0%| F|  |TAMS 0x0000000089a00000, 0x0000000089a00000| Untracked 
| 155|0x0000000089b00000, 0x0000000089b00000, 0x0000000089c00000|  0%| F|  |TAMS 0x0000000089b00000, 0x0000000089b00000| Untracked 
| 156|0x0000000089c00000, 0x0000000089c00000, 0x0000000089d00000|  0%| F|  |TAMS 0x0000000089c00000, 0x0000000089c00000| Untracked 
| 157|0x0000000089d00000, 0x0000000089d00000, 0x0000000089e00000|  0%| F|  |TAMS 0x0000000089d00000, 0x0000000089d00000| Untracked 
| 158|0x0000000089e00000, 0x0000000089e00000, 0x0000000089f00000|  0%| F|  |TAMS 0x0000000089e00000, 0x0000000089e00000| Untracked 
| 159|0x0000000089f00000, 0x0000000089f00000, 0x000000008a000000|  0%| F|  |TAMS 0x0000000089f00000, 0x0000000089f00000| Untracked 
| 160|0x000000008a000000, 0x000000008a000000, 0x000000008a100000|  0%| F|  |TAMS 0x000000008a000000, 0x000000008a000000| Untracked 
| 161|0x000000008a100000, 0x000000008a100000, 0x000000008a200000|  0%| F|  |TAMS 0x000000008a100000, 0x000000008a100000| Untracked 
| 162|0x000000008a200000, 0x000000008a200000, 0x000000008a300000|  0%| F|  |TAMS 0x000000008a200000, 0x000000008a200000| Untracked 
| 163|0x000000008a300000, 0x000000008a300000, 0x000000008a400000|  0%| F|  |TAMS 0x000000008a300000, 0x000000008a300000| Untracked 
| 164|0x000000008a400000, 0x000000008a400000, 0x000000008a500000|  0%| F|  |TAMS 0x000000008a400000, 0x000000008a400000| Untracked 
| 165|0x000000008a500000, 0x000000008a500000, 0x000000008a600000|  0%| F|  |TAMS 0x000000008a500000, 0x000000008a500000| Untracked 
| 166|0x000000008a600000, 0x000000008a600000, 0x000000008a700000|  0%| F|  |TAMS 0x000000008a600000, 0x000000008a600000| Untracked 
| 167|0x000000008a700000, 0x000000008a700000, 0x000000008a800000|  0%| F|  |TAMS 0x000000008a700000, 0x000000008a700000| Untracked 
| 168|0x000000008a800000, 0x000000008a800000, 0x000000008a900000|  0%| F|  |TAMS 0x000000008a800000, 0x000000008a800000| Untracked 
| 169|0x000000008a900000, 0x000000008a900000, 0x000000008aa00000|  0%| F|  |TAMS 0x000000008a900000, 0x000000008a900000| Untracked 
| 170|0x000000008aa00000, 0x000000008aa00000, 0x000000008ab00000|  0%| F|  |TAMS 0x000000008aa00000, 0x000000008aa00000| Untracked 
| 171|0x000000008ab00000, 0x000000008ab00000, 0x000000008ac00000|  0%| F|  |TAMS 0x000000008ab00000, 0x000000008ab00000| Untracked 
| 172|0x000000008ac00000, 0x000000008ac00000, 0x000000008ad00000|  0%| F|  |TAMS 0x000000008ac00000, 0x000000008ac00000| Untracked 
| 173|0x000000008ad00000, 0x000000008ad00000, 0x000000008ae00000|  0%| F|  |TAMS 0x000000008ad00000, 0x000000008ad00000| Untracked 
| 174|0x000000008ae00000, 0x000000008ae00000, 0x000000008af00000|  0%| F|  |TAMS 0x000000008ae00000, 0x000000008ae00000| Untracked 
| 175|0x000000008af00000, 0x000000008af00000, 0x000000008b000000|  0%| F|  |TAMS 0x000000008af00000, 0x000000008af00000| Untracked 
| 176|0x000000008b000000, 0x000000008b000000, 0x000000008b100000|  0%| F|  |TAMS 0x000000008b000000, 0x000000008b000000| Untracked 
| 177|0x000000008b100000, 0x000000008b100000, 0x000000008b200000|  0%| F|  |TAMS 0x000000008b100000, 0x000000008b100000| Untracked 
| 178|0x000000008b200000, 0x000000008b200000, 0x000000008b300000|  0%| F|  |TAMS 0x000000008b200000, 0x000000008b200000| Untracked 
| 179|0x000000008b300000, 0x000000008b300000, 0x000000008b400000|  0%| F|  |TAMS 0x000000008b300000, 0x000000008b300000| Untracked 
| 180|0x000000008b400000, 0x000000008b400000, 0x000000008b500000|  0%| F|  |TAMS 0x000000008b400000, 0x000000008b400000| Untracked 
| 181|0x000000008b500000, 0x000000008b500000, 0x000000008b600000|  0%| F|  |TAMS 0x000000008b500000, 0x000000008b500000| Untracked 
| 182|0x000000008b600000, 0x000000008b600000, 0x000000008b700000|  0%| F|  |TAMS 0x000000008b600000, 0x000000008b600000| Untracked 
| 183|0x000000008b700000, 0x000000008b700000, 0x000000008b800000|  0%| F|  |TAMS 0x000000008b700000, 0x000000008b700000| Untracked 
| 184|0x000000008b800000, 0x000000008b800000, 0x000000008b900000|  0%| F|  |TAMS 0x000000008b800000, 0x000000008b800000| Untracked 
| 185|0x000000008b900000, 0x000000008b900000, 0x000000008ba00000|  0%| F|  |TAMS 0x000000008b900000, 0x000000008b900000| Untracked 
| 186|0x000000008ba00000, 0x000000008ba00000, 0x000000008bb00000|  0%| F|  |TAMS 0x000000008ba00000, 0x000000008ba00000| Untracked 
| 187|0x000000008bb00000, 0x000000008bb00000, 0x000000008bc00000|  0%| F|  |TAMS 0x000000008bb00000, 0x000000008bb00000| Untracked 
| 188|0x000000008bc00000, 0x000000008bc00000, 0x000000008bd00000|  0%| F|  |TAMS 0x000000008bc00000, 0x000000008bc00000| Untracked 
| 189|0x000000008bd00000, 0x000000008bd00000, 0x000000008be00000|  0%| F|  |TAMS 0x000000008bd00000, 0x000000008bd00000| Untracked 
| 190|0x000000008be00000, 0x000000008be00000, 0x000000008bf00000|  0%| F|  |TAMS 0x000000008be00000, 0x000000008be00000| Untracked 
| 191|0x000000008bf00000, 0x000000008bf00000, 0x000000008c000000|  0%| F|  |TAMS 0x000000008bf00000, 0x000000008bf00000| Untracked 
| 192|0x000000008c000000, 0x000000008c000000, 0x000000008c100000|  0%| F|  |TAMS 0x000000008c000000, 0x000000008c000000| Untracked 
| 193|0x000000008c100000, 0x000000008c100000, 0x000000008c200000|  0%| F|  |TAMS 0x000000008c100000, 0x000000008c100000| Untracked 
| 194|0x000000008c200000, 0x000000008c200000, 0x000000008c300000|  0%| F|  |TAMS 0x000000008c200000, 0x000000008c200000| Untracked 
| 195|0x000000008c300000, 0x000000008c300000, 0x000000008c400000|  0%| F|  |TAMS 0x000000008c300000, 0x000000008c300000| Untracked 
| 196|0x000000008c400000, 0x000000008c400000, 0x000000008c500000|  0%| F|  |TAMS 0x000000008c400000, 0x000000008c400000| Untracked 
| 197|0x000000008c500000, 0x000000008c500000, 0x000000008c600000|  0%| F|  |TAMS 0x000000008c500000, 0x000000008c500000| Untracked 
| 198|0x000000008c600000, 0x000000008c600000, 0x000000008c700000|  0%| F|  |TAMS 0x000000008c600000, 0x000000008c600000| Untracked 
| 199|0x000000008c700000, 0x000000008c700000, 0x000000008c800000|  0%| F|  |TAMS 0x000000008c700000, 0x000000008c700000| Untracked 
| 200|0x000000008c800000, 0x000000008c800000, 0x000000008c900000|  0%| F|  |TAMS 0x000000008c800000, 0x000000008c800000| Untracked 
| 201|0x000000008c900000, 0x000000008c900000, 0x000000008ca00000|  0%| F|  |TAMS 0x000000008c900000, 0x000000008c900000| Untracked 
| 202|0x000000008ca00000, 0x000000008ca00000, 0x000000008cb00000|  0%| F|  |TAMS 0x000000008ca00000, 0x000000008ca00000| Untracked 
| 203|0x000000008cb00000, 0x000000008cb00000, 0x000000008cc00000|  0%| F|  |TAMS 0x000000008cb00000, 0x000000008cb00000| Untracked 
| 204|0x000000008cc00000, 0x000000008cc00000, 0x000000008cd00000|  0%| F|  |TAMS 0x000000008cc00000, 0x000000008cc00000| Untracked 
| 205|0x000000008cd00000, 0x000000008cd00000, 0x000000008ce00000|  0%| F|  |TAMS 0x000000008cd00000, 0x000000008cd00000| Untracked 
| 206|0x000000008ce00000, 0x000000008ce00000, 0x000000008cf00000|  0%| F|  |TAMS 0x000000008ce00000, 0x000000008ce00000| Untracked 
| 207|0x000000008cf00000, 0x000000008cf00000, 0x000000008d000000|  0%| F|  |TAMS 0x000000008cf00000, 0x000000008cf00000| Untracked 
| 208|0x000000008d000000, 0x000000008d000000, 0x000000008d100000|  0%| F|  |TAMS 0x000000008d000000, 0x000000008d000000| Untracked 
| 209|0x000000008d100000, 0x000000008d100000, 0x000000008d200000|  0%| F|  |TAMS 0x000000008d100000, 0x000000008d100000| Untracked 
| 210|0x000000008d200000, 0x000000008d200000, 0x000000008d300000|  0%| F|  |TAMS 0x000000008d200000, 0x000000008d200000| Untracked 
| 211|0x000000008d300000, 0x000000008d300000, 0x000000008d400000|  0%| F|  |TAMS 0x000000008d300000, 0x000000008d300000| Untracked 
| 212|0x000000008d400000, 0x000000008d400000, 0x000000008d500000|  0%| F|  |TAMS 0x000000008d400000, 0x000000008d400000| Untracked 
| 213|0x000000008d500000, 0x000000008d500000, 0x000000008d600000|  0%| F|  |TAMS 0x000000008d500000, 0x000000008d500000| Untracked 
| 214|0x000000008d600000, 0x000000008d600000, 0x000000008d700000|  0%| F|  |TAMS 0x000000008d600000, 0x000000008d600000| Untracked 
| 215|0x000000008d700000, 0x000000008d700000, 0x000000008d800000|  0%| F|  |TAMS 0x000000008d700000, 0x000000008d700000| Untracked 
| 216|0x000000008d800000, 0x000000008d800000, 0x000000008d900000|  0%| F|  |TAMS 0x000000008d800000, 0x000000008d800000| Untracked 
| 217|0x000000008d900000, 0x000000008d900000, 0x000000008da00000|  0%| F|  |TAMS 0x000000008d900000, 0x000000008d900000| Untracked 
| 218|0x000000008da00000, 0x000000008da00000, 0x000000008db00000|  0%| F|  |TAMS 0x000000008da00000, 0x000000008da00000| Untracked 
| 219|0x000000008db00000, 0x000000008db00000, 0x000000008dc00000|  0%| F|  |TAMS 0x000000008db00000, 0x000000008db00000| Untracked 
| 220|0x000000008dc00000, 0x000000008dc00000, 0x000000008dd00000|  0%| F|  |TAMS 0x000000008dc00000, 0x000000008dc00000| Untracked 
| 221|0x000000008dd00000, 0x000000008dd00000, 0x000000008de00000|  0%| F|  |TAMS 0x000000008dd00000, 0x000000008dd00000| Untracked 
| 222|0x000000008de00000, 0x000000008de00000, 0x000000008df00000|  0%| F|  |TAMS 0x000000008de00000, 0x000000008de00000| Untracked 
| 223|0x000000008df00000, 0x000000008df00000, 0x000000008e000000|  0%| F|  |TAMS 0x000000008df00000, 0x000000008df00000| Untracked 
| 224|0x000000008e000000, 0x000000008e000000, 0x000000008e100000|  0%| F|  |TAMS 0x000000008e000000, 0x000000008e000000| Untracked 
| 225|0x000000008e100000, 0x000000008e100000, 0x000000008e200000|  0%| F|  |TAMS 0x000000008e100000, 0x000000008e100000| Untracked 
| 226|0x000000008e200000, 0x000000008e200000, 0x000000008e300000|  0%| F|  |TAMS 0x000000008e200000, 0x000000008e200000| Untracked 
| 227|0x000000008e300000, 0x000000008e300000, 0x000000008e400000|  0%| F|  |TAMS 0x000000008e300000, 0x000000008e300000| Untracked 
| 228|0x000000008e400000, 0x000000008e400000, 0x000000008e500000|  0%| F|  |TAMS 0x000000008e400000, 0x000000008e400000| Untracked 
| 229|0x000000008e500000, 0x000000008e500000, 0x000000008e600000|  0%| F|  |TAMS 0x000000008e500000, 0x000000008e500000| Untracked 
| 230|0x000000008e600000, 0x000000008e600000, 0x000000008e700000|  0%| F|  |TAMS 0x000000008e600000, 0x000000008e600000| Untracked 
| 231|0x000000008e700000, 0x000000008e700000, 0x000000008e800000|  0%| F|  |TAMS 0x000000008e700000, 0x000000008e700000| Untracked 
| 232|0x000000008e800000, 0x000000008e800000, 0x000000008e900000|  0%| F|  |TAMS 0x000000008e800000, 0x000000008e800000| Untracked 
| 233|0x000000008e900000, 0x000000008e900000, 0x000000008ea00000|  0%| F|  |TAMS 0x000000008e900000, 0x000000008e900000| Untracked 
| 234|0x000000008ea00000, 0x000000008ea00000, 0x000000008eb00000|  0%| F|  |TAMS 0x000000008ea00000, 0x000000008ea00000| Untracked 
| 235|0x000000008eb00000, 0x000000008eb00000, 0x000000008ec00000|  0%| F|  |TAMS 0x000000008eb00000, 0x000000008eb00000| Untracked 
| 236|0x000000008ec00000, 0x000000008ec00000, 0x000000008ed00000|  0%| F|  |TAMS 0x000000008ec00000, 0x000000008ec00000| Untracked 
| 237|0x000000008ed00000, 0x000000008ed00000, 0x000000008ee00000|  0%| F|  |TAMS 0x000000008ed00000, 0x000000008ed00000| Untracked 
| 238|0x000000008ee00000, 0x000000008ee00000, 0x000000008ef00000|  0%| F|  |TAMS 0x000000008ee00000, 0x000000008ee00000| Untracked 
| 239|0x000000008ef00000, 0x000000008ef00000, 0x000000008f000000|  0%| F|  |TAMS 0x000000008ef00000, 0x000000008ef00000| Untracked 
| 240|0x000000008f000000, 0x000000008f000000, 0x000000008f100000|  0%| F|  |TAMS 0x000000008f000000, 0x000000008f000000| Untracked 
| 241|0x000000008f100000, 0x000000008f100000, 0x000000008f200000|  0%| F|  |TAMS 0x000000008f100000, 0x000000008f100000| Untracked 
| 242|0x000000008f200000, 0x000000008f200000, 0x000000008f300000|  0%| F|  |TAMS 0x000000008f200000, 0x000000008f200000| Untracked 
| 243|0x000000008f300000, 0x000000008f300000, 0x000000008f400000|  0%| F|  |TAMS 0x000000008f300000, 0x000000008f300000| Untracked 
| 244|0x000000008f400000, 0x000000008f400000, 0x000000008f500000|  0%| F|  |TAMS 0x000000008f400000, 0x000000008f400000| Untracked 
| 245|0x000000008f500000, 0x000000008f500000, 0x000000008f600000|  0%| F|  |TAMS 0x000000008f500000, 0x000000008f500000| Untracked 
| 246|0x000000008f600000, 0x000000008f680800, 0x000000008f700000| 50%| E|  |TAMS 0x000000008f600000, 0x000000008f600000| Complete 
| 247|0x000000008f700000, 0x000000008f800000, 0x000000008f800000|100%| E|CS|TAMS 0x000000008f700000, 0x000000008f700000| Complete 
| 248|0x000000008f800000, 0x000000008f900000, 0x000000008f900000|100%| E|CS|TAMS 0x000000008f800000, 0x000000008f800000| Complete 
| 249|0x000000008f900000, 0x000000008fa00000, 0x000000008fa00000|100%| E|CS|TAMS 0x000000008f900000, 0x000000008f900000| Complete 
| 250|0x000000008fa00000, 0x000000008fb00000, 0x000000008fb00000|100%| E|CS|TAMS 0x000000008fa00000, 0x000000008fa00000| Complete 
| 251|0x000000008fb00000, 0x000000008fc00000, 0x000000008fc00000|100%| E|CS|TAMS 0x000000008fb00000, 0x000000008fb00000| Complete 
| 252|0x000000008fc00000, 0x000000008fd00000, 0x000000008fd00000|100%| E|CS|TAMS 0x000000008fc00000, 0x000000008fc00000| Complete 
| 253|0x000000008fd00000, 0x000000008fe00000, 0x000000008fe00000|100%| E|CS|TAMS 0x000000008fd00000, 0x000000008fd00000| Complete 

Card table byte_map: [0x0000026948a40000,0x0000026948e40000] _byte_map_base: 0x0000026948640000

Marking Bits (Prev, Next): (CMBitMap*) 0x000002692fdff578, (CMBitMap*) 0x000002692fdff5b0
 Prev Bits: [0x0000026949240000, 0x000002694b240000)
 Next Bits: [0x000002694b240000, 0x000002694d240000)

Polling page: 0x0000026938ba0000

Metaspace:

Usage:
  Non-class:     50.29 MB capacity,    49.33 MB ( 98%) used,   833.29 KB (  2%) free+waste,   149.50 KB ( <1%) overhead. 
      Class:      7.70 MB capacity,     7.17 MB ( 93%) used,   468.11 KB (  6%) free+waste,    72.56 KB ( <1%) overhead. 
       Both:     57.98 MB capacity,    56.50 MB ( 97%) used,     1.27 MB (  2%) free+waste,   222.06 KB ( <1%) overhead. 

Virtual space:
  Non-class space:       52.00 MB reserved,      50.50 MB ( 97%) committed 
      Class space:        1.00 GB reserved,       7.75 MB ( <1%) committed 
             Both:        1.05 GB reserved,      58.25 MB (  5%) committed 

Chunk freelists:
   Non-Class:  3.00 KB
       Class:  3.00 KB
        Both:  6.00 KB

CodeHeap 'non-profiled nmethods': size=120000Kb used=3338Kb max_used=3338Kb free=116661Kb
 bounds [0x0000026940690000, 0x00000269409e0000, 0x0000026947bc0000]
CodeHeap 'profiled nmethods': size=120000Kb used=11977Kb max_used=11977Kb free=108022Kb
 bounds [0x0000026939160000, 0x0000026939d20000, 0x0000026940690000]
CodeHeap 'non-nmethods': size=5760Kb used=2242Kb max_used=2278Kb free=3517Kb
 bounds [0x0000026938bc0000, 0x0000026938e30000, 0x0000026939160000]
 total_blobs=6764 nmethods=5933 adapters=741
 compilation: enabled
              stopped_count=0, restarted_count=0
 full_count=0

Compilation events (10 events):
Event: 8.124 Thread 0x00000269505ee800 5914       3       java.lang.invoke.InvokerBytecodeGenerator::classFilePrologue (86 bytes)
Event: 8.125 Thread 0x00000269505ee800 nmethod 5914 0x0000026939cfc310 code [0x0000026939cfc620, 0x0000026939cfd588]
Event: 8.125 Thread 0x00000269505ee800 5915       3       java.lang.invoke.InvokerBytecodeGenerator::bogusMethod (74 bytes)
Event: 8.125 Thread 0x00000269505ee800 nmethod 5915 0x0000026939cfdb10 code [0x0000026939cfdca0, 0x0000026939cfddb8]
Event: 8.126 Thread 0x00000269505ee800 5916       1       javax.management.MBeanFeatureInfo::getDescription (5 bytes)
Event: 8.126 Thread 0x00000269505ee800 nmethod 5916 0x00000269409ca510 code [0x00000269409ca6a0, 0x00000269409ca758]
Event: 8.127 Thread 0x00000269505ee800 5917       1       com.sun.jmx.mbeanserver.MXBeanMapping::getOpenType (5 bytes)
Event: 8.127 Thread 0x00000269505ee800 nmethod 5917 0x00000269409ca810 code [0x00000269409ca9a0, 0x00000269409caa58]
Event: 8.128 Thread 0x00000269505ee800 5918       3       java.util.ComparableTimSort::countRunAndMakeAscending (123 bytes)
Event: 8.129 Thread 0x00000269505ee800 nmethod 5918 0x0000026939cfde90 code [0x0000026939cfe0e0, 0x0000026939cfef08]

GC Heap History (10 events):
Event: 3.011 GC heap before
{Heap before GC invocations=3 (full 0):
 garbage-first heap   total 260096K, used 40498K [0x0000000080000000, 0x0000000100000000)
  region size 1024K, 31 young (31744K), 7 survivors (7168K)
 Metaspace       used 20572K, capacity 21110K, committed 21248K, reserved 1067008K
  class space    used 2527K, capacity 2704K, committed 2816K, reserved 1048576K
}
Event: 3.017 GC heap after
{Heap after GC invocations=4 (full 0):
 garbage-first heap   total 260096K, used 17419K [0x0000000080000000, 0x0000000100000000)
  region size 1024K, 1 young (1024K), 1 survivors (1024K)
 Metaspace       used 20572K, capacity 21110K, committed 21248K, reserved 1067008K
  class space    used 2527K, capacity 2704K, committed 2816K, reserved 1048576K
}
Event: 3.876 GC heap before
{Heap before GC invocations=5 (full 0):
 garbage-first heap   total 260096K, used 91147K [0x0000000080000000, 0x0000000100000000)
  region size 1024K, 73 young (74752K), 1 survivors (1024K)
 Metaspace       used 27309K, capacity 27971K, committed 28288K, reserved 1073152K
  class space    used 3635K, capacity 3869K, committed 3968K, reserved 1048576K
}
Event: 3.880 GC heap after
{Heap after GC invocations=6 (full 0):
 garbage-first heap   total 260096K, used 19683K [0x0000000080000000, 0x0000000100000000)
  region size 1024K, 4 young (4096K), 4 survivors (4096K)
 Metaspace       used 27309K, capacity 27971K, committed 28288K, reserved 1073152K
  class space    used 3635K, capacity 3869K, committed 3968K, reserved 1048576K
}
Event: 4.720 GC heap before
{Heap before GC invocations=6 (full 0):
 garbage-first heap   total 260096K, used 58595K [0x0000000080000000, 0x0000000100000000)
  region size 1024K, 44 young (45056K), 4 survivors (4096K)
 Metaspace       used 34981K, capacity 35767K, committed 35840K, reserved 1081344K
  class space    used 4527K, capacity 4814K, committed 4864K, reserved 1048576K
}
Event: 4.728 GC heap after
{Heap after GC invocations=7 (full 0):
 garbage-first heap   total 260096K, used 24214K [0x0000000080000000, 0x0000000100000000)
  region size 1024K, 8 young (8192K), 8 survivors (8192K)
 Metaspace       used 34981K, capacity 35767K, committed 35840K, reserved 1081344K
  class space    used 4527K, capacity 4814K, committed 4864K, reserved 1048576K
}
Event: 6.077 GC heap before
{Heap before GC invocations=8 (full 0):
 garbage-first heap   total 260096K, used 139926K [0x0000000080000000, 0x0000000100000000)
  region size 1024K, 118 young (120832K), 8 survivors (8192K)
 Metaspace       used 43314K, capacity 44350K, committed 44672K, reserved 1087488K
  class space    used 5579K, capacity 5942K, committed 6016K, reserved 1048576K
}
Event: 6.088 GC heap after
{Heap after GC invocations=9 (full 0):
 garbage-first heap   total 260096K, used 28856K [0x0000000080000000, 0x0000000100000000)
  region size 1024K, 12 young (12288K), 12 survivors (12288K)
 Metaspace       used 43314K, capacity 44350K, committed 44672K, reserved 1087488K
  class space    used 5579K, capacity 5942K, committed 6016K, reserved 1048576K
}
Event: 8.023 GC heap before
{Heap before GC invocations=9 (full 0):
 garbage-first heap   total 260096K, used 179384K [0x0000000080000000, 0x0000000100000000)
  region size 1024K, 152 young (155648K), 12 survivors (12288K)
 Metaspace       used 56452K, capacity 57956K, committed 58240K, reserved 1099776K
  class space    used 7148K, capacity 7683K, committed 7808K, reserved 1048576K
}
Event: 8.040 GC heap after
{Heap after GC invocations=10 (full 0):
 garbage-first heap   total 260096K, used 48552K [0x0000000080000000, 0x0000000100000000)
  region size 1024K, 19 young (19456K), 19 survivors (19456K)
 Metaspace       used 56452K, capacity 57956K, committed 58240K, reserved 1099776K
  class space    used 7148K, capacity 7683K, committed 7808K, reserved 1048576K
}

Deoptimization events (10 events):
Event: 7.258 Thread 0x0000026951a86800 Uncommon trap: reason=unstable_fused_if action=reinterpret pc=0x00000269407ac8cc method=org.objectweb.asm.ByteVector.putUTF8(Ljava/lang/String;)Lorg/objectweb/asm/ByteVector; @ 93 c2
Event: 7.260 Thread 0x0000026951a86800 Uncommon trap: reason=class_check action=maybe_recompile pc=0x0000026940921dbc method=com.google.common.collect.RegularImmutableMap.get([I[Ljava/lang/Object;IILjava/lang/Object;)Ljava/lang/Object; @ 17 c2
Event: 7.260 Thread 0x0000026951a86800 Uncommon trap: reason=unstable_if action=reinterpret pc=0x0000026940921ec8 method=com.google.common.collect.RegularImmutableMap.get([I[Ljava/lang/Object;IILjava/lang/Object;)Ljava/lang/Object; @ 34 c2
Event: 7.370 Thread 0x0000026951a86800 Uncommon trap: reason=unstable_if action=reinterpret pc=0x00000269406c3c14 method=java.lang.AbstractStringBuilder.putStringAt(ILjava/lang/String;)V @ 8 c2
Event: 7.370 Thread 0x0000026951a86800 Uncommon trap: reason=unstable_if action=reinterpret pc=0x000002694071cf08 method=java.lang.AbstractStringBuilder.isLatin1()Z @ 10 c2
Event: 7.370 Thread 0x0000026951a86800 Uncommon trap: reason=unstable_if action=reinterpret pc=0x00000269406c42ec method=java.lang.String.getBytes([BIB)V @ 5 c2
Event: 7.370 Thread 0x0000026951a86800 Uncommon trap: reason=unstable_if action=reinterpret pc=0x00000269406b95cc method=java.lang.AbstractStringBuilder.isLatin1()Z @ 10 c2
Event: 7.645 Thread 0x0000026951a86800 Uncommon trap: reason=unstable_if action=reinterpret pc=0x00000269409a6880 method=org.gradle.internal.instantiation.generator.AbstractClassGenerator$InjectionAnnotationValidator.validateMethod(Ljava/lang/reflect/Method;Lorg/gradle/internal/reflect/Propert
Event: 7.759 Thread 0x0000026951a86800 Uncommon trap: reason=bimorphic_or_optimized_type_check action=maybe_recompile pc=0x0000026940848be0 method=java.util.AbstractCollection.addAll(Ljava/util/Collection;)Z @ 29 c2
Event: 8.040 Thread 0x0000026950757800 Uncommon trap: reason=class_check action=maybe_recompile pc=0x00000269407d19cc method=jdk.internal.ref.PhantomCleanable.clean()V @ 12 c2

Classes redefined (0 events):
No events

Internal exceptions (10 events):
Event: 7.119 Thread 0x0000026951a86800 Exception <a 'java/lang/ClassNotFoundException'{0x000000008b2f08d0}: org/gradle/api/internal/plugins/DefaultObjectConfigurationActionCustomizer> (0x000000008b2f08d0) thrown at [./open/src/hotspot/share/classfile/systemDictionary.cpp, line 227]
Event: 7.226 Thread 0x0000026951a86800 Exception <a 'java/lang/NoSuchMethodError'{0x000000008a8d37c8}: java.lang.invoke.DirectMethodHandle$Holder.invokeStatic(Ljava/lang/Object;Ljava/lang/Object;Ljava/lang/Object;Ljava/lang/Object;I)Ljava/lang/Object;> (0x000000008a8d37c8) thrown at [./open/sr
Event: 7.226 Thread 0x0000026951a86800 Exception <a 'java/lang/NoSuchMethodError'{0x000000008a8d81b8}: java.lang.invoke.DirectMethodHandle$Holder.invokeSpecial(Ljava/lang/Object;Ljava/lang/Object;Ljava/lang/Object;Ljava/lang/Object;Ljava/lang/Object;I)Ljava/lang/Object;> (0x000000008a8d81b8) t
Event: 7.227 Thread 0x0000026951a86800 Exception <a 'java/lang/NoSuchMethodError'{0x000000008a8dc7f0}: java.lang.invoke.Invokers$Holder.linkToTargetMethod(Ljava/lang/Object;Ljava/lang/Object;Ljava/lang/Object;ILjava/lang/Object;)Ljava/lang/Object;> (0x000000008a8dc7f0) thrown at [./open/src/ho
Event: 7.260 Thread 0x0000026951a86800 Implicit null exception at 0x00000269409219f3 to 0x0000026940921eb0
Event: 7.420 Thread 0x0000026951a86800 Exception <a 'java/lang/NoSuchMethodError'{0x000000008998c748}: java.lang.invoke.DirectMethodHandle$Holder.invokeSpecial(Ljava/lang/Object;Ljava/lang/Object;IILjava/lang/Object;Ljava/lang/Object;Ljava/lang/Object;)Ljava/lang/Object;> (0x000000008998c748) 
Event: 7.420 Thread 0x0000026951a86800 Exception <a 'java/lang/NoSuchMethodError'{0x0000000089990cc0}: java.lang.invoke.DelegatingMethodHandle$Holder.reinvoke_L(Ljava/lang/Object;IILjava/lang/Object;Ljava/lang/Object;Ljava/lang/Object;)Ljava/lang/Object;> (0x0000000089990cc0) thrown at [./open
Event: 7.630 Thread 0x0000026951a86800 Exception <a 'java/lang/NoSuchMethodError'{0x0000000088d81d68}: java.lang.invoke.DirectMethodHandle$Holder.invokeInterface(Ljava/lang/Object;Ljava/lang/Object;Ljava/lang/Object;Ljava/lang/Object;)I> (0x0000000088d81d68) thrown at [./open/src/hotspot/share
Event: 7.959 Thread 0x0000026951a86800 Exception <a 'java/lang/NoSuchMethodError'{0x0000000086bfc228}: java.lang.invoke.DirectMethodHandle$Holder.invokeInterface(Ljava/lang/Object;Ljava/lang/Object;Ljava/lang/Object;Ljava/lang/Object;)V> (0x0000000086bfc228) thrown at [./open/src/hotspot/share
Event: 8.097 Thread 0x0000026951a86800 Exception <a 'java/lang/IncompatibleClassChangeError'{0x000000008fa62f28}: Found class java.lang.Object, but interface was expected> (0x000000008fa62f28) thrown at [./open/src/hotspot/share/interpreter/linkResolver.cpp, line 838]

Events (10 events):
Event: 8.126 loading class java/lang/management/OperatingSystemMXBean
Event: 8.126 loading class java/lang/management/OperatingSystemMXBean done
Event: 8.126 loading class com/sun/management/OperatingSystemMXBean done
Event: 8.126 loading class sun/management/BaseOperatingSystemImpl
Event: 8.126 loading class sun/management/BaseOperatingSystemImpl done
Event: 8.126 loading class com/sun/management/internal/OperatingSystemImpl done
Event: 8.128 loading class java/util/HashMap$EntrySpliterator
Event: 8.129 loading class java/util/HashMap$EntrySpliterator done
Event: 8.129 loading class javax/management/StandardEmitterMBean
Event: 8.129 loading class javax/management/StandardEmitterMBean done


Dynamic libraries:
0x00007ff67b580000 - 0x00007ff67b58f000 	C:\Program Files\Java\jdk-11.0.13\bin\java.exe
0x00007ffcc7050000 - 0x00007ffcc7244000 	C:\Windows\SYSTEM32\ntdll.dll
0x00007ffca7550000 - 0x00007ffca7566000 	C:\Program Files\Avast Software\Avast\aswhook.dll
0x00007ffcc5340000 - 0x00007ffcc53fd000 	C:\Windows\System32\KERNEL32.DLL
0x00007ffcc4b10000 - 0x00007ffcc4dd7000 	C:\Windows\System32\KERNELBASE.dll
0x00007ffcc4e10000 - 0x00007ffcc4f10000 	C:\Windows\System32\ucrtbase.dll
0x00007ffcb25e0000 - 0x00007ffcb25f8000 	C:\Program Files\Java\jdk-11.0.13\bin\jli.dll
0x00007ffcafb50000 - 0x00007ffcafb65000 	C:\Program Files\Java\jdk-11.0.13\bin\VCRUNTIME140.dll
0x00007ffcc6810000 - 0x00007ffcc68ba000 	C:\Windows\System32\ADVAPI32.dll
0x00007ffcc65c0000 - 0x00007ffcc665e000 	C:\Windows\System32\msvcrt.dll
0x00007ffcc6c70000 - 0x00007ffcc6d0b000 	C:\Windows\System32\sechost.dll
0x00007ffcc50f0000 - 0x00007ffcc5213000 	C:\Windows\System32\RPCRT4.dll
0x00007ffcc69a0000 - 0x00007ffcc6b40000 	C:\Windows\System32\USER32.dll
0x00007ffcc4de0000 - 0x00007ffcc4e02000 	C:\Windows\System32\win32u.dll
0x00007ffcad2e0000 - 0x00007ffcad57a000 	C:\Windows\WinSxS\amd64_microsoft.windows.common-controls_6595b64144ccf1df_6.0.19041.1_none_b555e41d4684ddec\COMCTL32.dll
0x00007ffcc7020000 - 0x00007ffcc704a000 	C:\Windows\System32\GDI32.dll
0x00007ffcc4980000 - 0x00007ffcc4a8a000 	C:\Windows\System32\gdi32full.dll
0x00007ffcc47d0000 - 0x00007ffcc486d000 	C:\Windows\System32\msvcp_win.dll
0x00007ffcbea60000 - 0x00007ffcbea6a000 	C:\Windows\SYSTEM32\VERSION.dll
0x00007ffcc6ea0000 - 0x00007ffcc6ed0000 	C:\Windows\System32\IMM32.DLL
0x00007ffc82790000 - 0x00007ffc8282b000 	C:\Program Files\Java\jdk-11.0.13\bin\msvcp140.dll
0x00007ffc56de0000 - 0x00007ffc578f3000 	C:\Program Files\Java\jdk-11.0.13\bin\server\jvm.dll
0x00007ffcc5280000 - 0x00007ffcc5288000 	C:\Windows\System32\PSAPI.DLL
0x00007ffcb0120000 - 0x00007ffcb0147000 	C:\Windows\SYSTEM32\WINMM.dll
0x00007ffcb1610000 - 0x00007ffcb1619000 	C:\Windows\SYSTEM32\WSOCK32.dll
0x00007ffcc6f30000 - 0x00007ffcc6f9b000 	C:\Windows\System32\WS2_32.dll
0x00007ffcc30e0000 - 0x00007ffcc30f3000 	C:\Windows\SYSTEM32\kernel.appcore.dll
0x00007ffcb4690000 - 0x00007ffcb46a0000 	C:\Program Files\Java\jdk-11.0.13\bin\verify.dll
0x00007ffcc2650000 - 0x00007ffcc2834000 	C:\Windows\SYSTEM32\DBGHELP.DLL
0x00007ffcbc1c0000 - 0x00007ffcbc1ec000 	C:\Windows\SYSTEM32\dbgcore.DLL
0x00007ffcc4a90000 - 0x00007ffcc4b0f000 	C:\Windows\System32\bcryptPrimitives.dll
0x00007ffcafac0000 - 0x00007ffcafae8000 	C:\Program Files\Java\jdk-11.0.13\bin\java.dll
0x00007ffcb32a0000 - 0x00007ffcb32aa000 	C:\Program Files\Java\jdk-11.0.13\bin\jimage.dll
0x00007ffcafa80000 - 0x00007ffcafa96000 	C:\Program Files\Java\jdk-11.0.13\bin\zip.dll
0x00007ffcc5400000 - 0x00007ffcc5b31000 	C:\Windows\System32\SHELL32.dll
0x00007ffcc2840000 - 0x00007ffcc2fca000 	C:\Windows\SYSTEM32\windows.storage.dll
0x00007ffcc5c30000 - 0x00007ffcc5f84000 	C:\Windows\System32\combase.dll
0x00007ffcc4250000 - 0x00007ffcc427b000 	C:\Windows\SYSTEM32\Wldp.dll
0x00007ffcc60a0000 - 0x00007ffcc614e000 	C:\Windows\System32\SHCORE.dll
0x00007ffcc6ed0000 - 0x00007ffcc6f25000 	C:\Windows\System32\shlwapi.dll
0x00007ffcc4710000 - 0x00007ffcc472f000 	C:\Windows\SYSTEM32\profapi.dll
0x00007ffcaf200000 - 0x00007ffcaf219000 	C:\Program Files\Java\jdk-11.0.13\bin\net.dll
0x00007ffcb4e90000 - 0x00007ffcb4f92000 	C:\Windows\SYSTEM32\WINHTTP.dll
0x00007ffcc3fd0000 - 0x00007ffcc403a000 	C:\Windows\system32\mswsock.dll
0x00007ffcaaba0000 - 0x00007ffcaabb2000 	C:\Program Files\Java\jdk-11.0.13\bin\nio.dll
0x00007ffcb32b0000 - 0x00007ffcb32d7000 	C:\Users\Aslan\.gradle\native\8bec1ad78214c89d9ad589b4d07fe93259594b29d510b10fafb7a158f7737e5d\windows-amd64\native-platform.dll
0x00007ffc825e0000 - 0x00007ffc8271d000 	C:\Users\Aslan\.gradle\native\53dbd7edfb1c66fb8903c78663c9afc45aea4f116125fa6feffd364cf09443e8\windows-amd64\native-platform-file-events.dll
0x00007ffcb4730000 - 0x00007ffcb4739000 	C:\Program Files\Java\jdk-11.0.13\bin\management.dll
0x00007ffcb4720000 - 0x00007ffcb472b000 	C:\Program Files\Java\jdk-11.0.13\bin\management_ext.dll
0x00007ffcc41a0000 - 0x00007ffcc41b8000 	C:\Windows\SYSTEM32\CRYPTSP.dll
0x00007ffcc38f0000 - 0x00007ffcc3924000 	C:\Windows\system32\rsaenh.dll
0x00007ffcc5070000 - 0x00007ffcc5097000 	C:\Windows\System32\bcrypt.dll
0x00007ffcc4690000 - 0x00007ffcc46be000 	C:\Windows\SYSTEM32\USERENV.dll
0x00007ffcc41c0000 - 0x00007ffcc41cc000 	C:\Windows\SYSTEM32\CRYPTBASE.dll
0x00007ffcc3c70000 - 0x00007ffcc3cab000 	C:\Windows\SYSTEM32\IPHLPAPI.DLL
0x00007ffcc6c60000 - 0x00007ffcc6c69000 	C:\Windows\System32\NSI.dll
0x00007ffcbceb0000 - 0x00007ffcbcec7000 	C:\Windows\SYSTEM32\dhcpcsvc6.DLL
0x00007ffcbd980000 - 0x00007ffcbd99d000 	C:\Windows\SYSTEM32\dhcpcsvc.DLL
0x00007ffcc3cc0000 - 0x00007ffcc3d8a000 	C:\Windows\SYSTEM32\DNSAPI.dll

dbghelp: loaded successfully - version: 4.0.5 - missing functions: none
symbol engine: initialized successfully - sym options: 0x614 - pdb path: .;C:\Program Files\Java\jdk-11.0.13\bin;C:\Windows\SYSTEM32;C:\Program Files\Avast Software\Avast;C:\Windows\WinSxS\amd64_microsoft.windows.common-controls_6595b64144ccf1df_6.0.19041.1_none_b555e41d4684ddec;C:\Program Files\Java\jdk-11.0.13\bin\server;C:\Users\Aslan\.gradle\native\8bec1ad78214c89d9ad589b4d07fe93259594b29d510b10fafb7a158f7737e5d\windows-amd64;C:\Users\Aslan\.gradle\native\53dbd7edfb1c66fb8903c78663c9afc45aea4f116125fa6feffd364cf09443e8\windows-amd64

VM Arguments:
jvm_args: --add-opens=java.base/java.util=ALL-UNNAMED --add-opens=java.base/java.lang=ALL-UNNAMED --add-opens=java.base/java.lang.invoke=ALL-UNNAMED --add-opens=java.base/java.util=ALL-UNNAMED --add-opens=java.prefs/java.util.prefs=ALL-UNNAMED --add-opens=java.prefs/java.util.prefs=ALL-UNNAMED --add-opens=java.base/java.nio.charset=ALL-UNNAMED --add-opens=java.base/java.net=ALL-UNNAMED --add-opens=java.base/java.util.concurrent.atomic=ALL-UNNAMED -Xmx2048m -Dfile.encoding=UTF-8 -Duser.country=RU -Duser.language=ru -Duser.variant 
java_command: org.gradle.launcher.daemon.bootstrap.GradleDaemon 7.0.2
java_class_path (initial): C:\Users\Aslan\.gradle\wrapper\dists\gradle-7.0.2-bin\857tjihv64xamwrf0h14cai3r\gradle-7.0.2\lib\gradle-launcher-7.0.2.jar
Launcher Type: SUN_STANDARD

[Global flags]
     intx CICompilerCount                          = 4                                         {product} {ergonomic}
     uint ConcGCThreads                            = 2                                         {product} {ergonomic}
     uint G1ConcRefinementThreads                  = 8                                         {product} {ergonomic}
   size_t G1HeapRegionSize                         = 1048576                                   {product} {ergonomic}
    uintx GCDrainStackTargetSize                   = 64                                        {product} {ergonomic}
   size_t InitialHeapSize                          = 266338304                                 {product} {ergonomic}
   size_t MarkStackSize                            = 4194304                                   {product} {ergonomic}
   size_t MaxHeapSize                              = 2147483648                                {product} {command line}
   size_t MaxNewSize                               = 1287651328                                {product} {ergonomic}
   size_t MinHeapDeltaBytes                        = 1048576                                   {product} {ergonomic}
    uintx NonNMethodCodeHeapSize                   = 5836300                                {pd product} {ergonomic}
    uintx NonProfiledCodeHeapSize                  = 122910970                              {pd product} {ergonomic}
    uintx ProfiledCodeHeapSize                     = 122910970                              {pd product} {ergonomic}
    uintx ReservedCodeCacheSize                    = 251658240                              {pd product} {ergonomic}
     bool SegmentedCodeCache                       = true                                      {product} {ergonomic}
     bool UseCompressedClassPointers               = true                                 {lp64_product} {ergonomic}
     bool UseCompressedOops                        = true                                 {lp64_product} {ergonomic}
     bool UseG1GC                                  = true                                      {product} {ergonomic}
     bool UseLargePagesIndividualAllocation        = false                                  {pd product} {ergonomic}

Logging:
Log output configuration:
 #0: stdout all=warning uptime,level,tags
 #1: stderr all=off uptime,level,tags

Environment Variables:
JAVA_HOME=C:\Program Files\Java\jdk1.8.0_281
PATH=C:\Program Files\Common Files\Oracle\Java\javapath;C:\Program Files (x86)\Common Files\Oracle\Java\javapath;C:\Windows\system32;C:\Windows;C:\Windows\System32\Wbem;C:\Windows\System32\WindowsPowerShell\v1.0\;C:\Program Files (x86)\NVIDIA Corporation\PhysX\Common;C:\Program Files\Git\cmd;C:\xampp\php;C:\ProgramData\ComposerSetup\bin;C:\Program Files\NVIDIA Corporation\NVIDIA NvDLISR;C:\Program Files\Java\jdk-11.0.13\bin;C:\Users\Aslan\AppData\Local\Microsoft\WindowsApps;C:\Program Files\Java\jdk1.8.0_281\bin;;C:\Users\Aslan\AppData\Local\Programs\Microsoft VS Code\bin;C:\Users\Aslan\AppData\Roaming\Composer\vendor\bin
USERNAME=Aslan
OS=Windows_NT
PROCESSOR_IDENTIFIER=Intel64 Family 6 Model 165 Stepping 2, GenuineIntel



---------------  S Y S T E M  ---------------

OS: Windows 10 , 64 bit Build 19041 (10.0.19041.1)

CPU:total 8 (initial active 8) (4 cores per cpu, 2 threads per core) family 6 model 165 stepping 2 microcode 0xea, cmov, cx8, fxsr, mmx, sse, sse2, sse3, ssse3, sse4.1, sse4.2, popcnt, avx, avx2, aes, clmul, erms, 3dnowpref, lzcnt, ht, tsc, tscinvbit, bmi1, bmi2, adx, fma

Memory: 4k page, system-wide physical 16251M (3023M free)
TotalPageFile size 16251M (AvailPageFile size 6M)
current process WorkingSet (physical memory assigned to process): 416M, peak: 416M
current process commit charge ("private bytes"): 514M, peak: 515M

vm_info: Java HotSpot(TM) 64-Bit Server VM (11.0.13+10-LTS-370) for windows-amd64 JRE (11.0.13+10-LTS-370), built on Sep 15 2021 22:10:36 by "mach5one" with MS VC++ 15.9 (VS2017)

END.
