#
# There is insufficient memory for the Java Runtime Environment to continue.
# Native memory allocation (mmap) failed to map 59768832 bytes for Failed to commit area from 0x0000000090b00000 to 0x0000000094400000 of length 59768832.
# Possible reasons:
#   The system is out of physical RAM or swap space
#   The process is running with CompressedOops enabled, and the Java Heap may be blocking the growth of the native heap
# Possible solutions:
#   Reduce memory load on the system
#   Increase physical memory or swap space
#   Check if swap backing store is full
#   Decrease Java heap size (-Xmx/-Xms)
#   Decrease number of Java threads
#   Decrease Java thread stack sizes (-Xss)
#   Set larger code cache with -XX:ReservedCodeCacheSize=
#   JVM is running with Unscaled Compressed Oops mode in which the Java heap is
#     placed in the first 4GB address space. The Java Heap base address is the
#     maximum limit for the native heap growth. Please use -XX:HeapBaseMinAddress
#     to set the Java Heap base and to place the Java Heap above 4GB virtual address.
# This output file may be truncated or incomplete.
#
#  Out of Memory Error (./src/hotspot/os/windows/os_windows.cpp:3301), pid=14644, tid=10536
#
# JRE version: OpenJDK Runtime Environment (11.0.10) (build 11.0.10+0-b96-7249189)
# Java VM: OpenJDK 64-Bit Server VM (11.0.10+0-b96-7249189, mixed mode, tiered, compressed oops, g1 gc, windows-amd64)
# No core dump will be written. Minidumps are not enabled by default on client versions of Windows
#

---------------  S U M M A R Y ------------

Command Line: --add-opens=java.base/java.util=ALL-UNNAMED --add-opens=java.base/java.lang=ALL-UNNAMED --add-opens=java.base/java.lang.invoke=ALL-UNNAMED --add-opens=java.base/java.util=ALL-UNNAMED --add-opens=java.prefs/java.util.prefs=ALL-UNNAMED --add-opens=java.prefs/java.util.prefs=ALL-UNNAMED --add-opens=java.base/java.nio.charset=ALL-UNNAMED --add-opens=java.base/java.net=ALL-UNNAMED --add-opens=java.base/java.util.concurrent.atomic=ALL-UNNAMED -Xmx2048m -Dfile.encoding=UTF-8 -Duser.country=RU -Duser.language=ru -Duser.variant org.gradle.launcher.daemon.bootstrap.GradleDaemon 7.0.2

Host: Intel(R) Core(TM) i5-10300H CPU @ 2.50GHz, 8 cores, 15G,  Windows 10 , 64 bit Build 19041 (10.0.19041.1)
Time: Tue Feb  1 21:35:35 2022 Центральная Азия (зима) elapsed time: 9.475465 seconds (0d 0h 0m 9s)

---------------  T H R E A D  ---------------

Current thread (0x000001d43405a800):  VMThread "VM Thread" [stack: 0x00000083e0100000,0x00000083e0200000] [id=10536]

Stack: [0x00000083e0100000,0x00000083e0200000]
[error occurred during error reporting (printing stack bounds), id 0xc0000005, EXCEPTION_ACCESS_VIOLATION (0xc0000005) at pc=0x000001d41ce40f2d]

Native frames: (J=compiled Java code, j=interpreted, Vv=VM code, C=native code)
V  [jvm.dll+0x5ecfaa]
V  [jvm.dll+0x722bd5]
V  [jvm.dll+0x72412d]
V  [jvm.dll+0x724745]
V  [jvm.dll+0x7246fb]
V  [jvm.dll+0x5ec348]
V  [jvm.dll+0x5ecad8]
C  [ntdll.dll+0xa010f]
C  [ntdll.dll+0x4b4e4]
C  [ntdll.dll+0x9ec3e]
C  0x000001d41ce40f2d

VM_Operation (0x00000083e55fe3b0): G1CollectForAllocation, mode: safepoint, requested by thread 0x000001d43e42a800


---------------  P R O C E S S  ---------------

Threads class SMR info:
_java_thread_list=0x000001d43e602c70, length=73, elements={
0x000001d419350000, 0x000001d43405c000, 0x000001d434069800, 0x000001d434087800,
0x000001d434088800, 0x000001d43408a000, 0x000001d43408f000, 0x000001d434094000,
0x000001d43409b800, 0x000001d434211800, 0x000001d4343fd000, 0x000001d4373e3800,
0x000001d435755800, 0x000001d436695000, 0x000001d436e89000, 0x000001d435c03800,
0x000001d436cfc000, 0x000001d43652e000, 0x000001d436cf8800, 0x000001d436972800,
0x000001d43627f000, 0x000001d436282800, 0x000001d436283800, 0x000001d436281800,
0x000001d436280000, 0x000001d436284000, 0x000001d436285800, 0x000001d436285000,
0x000001d436281000, 0x000001d43778e000, 0x000001d43778f000, 0x000001d438a62800,
0x000001d43778b000, 0x000001d437790000, 0x000001d43778b800, 0x000001d437791800,
0x000001d437792000, 0x000001d437793000, 0x000001d43778d800, 0x000001d437798000,
0x000001d437796800, 0x000001d437799000, 0x000001d437795800, 0x000001d437797000,
0x000001d437794000, 0x000001d437794800, 0x000001d4388fa800, 0x000001d4388fc800,
0x000001d4388fd000, 0x000001d4388fe000, 0x000001d4388f8000, 0x000001d4388ff000,
0x000001d4388fb800, 0x000001d4388ff800, 0x000001d4388fa000, 0x000001d438903800,
0x000001d438905800, 0x000001d438901000, 0x000001d438904800, 0x000001d438906000,
0x000001d438900800, 0x000001d438902000, 0x000001d438903000, 0x000001d438907000,
0x000001d43e429800, 0x000001d43e424000, 0x000001d43e426800, 0x000001d43e428000,
0x000001d43e427000, 0x000001d43e424800, 0x000001d43e42a800, 0x000001d43e429000,
0x000001d43e42b800
}

Java Threads: ( => current thread )
  0x000001d419350000 JavaThread "main" [_thread_blocked, id=9660, stack(0x00000083dfb00000,0x00000083dfc00000)]
  0x000001d43405c000 JavaThread "Reference Handler" daemon [_thread_blocked, id=13088, stack(0x00000083e0200000,0x00000083e0300000)]
  0x000001d434069800 JavaThread "Finalizer" daemon [_thread_blocked, id=15064, stack(0x00000083e0300000,0x00000083e0400000)]
  0x000001d434087800 JavaThread "Signal Dispatcher" daemon [_thread_blocked, id=12676, stack(0x00000083e0400000,0x00000083e0500000)]
  0x000001d434088800 JavaThread "Attach Listener" daemon [_thread_blocked, id=8952, stack(0x00000083e0500000,0x00000083e0600000)]
  0x000001d43408a000 JavaThread "Service Thread" daemon [_thread_blocked, id=9036, stack(0x00000083e0600000,0x00000083e0700000)]
  0x000001d43408f000 JavaThread "C2 CompilerThread0" daemon [_thread_in_native, id=7300, stack(0x00000083e0700000,0x00000083e0800000)]
  0x000001d434094000 JavaThread "C1 CompilerThread0" daemon [_thread_blocked, id=13384, stack(0x00000083e0800000,0x00000083e0900000)]
  0x000001d43409b800 JavaThread "Sweeper thread" daemon [_thread_blocked, id=13664, stack(0x00000083e0900000,0x00000083e0a00000)]
  0x000001d434211800 JavaThread "Common-Cleaner" daemon [_thread_blocked, id=11376, stack(0x00000083e0a00000,0x00000083e0b00000)]
  0x000001d4343fd000 JavaThread "C2 CompilerThread1" daemon [_thread_blocked, id=14684, stack(0x00000083e0c00000,0x00000083e0d00000)]
  0x000001d4373e3800 JavaThread "Daemon health stats" [_thread_blocked, id=6500, stack(0x00000083e1300000,0x00000083e1400000)]
  0x000001d435755800 JavaThread "Incoming local TCP Connector on port 57966" [_thread_in_native, id=7436, stack(0x00000083e1200000,0x00000083e1300000)]
  0x000001d436695000 JavaThread "Daemon periodic checks" [_thread_blocked, id=6856, stack(0x00000083e1400000,0x00000083e1500000)]
  0x000001d436e89000 JavaThread "Daemon" [_thread_blocked, id=10676, stack(0x00000083e1500000,0x00000083e1600000)]
  0x000001d435c03800 JavaThread "Handler for socket connection from /127.0.0.1:57966 to /127.0.0.1:57967" [_thread_in_native, id=12116, stack(0x00000083e1600000,0x00000083e1700000)]
  0x000001d436cfc000 JavaThread "Cancel handler" [_thread_blocked, id=15076, stack(0x00000083e1700000,0x00000083e1800000)]
  0x000001d43652e000 JavaThread "Daemon worker" [_thread_blocked, id=13956, stack(0x00000083e1800000,0x00000083e1900000)]
  0x000001d436cf8800 JavaThread "Asynchronous log dispatcher for DefaultDaemonConnection: socket connection from /127.0.0.1:57966 to /127.0.0.1:57967" [_thread_blocked, id=7292, stack(0x00000083e1900000,0x00000083e1a00000)]
  0x000001d436972800 JavaThread "Stdin handler" [_thread_blocked, id=13700, stack(0x00000083e1a00000,0x00000083e1b00000)]
  0x000001d43627f000 JavaThread "Daemon client event forwarder" [_thread_blocked, id=7804, stack(0x00000083e1b00000,0x00000083e1c00000)]
  0x000001d436282800 JavaThread "Cache worker for file hash cache (C:\Users\Aslan\.gradle\caches\7.0.2\fileHashes)" [_thread_blocked, id=2412, stack(0x00000083e1c00000,0x00000083e1d00000)]
  0x000001d436283800 JavaThread "File lock request listener" [_thread_in_native, id=8352, stack(0x00000083e1d00000,0x00000083e1e00000)]
  0x000001d436281800 JavaThread "Cache worker for journal cache (C:\Users\Aslan\.gradle\caches\journal-1)" [_thread_blocked, id=7060, stack(0x00000083e2100000,0x00000083e2200000)]
  0x000001d436280000 JavaThread "Cache worker for file hash cache (C:\Users\Aslan\AndroidStudioProjects\TvShowApp\.gradle\7.0.2\fileHashes)" [_thread_blocked, id=11864, stack(0x00000083e2200000,0x00000083e2300000)]
  0x000001d436284000 JavaThread "File watcher server" daemon [_thread_blocked, id=3004, stack(0x00000083e2300000,0x00000083e2400000)]
  0x000001d436285800 JavaThread "File watcher consumer" daemon [_thread_blocked, id=14428, stack(0x00000083e2400000,0x00000083e2500000)]
  0x000001d436285000 JavaThread "Cache worker for checksums cache (C:\Users\Aslan\AndroidStudioProjects\TvShowApp\.gradle\checksums)" [_thread_blocked, id=12720, stack(0x00000083e2500000,0x00000083e2600000)]
  0x000001d436281000 JavaThread "Cache worker for cache directory md-supplier (C:\Users\Aslan\.gradle\caches\7.0.2\md-supplier)" [_thread_blocked, id=4488, stack(0x00000083e2600000,0x00000083e2700000)]
  0x000001d43778e000 JavaThread "Cache worker for cache directory md-rule (C:\Users\Aslan\.gradle\caches\7.0.2\md-rule)" [_thread_blocked, id=1284, stack(0x00000083e2700000,0x00000083e2800000)]
  0x000001d43778f000 JavaThread "Cache worker for execution history cache (C:\Users\Aslan\.gradle\caches\7.0.2\executionHistory)" [_thread_blocked, id=1668, stack(0x00000083e2800000,0x00000083e2900000)]
  0x000001d438a62800 JavaThread "C2 CompilerThread2" daemon [_thread_blocked, id=13800, stack(0x00000083e2900000,0x00000083e2a00000)]
  0x000001d43778b000 JavaThread "jar transforms" [_thread_blocked, id=4384, stack(0x00000083e2a00000,0x00000083e2b00000)]
  0x000001d437790000 JavaThread "jar transforms Thread 2" [_thread_blocked, id=2828, stack(0x00000083e2b00000,0x00000083e2c00000)]
  0x000001d43778b800 JavaThread "Cache worker for file content cache (C:\Users\Aslan\.gradle\caches\7.0.2\fileContent)" [_thread_blocked, id=12856, stack(0x00000083e2c00000,0x00000083e2d00000)]
  0x000001d437791800 JavaThread "Cache worker for dependencies-accessors (C:\Users\Aslan\AndroidStudioProjects\TvShowApp\.gradle\7.0.2\dependencies-accessors)" [_thread_blocked, id=11696, stack(0x00000083e2d00000,0x00000083e2e00000)]
  0x000001d437792000 JavaThread "jar transforms Thread 3" [_thread_blocked, id=4728, stack(0x00000083e2e00000,0x00000083e2f00000)]
  0x000001d437793000 JavaThread "Cache worker for Build Output Cleanup Cache (C:\Users\Aslan\AndroidStudioProjects\TvShowApp\.gradle\buildOutputCleanup)" [_thread_blocked, id=1280, stack(0x00000083e2f00000,0x00000083e3000000)]
  0x000001d43778d800 JavaThread "Build operations" [_thread_blocked, id=8076, stack(0x00000083e3000000,0x00000083e3100000)]
  0x000001d437798000 JavaThread "Build operations Thread 2" [_thread_blocked, id=13896, stack(0x00000083e3100000,0x00000083e3200000)]
  0x000001d437796800 JavaThread "Build operations Thread 3" [_thread_blocked, id=11672, stack(0x00000083e3200000,0x00000083e3300000)]
  0x000001d437799000 JavaThread "Build operations Thread 4" [_thread_blocked, id=7264, stack(0x00000083e3300000,0x00000083e3400000)]
  0x000001d437795800 JavaThread "Build operations Thread 5" [_thread_blocked, id=9368, stack(0x00000083e3400000,0x00000083e3500000)]
  0x000001d437797000 JavaThread "Build operations Thread 6" [_thread_blocked, id=3412, stack(0x00000083e3500000,0x00000083e3600000)]
  0x000001d437794000 JavaThread "Build operations Thread 7" [_thread_blocked, id=8064, stack(0x00000083e3600000,0x00000083e3700000)]
  0x000001d437794800 JavaThread "Build operations Thread 8" [_thread_blocked, id=872, stack(0x00000083e3700000,0x00000083e3800000)]
  0x000001d4388fa800 JavaThread "jar transforms Thread 4" [_thread_blocked, id=11848, stack(0x00000083e3800000,0x00000083e3900000)]
  0x000001d4388fc800 JavaThread "jar transforms Thread 5" [_thread_blocked, id=9508, stack(0x00000083e3900000,0x00000083e3a00000)]
  0x000001d4388fd000 JavaThread "jar transforms Thread 6" [_thread_blocked, id=2000, stack(0x00000083e3a00000,0x00000083e3b00000)]
  0x000001d4388fe000 JavaThread "jar transforms Thread 7" [_thread_blocked, id=15188, stack(0x00000083e3b00000,0x00000083e3c00000)]
  0x000001d4388f8000 JavaThread "jar transforms Thread 8" [_thread_blocked, id=13056, stack(0x00000083e3c00000,0x00000083e3d00000)]
  0x000001d4388ff000 JavaThread "Memory manager" [_thread_blocked, id=14412, stack(0x00000083e3d00000,0x00000083e3e00000)]
  0x000001d4388fb800 JavaThread "build event listener" [_thread_blocked, id=2700, stack(0x00000083e3e00000,0x00000083e3f00000)]
  0x000001d4388ff800 JavaThread "pool-3-thread-1" [_thread_blocked, id=11000, stack(0x00000083e3f00000,0x00000083e4000000)]
  0x000001d4388fa000 JavaThread "build event listener" [_thread_blocked, id=14908, stack(0x00000083e4000000,0x00000083e4100000)]
  0x000001d438903800 JavaThread "Execution worker for ':'" [_thread_blocked, id=1056, stack(0x00000083e4100000,0x00000083e4200000)]
  0x000001d438905800 JavaThread "Execution worker for ':' Thread 2" [_thread_blocked, id=9096, stack(0x00000083e4200000,0x00000083e4300000)]
  0x000001d438901000 JavaThread "Execution worker for ':' Thread 3" [_thread_blocked, id=4032, stack(0x00000083e4300000,0x00000083e4400000)]
  0x000001d438904800 JavaThread "Execution worker for ':' Thread 4" [_thread_blocked, id=13232, stack(0x00000083e4400000,0x00000083e4500000)]
  0x000001d438906000 JavaThread "Execution worker for ':' Thread 5" [_thread_blocked, id=14728, stack(0x00000083e4500000,0x00000083e4600000)]
  0x000001d438900800 JavaThread "Execution worker for ':' Thread 6" [_thread_blocked, id=6676, stack(0x00000083e4600000,0x00000083e4700000)]
  0x000001d438902000 JavaThread "Execution worker for ':' Thread 7" [_thread_blocked, id=1144, stack(0x00000083e4700000,0x00000083e4800000)]
  0x000001d438903000 JavaThread "Cache worker for execution history cache (C:\Users\Aslan\AndroidStudioProjects\TvShowApp\.gradle\7.0.2\executionHistory)" [_thread_blocked, id=3380, stack(0x00000083e4800000,0x00000083e4900000)]
  0x000001d438907000 JavaThread "WorkerExecutor Queue" [_thread_blocked, id=8028, stack(0x00000083e4900000,0x00000083e4a00000)]
  0x000001d43e429800 JavaThread "WorkerExecutor Queue Thread 2" [_thread_blocked, id=9768, stack(0x00000083e4a00000,0x00000083e4b00000)]
  0x000001d43e424000 JavaThread "ForkJoinPool-1-worker-3" daemon [_thread_blocked, id=7072, stack(0x00000083e5000000,0x00000083e5100000)]
  0x000001d43e426800 JavaThread "ForkJoinPool-1-worker-5" daemon [_thread_blocked, id=6148, stack(0x00000083e5100000,0x00000083e5200000)]
  0x000001d43e428000 JavaThread "ForkJoinPool-1-worker-7" daemon [_thread_blocked, id=6780, stack(0x00000083e5200000,0x00000083e5300000)]
  0x000001d43e427000 JavaThread "ForkJoinPool-1-worker-9" daemon [_thread_blocked, id=7372, stack(0x00000083e5300000,0x00000083e5400000)]
  0x000001d43e424800 JavaThread "ForkJoinPool-1-worker-11" daemon [_thread_blocked, id=9704, stack(0x00000083e5400000,0x00000083e5500000)]
  0x000001d43e42a800 JavaThread "ForkJoinPool-1-worker-13" daemon [_thread_blocked, id=13332, stack(0x00000083e5500000,0x00000083e5600000)]
  0x000001d43e429000 JavaThread "ForkJoinPool-1-worker-15" daemon [_thread_blocked, id=2556, stack(0x00000083e5600000,0x00000083e5700000)]
  0x000001d43e42b800 JavaThread "ForkJoinPool-1-worker-1" daemon [_thread_blocked, id=5012, stack(0x00000083e5700000,0x00000083e5800000)]

Other Threads:
=>0x000001d43405a800 VMThread "VM Thread" [stack: 0x00000083e0100000,0x00000083e0200000] [id=10536]
  0x000001d43425e800 WatcherThread [stack: 0x00000083e0b00000,0x00000083e0c00000] [id=12556]
  0x000001d419369000 GCTaskThread "GC Thread#0" [stack: 0x00000083dfc00000,0x00000083dfd00000] [id=11172]
  0x000001d434f06000 GCTaskThread "GC Thread#1" [stack: 0x00000083e0d00000,0x00000083e0e00000] [id=14308]
  0x000001d434d0e000 GCTaskThread "GC Thread#2" [stack: 0x00000083e0e00000,0x00000083e0f00000] [id=7424]
  0x000001d434ee2800 GCTaskThread "GC Thread#3" [stack: 0x00000083e0f00000,0x00000083e1000000] [id=5276]
  0x000001d434d98000 GCTaskThread "GC Thread#4" [stack: 0x00000083e1000000,0x00000083e1100000] [id=15284]
  0x000001d434d99000 GCTaskThread "GC Thread#5" [stack: 0x00000083e1100000,0x00000083e1200000] [id=2276]
  0x000001d4358c9000 GCTaskThread "GC Thread#6" [stack: 0x00000083e1e00000,0x00000083e1f00000] [id=10984]
  0x000001d435baa800 GCTaskThread "GC Thread#7" [stack: 0x00000083e1f00000,0x00000083e2000000] [id=9860]
  0x000001d41939e000 ConcurrentGCThread "G1 Main Marker" [stack: 0x00000083dfd00000,0x00000083dfe00000] [id=12184]
  0x000001d41939f000 ConcurrentGCThread "G1 Conc#0" [stack: 0x00000083dfe00000,0x00000083dff00000] [id=4424]
  0x000001d434fd2800 ConcurrentGCThread "G1 Conc#1" [stack: 0x00000083e2000000,0x00000083e2100000] [id=14680]
  0x000001d43367c800 ConcurrentGCThread "G1 Refine#0" [stack: 0x00000083dff00000,0x00000083e0000000] [id=12312]
  0x000001d43b78e000 ConcurrentGCThread "G1 Refine#1" [stack: 0x00000083e4b00000,0x00000083e4c00000] [id=10652]
  0x000001d43e29f000 ConcurrentGCThread "G1 Refine#2" [stack: 0x00000083e4c00000,0x00000083e4d00000] [id=5796]
  0x000001d43e2a1800 ConcurrentGCThread "G1 Refine#3" [stack: 0x00000083e4d00000,0x00000083e4e00000] [id=3204]
  0x000001d43e535800 ConcurrentGCThread "G1 Refine#4" [stack: 0x00000083e4e00000,0x00000083e4f00000] [id=2168]
  0x000001d43dfa1800 ConcurrentGCThread "G1 Refine#5" [stack: 0x00000083e4f00000,0x00000083e5000000] [id=2144]
  0x000001d43367d000 ConcurrentGCThread "G1 Young RemSet Sampling" [stack: 0x00000083e0000000,0x00000083e0100000] [id=11808]

Threads with active compile tasks:
C2 CompilerThread0   9484 11945 %     4       com.android.tools.r8.dex.j::e @ 90 (654 bytes)
C1 CompilerThread0   9484 12490 %     3       com.android.tools.r8.ir.conversion.k::a @ 63 (149 bytes)
C2 CompilerThread1   9484 12454       4       java.util.concurrent.ForkJoinPool$WorkQueue::poll (102 bytes)
C2 CompilerThread2   9484 11859 %     4       com.android.tools.r8.dex.j::a @ 315 (1038 bytes)

VM state:at safepoint (normal execution)

VM Mutex/Monitor currently owned by a thread:  ([mutex/lock_event])
[0x000001d41934c570] Threads_lock - owner thread: 0x000001d43405a800
[0x000001d41934d5c0] Heap_lock - owner thread: 0x000001d43e42a800

Heap address: 0x0000000080000000, size: 2048 MB, Compressed Oops mode: 32-bit
Narrow klass base: 0x0000000000000000, Narrow klass shift: 3
Compressed class space size: 1073741824 Address: 0x0000000100000000

Heap:
 garbage-first heap   total 331776K, used 203264K [0x0000000080000000, 0x0000000100000000)
  region size 1024K, 5 young (5120K), 5 survivors (5120K)
 Metaspace       used 101043K, capacity 103319K, committed 104268K, reserved 1138688K
  class space    used 13152K, capacity 14059K, committed 14412K, reserved 1048576K
Heap Regions: E=young(eden), S=young(survivor), O=old, HS=humongous(starts), HC=humongous(continues), CS=collection set, F=free, A=archive, TAMS=top-at-mark-start (previous, next)
|   0|0x0000000080000000, 0x0000000080100000, 0x0000000080100000|100%| O|  |TAMS 0x0000000080100000, 0x0000000080000000| Updating 
|   1|0x0000000080100000, 0x0000000080200000, 0x0000000080200000|100%| O|  |TAMS 0x0000000080200000, 0x0000000080100000| Updating 
|   2|0x0000000080200000, 0x0000000080300000, 0x0000000080300000|100%| O|  |TAMS 0x0000000080300000, 0x0000000080200000| Updating 
|   3|0x0000000080300000, 0x0000000080400000, 0x0000000080400000|100%|HS|  |TAMS 0x0000000080400000, 0x0000000080300000| Complete 
|   4|0x0000000080400000, 0x0000000080500000, 0x0000000080500000|100%|HC|  |TAMS 0x0000000080500000, 0x0000000080400000| Complete 
|   5|0x0000000080500000, 0x0000000080600000, 0x0000000080600000|100%|HC|  |TAMS 0x0000000080600000, 0x0000000080500000| Complete 
|   6|0x0000000080600000, 0x0000000080700000, 0x0000000080700000|100%| O|  |TAMS 0x0000000080700000, 0x0000000080600000| Updating 
|   7|0x0000000080700000, 0x0000000080800000, 0x0000000080800000|100%| O|  |TAMS 0x0000000080800000, 0x0000000080700000| Updating 
|   8|0x0000000080800000, 0x0000000080900000, 0x0000000080900000|100%| O|  |TAMS 0x0000000080900000, 0x0000000080800000| Updating 
|   9|0x0000000080900000, 0x0000000080a00000, 0x0000000080a00000|100%| O|  |TAMS 0x0000000080a00000, 0x0000000080900000| Updating 
|  10|0x0000000080a00000, 0x0000000080b00000, 0x0000000080b00000|100%| O|  |TAMS 0x0000000080b00000, 0x0000000080a00000| Updating 
|  11|0x0000000080b00000, 0x0000000080c00000, 0x0000000080c00000|100%| O|  |TAMS 0x0000000080c00000, 0x0000000080b00000| Updating 
|  12|0x0000000080c00000, 0x0000000080d00000, 0x0000000080d00000|100%| O|  |TAMS 0x0000000080d00000, 0x0000000080c00000| Updating 
|  13|0x0000000080d00000, 0x0000000080e00000, 0x0000000080e00000|100%| O|  |TAMS 0x0000000080e00000, 0x0000000080d00000| Updating 
|  14|0x0000000080e00000, 0x0000000080f00000, 0x0000000080f00000|100%| O|  |TAMS 0x0000000080f00000, 0x0000000080e00000| Updating 
|  15|0x0000000080f00000, 0x0000000081000000, 0x0000000081000000|100%| O|  |TAMS 0x0000000081000000, 0x0000000080f00000| Updating 
|  16|0x0000000081000000, 0x0000000081100000, 0x0000000081100000|100%| O|  |TAMS 0x0000000081100000, 0x0000000081000000| Updating 
|  17|0x0000000081100000, 0x0000000081200000, 0x0000000081200000|100%|HS|  |TAMS 0x0000000081200000, 0x0000000081100000| Complete 
|  18|0x0000000081200000, 0x0000000081300000, 0x0000000081300000|100%|HS|  |TAMS 0x0000000081300000, 0x0000000081200000| Complete 
|  19|0x0000000081300000, 0x0000000081400000, 0x0000000081400000|100%|HS|  |TAMS 0x0000000081400000, 0x0000000081300000| Complete 
|  20|0x0000000081400000, 0x0000000081500000, 0x0000000081500000|100%|HS|  |TAMS 0x0000000081500000, 0x0000000081400000| Complete 
|  21|0x0000000081500000, 0x0000000081600000, 0x0000000081600000|100%|HC|  |TAMS 0x0000000081600000, 0x0000000081500000| Complete 
|  22|0x0000000081600000, 0x0000000081700000, 0x0000000081700000|100%|HC|  |TAMS 0x0000000081700000, 0x0000000081600000| Complete 
|  23|0x0000000081700000, 0x0000000081800000, 0x0000000081800000|100%|HS|  |TAMS 0x0000000081800000, 0x0000000081700000| Complete 
|  24|0x0000000081800000, 0x0000000081900000, 0x0000000081900000|100%|HC|  |TAMS 0x0000000081900000, 0x0000000081800000| Complete 
|  25|0x0000000081900000, 0x0000000081a00000, 0x0000000081a00000|100%| O|  |TAMS 0x0000000081a00000, 0x0000000081900000| Updating 
|  26|0x0000000081a00000, 0x0000000081b00000, 0x0000000081b00000|100%| O|  |TAMS 0x0000000081b00000, 0x0000000081a00000| Updating 
|  27|0x0000000081b00000, 0x0000000081c00000, 0x0000000081c00000|100%| O|  |TAMS 0x0000000081c00000, 0x0000000081b00000| Updating 
|  28|0x0000000081c00000, 0x0000000081d00000, 0x0000000081d00000|100%| O|  |TAMS 0x0000000081d00000, 0x0000000081c00000| Updating 
|  29|0x0000000081d00000, 0x0000000081e00000, 0x0000000081e00000|100%| O|  |TAMS 0x0000000081e00000, 0x0000000081d00000| Updating 
|  30|0x0000000081e00000, 0x0000000081f00000, 0x0000000081f00000|100%| O|  |TAMS 0x0000000081f00000, 0x0000000081e00000| Updating 
|  31|0x0000000081f00000, 0x0000000082000000, 0x0000000082000000|100%| O|  |TAMS 0x0000000082000000, 0x0000000081f00000| Updating 
|  32|0x0000000082000000, 0x0000000082100000, 0x0000000082100000|100%| O|  |TAMS 0x0000000082100000, 0x0000000082000000| Updating 
|  33|0x0000000082100000, 0x0000000082200000, 0x0000000082200000|100%| O|  |TAMS 0x0000000082200000, 0x0000000082100000| Updating 
|  34|0x0000000082200000, 0x0000000082300000, 0x0000000082300000|100%| O|  |TAMS 0x0000000082300000, 0x0000000082200000| Updating 
|  35|0x0000000082300000, 0x0000000082400000, 0x0000000082400000|100%| O|  |TAMS 0x0000000082400000, 0x0000000082300000| Updating 
|  36|0x0000000082400000, 0x0000000082500000, 0x0000000082500000|100%| O|  |TAMS 0x0000000082500000, 0x0000000082400000| Updating 
|  37|0x0000000082500000, 0x0000000082600000, 0x0000000082600000|100%| O|  |TAMS 0x0000000082600000, 0x0000000082500000| Updating 
|  38|0x0000000082600000, 0x0000000082700000, 0x0000000082700000|100%| O|  |TAMS 0x0000000082700000, 0x0000000082600000| Updating 
|  39|0x0000000082700000, 0x0000000082800000, 0x0000000082800000|100%| O|  |TAMS 0x0000000082800000, 0x0000000082700000| Updating 
|  40|0x0000000082800000, 0x0000000082900000, 0x0000000082900000|100%| O|  |TAMS 0x0000000082900000, 0x0000000082800000| Updating 
|  41|0x0000000082900000, 0x0000000082a00000, 0x0000000082a00000|100%| O|  |TAMS 0x0000000082a00000, 0x0000000082900000| Updating 
|  42|0x0000000082a00000, 0x0000000082b00000, 0x0000000082b00000|100%| O|  |TAMS 0x0000000082b00000, 0x0000000082a00000| Updating 
|  43|0x0000000082b00000, 0x0000000082c00000, 0x0000000082c00000|100%| O|  |TAMS 0x0000000082c00000, 0x0000000082b00000| Updating 
|  44|0x0000000082c00000, 0x0000000082d00000, 0x0000000082d00000|100%| O|  |TAMS 0x0000000082d00000, 0x0000000082c00000| Updating 
|  45|0x0000000082d00000, 0x0000000082e00000, 0x0000000082e00000|100%| O|  |TAMS 0x0000000082e00000, 0x0000000082d00000| Updating 
|  46|0x0000000082e00000, 0x0000000082f00000, 0x0000000082f00000|100%| O|  |TAMS 0x0000000082f00000, 0x0000000082e00000| Updating 
|  47|0x0000000082f00000, 0x0000000083000000, 0x0000000083000000|100%| O|  |TAMS 0x0000000083000000, 0x0000000082f00000| Updating 
|  48|0x0000000083000000, 0x0000000083100000, 0x0000000083100000|100%| O|  |TAMS 0x0000000083100000, 0x0000000083000000| Updating 
|  49|0x0000000083100000, 0x0000000083200000, 0x0000000083200000|100%| O|  |TAMS 0x0000000083200000, 0x0000000083100000| Updating 
|  50|0x0000000083200000, 0x0000000083300000, 0x0000000083300000|100%| O|  |TAMS 0x0000000083300000, 0x0000000083200000| Updating 
|  51|0x0000000083300000, 0x0000000083400000, 0x0000000083400000|100%| O|  |TAMS 0x0000000083400000, 0x0000000083300000| Updating 
|  52|0x0000000083400000, 0x0000000083500000, 0x0000000083500000|100%| O|  |TAMS 0x0000000083500000, 0x0000000083400000| Updating 
|  53|0x0000000083500000, 0x0000000083600000, 0x0000000083600000|100%| O|  |TAMS 0x0000000083600000, 0x0000000083500000| Updating 
|  54|0x0000000083600000, 0x0000000083700000, 0x0000000083700000|100%| O|  |TAMS 0x0000000083700000, 0x0000000083600000| Updating 
|  55|0x0000000083700000, 0x0000000083800000, 0x0000000083800000|100%| O|  |TAMS 0x0000000083800000, 0x0000000083700000| Updating 
|  56|0x0000000083800000, 0x0000000083900000, 0x0000000083900000|100%| O|  |TAMS 0x0000000083900000, 0x0000000083800000| Updating 
|  57|0x0000000083900000, 0x0000000083a00000, 0x0000000083a00000|100%| O|  |TAMS 0x0000000083a00000, 0x0000000083900000| Updating 
|  58|0x0000000083a00000, 0x0000000083b00000, 0x0000000083b00000|100%| O|  |TAMS 0x0000000083b00000, 0x0000000083a00000| Updating 
|  59|0x0000000083b00000, 0x0000000083c00000, 0x0000000083c00000|100%| O|  |TAMS 0x0000000083c00000, 0x0000000083b00000| Updating 
|  60|0x0000000083c00000, 0x0000000083d00000, 0x0000000083d00000|100%| O|  |TAMS 0x0000000083d00000, 0x0000000083c00000| Updating 
|  61|0x0000000083d00000, 0x0000000083e00000, 0x0000000083e00000|100%| O|  |TAMS 0x0000000083e00000, 0x0000000083d00000| Updating 
|  62|0x0000000083e00000, 0x0000000083f00000, 0x0000000083f00000|100%| O|  |TAMS 0x0000000083f00000, 0x0000000083e00000| Updating 
|  63|0x0000000083f00000, 0x0000000084000000, 0x0000000084000000|100%| O|  |TAMS 0x0000000084000000, 0x0000000083f00000| Updating 
|  64|0x0000000084000000, 0x0000000084100000, 0x0000000084100000|100%| O|  |TAMS 0x0000000084100000, 0x0000000084000000| Updating 
|  65|0x0000000084100000, 0x0000000084200000, 0x0000000084200000|100%| O|  |TAMS 0x0000000084200000, 0x0000000084100000| Updating 
|  66|0x0000000084200000, 0x0000000084300000, 0x0000000084300000|100%| O|  |TAMS 0x0000000084300000, 0x0000000084200000| Updating 
|  67|0x0000000084300000, 0x0000000084400000, 0x0000000084400000|100%| O|  |TAMS 0x0000000084400000, 0x0000000084300000| Updating 
|  68|0x0000000084400000, 0x0000000084500000, 0x0000000084500000|100%| O|  |TAMS 0x0000000084500000, 0x0000000084400000| Updating 
|  69|0x0000000084500000, 0x0000000084600000, 0x0000000084600000|100%| O|  |TAMS 0x0000000084600000, 0x0000000084500000| Updating 
|  70|0x0000000084600000, 0x0000000084700000, 0x0000000084700000|100%| O|  |TAMS 0x0000000084700000, 0x0000000084600000| Updating 
|  71|0x0000000084700000, 0x0000000084800000, 0x0000000084800000|100%| O|  |TAMS 0x0000000084800000, 0x0000000084700000| Updating 
|  72|0x0000000084800000, 0x0000000084900000, 0x0000000084900000|100%| O|  |TAMS 0x0000000084900000, 0x0000000084800000| Updating 
|  73|0x0000000084900000, 0x0000000084a00000, 0x0000000084a00000|100%|HS|  |TAMS 0x0000000084a00000, 0x0000000084900000| Complete 
|  74|0x0000000084a00000, 0x0000000084b00000, 0x0000000084b00000|100%|HC|  |TAMS 0x0000000084b00000, 0x0000000084a00000| Complete 
|  75|0x0000000084b00000, 0x0000000084c00000, 0x0000000084c00000|100%|HS|  |TAMS 0x0000000084c00000, 0x0000000084b00000| Complete 
|  76|0x0000000084c00000, 0x0000000084d00000, 0x0000000084d00000|100%|HC|  |TAMS 0x0000000084d00000, 0x0000000084c00000| Complete 
|  77|0x0000000084d00000, 0x0000000084e00000, 0x0000000084e00000|100%|HS|  |TAMS 0x0000000084e00000, 0x0000000084d00000| Complete 
|  78|0x0000000084e00000, 0x0000000084f00000, 0x0000000084f00000|100%|HS|  |TAMS 0x0000000084f00000, 0x0000000084e00000| Complete 
|  79|0x0000000084f00000, 0x0000000085000000, 0x0000000085000000|100%|HS|  |TAMS 0x0000000085000000, 0x0000000084f00000| Complete 
|  80|0x0000000085000000, 0x0000000085100000, 0x0000000085100000|100%|HS|  |TAMS 0x0000000085100000, 0x0000000085000000| Complete 
|  81|0x0000000085100000, 0x0000000085200000, 0x0000000085200000|100%|HS|  |TAMS 0x0000000085200000, 0x0000000085100000| Complete 
|  82|0x0000000085200000, 0x0000000085300000, 0x0000000085300000|100%|HC|  |TAMS 0x0000000085300000, 0x0000000085200000| Complete 
|  83|0x0000000085300000, 0x0000000085400000, 0x0000000085400000|100%|HC|  |TAMS 0x0000000085400000, 0x0000000085300000| Complete 
|  84|0x0000000085400000, 0x0000000085500000, 0x0000000085500000|100%|HS|  |TAMS 0x0000000085500000, 0x0000000085400000| Complete 
|  85|0x0000000085500000, 0x0000000085600000, 0x0000000085600000|100%| O|  |TAMS 0x0000000085600000, 0x0000000085500000| Updating 
|  86|0x0000000085600000, 0x0000000085700000, 0x0000000085700000|100%|HS|  |TAMS 0x0000000085700000, 0x0000000085600000| Complete 
|  87|0x0000000085700000, 0x0000000085800000, 0x0000000085800000|100%|HC|  |TAMS 0x0000000085800000, 0x0000000085700000| Complete 
|  88|0x0000000085800000, 0x0000000085900000, 0x0000000085900000|100%| O|  |TAMS 0x0000000085900000, 0x0000000085800000| Updating 
|  89|0x0000000085900000, 0x0000000085a00000, 0x0000000085a00000|100%| O|  |TAMS 0x0000000085a00000, 0x0000000085900000| Updating 
|  90|0x0000000085a00000, 0x0000000085b00000, 0x0000000085b00000|100%|HS|  |TAMS 0x0000000085b00000, 0x0000000085a00000| Complete 
|  91|0x0000000085b00000, 0x0000000085c00000, 0x0000000085c00000|100%|HC|  |TAMS 0x0000000085c00000, 0x0000000085b00000| Complete 
|  92|0x0000000085c00000, 0x0000000085d00000, 0x0000000085d00000|100%| O|  |TAMS 0x0000000085d00000, 0x0000000085c00000| Updating 
|  93|0x0000000085d00000, 0x0000000085e00000, 0x0000000085e00000|100%|HS|  |TAMS 0x0000000085e00000, 0x0000000085d00000| Complete 
|  94|0x0000000085e00000, 0x0000000085f00000, 0x0000000085f00000|100%| O|  |TAMS 0x0000000085f00000, 0x0000000085e00000| Updating 
|  95|0x0000000085f00000, 0x0000000086000000, 0x0000000086000000|100%|HS|  |TAMS 0x0000000086000000, 0x0000000085f00000| Complete 
|  96|0x0000000086000000, 0x0000000086100000, 0x0000000086100000|100%| O|  |TAMS 0x0000000086100000, 0x0000000086000000| Updating 
|  97|0x0000000086100000, 0x0000000086200000, 0x0000000086200000|100%|HS|  |TAMS 0x0000000086200000, 0x0000000086100000| Complete 
|  98|0x0000000086200000, 0x0000000086300000, 0x0000000086300000|100%| O|  |TAMS 0x0000000086300000, 0x0000000086200000| Updating 
|  99|0x0000000086300000, 0x0000000086400000, 0x0000000086400000|100%|HS|  |TAMS 0x0000000086400000, 0x0000000086300000| Complete 
| 100|0x0000000086400000, 0x0000000086500000, 0x0000000086500000|100%| O|  |TAMS 0x0000000086500000, 0x0000000086400000| Updating 
| 101|0x0000000086500000, 0x0000000086600000, 0x0000000086600000|100%| O|  |TAMS 0x0000000086600000, 0x0000000086500000| Updating 
| 102|0x0000000086600000, 0x0000000086700000, 0x0000000086700000|100%| O|  |TAMS 0x0000000086700000, 0x0000000086600000| Updating 
| 103|0x0000000086700000, 0x0000000086800000, 0x0000000086800000|100%|HS|  |TAMS 0x0000000086800000, 0x0000000086700000| Complete 
| 104|0x0000000086800000, 0x0000000086900000, 0x0000000086900000|100%|HC|  |TAMS 0x0000000086900000, 0x0000000086800000| Complete 
| 105|0x0000000086900000, 0x0000000086a00000, 0x0000000086a00000|100%|HC|  |TAMS 0x0000000086a00000, 0x0000000086900000| Complete 
| 106|0x0000000086a00000, 0x0000000086b00000, 0x0000000086b00000|100%|HS|  |TAMS 0x0000000086b00000, 0x0000000086a00000| Complete 
| 107|0x0000000086b00000, 0x0000000086c00000, 0x0000000086c00000|100%| O|  |TAMS 0x0000000086c00000, 0x0000000086b00000| Updating 
| 108|0x0000000086c00000, 0x0000000086d00000, 0x0000000086d00000|100%| O|  |TAMS 0x0000000086d00000, 0x0000000086c00000| Updating 
| 109|0x0000000086d00000, 0x0000000086e00000, 0x0000000086e00000|100%| O|  |TAMS 0x0000000086e00000, 0x0000000086d00000| Updating 
| 110|0x0000000086e00000, 0x0000000086f00000, 0x0000000086f00000|100%| O|  |TAMS 0x0000000086f00000, 0x0000000086e00000| Updating 
| 111|0x0000000086f00000, 0x0000000087000000, 0x0000000087000000|100%| O|  |TAMS 0x0000000087000000, 0x0000000086f00000| Updating 
| 112|0x0000000087000000, 0x0000000087100000, 0x0000000087100000|100%| O|  |TAMS 0x0000000087100000, 0x0000000087000000| Updating 
| 113|0x0000000087100000, 0x0000000087200000, 0x0000000087200000|100%| O|  |TAMS 0x0000000087200000, 0x0000000087100000| Updating 
| 114|0x0000000087200000, 0x0000000087300000, 0x0000000087300000|100%| O|  |TAMS 0x0000000087300000, 0x0000000087200000| Updating 
| 115|0x0000000087300000, 0x0000000087400000, 0x0000000087400000|100%| O|  |TAMS 0x0000000087400000, 0x0000000087300000| Updating 
| 116|0x0000000087400000, 0x0000000087500000, 0x0000000087500000|100%| O|  |TAMS 0x0000000087500000, 0x0000000087400000| Updating 
| 117|0x0000000087500000, 0x0000000087600000, 0x0000000087600000|100%| O|  |TAMS 0x0000000087600000, 0x0000000087500000| Updating 
| 118|0x0000000087600000, 0x0000000087700000, 0x0000000087700000|100%| O|  |TAMS 0x0000000087700000, 0x0000000087600000| Updating 
| 119|0x0000000087700000, 0x0000000087800000, 0x0000000087800000|100%| O|  |TAMS 0x0000000087800000, 0x0000000087700000| Updating 
| 120|0x0000000087800000, 0x0000000087900000, 0x0000000087900000|100%| O|  |TAMS 0x0000000087900000, 0x0000000087800000| Updating 
| 121|0x0000000087900000, 0x0000000087a00000, 0x0000000087a00000|100%| O|  |TAMS 0x0000000087a00000, 0x0000000087900000| Updating 
| 122|0x0000000087a00000, 0x0000000087b00000, 0x0000000087b00000|100%| O|  |TAMS 0x0000000087b00000, 0x0000000087a00000| Updating 
| 123|0x0000000087b00000, 0x0000000087c00000, 0x0000000087c00000|100%| O|  |TAMS 0x0000000087c00000, 0x0000000087b00000| Updating 
| 124|0x0000000087c00000, 0x0000000087d00000, 0x0000000087d00000|100%| O|  |TAMS 0x0000000087d00000, 0x0000000087c00000| Updating 
| 125|0x0000000087d00000, 0x0000000087e00000, 0x0000000087e00000|100%| O|  |TAMS 0x0000000087e00000, 0x0000000087d00000| Updating 
| 126|0x0000000087e00000, 0x0000000087f00000, 0x0000000087f00000|100%| O|  |TAMS 0x0000000087f00000, 0x0000000087e00000| Updating 
| 127|0x0000000087f00000, 0x0000000088000000, 0x0000000088000000|100%| O|  |TAMS 0x0000000088000000, 0x0000000087f00000| Updating 
| 128|0x0000000088000000, 0x0000000088100000, 0x0000000088100000|100%| O|  |TAMS 0x0000000088100000, 0x0000000088000000| Updating 
| 129|0x0000000088100000, 0x0000000088200000, 0x0000000088200000|100%| O|  |TAMS 0x0000000088200000, 0x0000000088100000| Updating 
| 130|0x0000000088200000, 0x0000000088300000, 0x0000000088300000|100%| O|  |TAMS 0x0000000088300000, 0x0000000088200000| Updating 
| 131|0x0000000088300000, 0x0000000088400000, 0x0000000088400000|100%| O|  |TAMS 0x0000000088400000, 0x0000000088300000| Updating 
| 132|0x0000000088400000, 0x0000000088500000, 0x0000000088500000|100%| O|  |TAMS 0x0000000088500000, 0x0000000088400000| Updating 
| 133|0x0000000088500000, 0x0000000088600000, 0x0000000088600000|100%| O|  |TAMS 0x0000000088600000, 0x0000000088500000| Updating 
| 134|0x0000000088600000, 0x0000000088700000, 0x0000000088700000|100%| O|  |TAMS 0x0000000088700000, 0x0000000088600000| Updating 
| 135|0x0000000088700000, 0x0000000088800000, 0x0000000088800000|100%| O|  |TAMS 0x0000000088800000, 0x0000000088700000| Updating 
| 136|0x0000000088800000, 0x0000000088900000, 0x0000000088900000|100%| O|  |TAMS 0x0000000088900000, 0x0000000088800000| Updating 
| 137|0x0000000088900000, 0x0000000088a00000, 0x0000000088a00000|100%| O|  |TAMS 0x0000000088a00000, 0x0000000088900000| Updating 
| 138|0x0000000088a00000, 0x0000000088b00000, 0x0000000088b00000|100%| O|  |TAMS 0x0000000088b00000, 0x0000000088a00000| Updating 
| 139|0x0000000088b00000, 0x0000000088c00000, 0x0000000088c00000|100%| O|  |TAMS 0x0000000088c00000, 0x0000000088b00000| Updating 
| 140|0x0000000088c00000, 0x0000000088d00000, 0x0000000088d00000|100%| O|  |TAMS 0x0000000088d00000, 0x0000000088c00000| Updating 
| 141|0x0000000088d00000, 0x0000000088e00000, 0x0000000088e00000|100%| O|  |TAMS 0x0000000088e00000, 0x0000000088d00000| Updating 
| 142|0x0000000088e00000, 0x0000000088f00000, 0x0000000088f00000|100%| O|  |TAMS 0x0000000088f00000, 0x0000000088e00000| Updating 
| 143|0x0000000088f00000, 0x0000000089000000, 0x0000000089000000|100%| O|  |TAMS 0x0000000089000000, 0x0000000088f00000| Updating 
| 144|0x0000000089000000, 0x0000000089100000, 0x0000000089100000|100%| O|  |TAMS 0x0000000089100000, 0x0000000089000000| Updating 
| 145|0x0000000089100000, 0x0000000089200000, 0x0000000089200000|100%| O|  |TAMS 0x0000000089200000, 0x0000000089100000| Updating 
| 146|0x0000000089200000, 0x0000000089300000, 0x0000000089300000|100%| O|  |TAMS 0x0000000089300000, 0x0000000089200000| Updating 
| 147|0x0000000089300000, 0x0000000089400000, 0x0000000089400000|100%| O|  |TAMS 0x0000000089400000, 0x0000000089300000| Updating 
| 148|0x0000000089400000, 0x0000000089500000, 0x0000000089500000|100%| O|  |TAMS 0x0000000089500000, 0x0000000089400000| Updating 
| 149|0x0000000089500000, 0x0000000089600000, 0x0000000089600000|100%| O|  |TAMS 0x0000000089600000, 0x0000000089500000| Updating 
| 150|0x0000000089600000, 0x0000000089700000, 0x0000000089700000|100%| O|  |TAMS 0x0000000089700000, 0x0000000089600000| Updating 
| 151|0x0000000089700000, 0x0000000089800000, 0x0000000089800000|100%| O|  |TAMS 0x0000000089800000, 0x0000000089700000| Updating 
| 152|0x0000000089800000, 0x0000000089900000, 0x0000000089900000|100%| O|  |TAMS 0x0000000089900000, 0x0000000089800000| Updating 
| 153|0x0000000089900000, 0x0000000089a00000, 0x0000000089a00000|100%| O|  |TAMS 0x0000000089a00000, 0x0000000089900000| Updating 
| 154|0x0000000089a00000, 0x0000000089b00000, 0x0000000089b00000|100%| O|  |TAMS 0x0000000089b00000, 0x0000000089a00000| Updating 
| 155|0x0000000089b00000, 0x0000000089c00000, 0x0000000089c00000|100%| O|  |TAMS 0x0000000089c00000, 0x0000000089b00000| Updating 
| 156|0x0000000089c00000, 0x0000000089d00000, 0x0000000089d00000|100%| O|  |TAMS 0x0000000089d00000, 0x0000000089c00000| Updating 
| 157|0x0000000089d00000, 0x0000000089e00000, 0x0000000089e00000|100%| O|  |TAMS 0x0000000089e00000, 0x0000000089d00000| Updating 
| 158|0x0000000089e00000, 0x0000000089f00000, 0x0000000089f00000|100%| O|  |TAMS 0x0000000089f00000, 0x0000000089e00000| Updating 
| 159|0x0000000089f00000, 0x000000008a000000, 0x000000008a000000|100%| O|  |TAMS 0x000000008a000000, 0x0000000089f00000| Updating 
| 160|0x000000008a000000, 0x000000008a100000, 0x000000008a100000|100%| O|  |TAMS 0x000000008a100000, 0x000000008a000000| Updating 
| 161|0x000000008a100000, 0x000000008a200000, 0x000000008a200000|100%| O|  |TAMS 0x000000008a200000, 0x000000008a100000| Updating 
| 162|0x000000008a200000, 0x000000008a300000, 0x000000008a300000|100%| O|  |TAMS 0x000000008a300000, 0x000000008a200000| Updating 
| 163|0x000000008a300000, 0x000000008a400000, 0x000000008a400000|100%| O|  |TAMS 0x000000008a400000, 0x000000008a300000| Updating 
| 164|0x000000008a400000, 0x000000008a500000, 0x000000008a500000|100%| O|  |TAMS 0x000000008a500000, 0x000000008a400000| Updating 
| 165|0x000000008a500000, 0x000000008a600000, 0x000000008a600000|100%| O|  |TAMS 0x000000008a600000, 0x000000008a500000| Updating 
| 166|0x000000008a600000, 0x000000008a700000, 0x000000008a700000|100%| O|  |TAMS 0x000000008a700000, 0x000000008a600000| Updating 
| 167|0x000000008a700000, 0x000000008a800000, 0x000000008a800000|100%| O|  |TAMS 0x000000008a800000, 0x000000008a700000| Updating 
| 168|0x000000008a800000, 0x000000008a900000, 0x000000008a900000|100%| O|  |TAMS 0x000000008a900000, 0x000000008a800000| Updating 
| 169|0x000000008a900000, 0x000000008aa00000, 0x000000008aa00000|100%| O|  |TAMS 0x000000008a900000, 0x000000008a900000| Untracked 
| 170|0x000000008aa00000, 0x000000008ab00000, 0x000000008ab00000|100%| O|  |TAMS 0x000000008aa00000, 0x000000008aa00000| Untracked 
| 171|0x000000008ab00000, 0x000000008ac00000, 0x000000008ac00000|100%| O|  |TAMS 0x000000008ab00000, 0x000000008ab00000| Untracked 
| 172|0x000000008ac00000, 0x000000008ad00000, 0x000000008ad00000|100%| O|  |TAMS 0x000000008ac00000, 0x000000008ac00000| Untracked 
| 173|0x000000008ad00000, 0x000000008ae00000, 0x000000008ae00000|100%| O|  |TAMS 0x000000008ad00000, 0x000000008ad00000| Untracked 
| 174|0x000000008ae00000, 0x000000008af00000, 0x000000008af00000|100%| O|  |TAMS 0x000000008ae00000, 0x000000008ae00000| Untracked 
| 175|0x000000008af00000, 0x000000008b000000, 0x000000008b000000|100%| O|  |TAMS 0x000000008af00000, 0x000000008af00000| Untracked 
| 176|0x000000008b000000, 0x000000008b100000, 0x000000008b100000|100%| O|  |TAMS 0x000000008b000000, 0x000000008b000000| Untracked 
| 177|0x000000008b100000, 0x000000008b200000, 0x000000008b200000|100%| O|  |TAMS 0x000000008b100000, 0x000000008b100000| Untracked 
| 178|0x000000008b200000, 0x000000008b300000, 0x000000008b300000|100%| O|  |TAMS 0x000000008b200000, 0x000000008b200000| Untracked 
| 179|0x000000008b300000, 0x000000008b400000, 0x000000008b400000|100%| O|  |TAMS 0x000000008b300000, 0x000000008b300000| Untracked 
| 180|0x000000008b400000, 0x000000008b480000, 0x000000008b500000| 50%| O|  |TAMS 0x000000008b400000, 0x000000008b400000| Untracked 
| 181|0x000000008b500000, 0x000000008b500000, 0x000000008b600000|  0%| F|  |TAMS 0x000000008b500000, 0x000000008b500000| Untracked 
| 182|0x000000008b600000, 0x000000008b600000, 0x000000008b700000|  0%| F|  |TAMS 0x000000008b600000, 0x000000008b600000| Untracked 
| 183|0x000000008b700000, 0x000000008b700000, 0x000000008b800000|  0%| F|  |TAMS 0x000000008b700000, 0x000000008b700000| Untracked 
| 184|0x000000008b800000, 0x000000008b800000, 0x000000008b900000|  0%| F|  |TAMS 0x000000008b800000, 0x000000008b800000| Untracked 
| 185|0x000000008b900000, 0x000000008b900000, 0x000000008ba00000|  0%| F|  |TAMS 0x000000008b900000, 0x000000008b900000| Untracked 
| 186|0x000000008ba00000, 0x000000008ba00000, 0x000000008bb00000|  0%| F|  |TAMS 0x000000008ba00000, 0x000000008ba00000| Untracked 
| 187|0x000000008bb00000, 0x000000008bb00000, 0x000000008bc00000|  0%| F|  |TAMS 0x000000008bb00000, 0x000000008bb00000| Untracked 
| 188|0x000000008bc00000, 0x000000008bc00000, 0x000000008bd00000|  0%| F|  |TAMS 0x000000008bc00000, 0x000000008bc00000| Untracked 
| 189|0x000000008bd00000, 0x000000008bd00000, 0x000000008be00000|  0%| F|  |TAMS 0x000000008bd00000, 0x000000008bd00000| Untracked 
| 190|0x000000008be00000, 0x000000008be00000, 0x000000008bf00000|  0%| F|  |TAMS 0x000000008be00000, 0x000000008be00000| Untracked 
| 191|0x000000008bf00000, 0x000000008bf00000, 0x000000008c000000|  0%| F|  |TAMS 0x000000008bf00000, 0x000000008bf00000| Untracked 
| 192|0x000000008c000000, 0x000000008c000000, 0x000000008c100000|  0%| F|  |TAMS 0x000000008c000000, 0x000000008c000000| Untracked 
| 193|0x000000008c100000, 0x000000008c100000, 0x000000008c200000|  0%| F|  |TAMS 0x000000008c100000, 0x000000008c100000| Untracked 
| 194|0x000000008c200000, 0x000000008c200000, 0x000000008c300000|  0%| F|  |TAMS 0x000000008c200000, 0x000000008c200000| Untracked 
| 195|0x000000008c300000, 0x000000008c300000, 0x000000008c400000|  0%| F|  |TAMS 0x000000008c300000, 0x000000008c300000| Untracked 
| 196|0x000000008c400000, 0x000000008c400000, 0x000000008c500000|  0%| F|  |TAMS 0x000000008c400000, 0x000000008c400000| Untracked 
| 197|0x000000008c500000, 0x000000008c500000, 0x000000008c600000|  0%| F|  |TAMS 0x000000008c500000, 0x000000008c500000| Untracked 
| 198|0x000000008c600000, 0x000000008c600000, 0x000000008c700000|  0%| F|  |TAMS 0x000000008c600000, 0x000000008c600000| Untracked 
| 199|0x000000008c700000, 0x000000008c700000, 0x000000008c800000|  0%| F|  |TAMS 0x000000008c700000, 0x000000008c700000| Untracked 
| 200|0x000000008c800000, 0x000000008c800000, 0x000000008c900000|  0%| F|  |TAMS 0x000000008c800000, 0x000000008c800000| Untracked 
| 201|0x000000008c900000, 0x000000008c900000, 0x000000008ca00000|  0%| F|  |TAMS 0x000000008c900000, 0x000000008c900000| Untracked 
| 202|0x000000008ca00000, 0x000000008ca00000, 0x000000008cb00000|  0%| F|  |TAMS 0x000000008ca00000, 0x000000008ca00000| Untracked 
| 203|0x000000008cb00000, 0x000000008cb00000, 0x000000008cc00000|  0%| F|  |TAMS 0x000000008cb00000, 0x000000008cb00000| Untracked 
| 204|0x000000008cc00000, 0x000000008cc00000, 0x000000008cd00000|  0%| F|  |TAMS 0x000000008cc00000, 0x000000008cc00000| Untracked 
| 205|0x000000008cd00000, 0x000000008cd00000, 0x000000008ce00000|  0%| F|  |TAMS 0x000000008cd00000, 0x000000008cd00000| Untracked 
| 206|0x000000008ce00000, 0x000000008ce00000, 0x000000008cf00000|  0%| F|  |TAMS 0x000000008ce00000, 0x000000008ce00000| Untracked 
| 207|0x000000008cf00000, 0x000000008cf00000, 0x000000008d000000|  0%| F|  |TAMS 0x000000008cf00000, 0x000000008cf00000| Untracked 
| 208|0x000000008d000000, 0x000000008d000000, 0x000000008d100000|  0%| F|  |TAMS 0x000000008d000000, 0x000000008d000000| Untracked 
| 209|0x000000008d100000, 0x000000008d100000, 0x000000008d200000|  0%| F|  |TAMS 0x000000008d100000, 0x000000008d100000| Untracked 
| 210|0x000000008d200000, 0x000000008d200000, 0x000000008d300000|  0%| F|  |TAMS 0x000000008d200000, 0x000000008d200000| Untracked 
| 211|0x000000008d300000, 0x000000008d300000, 0x000000008d400000|  0%| F|  |TAMS 0x000000008d300000, 0x000000008d300000| Untracked 
| 212|0x000000008d400000, 0x000000008d400000, 0x000000008d500000|  0%| F|  |TAMS 0x000000008d400000, 0x000000008d400000| Untracked 
| 213|0x000000008d500000, 0x000000008d500000, 0x000000008d600000|  0%| F|  |TAMS 0x000000008d500000, 0x000000008d500000| Untracked 
| 214|0x000000008d600000, 0x000000008d600000, 0x000000008d700000|  0%| F|  |TAMS 0x000000008d600000, 0x000000008d600000| Untracked 
| 215|0x000000008d700000, 0x000000008d700000, 0x000000008d800000|  0%| F|  |TAMS 0x000000008d700000, 0x000000008d700000| Untracked 
| 216|0x000000008d800000, 0x000000008d800000, 0x000000008d900000|  0%| F|  |TAMS 0x000000008d800000, 0x000000008d800000| Untracked 
| 217|0x000000008d900000, 0x000000008d900000, 0x000000008da00000|  0%| F|  |TAMS 0x000000008d900000, 0x000000008d900000| Untracked 
| 218|0x000000008da00000, 0x000000008da00000, 0x000000008db00000|  0%| F|  |TAMS 0x000000008da00000, 0x000000008da00000| Untracked 
| 219|0x000000008db00000, 0x000000008db00000, 0x000000008dc00000|  0%| F|  |TAMS 0x000000008db00000, 0x000000008db00000| Untracked 
| 220|0x000000008dc00000, 0x000000008dc00000, 0x000000008dd00000|  0%| F|  |TAMS 0x000000008dc00000, 0x000000008dc00000| Untracked 
| 221|0x000000008dd00000, 0x000000008dd00000, 0x000000008de00000|  0%| F|  |TAMS 0x000000008dd00000, 0x000000008dd00000| Untracked 
| 222|0x000000008de00000, 0x000000008de00000, 0x000000008df00000|  0%| F|  |TAMS 0x000000008de00000, 0x000000008de00000| Untracked 
| 223|0x000000008df00000, 0x000000008e000000, 0x000000008e000000|100%| S|CS|TAMS 0x000000008df00000, 0x000000008df00000| Complete 
| 224|0x000000008e000000, 0x000000008e100000, 0x000000008e100000|100%| S|CS|TAMS 0x000000008e000000, 0x000000008e000000| Complete 
| 225|0x000000008e100000, 0x000000008e200000, 0x000000008e200000|100%| S|CS|TAMS 0x000000008e100000, 0x000000008e100000| Complete 
| 226|0x000000008e200000, 0x000000008e300000, 0x000000008e300000|100%| S|CS|TAMS 0x000000008e200000, 0x000000008e200000| Complete 
| 227|0x000000008e300000, 0x000000008e400000, 0x000000008e400000|100%| S|CS|TAMS 0x000000008e300000, 0x000000008e300000| Complete 
| 228|0x000000008e400000, 0x000000008e400000, 0x000000008e500000|  0%| F|  |TAMS 0x000000008e400000, 0x000000008e400000| Untracked 
| 229|0x000000008e500000, 0x000000008e500000, 0x000000008e600000|  0%| F|  |TAMS 0x000000008e500000, 0x000000008e500000| Untracked 
| 230|0x000000008e600000, 0x000000008e600000, 0x000000008e700000|  0%| F|  |TAMS 0x000000008e600000, 0x000000008e600000| Untracked 
| 231|0x000000008e700000, 0x000000008e700000, 0x000000008e800000|  0%| F|  |TAMS 0x000000008e700000, 0x000000008e700000| Untracked 
| 232|0x000000008e800000, 0x000000008e800000, 0x000000008e900000|  0%| F|  |TAMS 0x000000008e800000, 0x000000008e800000| Untracked 
| 233|0x000000008e900000, 0x000000008e900000, 0x000000008ea00000|  0%| F|  |TAMS 0x000000008e900000, 0x000000008e900000| Untracked 
| 234|0x000000008ea00000, 0x000000008ea00000, 0x000000008eb00000|  0%| F|  |TAMS 0x000000008ea00000, 0x000000008ea00000| Untracked 
| 235|0x000000008eb00000, 0x000000008eb00000, 0x000000008ec00000|  0%| F|  |TAMS 0x000000008eb00000, 0x000000008eb00000| Untracked 
| 236|0x000000008ec00000, 0x000000008ec00000, 0x000000008ed00000|  0%| F|  |TAMS 0x000000008ec00000, 0x000000008ec00000| Untracked 
| 237|0x000000008ed00000, 0x000000008ed00000, 0x000000008ee00000|  0%| F|  |TAMS 0x000000008ed00000, 0x000000008ed00000| Untracked 
| 238|0x000000008ee00000, 0x000000008ee00000, 0x000000008ef00000|  0%| F|  |TAMS 0x000000008ee00000, 0x000000008ee00000| Untracked 
| 239|0x000000008ef00000, 0x000000008ef00000, 0x000000008f000000|  0%| F|  |TAMS 0x000000008ef00000, 0x000000008ef00000| Untracked 
| 240|0x000000008f000000, 0x000000008f000000, 0x000000008f100000|  0%| F|  |TAMS 0x000000008f000000, 0x000000008f000000| Untracked 
| 241|0x000000008f100000, 0x000000008f100000, 0x000000008f200000|  0%| F|  |TAMS 0x000000008f100000, 0x000000008f100000| Untracked 
| 242|0x000000008f200000, 0x000000008f200000, 0x000000008f300000|  0%| F|  |TAMS 0x000000008f200000, 0x000000008f200000| Untracked 
| 243|0x000000008f300000, 0x000000008f300000, 0x000000008f400000|  0%| F|  |TAMS 0x000000008f300000, 0x000000008f300000| Untracked 
| 244|0x000000008f400000, 0x000000008f400000, 0x000000008f500000|  0%| F|  |TAMS 0x000000008f400000, 0x000000008f400000| Untracked 
| 245|0x000000008f500000, 0x000000008f500000, 0x000000008f600000|  0%| F|  |TAMS 0x000000008f500000, 0x000000008f500000| Untracked 
| 246|0x000000008f600000, 0x000000008f600000, 0x000000008f700000|  0%| F|  |TAMS 0x000000008f600000, 0x000000008f600000| Untracked 
| 247|0x000000008f700000, 0x000000008f700000, 0x000000008f800000|  0%| F|  |TAMS 0x000000008f700000, 0x000000008f700000| Untracked 
| 248|0x000000008f800000, 0x000000008f800000, 0x000000008f900000|  0%| F|  |TAMS 0x000000008f800000, 0x000000008f800000| Untracked 
| 249|0x000000008f900000, 0x000000008f900000, 0x000000008fa00000|  0%| F|  |TAMS 0x000000008f900000, 0x000000008f900000| Untracked 
| 250|0x000000008fa00000, 0x000000008fa00000, 0x000000008fb00000|  0%| F|  |TAMS 0x000000008fa00000, 0x000000008fa00000| Untracked 
| 251|0x000000008fb00000, 0x000000008fb00000, 0x000000008fc00000|  0%| F|  |TAMS 0x000000008fb00000, 0x000000008fb00000| Untracked 
| 252|0x000000008fc00000, 0x000000008fc00000, 0x000000008fd00000|  0%| F|  |TAMS 0x000000008fc00000, 0x000000008fc00000| Untracked 
| 253|0x000000008fd00000, 0x000000008fd00000, 0x000000008fe00000|  0%| F|  |TAMS 0x000000008fd00000, 0x000000008fd00000| Untracked 
| 254|0x000000008fe00000, 0x000000008ff00000, 0x000000008ff00000|100%| O|  |TAMS 0x000000008ff00000, 0x000000008fe00000| Updating 
| 255|0x000000008ff00000, 0x0000000090000000, 0x0000000090000000|100%| O|  |TAMS 0x0000000090000000, 0x000000008ff00000| Updating 
| 256|0x0000000090000000, 0x0000000090100000, 0x0000000090100000|100%| O|  |TAMS 0x0000000090100000, 0x0000000090000000| Updating 
| 257|0x0000000090100000, 0x0000000090200000, 0x0000000090200000|100%| O|  |TAMS 0x0000000090200000, 0x0000000090100000| Updating 
| 258|0x0000000090200000, 0x0000000090300000, 0x0000000090300000|100%| O|  |TAMS 0x0000000090300000, 0x0000000090200000| Updating 
| 259|0x0000000090300000, 0x0000000090400000, 0x0000000090400000|100%| O|  |TAMS 0x0000000090400000, 0x0000000090300000| Updating 
| 260|0x0000000090400000, 0x0000000090500000, 0x0000000090500000|100%| O|  |TAMS 0x0000000090500000, 0x0000000090400000| Updating 
| 261|0x0000000090500000, 0x0000000090600000, 0x0000000090600000|100%| O|  |TAMS 0x0000000090600000, 0x0000000090500000| Updating 
| 262|0x0000000090600000, 0x0000000090700000, 0x0000000090700000|100%| O|  |TAMS 0x0000000090700000, 0x0000000090600000| Updating 
| 263|0x0000000090700000, 0x0000000090800000, 0x0000000090800000|100%| O|  |TAMS 0x0000000090800000, 0x0000000090700000| Updating 
| 264|0x0000000090800000, 0x0000000090900000, 0x0000000090900000|100%| O|  |TAMS 0x0000000090900000, 0x0000000090800000| Updating 
| 265|0x0000000090900000, 0x0000000090a00000, 0x0000000090a00000|100%| O|  |TAMS 0x0000000090a00000, 0x0000000090900000| Updating 
| 266|0x0000000090a00000, 0x0000000090b00000, 0x0000000090b00000|100%| O|  |TAMS 0x0000000090b00000, 0x0000000090a00000| Updating 

Card table byte_map: [0x000001d42c570000,0x000001d42c970000] _byte_map_base: 0x000001d42c170000

Marking Bits (Prev, Next): (CMBitMap*) 0x000001d419395300, (CMBitMap*) 0x000001d4193952c8
 Prev Bits: [0x000001d42ed70000, 0x000001d430d70000)
 Next Bits: [0x000001d42cd70000, 0x000001d42ed70000)

Polling page: 0x000001d417320000

Metaspace:

Usage:
  Non-class:     87.17 MB capacity,    85.83 MB ( 98%) used,     1.06 MB (  1%) free+waste,   282.81 KB ( <1%) overhead. 
      Class:     13.73 MB capacity,    12.84 MB ( 94%) used,   778.95 KB (  6%) free+waste,   127.19 KB ( <1%) overhead. 
       Both:    100.90 MB capacity,    98.68 MB ( 98%) used,     1.82 MB (  2%) free+waste,   410.00 KB ( <1%) overhead. 

Virtual space:
  Non-class space:       88.00 MB reserved,      87.75 MB (>99%) committed 
      Class space:        1.00 GB reserved,      14.07 MB (  1%) committed 
             Both:        1.09 GB reserved,     101.82 MB (  9%) committed 

Chunk freelists:
   Non-Class:  532.00 KB
       Class:  256.00 KB
        Both:  788.00 KB

MaxMetaspaceSize: 17179869184.00 GB
CompressedClassSpaceSize: 1.00 GB

CodeHeap 'non-profiled nmethods': size=120000Kb used=7583Kb max_used=7583Kb free=112416Kb
 bounds [0x000001d424910000, 0x000001d425080000, 0x000001d42be40000]
CodeHeap 'profiled nmethods': size=120000Kb used=26621Kb max_used=26621Kb free=93378Kb
 bounds [0x000001d41d3e0000, 0x000001d41ede0000, 0x000001d424910000]
CodeHeap 'non-nmethods': size=5760Kb used=2308Kb max_used=2359Kb free=3451Kb
 bounds [0x000001d41ce40000, 0x000001d41d0b0000, 0x000001d41d3e0000]
 total_blobs=13351 nmethods=12436 adapters=826
 compilation: enabled
              stopped_count=0, restarted_count=0
 full_count=0

Compilation events (20 events):
Event: 9.448 Thread 0x000001d434094000 nmethod 12468 0x000001d41edd3d10 code [0x000001d41edd3ec0, 0x000001d41edd3ff8]
Event: 9.448 Thread 0x000001d434094000 12477       2       com.android.tools.r8.ir.conversion.k$$Lambda$1455/0x0000000100dfa040::forEach (9 bytes)
Event: 9.448 Thread 0x000001d434094000 nmethod 12477 0x000001d41edd4090 code [0x000001d41edd4280, 0x000001d41edd4698]
Event: 9.448 Thread 0x000001d434094000 12478       2       com.android.tools.r8.graph.Z::b1 (13 bytes)
Event: 9.449 Thread 0x000001d434094000 nmethod 12478 0x000001d41edd4910 code [0x000001d41edd4ac0, 0x000001d41edd4bd8]
Event: 9.449 Thread 0x000001d434094000 12480       3       com.android.tools.r8.internal.Zv::b (13 bytes)
Event: 9.449 Thread 0x000001d434094000 nmethod 12480 0x000001d41edd4c90 code [0x000001d41edd4e60, 0x000001d41edd5048]
Event: 9.449 Thread 0x000001d434094000 12481       2       com.android.tools.r8.internal.qp$$Lambda$1456/0x0000000100dfa440::<init> (10 bytes)
Event: 9.449 Thread 0x000001d434094000 nmethod 12481 0x000001d41edd5110 code [0x000001d41edd52c0, 0x000001d41edd53f8]
Event: 9.449 Thread 0x000001d434094000 12482       2       com.android.tools.r8.internal.qp$$Lambda$1456/0x0000000100dfa440::get$Lambda (9 bytes)
Event: 9.449 Thread 0x000001d434094000 nmethod 12482 0x000001d41edd5490 code [0x000001d41edd5640, 0x000001d41edd57b8]
Event: 9.450 Thread 0x000001d434094000 12486       3       com.android.tools.r8.internal.qr::f (65 bytes)
Event: 9.451 Thread 0x000001d434094000 nmethod 12486 0x000001d41edd5890 code [0x000001d41edd5b20, 0x000001d41edd69c8]
Event: 9.451 Thread 0x000001d434094000 12488 % !   3       com.android.tools.r8.ir.conversion.k::a @ 112 (509 bytes)
Event: 9.456 Thread 0x000001d434094000 nmethod 12488% 0x000001d41edd6e10 code [0x000001d41edd7700, 0x000001d41eddd068]
Event: 9.456 Thread 0x000001d434094000 12487 %     3       com.android.tools.r8.graph.c0::a @ 14 (44 bytes)
Event: 9.456 Thread 0x000001d434094000 nmethod 12487% 0x000001d41eddee10 code [0x000001d41eddefe0, 0x000001d41eddf2f8]
Event: 9.457 Thread 0x000001d4343fd000 nmethod 12445 0x000001d425076b10 code [0x000001d425076d20, 0x000001d4250779e8]
Event: 9.457 Thread 0x000001d4343fd000 12454       4       java.util.concurrent.ForkJoinPool$WorkQueue::poll (102 bytes)
Event: 9.457 Thread 0x000001d434094000 12490 %     3       com.android.tools.r8.ir.conversion.k::a @ 63 (149 bytes)

GC Heap History (20 events):
Event: 4.160 GC heap after
{Heap after GC invocations=8 (full 0):
 garbage-first heap   total 260096K, used 48205K [0x0000000080000000, 0x0000000100000000)
  region size 1024K, 18 young (18432K), 18 survivors (18432K)
 Metaspace       used 55939K, capacity 57351K, committed 57548K, reserved 1099776K
  class space    used 7064K, capacity 7574K, committed 7628K, reserved 1048576K
}
Event: 4.340 GC heap before
{Heap before GC invocations=8 (full 0):
 garbage-first heap   total 260096K, used 64589K [0x0000000080000000, 0x0000000100000000)
  region size 1024K, 35 young (35840K), 18 survivors (18432K)
 Metaspace       used 58743K, capacity 60211K, committed 60236K, reserved 1101824K
  class space    used 7422K, capacity 7989K, committed 8012K, reserved 1048576K
}
Event: 4.359 GC heap after
{Heap after GC invocations=9 (full 0):
 garbage-first heap   total 260096K, used 50566K [0x0000000080000000, 0x0000000100000000)
  region size 1024K, 3 young (3072K), 3 survivors (3072K)
 Metaspace       used 58743K, capacity 60211K, committed 60236K, reserved 1101824K
  class space    used 7422K, capacity 7989K, committed 8012K, reserved 1048576K
}
Event: 5.129 GC heap before
{Heap before GC invocations=10 (full 0):
 garbage-first heap   total 260096K, used 163206K [0x0000000080000000, 0x0000000100000000)
  region size 1024K, 113 young (115712K), 3 survivors (3072K)
 Metaspace       used 67286K, capacity 68853K, committed 69068K, reserved 1110016K
  class space    used 8492K, capacity 9060K, committed 9164K, reserved 1048576K
}
Event: 5.138 GC heap after
{Heap after GC invocations=11 (full 0):
 garbage-first heap   total 260096K, used 58087K [0x0000000080000000, 0x0000000100000000)
  region size 1024K, 10 young (10240K), 10 survivors (10240K)
 Metaspace       used 67286K, capacity 68853K, committed 69068K, reserved 1110016K
  class space    used 8492K, capacity 9060K, committed 9164K, reserved 1048576K
}
Event: 6.156 GC heap before
{Heap before GC invocations=12 (full 0):
 garbage-first heap   total 260096K, used 178919K [0x0000000080000000, 0x0000000100000000)
  region size 1024K, 122 young (124928K), 10 survivors (10240K)
 Metaspace       used 79900K, capacity 81605K, committed 81740K, reserved 1120256K
  class space    used 10329K, capacity 10966K, committed 11084K, reserved 1048576K
}
Event: 6.165 GC heap after
{Heap after GC invocations=13 (full 0):
 garbage-first heap   total 260096K, used 64672K [0x0000000080000000, 0x0000000100000000)
  region size 1024K, 7 young (7168K), 7 survivors (7168K)
 Metaspace       used 79900K, capacity 81605K, committed 81740K, reserved 1120256K
  class space    used 10329K, capacity 10966K, committed 11084K, reserved 1048576K
}
Event: 7.045 GC heap before
{Heap before GC invocations=13 (full 0):
 garbage-first heap   total 260096K, used 180384K [0x0000000080000000, 0x0000000100000000)
  region size 1024K, 121 young (123904K), 7 survivors (7168K)
 Metaspace       used 86935K, capacity 89201K, committed 89420K, reserved 1126400K
  class space    used 11232K, capacity 12091K, committed 12108K, reserved 1048576K
}
Event: 7.054 GC heap after
{Heap after GC invocations=14 (full 0):
 garbage-first heap   total 260096K, used 74271K [0x0000000080000000, 0x0000000100000000)
  region size 1024K, 16 young (16384K), 16 survivors (16384K)
 Metaspace       used 86935K, capacity 89201K, committed 89420K, reserved 1126400K
  class space    used 11232K, capacity 12091K, committed 12108K, reserved 1048576K
}
Event: 7.690 GC heap before
{Heap before GC invocations=14 (full 0):
 garbage-first heap   total 260096K, used 187935K [0x0000000080000000, 0x0000000100000000)
  region size 1024K, 128 young (131072K), 16 survivors (16384K)
 Metaspace       used 89346K, capacity 91733K, committed 91852K, reserved 1128448K
  class space    used 11489K, capacity 12382K, committed 12492K, reserved 1048576K
}
Event: 7.702 GC heap after
{Heap after GC invocations=15 (full 0):
 garbage-first heap   total 260096K, used 81723K [0x0000000080000000, 0x0000000100000000)
  region size 1024K, 8 young (8192K), 8 survivors (8192K)
 Metaspace       used 89346K, capacity 91733K, committed 91852K, reserved 1128448K
  class space    used 11489K, capacity 12382K, committed 12492K, reserved 1048576K
}
Event: 8.328 GC heap before
{Heap before GC invocations=15 (full 0):
 garbage-first heap   total 260096K, used 193339K [0x0000000080000000, 0x0000000100000000)
  region size 1024K, 118 young (120832K), 8 survivors (8192K)
 Metaspace       used 93855K, capacity 96146K, committed 96460K, reserved 1132544K
  class space    used 12023K, capacity 12885K, committed 13004K, reserved 1048576K
}
Event: 8.336 GC heap after
{Heap after GC invocations=16 (full 0):
 garbage-first heap   total 260096K, used 87393K [0x0000000080000000, 0x0000000100000000)
  region size 1024K, 14 young (14336K), 14 survivors (14336K)
 Metaspace       used 93855K, capacity 96146K, committed 96460K, reserved 1132544K
  class space    used 12023K, capacity 12885K, committed 13004K, reserved 1048576K
}
Event: 8.824 GC heap before
{Heap before GC invocations=16 (full 0):
 garbage-first heap   total 260096K, used 232801K [0x0000000080000000, 0x0000000100000000)
  region size 1024K, 123 young (125952K), 14 survivors (14336K)
 Metaspace       used 97247K, capacity 99623K, committed 99788K, reserved 1136640K
  class space    used 12507K, capacity 13422K, committed 13516K, reserved 1048576K
}
Event: 8.843 GC heap after
{Heap after GC invocations=17 (full 0):
 garbage-first heap   total 273408K, used 136136K [0x0000000080000000, 0x0000000100000000)
  region size 1024K, 16 young (16384K), 16 survivors (16384K)
 Metaspace       used 97247K, capacity 99623K, committed 99788K, reserved 1136640K
  class space    used 12507K, capacity 13422K, committed 13516K, reserved 1048576K
}
Event: 9.098 GC heap before
{Heap before GC invocations=17 (full 0):
 garbage-first heap   total 273408K, used 209864K [0x0000000080000000, 0x0000000100000000)
  region size 1024K, 88 young (90112K), 16 survivors (16384K)
 Metaspace       used 99682K, capacity 102131K, committed 102348K, reserved 1138688K
  class space    used 13028K, capacity 13997K, committed 14028K, reserved 1048576K
}
Event: 9.129 GC heap after
{Heap after GC invocations=18 (full 0):
 garbage-first heap   total 273408K, used 170981K [0x0000000080000000, 0x0000000100000000)
  region size 1024K, 11 young (11264K), 11 survivors (11264K)
 Metaspace       used 99682K, capacity 102131K, committed 102348K, reserved 1138688K
  class space    used 13028K, capacity 13997K, committed 14028K, reserved 1048576K
}
Event: 9.216 GC heap before
{Heap before GC invocations=18 (full 0):
 garbage-first heap   total 273408K, used 212965K [0x0000000080000000, 0x0000000100000000)
  region size 1024K, 52 young (53248K), 11 survivors (11264K)
 Metaspace       used 99695K, capacity 102195K, committed 102348K, reserved 1138688K
  class space    used 13028K, capacity 13997K, committed 14028K, reserved 1048576K
}
Event: 9.240 GC heap after
{Heap after GC invocations=19 (full 0):
 garbage-first heap   total 273408K, used 193536K [0x0000000080000000, 0x0000000100000000)
  region size 1024K, 7 young (7168K), 7 survivors (7168K)
 Metaspace       used 99695K, capacity 102195K, committed 102348K, reserved 1138688K
  class space    used 13028K, capacity 13997K, committed 14028K, reserved 1048576K
}
Event: 9.459 GC heap before
{Heap before GC invocations=19 (full 0):
 garbage-first heap   total 273408K, used 219136K [0x0000000080000000, 0x0000000100000000)
  region size 1024K, 33 young (33792K), 7 survivors (7168K)
 Metaspace       used 101043K, capacity 103319K, committed 104268K, reserved 1138688K
  class space    used 13152K, capacity 14059K, committed 14412K, reserved 1048576K
}

Deoptimization events (20 events):
Event: 9.318 Thread 0x000001d43e429800 DEOPT PACKING pc=0x000001d4250158dc sp=0x00000083e4afdb80
Event: 9.318 Thread 0x000001d43e429800 DEOPT UNPACKING pc=0x000001d41ce678af sp=0x00000083e4afdb38 mode 2
Event: 9.409 Thread 0x000001d43e426800 Uncommon trap: trap_request=0xffffffde fr.pc=0x000001d425070548 relative=0x0000000000000088
Event: 9.409 Thread 0x000001d43e426800 Uncommon trap: reason=class_check action=maybe_recompile pc=0x000001d425070548 method=com.android.tools.r8.internal.hr.b(Ljava/util/function/Predicate;Ljava/util/function/Consumer;Lcom/android/tools/r8/graph/P;)V @ 2 c2
Event: 9.409 Thread 0x000001d43e426800 DEOPT PACKING pc=0x000001d425070548 sp=0x00000083e51fe580
Event: 9.409 Thread 0x000001d43e426800 DEOPT UNPACKING pc=0x000001d41ce678af sp=0x00000083e51fe4a8 mode 2
Event: 9.409 Thread 0x000001d43e426800 Uncommon trap: trap_request=0xffffffde fr.pc=0x000001d425070548 relative=0x0000000000000088
Event: 9.409 Thread 0x000001d43e426800 Uncommon trap: reason=class_check action=maybe_recompile pc=0x000001d425070548 method=com.android.tools.r8.internal.hr.b(Ljava/util/function/Predicate;Ljava/util/function/Consumer;Lcom/android/tools/r8/graph/P;)V @ 2 c2
Event: 9.409 Thread 0x000001d43e426800 DEOPT PACKING pc=0x000001d425070548 sp=0x00000083e51fe580
Event: 9.409 Thread 0x000001d43e426800 DEOPT UNPACKING pc=0x000001d41ce678af sp=0x00000083e51fe4a8 mode 2
Event: 9.410 Thread 0x000001d43e429000 Uncommon trap: trap_request=0xffffffde fr.pc=0x000001d425070548 relative=0x0000000000000088
Event: 9.410 Thread 0x000001d43e429000 Uncommon trap: reason=class_check action=maybe_recompile pc=0x000001d425070548 method=com.android.tools.r8.internal.hr.b(Ljava/util/function/Predicate;Ljava/util/function/Consumer;Lcom/android/tools/r8/graph/P;)V @ 2 c2
Event: 9.410 Thread 0x000001d43e429000 DEOPT PACKING pc=0x000001d425070548 sp=0x00000083e56fe9b0
Event: 9.410 Thread 0x000001d43e429000 DEOPT UNPACKING pc=0x000001d41ce678af sp=0x00000083e56fe8d8 mode 2
Event: 9.410 Thread 0x000001d43e429000 Uncommon trap: trap_request=0xffffffde fr.pc=0x000001d425070548 relative=0x0000000000000088
Event: 9.410 Thread 0x000001d43e429000 Uncommon trap: reason=class_check action=maybe_recompile pc=0x000001d425070548 method=com.android.tools.r8.internal.hr.b(Ljava/util/function/Predicate;Ljava/util/function/Consumer;Lcom/android/tools/r8/graph/P;)V @ 2 c2
Event: 9.410 Thread 0x000001d43e429000 DEOPT PACKING pc=0x000001d425070548 sp=0x00000083e56fe9b0
Event: 9.410 Thread 0x000001d43e429000 DEOPT UNPACKING pc=0x000001d41ce678af sp=0x00000083e56fe8d8 mode 2
Event: 9.450 Thread 0x000001d43e42a800 DEOPT PACKING pc=0x000001d41ed63d10 sp=0x00000083e55fec00
Event: 9.450 Thread 0x000001d43e42a800 DEOPT UNPACKING pc=0x000001d41ce676ce sp=0x00000083e55fe138 mode 0

Classes redefined (0 events):
No events

Internal exceptions (20 events):
Event: 8.673 Thread 0x000001d43e429800 Exception <a 'java/lang/NoSuchMethodError'{0x000000008bfbe460}: 'java.lang.Object java.lang.invoke.DirectMethodHandle$Holder.invokeStatic(java.lang.Object, java.lang.Object, java.lang.Object, java.lang.Object, java.lang.Object, java.lang.Object, java.lang.Object, java.lang.Object, java.lang.Object, java.lang.Object, java.lang.Object, java.lang.Object, java.lang.Object, java.lang.Object, java.lang.Object, java.lang.Object, java.lang.Object, java.lang.Object, int, java.lang.Object)'> (0x000000008bfbe460) thr
Event: 8.673 Thread 0x000001d43e429800 Exception <a 'java/lang/NoSuchMethodError'{0x000000008bfc3cf0}: 'java.lang.Object java.lang.invoke.DirectMethodHandle$Holder.invokeStaticInit(java.lang.Object, java.lang.Object, java.lang.Object, java.lang.Object, java.lang.Object, java.lang.Object, java.lang.Object, java.lang.Object, java.lang.Object, java.lang.Object, java.lang.Object, java.lang.Object, java.lang.Object, java.lang.Object, java.lang.Object, java.lang.Object, java.lang.Object, java.lang.Object, int, java.lang.Object)'> (0x000000008bfc3cf0)
Event: 8.894 Thread 0x000001d43e42a800 Exception <a 'java/lang/IncompatibleClassChangeError'{0x000000008f08b038}: Found class java.lang.Object, but interface was expected> (0x000000008f08b038) thrown at [./src/hotspot/share/interpreter/linkResolver.cpp, line 839]
Event: 8.896 Thread 0x000001d43e42b800 Exception <a 'java/lang/NoSuchMethodError'{0x000000008ef26880}: 'java.lang.Object java.lang.invoke.DirectMethodHandle$Holder.newInvokeSpecial(java.lang.Object, int)'> (0x000000008ef26880) thrown at [./src/hotspot/share/interpreter/linkResolver.cpp, line 773]
Event: 8.897 Thread 0x000001d43e42a800 Exception <a 'java/lang/IncompatibleClassChangeError'{0x000000008ef19c70}: Found class java.lang.Object, but interface was expected> (0x000000008ef19c70) thrown at [./src/hotspot/share/interpreter/linkResolver.cpp, line 839]
Event: 8.897 Thread 0x000001d43e428000 Exception <a 'java/lang/IncompatibleClassChangeError'{0x000000008ef39f80}: Found class java.lang.Object, but interface was expected> (0x000000008ef39f80) thrown at [./src/hotspot/share/interpreter/linkResolver.cpp, line 839]
Event: 8.897 Thread 0x000001d43e427000 Exception <a 'java/lang/IncompatibleClassChangeError'{0x000000008ef0bbb8}: Found class java.lang.Object, but interface was expected> (0x000000008ef0bbb8) thrown at [./src/hotspot/share/interpreter/linkResolver.cpp, line 839]
Event: 8.897 Thread 0x000001d43e42a800 Exception <a 'java/lang/IncompatibleClassChangeError'{0x000000008ef543a8}: Found class java.lang.Object, but interface was expected> (0x000000008ef543a8) thrown at [./src/hotspot/share/interpreter/linkResolver.cpp, line 839]
Event: 8.897 Thread 0x000001d43e428000 Exception <a 'java/lang/IncompatibleClassChangeError'{0x000000008ef3c948}: Found class java.lang.Object, but interface was expected> (0x000000008ef3c948) thrown at [./src/hotspot/share/interpreter/linkResolver.cpp, line 839]
Event: 8.897 Thread 0x000001d43e427000 Exception <a 'java/lang/IncompatibleClassChangeError'{0x000000008ef0e580}: Found class java.lang.Object, but interface was expected> (0x000000008ef0e580) thrown at [./src/hotspot/share/interpreter/linkResolver.cpp, line 839]
Event: 9.301 Thread 0x000001d43e429800 Exception <a 'java/lang/NoSuchMethodError'{0x000000008f3d8ac8}: 'int java.lang.invoke.DirectMethodHandle$Holder.invokeVirtual(java.lang.Object, java.lang.Object, java.lang.Object, java.lang.Object)'> (0x000000008f3d8ac8) thrown at [./src/hotspot/share/interpreter/linkResolver.cpp, line 773]
Event: 9.327 Thread 0x000001d43e429800 Exception <a 'java/lang/NoSuchMethodError'{0x000000008f176558}: 'void java.lang.invoke.DirectMethodHandle$Holder.invokeStatic(java.lang.Object, java.lang.Object, java.lang.Object, int)'> (0x000000008f176558) thrown at [./src/hotspot/share/interpreter/linkResolver.cpp, line 773]
Event: 9.327 Thread 0x000001d43e429800 Exception <a 'java/lang/IncompatibleClassChangeError'{0x000000008f17e5a0}: Found class java.lang.Object, but interface was expected> (0x000000008f17e5a0) thrown at [./src/hotspot/share/interpreter/linkResolver.cpp, line 839]
Event: 9.330 Thread 0x000001d43e428000 Exception <a 'java/lang/NoSuchMethodError'{0x000000008f1e20c0}: 'int java.lang.invoke.DirectMethodHandle$Holder.invokeVirtual(java.lang.Object, java.lang.Object, java.lang.Object)'> (0x000000008f1e20c0) thrown at [./src/hotspot/share/interpreter/linkResolver.cpp, line 773]
Event: 9.333 Thread 0x000001d43e427000 Exception <a 'java/lang/NoSuchMethodError'{0x000000008f1c4500}: 'int java.lang.invoke.DirectMethodHandle$Holder.invokeVirtual(java.lang.Object, java.lang.Object, java.lang.Object)'> (0x000000008f1c4500) thrown at [./src/hotspot/share/interpreter/linkResolver.cpp, line 773]
Event: 9.334 Thread 0x000001d43e424000 Exception <a 'java/lang/NoSuchMethodError'{0x000000008f1d0128}: 'int java.lang.invoke.DirectMethodHandle$Holder.invokeVirtual(java.lang.Object, java.lang.Object, java.lang.Object)'> (0x000000008f1d0128) thrown at [./src/hotspot/share/interpreter/linkResolver.cpp, line 773]
Event: 9.334 Thread 0x000001d43e426800 Exception <a 'java/lang/NoSuchMethodError'{0x000000008f1a8b80}: 'int java.lang.invoke.DirectMethodHandle$Holder.invokeVirtual(java.lang.Object, java.lang.Object, java.lang.Object)'> (0x000000008f1a8b80) thrown at [./src/hotspot/share/interpreter/linkResolver.cpp, line 773]
Event: 9.334 Thread 0x000001d43e429000 Exception <a 'java/lang/NoSuchMethodError'{0x000000008f1ed288}: 'int java.lang.invoke.DirectMethodHandle$Holder.invokeVirtual(java.lang.Object, java.lang.Object, java.lang.Object)'> (0x000000008f1ed288) thrown at [./src/hotspot/share/interpreter/linkResolver.cpp, line 773]
Event: 9.334 Thread 0x000001d43e424800 Exception <a 'java/lang/NoSuchMethodError'{0x000000008f41f980}: 'int java.lang.invoke.DirectMethodHandle$Holder.invokeVirtual(java.lang.Object, java.lang.Object, java.lang.Object)'> (0x000000008f41f980) thrown at [./src/hotspot/share/interpreter/linkResolver.cpp, line 773]
Event: 9.334 Thread 0x000001d43e42b800 Exception <a 'java/lang/NoSuchMethodError'{0x000000008f1e3b98}: 'int java.lang.invoke.DirectMethodHandle$Holder.invokeVirtual(java.lang.Object, java.lang.Object, java.lang.Object)'> (0x000000008f1e3b98) thrown at [./src/hotspot/share/interpreter/linkResolver.cpp, line 773]

Events (20 events):
Event: 9.413 Executing coalesced safepoint VM operation: RevokeBias
Event: 9.413 Executing coalesced safepoint VM operation: RevokeBias done
Event: 9.413 Executing coalesced safepoint VM operation: RevokeBias
Event: 9.413 Executing coalesced safepoint VM operation: RevokeBias done
Event: 9.413 Executing VM operation: RevokeBias done
Event: 9.413 Executing VM operation: RevokeBias
Event: 9.414 Executing coalesced safepoint VM operation: RevokeBias
Event: 9.414 Executing coalesced safepoint VM operation: RevokeBias done
Event: 9.414 Executing coalesced safepoint VM operation: RevokeBias
Event: 9.414 Executing coalesced safepoint VM operation: RevokeBias done
Event: 9.414 Executing coalesced safepoint VM operation: BulkRevokeBias
Event: 9.414 Executing coalesced safepoint VM operation: BulkRevokeBias done
Event: 9.414 Executing coalesced safepoint VM operation: RevokeBias
Event: 9.414 Executing coalesced safepoint VM operation: RevokeBias done
Event: 9.414 Executing coalesced safepoint VM operation: RevokeBias
Event: 9.414 Executing coalesced safepoint VM operation: RevokeBias done
Event: 9.414 Executing VM operation: RevokeBias done
Event: 9.428 Executing VM operation: CGC_Operation
Event: 9.438 Executing VM operation: CGC_Operation done
Event: 9.458 Executing VM operation: G1CollectForAllocation


Dynamic libraries:
0x00007ff783db0000 - 0x00007ff783dba000 	C:\Program Files\Android\Android Studio\jre\bin\java.exe
0x00007ffcc7050000 - 0x00007ffcc7244000 	C:\Windows\SYSTEM32\ntdll.dll
0x00007ffca7550000 - 0x00007ffca7566000 	C:\Program Files\Avast Software\Avast\aswhook.dll
0x00007ffcc5340000 - 0x00007ffcc53fd000 	C:\Windows\System32\KERNEL32.DLL
0x00007ffcc4b10000 - 0x00007ffcc4dd7000 	C:\Windows\System32\KERNELBASE.dll
0x00007ffcc4e10000 - 0x00007ffcc4f10000 	C:\Windows\System32\ucrtbase.dll
0x00007ffcbf700000 - 0x00007ffcbf719000 	C:\Program Files\Android\Android Studio\jre\bin\jli.dll
0x00007ffcbf140000 - 0x00007ffcbf157000 	C:\Program Files\Android\Android Studio\jre\bin\VCRUNTIME140.dll
0x00007ffcc69a0000 - 0x00007ffcc6b40000 	C:\Windows\System32\USER32.dll
0x00007ffcc4de0000 - 0x00007ffcc4e02000 	C:\Windows\System32\win32u.dll
0x00007ffcad2e0000 - 0x00007ffcad57a000 	C:\Windows\WinSxS\amd64_microsoft.windows.common-controls_6595b64144ccf1df_6.0.19041.1_none_b555e41d4684ddec\COMCTL32.dll
0x00007ffcc7020000 - 0x00007ffcc704a000 	C:\Windows\System32\GDI32.dll
0x00007ffcc4980000 - 0x00007ffcc4a8a000 	C:\Windows\System32\gdi32full.dll
0x00007ffcc65c0000 - 0x00007ffcc665e000 	C:\Windows\System32\msvcrt.dll
0x00007ffcc47d0000 - 0x00007ffcc486d000 	C:\Windows\System32\msvcp_win.dll
0x00007ffcc6ea0000 - 0x00007ffcc6ed0000 	C:\Windows\System32\IMM32.DLL
0x00007ffcb33b0000 - 0x00007ffcb344d000 	C:\Program Files\Android\Android Studio\jre\bin\msvcp140.dll
0x00007ffc6d190000 - 0x00007ffc6dc5f000 	C:\Program Files\Android\Android Studio\jre\bin\server\jvm.dll
0x00007ffcc6810000 - 0x00007ffcc68ba000 	C:\Windows\System32\ADVAPI32.dll
0x00007ffcc6c70000 - 0x00007ffcc6d0b000 	C:\Windows\System32\sechost.dll
0x00007ffcc50f0000 - 0x00007ffcc5213000 	C:\Windows\System32\RPCRT4.dll
0x00007ffcc5280000 - 0x00007ffcc5288000 	C:\Windows\System32\PSAPI.DLL
0x00007ffcb1610000 - 0x00007ffcb1619000 	C:\Windows\SYSTEM32\WSOCK32.dll
0x00007ffcbea60000 - 0x00007ffcbea6a000 	C:\Windows\SYSTEM32\VERSION.dll
0x00007ffcb0120000 - 0x00007ffcb0147000 	C:\Windows\SYSTEM32\WINMM.dll
0x00007ffcc6f30000 - 0x00007ffcc6f9b000 	C:\Windows\System32\WS2_32.dll
0x00007ffcc30e0000 - 0x00007ffcc30f3000 	C:\Windows\SYSTEM32\kernel.appcore.dll
0x00007ffcbf720000 - 0x00007ffcbf731000 	C:\Program Files\Android\Android Studio\jre\bin\verify.dll
0x00007ffcc2650000 - 0x00007ffcc2834000 	C:\Windows\SYSTEM32\DBGHELP.DLL
0x00007ffcbc1c0000 - 0x00007ffcbc1ec000 	C:\Windows\SYSTEM32\dbgcore.DLL
0x00007ffcc4a90000 - 0x00007ffcc4b0f000 	C:\Windows\System32\bcryptPrimitives.dll
0x00007ffcbf180000 - 0x00007ffcbf1a9000 	C:\Program Files\Android\Android Studio\jre\bin\java.dll
0x00007ffcc1cc0000 - 0x00007ffcc1ccb000 	C:\Program Files\Android\Android Studio\jre\bin\jimage.dll
0x00007ffcbec20000 - 0x00007ffcbec38000 	C:\Program Files\Android\Android Studio\jre\bin\zip.dll
0x00007ffcc5400000 - 0x00007ffcc5b31000 	C:\Windows\System32\SHELL32.dll
0x00007ffcc2840000 - 0x00007ffcc2fca000 	C:\Windows\SYSTEM32\windows.storage.dll
0x00007ffcc5c30000 - 0x00007ffcc5f84000 	C:\Windows\System32\combase.dll
0x00007ffcc4250000 - 0x00007ffcc427b000 	C:\Windows\SYSTEM32\Wldp.dll
0x00007ffcc60a0000 - 0x00007ffcc614e000 	C:\Windows\System32\SHCORE.dll
0x00007ffcc6ed0000 - 0x00007ffcc6f25000 	C:\Windows\System32\shlwapi.dll
0x00007ffcc4710000 - 0x00007ffcc472f000 	C:\Windows\SYSTEM32\profapi.dll
0x00007ffcbcbf0000 - 0x00007ffcbcc0a000 	C:\Program Files\Android\Android Studio\jre\bin\net.dll
0x00007ffcb4e90000 - 0x00007ffcb4f92000 	C:\Windows\SYSTEM32\WINHTTP.dll
0x00007ffcc3fd0000 - 0x00007ffcc403a000 	C:\Windows\system32\mswsock.dll
0x00007ffcb5170000 - 0x00007ffcb5184000 	C:\Program Files\Android\Android Studio\jre\bin\nio.dll
0x00007ffcb32b0000 - 0x00007ffcb32d7000 	C:\Users\Aslan\.gradle\native\8bec1ad78214c89d9ad589b4d07fe93259594b29d510b10fafb7a158f7737e5d\windows-amd64\native-platform.dll
0x00007ffc825e0000 - 0x00007ffc8271d000 	C:\Users\Aslan\.gradle\native\53dbd7edfb1c66fb8903c78663c9afc45aea4f116125fa6feffd364cf09443e8\windows-amd64\native-platform-file-events.dll
0x00007ffcc1c50000 - 0x00007ffcc1c5a000 	C:\Program Files\Android\Android Studio\jre\bin\management.dll
0x00007ffcbffb0000 - 0x00007ffcbffbc000 	C:\Program Files\Android\Android Studio\jre\bin\management_ext.dll
0x00007ffcc41a0000 - 0x00007ffcc41b8000 	C:\Windows\SYSTEM32\CRYPTSP.dll
0x00007ffcc38f0000 - 0x00007ffcc3924000 	C:\Windows\system32\rsaenh.dll
0x00007ffcc5070000 - 0x00007ffcc5097000 	C:\Windows\System32\bcrypt.dll
0x00007ffcc4690000 - 0x00007ffcc46be000 	C:\Windows\SYSTEM32\USERENV.dll
0x00007ffcc41c0000 - 0x00007ffcc41cc000 	C:\Windows\SYSTEM32\CRYPTBASE.dll
0x00007ffcc3c70000 - 0x00007ffcc3cab000 	C:\Windows\SYSTEM32\IPHLPAPI.DLL
0x00007ffcc6c60000 - 0x00007ffcc6c69000 	C:\Windows\System32\NSI.dll
0x00007ffcbceb0000 - 0x00007ffcbcec7000 	C:\Windows\SYSTEM32\dhcpcsvc6.DLL
0x00007ffcbd980000 - 0x00007ffcbd99d000 	C:\Windows\SYSTEM32\dhcpcsvc.DLL
0x00007ffcc3cc0000 - 0x00007ffcc3d8a000 	C:\Windows\SYSTEM32\DNSAPI.dll

dbghelp: loaded successfully - version: 4.0.5 - missing functions: none
symbol engine: initialized successfully - sym options: 0x614 - pdb path: .;C:\Program Files\Android\Android Studio\jre\bin;C:\Windows\SYSTEM32;C:\Program Files\Avast Software\Avast;C:\Windows\WinSxS\amd64_microsoft.windows.common-controls_6595b64144ccf1df_6.0.19041.1_none_b555e41d4684ddec;C:\Program Files\Android\Android Studio\jre\bin\server;C:\Users\Aslan\.gradle\native\8bec1ad78214c89d9ad589b4d07fe93259594b29d510b10fafb7a158f7737e5d\windows-amd64;C:\Users\Aslan\.gradle\native\53dbd7edfb1c66fb8903c78663c9afc45aea4f116125fa6feffd364cf09443e8\windows-amd64

VM Arguments:
jvm_args: --add-opens=java.base/java.util=ALL-UNNAMED --add-opens=java.base/java.lang=ALL-UNNAMED --add-opens=java.base/java.lang.invoke=ALL-UNNAMED --add-opens=java.base/java.util=ALL-UNNAMED --add-opens=java.prefs/java.util.prefs=ALL-UNNAMED --add-opens=java.prefs/java.util.prefs=ALL-UNNAMED --add-opens=java.base/java.nio.charset=ALL-UNNAMED --add-opens=java.base/java.net=ALL-UNNAMED --add-opens=java.base/java.util.concurrent.atomic=ALL-UNNAMED -Xmx2048m -Dfile.encoding=UTF-8 -Duser.country=RU -Duser.language=ru -Duser.variant 
java_command: org.gradle.launcher.daemon.bootstrap.GradleDaemon 7.0.2
java_class_path (initial): C:\Users\Aslan\.gradle\wrapper\dists\gradle-7.0.2-bin\857tjihv64xamwrf0h14cai3r\gradle-7.0.2\lib\gradle-launcher-7.0.2.jar
Launcher Type: SUN_STANDARD

[Global flags]
     intx CICompilerCount                          = 4                                         {product} {ergonomic}
     uint ConcGCThreads                            = 2                                         {product} {ergonomic}
     uint G1ConcRefinementThreads                  = 8                                         {product} {ergonomic}
   size_t G1HeapRegionSize                         = 1048576                                   {product} {ergonomic}
    uintx GCDrainStackTargetSize                   = 64                                        {product} {ergonomic}
   size_t InitialHeapSize                          = 266338304                                 {product} {ergonomic}
   size_t MarkStackSize                            = 4194304                                   {product} {ergonomic}
   size_t MaxHeapSize                              = 2147483648                                {product} {command line}
   size_t MaxNewSize                               = 1287651328                                {product} {ergonomic}
   size_t MinHeapDeltaBytes                        = 1048576                                   {product} {ergonomic}
    uintx NonNMethodCodeHeapSize                   = 5836300                                {pd product} {ergonomic}
    uintx NonProfiledCodeHeapSize                  = 122910970                              {pd product} {ergonomic}
    uintx ProfiledCodeHeapSize                     = 122910970                              {pd product} {ergonomic}
    uintx ReservedCodeCacheSize                    = 251658240                              {pd product} {ergonomic}
     bool SegmentedCodeCache                       = true                                      {product} {ergonomic}
     bool UseCompressedClassPointers               = true                                 {lp64_product} {ergonomic}
     bool UseCompressedOops                        = true                                 {lp64_product} {ergonomic}
     bool UseG1GC                                  = true                                      {product} {ergonomic}
     bool UseLargePagesIndividualAllocation        = false                                  {pd product} {ergonomic}

Logging:
Log output configuration:
 #0: stdout all=warning uptime,level,tags
 #1: stderr all=off uptime,level,tags

Environment Variables:
JAVA_HOME=C:\Program Files\Java\jdk1.8.0_281
PATH=C:\Program Files\Common Files\Oracle\Java\javapath;C:\Program Files (x86)\Common Files\Oracle\Java\javapath;C:\Windows\system32;C:\Windows;C:\Windows\System32\Wbem;C:\Windows\System32\WindowsPowerShell\v1.0\;C:\Program Files (x86)\NVIDIA Corporation\PhysX\Common;C:\Program Files\Git\cmd;C:\xampp\php;C:\ProgramData\ComposerSetup\bin;C:\Program Files\NVIDIA Corporation\NVIDIA NvDLISR;C:\Program Files\Java\jdk-11.0.13\bin;C:\Users\Aslan\AppData\Local\Microsoft\WindowsApps;C:\Program Files\Java\jdk1.8.0_281\bin;;C:\Users\Aslan\AppData\Local\Programs\Microsoft VS Code\bin;C:\Users\Aslan\AppData\Roaming\Composer\vendor\bin
USERNAME=Aslan
OS=Windows_NT
PROCESSOR_IDENTIFIER=Intel64 Family 6 Model 165 Stepping 2, GenuineIntel



---------------  S Y S T E M  ---------------

OS: Windows 10 , 64 bit Build 19041 (10.0.19041.1)
OS uptime: 2 days 3:25 hours

CPU:total 8 (initial active 8) (4 cores per cpu, 2 threads per core) family 6 model 165 stepping 2 microcode 0xea, cmov, cx8, fxsr, mmx, sse, sse2, sse3, ssse3, sse4.1, sse4.2, popcnt, avx, avx2, aes, clmul, erms, 3dnowpref, lzcnt, ht, tsc, tscinvbit, bmi1, bmi2, adx, fma

Memory: 4k page, system-wide physical 16251M (2434M free)
TotalPageFile size 16251M (AvailPageFile size 44M)
current process WorkingSet (physical memory assigned to process): 561M, peak: 564M
current process commit charge ("private bytes"): 604M, peak: 661M

vm_info: OpenJDK 64-Bit Server VM (11.0.10+0-b96-7249189) for windows-amd64 JRE (11.0.10+0-b96-7249189), built on Mar 31 2021 21:44:00 by "builder" with MS VC++ 14.0 (VS2015)

END.
