#
# There is insufficient memory for the Java Runtime Environment to continue.
# Native memory allocation (mmap) failed to map 54525952 bytes for Failed to commit area from 0x0000000090400000 to 0x0000000093800000 of length 54525952.
# Possible reasons:
#   The system is out of physical RAM or swap space
#   The process is running with CompressedOops enabled, and the Java Heap may be blocking the growth of the native heap
# Possible solutions:
#   Reduce memory load on the system
#   Increase physical memory or swap space
#   Check if swap backing store is full
#   Decrease Java heap size (-Xmx/-Xms)
#   Decrease number of Java threads
#   Decrease Java thread stack sizes (-Xss)
#   Set larger code cache with -XX:ReservedCodeCacheSize=
#   JVM is running with Unscaled Compressed Oops mode in which the Java heap is
#     placed in the first 4GB address space. The Java Heap base address is the
#     maximum limit for the native heap growth. Please use -XX:HeapBaseMinAddress
#     to set the Java Heap base and to place the Java Heap above 4GB virtual address.
# This output file may be truncated or incomplete.
#
#  Out of Memory Error (./src/hotspot/os/windows/os_windows.cpp:3301), pid=9932, tid=12904
#
# JRE version: OpenJDK Runtime Environment (11.0.10) (build 11.0.10+0-b96-7249189)
# Java VM: OpenJDK 64-Bit Server VM (11.0.10+0-b96-7249189, mixed mode, tiered, compressed oops, g1 gc, windows-amd64)
# No core dump will be written. Minidumps are not enabled by default on client versions of Windows
#

---------------  S U M M A R Y ------------

Command Line: --add-opens=java.base/java.util=ALL-UNNAMED --add-opens=java.base/java.lang=ALL-UNNAMED --add-opens=java.base/java.lang.invoke=ALL-UNNAMED --add-opens=java.base/java.util=ALL-UNNAMED --add-opens=java.prefs/java.util.prefs=ALL-UNNAMED --add-opens=java.prefs/java.util.prefs=ALL-UNNAMED --add-opens=java.base/java.nio.charset=ALL-UNNAMED --add-opens=java.base/java.net=ALL-UNNAMED --add-opens=java.base/java.util.concurrent.atomic=ALL-UNNAMED -Xmx2048m -Dfile.encoding=UTF-8 -Duser.country=RU -Duser.language=ru -Duser.variant org.gradle.launcher.daemon.bootstrap.GradleDaemon 7.0.2

Host: Intel(R) Core(TM) i5-10300H CPU @ 2.50GHz, 8 cores, 15G,  Windows 10 , 64 bit Build 19041 (10.0.19041.1)
Time: Tue Feb  1 21:26:06 2022 Центральная Азия (зима) elapsed time: 10.431847 seconds (0d 0h 0m 10s)

---------------  T H R E A D  ---------------

Current thread (0x000002189b3ee000):  VMThread "VM Thread" [stack: 0x00000064cd100000,0x00000064cd200000] [id=12904]

Stack: [0x00000064cd100000,0x00000064cd200000]
[error occurred during error reporting (printing stack bounds), id 0xc0000005, EXCEPTION_ACCESS_VIOLATION (0xc0000005) at pc=0x0000021883a30f2d]

Native frames: (J=compiled Java code, j=interpreted, Vv=VM code, C=native code)
V  [jvm.dll+0x5ecfaa]
V  [jvm.dll+0x722bd5]
V  [jvm.dll+0x72412d]
V  [jvm.dll+0x724745]
V  [jvm.dll+0x7246fb]
V  [jvm.dll+0x5ec348]
V  [jvm.dll+0x5ecad8]
C  [ntdll.dll+0xa010f]
C  [ntdll.dll+0x4b4e4]
C  [ntdll.dll+0x9ec3e]
C  0x0000021883a30f2d

VM_Operation (0x00000064d1cfe530): G1CollectForAllocation, mode: safepoint, requested by thread 0x00000218a4cf9800


---------------  P R O C E S S  ---------------

Threads class SMR info:
_java_thread_list=0x00000218a4ce5190, length=73, elements={
0x00000218ffa71000, 0x000002189b3ef800, 0x000002189b3fd800, 0x000002189b419000,
0x000002189b41a000, 0x000002189b41b800, 0x000002189b420800, 0x000002189b474800,
0x000002189b485800, 0x000002189b5d5800, 0x000002189d655000, 0x000002189d844800,
0x000002189d03a800, 0x000002189d074000, 0x000002189cea8800, 0x000002189d8d2000,
0x000002189d8d2800, 0x000002189ca4f800, 0x000002189db44800, 0x000002189d842000,
0x000002189d6f3000, 0x000002189d6f5800, 0x000002189d6f8000, 0x000002189d6f6800,
0x000002189d6f2000, 0x000002189d6f9000, 0x000002189d6f4000, 0x000002189d6f4800,
0x000002189d6f7000, 0x000002189f07d000, 0x000002189f080800, 0x000002189f083800,
0x000002189f07e000, 0x000002189f081000, 0x000002189f086000, 0x000002189f08b000,
0x000002189f089800, 0x000002189f085000, 0x000002189f08a000, 0x000002189f087000,
0x000002189f088800, 0x000002189f087800, 0x000002189f08c000, 0x00000218a0db6000,
0x00000218a0db7000, 0x00000218a0db7800, 0x00000218a0dbb800, 0x00000218a0dbb000,
0x00000218a0dbe000, 0x00000218a0dba000, 0x00000218a0db8800, 0x00000218a0dbf000,
0x00000218a0db9800, 0x00000218a0dc0800, 0x00000218a0dc4000, 0x00000218a0dc0000,
0x00000218a0dc1800, 0x00000218a0dc2800, 0x00000218a0dc4800, 0x00000218a0dc3000,
0x00000218a4cfa000, 0x00000218a4cf6000, 0x000002189f479800, 0x00000218a4cf7000,
0x00000218a4cf7800, 0x00000218a4cf9800, 0x00000218a4cfb800, 0x00000218a4cf8800,
0x00000218a4cfd800, 0x00000218a4d01800, 0x00000218a4cfe000, 0x00000218a4d00800,
0x00000218a4d00000
}

Java Threads: ( => current thread )
  0x00000218ffa71000 JavaThread "main" [_thread_blocked, id=6248, stack(0x00000064ccb00000,0x00000064ccc00000)]
  0x000002189b3ef800 JavaThread "Reference Handler" daemon [_thread_blocked, id=7472, stack(0x00000064cd200000,0x00000064cd300000)]
  0x000002189b3fd800 JavaThread "Finalizer" daemon [_thread_blocked, id=2288, stack(0x00000064cd300000,0x00000064cd400000)]
  0x000002189b419000 JavaThread "Signal Dispatcher" daemon [_thread_blocked, id=14252, stack(0x00000064cd400000,0x00000064cd500000)]
  0x000002189b41a000 JavaThread "Attach Listener" daemon [_thread_blocked, id=12984, stack(0x00000064cd500000,0x00000064cd600000)]
  0x000002189b41b800 JavaThread "Service Thread" daemon [_thread_blocked, id=14236, stack(0x00000064cd600000,0x00000064cd700000)]
  0x000002189b420800 JavaThread "C2 CompilerThread0" daemon [_thread_blocked, id=14592, stack(0x00000064cd700000,0x00000064cd800000)]
  0x000002189b474800 JavaThread "C1 CompilerThread0" daemon [_thread_blocked, id=13852, stack(0x00000064cd800000,0x00000064cd900000)]
  0x000002189b485800 JavaThread "Sweeper thread" daemon [_thread_blocked, id=14296, stack(0x00000064cd900000,0x00000064cda00000)]
  0x000002189b5d5800 JavaThread "Common-Cleaner" daemon [_thread_blocked, id=15004, stack(0x00000064cda00000,0x00000064cdb00000)]
  0x000002189d655000 JavaThread "Daemon health stats" [_thread_blocked, id=14500, stack(0x00000064ce300000,0x00000064ce400000)]
  0x000002189d844800 JavaThread "Incoming local TCP Connector on port 57815" [_thread_in_native, id=8548, stack(0x00000064cdc00000,0x00000064cdd00000)]
  0x000002189d03a800 JavaThread "Daemon periodic checks" [_thread_blocked, id=13832, stack(0x00000064ce200000,0x00000064ce300000)]
  0x000002189d074000 JavaThread "Daemon" [_thread_blocked, id=7288, stack(0x00000064ce400000,0x00000064ce500000)]
  0x000002189cea8800 JavaThread "Handler for socket connection from /127.0.0.1:57815 to /127.0.0.1:57816" [_thread_in_native, id=5816, stack(0x00000064ce500000,0x00000064ce600000)]
  0x000002189d8d2000 JavaThread "Cancel handler" [_thread_blocked, id=13584, stack(0x00000064ce600000,0x00000064ce700000)]
  0x000002189d8d2800 JavaThread "C2 CompilerThread1" daemon [_thread_blocked, id=12436, stack(0x00000064ce700000,0x00000064ce800000)]
  0x000002189ca4f800 JavaThread "Daemon worker" [_thread_blocked, id=14368, stack(0x00000064ce800000,0x00000064ce900000)]
  0x000002189db44800 JavaThread "Asynchronous log dispatcher for DefaultDaemonConnection: socket connection from /127.0.0.1:57815 to /127.0.0.1:57816" [_thread_blocked, id=2232, stack(0x00000064ce900000,0x00000064cea00000)]
  0x000002189d842000 JavaThread "Stdin handler" [_thread_blocked, id=13720, stack(0x00000064cea00000,0x00000064ceb00000)]
  0x000002189d6f3000 JavaThread "Daemon client event forwarder" [_thread_blocked, id=2592, stack(0x00000064ceb00000,0x00000064cec00000)]
  0x000002189d6f5800 JavaThread "Cache worker for file hash cache (C:\Users\Aslan\.gradle\caches\7.0.2\fileHashes)" [_thread_blocked, id=4748, stack(0x00000064cec00000,0x00000064ced00000)]
  0x000002189d6f8000 JavaThread "File lock request listener" [_thread_in_native, id=15268, stack(0x00000064ced00000,0x00000064cee00000)]
  0x000002189d6f6800 JavaThread "Cache worker for journal cache (C:\Users\Aslan\.gradle\caches\journal-1)" [_thread_blocked, id=11292, stack(0x00000064cf100000,0x00000064cf200000)]
  0x000002189d6f2000 JavaThread "Cache worker for file hash cache (C:\Users\Aslan\AndroidStudioProjects\TvShowApp\.gradle\7.0.2\fileHashes)" [_thread_blocked, id=6856, stack(0x00000064cf200000,0x00000064cf300000)]
  0x000002189d6f9000 JavaThread "File watcher server" daemon [_thread_blocked, id=6816, stack(0x00000064cf300000,0x00000064cf400000)]
  0x000002189d6f4000 JavaThread "File watcher consumer" daemon [_thread_blocked, id=12044, stack(0x00000064cf400000,0x00000064cf500000)]
  0x000002189d6f4800 JavaThread "Cache worker for checksums cache (C:\Users\Aslan\AndroidStudioProjects\TvShowApp\.gradle\checksums)" [_thread_blocked, id=12072, stack(0x00000064cf500000,0x00000064cf600000)]
  0x000002189d6f7000 JavaThread "Cache worker for cache directory md-supplier (C:\Users\Aslan\.gradle\caches\7.0.2\md-supplier)" [_thread_blocked, id=12624, stack(0x00000064cf600000,0x00000064cf700000)]
  0x000002189f07d000 JavaThread "Cache worker for cache directory md-rule (C:\Users\Aslan\.gradle\caches\7.0.2\md-rule)" [_thread_blocked, id=14900, stack(0x00000064cf700000,0x00000064cf800000)]
  0x000002189f080800 JavaThread "Cache worker for execution history cache (C:\Users\Aslan\.gradle\caches\7.0.2\executionHistory)" [_thread_blocked, id=10140, stack(0x00000064cf900000,0x00000064cfa00000)]
  0x000002189f083800 JavaThread "jar transforms" [_thread_blocked, id=12992, stack(0x00000064cfa00000,0x00000064cfb00000)]
  0x000002189f07e000 JavaThread "jar transforms Thread 2" [_thread_blocked, id=2032, stack(0x00000064cfb00000,0x00000064cfc00000)]
  0x000002189f081000 JavaThread "Cache worker for file content cache (C:\Users\Aslan\.gradle\caches\7.0.2\fileContent)" [_thread_blocked, id=15008, stack(0x00000064cfc00000,0x00000064cfd00000)]
  0x000002189f086000 JavaThread "Cache worker for dependencies-accessors (C:\Users\Aslan\AndroidStudioProjects\TvShowApp\.gradle\7.0.2\dependencies-accessors)" [_thread_blocked, id=9952, stack(0x00000064cfd00000,0x00000064cfe00000)]
  0x000002189f08b000 JavaThread "jar transforms Thread 3" [_thread_blocked, id=12420, stack(0x00000064cfe00000,0x00000064cff00000)]
  0x000002189f089800 JavaThread "Cache worker for Build Output Cleanup Cache (C:\Users\Aslan\AndroidStudioProjects\TvShowApp\.gradle\buildOutputCleanup)" [_thread_blocked, id=4176, stack(0x00000064cff00000,0x00000064d0000000)]
  0x000002189f085000 JavaThread "Build operations" [_thread_blocked, id=7364, stack(0x00000064d0000000,0x00000064d0100000)]
  0x000002189f08a000 JavaThread "Build operations Thread 2" [_thread_blocked, id=9724, stack(0x00000064d0100000,0x00000064d0200000)]
  0x000002189f087000 JavaThread "Build operations Thread 3" [_thread_blocked, id=1412, stack(0x00000064d0200000,0x00000064d0300000)]
  0x000002189f088800 JavaThread "Build operations Thread 4" [_thread_blocked, id=13956, stack(0x00000064d0300000,0x00000064d0400000)]
  0x000002189f087800 JavaThread "Build operations Thread 5" [_thread_blocked, id=13412, stack(0x00000064d0400000,0x00000064d0500000)]
  0x000002189f08c000 JavaThread "Build operations Thread 6" [_thread_blocked, id=1180, stack(0x00000064d0500000,0x00000064d0600000)]
  0x00000218a0db6000 JavaThread "Build operations Thread 7" [_thread_blocked, id=12840, stack(0x00000064d0600000,0x00000064d0700000)]
  0x00000218a0db7000 JavaThread "Build operations Thread 8" [_thread_blocked, id=14908, stack(0x00000064d0700000,0x00000064d0800000)]
  0x00000218a0db7800 JavaThread "jar transforms Thread 4" [_thread_blocked, id=12736, stack(0x00000064d0800000,0x00000064d0900000)]
  0x00000218a0dbb800 JavaThread "jar transforms Thread 5" [_thread_blocked, id=1220, stack(0x00000064d0900000,0x00000064d0a00000)]
  0x00000218a0dbb000 JavaThread "jar transforms Thread 6" [_thread_blocked, id=15300, stack(0x00000064d0a00000,0x00000064d0b00000)]
  0x00000218a0dbe000 JavaThread "jar transforms Thread 7" [_thread_blocked, id=4780, stack(0x00000064d0b00000,0x00000064d0c00000)]
  0x00000218a0dba000 JavaThread "jar transforms Thread 8" [_thread_blocked, id=12692, stack(0x00000064d0c00000,0x00000064d0d00000)]
  0x00000218a0db8800 JavaThread "Memory manager" [_thread_blocked, id=12116, stack(0x00000064d0d00000,0x00000064d0e00000)]
  0x00000218a0dbf000 JavaThread "build event listener" [_thread_blocked, id=13144, stack(0x00000064d0e00000,0x00000064d0f00000)]
  0x00000218a0db9800 JavaThread "pool-3-thread-1" [_thread_blocked, id=3780, stack(0x00000064d0f00000,0x00000064d1000000)]
  0x00000218a0dc0800 JavaThread "build event listener" [_thread_blocked, id=15080, stack(0x00000064d1000000,0x00000064d1100000)]
  0x00000218a0dc4000 JavaThread "Execution worker for ':'" [_thread_blocked, id=13260, stack(0x00000064d1100000,0x00000064d1200000)]
  0x00000218a0dc0000 JavaThread "Execution worker for ':' Thread 2" [_thread_blocked, id=8216, stack(0x00000064d1200000,0x00000064d1300000)]
  0x00000218a0dc1800 JavaThread "Execution worker for ':' Thread 3" [_thread_blocked, id=9628, stack(0x00000064d1300000,0x00000064d1400000)]
  0x00000218a0dc2800 JavaThread "Execution worker for ':' Thread 4" [_thread_blocked, id=9820, stack(0x00000064d1400000,0x00000064d1500000)]
  0x00000218a0dc4800 JavaThread "Execution worker for ':' Thread 5" [_thread_blocked, id=13792, stack(0x00000064d1500000,0x00000064d1600000)]
  0x00000218a0dc3000 JavaThread "Execution worker for ':' Thread 6" [_thread_blocked, id=2124, stack(0x00000064d1600000,0x00000064d1700000)]
  0x00000218a4cfa000 JavaThread "Execution worker for ':' Thread 7" [_thread_blocked, id=2852, stack(0x00000064d1700000,0x00000064d1800000)]
  0x00000218a4cf6000 JavaThread "Cache worker for execution history cache (C:\Users\Aslan\AndroidStudioProjects\TvShowApp\.gradle\7.0.2\executionHistory)" [_thread_blocked, id=10964, stack(0x00000064d1800000,0x00000064d1900000)]
  0x000002189f479800 JavaThread "C2 CompilerThread2" daemon [_thread_in_native, id=13336, stack(0x00000064cf800000,0x00000064cf900000)]
  0x00000218a4cf7000 JavaThread "WorkerExecutor Queue" [_thread_blocked, id=14844, stack(0x00000064d1a00000,0x00000064d1b00000)]
  0x00000218a4cf7800 JavaThread "WorkerExecutor Queue Thread 2" [_thread_blocked, id=12176, stack(0x00000064d1b00000,0x00000064d1c00000)]
  0x00000218a4cf9800 JavaThread "ForkJoinPool-1-worker-3" daemon [_thread_blocked, id=10600, stack(0x00000064d1c00000,0x00000064d1d00000)]
  0x00000218a4cfb800 JavaThread "ForkJoinPool-1-worker-5" daemon [_thread_blocked, id=13608, stack(0x00000064d1d00000,0x00000064d1e00000)]
  0x00000218a4cf8800 JavaThread "ForkJoinPool-1-worker-7" daemon [_thread_blocked, id=12500, stack(0x00000064d1e00000,0x00000064d1f00000)]
  0x00000218a4cfd800 JavaThread "ForkJoinPool-1-worker-9" daemon [_thread_blocked, id=2912, stack(0x00000064d1f00000,0x00000064d2000000)]
  0x00000218a4d01800 JavaThread "ForkJoinPool-1-worker-11" daemon [_thread_blocked, id=14352, stack(0x00000064d2000000,0x00000064d2100000)]
  0x00000218a4cfe000 JavaThread "ForkJoinPool-1-worker-13" daemon [_thread_blocked, id=12484, stack(0x00000064d2100000,0x00000064d2200000)]
  0x00000218a4d00800 JavaThread "ForkJoinPool-1-worker-15" daemon [_thread_blocked, id=8648, stack(0x00000064d2200000,0x00000064d2300000)]
  0x00000218a4d00000 JavaThread "ForkJoinPool-1-worker-1" daemon [_thread_blocked, id=14344, stack(0x00000064d2300000,0x00000064d2400000)]

Other Threads:
=>0x000002189b3ee000 VMThread "VM Thread" [stack: 0x00000064cd100000,0x00000064cd200000] [id=12904]
  0x000002189b5e6800 WatcherThread [stack: 0x00000064cdb00000,0x00000064cdc00000] [id=1716]
  0x00000218ffa8a800 GCTaskThread "GC Thread#0" [stack: 0x00000064ccc00000,0x00000064ccd00000] [id=3384]
  0x000002189b667800 GCTaskThread "GC Thread#1" [stack: 0x00000064cdd00000,0x00000064cde00000] [id=13456]
  0x000002189b668800 GCTaskThread "GC Thread#2" [stack: 0x00000064cde00000,0x00000064cdf00000] [id=14620]
  0x000002189b664000 GCTaskThread "GC Thread#3" [stack: 0x00000064cdf00000,0x00000064ce000000] [id=11336]
  0x000002189b669000 GCTaskThread "GC Thread#4" [stack: 0x00000064ce000000,0x00000064ce100000] [id=9032]
  0x000002189b66a000 GCTaskThread "GC Thread#5" [stack: 0x00000064ce100000,0x00000064ce200000] [id=13996]
  0x000002189b663800 GCTaskThread "GC Thread#6" [stack: 0x00000064cee00000,0x00000064cef00000] [id=10792]
  0x000002189b66a800 GCTaskThread "GC Thread#7" [stack: 0x00000064cef00000,0x00000064cf000000] [id=13780]
  0x00000218ffabe000 ConcurrentGCThread "G1 Main Marker" [stack: 0x00000064ccd00000,0x00000064cce00000] [id=9172]
  0x00000218ffabf800 ConcurrentGCThread "G1 Conc#0" [stack: 0x00000064cce00000,0x00000064ccf00000] [id=15068]
  0x000002189b664800 ConcurrentGCThread "G1 Conc#1" [stack: 0x00000064cf000000,0x00000064cf100000] [id=7384]
  0x00000218ffb4e000 ConcurrentGCThread "G1 Refine#0" [stack: 0x00000064ccf00000,0x00000064cd000000] [id=14792]
  0x00000218a48fa800 ConcurrentGCThread "G1 Refine#1" [stack: 0x00000064d1900000,0x00000064d1a00000] [id=2724]
  0x00000218a6740800 ConcurrentGCThread "G1 Refine#2" [stack: 0x00000064d2400000,0x00000064d2500000] [id=7004]
  0x00000218a6843000 ConcurrentGCThread "G1 Refine#3" [stack: 0x00000064d2500000,0x00000064d2600000] [id=9356]
  0x00000218a40fb800 ConcurrentGCThread "G1 Refine#4" [stack: 0x00000064d2600000,0x00000064d2700000] [id=2688]
  0x00000218a5f06000 ConcurrentGCThread "G1 Refine#5" [stack: 0x00000064d2700000,0x00000064d2800000] [id=2444]
  0x000002189aa40800 ConcurrentGCThread "G1 Young RemSet Sampling" [stack: 0x00000064cd000000,0x00000064cd100000] [id=9336]

Threads with active compile tasks:
C2 CompilerThread0  10441 11953       4       com.android.tools.r8.code.w1::a (4137 bytes)
C2 CompilerThread1  10441 12271       4       com.android.tools.r8.internal.Ah::d (188 bytes)
C2 CompilerThread2  10441 12026       4       com.android.tools.r8.dex.j::e (654 bytes)

VM state:at safepoint (normal execution)

VM Mutex/Monitor currently owned by a thread:  ([mutex/lock_event])
[0x00000218ffa6de50] Threads_lock - owner thread: 0x000002189b3ee000
[0x00000218ffa6e510] Heap_lock - owner thread: 0x00000218a4cf9800

Heap address: 0x0000000080000000, size: 2048 MB, Compressed Oops mode: 32-bit
Narrow klass base: 0x0000000000000000, Narrow klass shift: 3
Compressed class space size: 1073741824 Address: 0x0000000100000000

Heap:
 garbage-first heap   total 319488K, used 190976K [0x0000000080000000, 0x0000000100000000)
  region size 1024K, 6 young (6144K), 6 survivors (6144K)
 Metaspace       used 99179K, capacity 101423K, committed 102212K, reserved 1138688K
  class space    used 12868K, capacity 13700K, committed 13996K, reserved 1048576K
Heap Regions: E=young(eden), S=young(survivor), O=old, HS=humongous(starts), HC=humongous(continues), CS=collection set, F=free, A=archive, TAMS=top-at-mark-start (previous, next)
|   0|0x0000000080000000, 0x0000000080100000, 0x0000000080100000|100%| O|  |TAMS 0x0000000080100000, 0x0000000080100000| Untracked 
|   1|0x0000000080100000, 0x0000000080200000, 0x0000000080200000|100%| O|  |TAMS 0x0000000080200000, 0x0000000080200000| Untracked 
|   2|0x0000000080200000, 0x0000000080300000, 0x0000000080300000|100%| O|  |TAMS 0x0000000080300000, 0x0000000080300000| Untracked 
|   3|0x0000000080300000, 0x0000000080400000, 0x0000000080400000|100%|HS|  |TAMS 0x0000000080400000, 0x0000000080400000| Complete 
|   4|0x0000000080400000, 0x0000000080500000, 0x0000000080500000|100%|HC|  |TAMS 0x0000000080500000, 0x0000000080500000| Complete 
|   5|0x0000000080500000, 0x0000000080600000, 0x0000000080600000|100%|HC|  |TAMS 0x0000000080600000, 0x0000000080600000| Complete 
|   6|0x0000000080600000, 0x0000000080700000, 0x0000000080700000|100%| O|  |TAMS 0x0000000080700000, 0x0000000080700000| Untracked 
|   7|0x0000000080700000, 0x0000000080800000, 0x0000000080800000|100%| O|  |TAMS 0x0000000080800000, 0x0000000080800000| Untracked 
|   8|0x0000000080800000, 0x0000000080900000, 0x0000000080900000|100%| O|  |TAMS 0x0000000080900000, 0x0000000080900000| Untracked 
|   9|0x0000000080900000, 0x0000000080a00000, 0x0000000080a00000|100%| O|  |TAMS 0x0000000080a00000, 0x0000000080a00000| Untracked 
|  10|0x0000000080a00000, 0x0000000080b00000, 0x0000000080b00000|100%| O|  |TAMS 0x0000000080b00000, 0x0000000080b00000| Untracked 
|  11|0x0000000080b00000, 0x0000000080c00000, 0x0000000080c00000|100%| O|  |TAMS 0x0000000080c00000, 0x0000000080c00000| Untracked 
|  12|0x0000000080c00000, 0x0000000080d00000, 0x0000000080d00000|100%| O|  |TAMS 0x0000000080d00000, 0x0000000080d00000| Untracked 
|  13|0x0000000080d00000, 0x0000000080e00000, 0x0000000080e00000|100%| O|  |TAMS 0x0000000080e00000, 0x0000000080e00000| Untracked 
|  14|0x0000000080e00000, 0x0000000080f00000, 0x0000000080f00000|100%| O|  |TAMS 0x0000000080f00000, 0x0000000080f00000| Untracked 
|  15|0x0000000080f00000, 0x0000000081000000, 0x0000000081000000|100%| O|  |TAMS 0x0000000081000000, 0x0000000081000000| Untracked 
|  16|0x0000000081000000, 0x0000000081100000, 0x0000000081100000|100%| O|  |TAMS 0x0000000081100000, 0x0000000081100000| Untracked 
|  17|0x0000000081100000, 0x0000000081200000, 0x0000000081200000|100%|HS|  |TAMS 0x0000000081200000, 0x0000000081200000| Complete 
|  18|0x0000000081200000, 0x0000000081300000, 0x0000000081300000|100%|HS|  |TAMS 0x0000000081300000, 0x0000000081300000| Complete 
|  19|0x0000000081300000, 0x0000000081400000, 0x0000000081400000|100%|HS|  |TAMS 0x0000000081400000, 0x0000000081400000| Complete 
|  20|0x0000000081400000, 0x0000000081500000, 0x0000000081500000|100%|HS|  |TAMS 0x0000000081500000, 0x0000000081500000| Complete 
|  21|0x0000000081500000, 0x0000000081600000, 0x0000000081600000|100%|HC|  |TAMS 0x0000000081600000, 0x0000000081600000| Complete 
|  22|0x0000000081600000, 0x0000000081700000, 0x0000000081700000|100%|HC|  |TAMS 0x0000000081700000, 0x0000000081700000| Complete 
|  23|0x0000000081700000, 0x0000000081800000, 0x0000000081800000|100%|HS|  |TAMS 0x0000000081800000, 0x0000000081800000| Complete 
|  24|0x0000000081800000, 0x0000000081900000, 0x0000000081900000|100%|HC|  |TAMS 0x0000000081900000, 0x0000000081900000| Complete 
|  25|0x0000000081900000, 0x0000000081a00000, 0x0000000081a00000|100%| O|  |TAMS 0x0000000081a00000, 0x0000000081a00000| Untracked 
|  26|0x0000000081a00000, 0x0000000081b00000, 0x0000000081b00000|100%| O|  |TAMS 0x0000000081b00000, 0x0000000081b00000| Untracked 
|  27|0x0000000081b00000, 0x0000000081c00000, 0x0000000081c00000|100%| O|  |TAMS 0x0000000081c00000, 0x0000000081c00000| Untracked 
|  28|0x0000000081c00000, 0x0000000081d00000, 0x0000000081d00000|100%| O|  |TAMS 0x0000000081d00000, 0x0000000081d00000| Untracked 
|  29|0x0000000081d00000, 0x0000000081e00000, 0x0000000081e00000|100%| O|  |TAMS 0x0000000081e00000, 0x0000000081e00000| Untracked 
|  30|0x0000000081e00000, 0x0000000081f00000, 0x0000000081f00000|100%| O|  |TAMS 0x0000000081f00000, 0x0000000081f00000| Untracked 
|  31|0x0000000081f00000, 0x0000000082000000, 0x0000000082000000|100%| O|  |TAMS 0x0000000082000000, 0x0000000082000000| Untracked 
|  32|0x0000000082000000, 0x0000000082100000, 0x0000000082100000|100%| O|  |TAMS 0x0000000082100000, 0x0000000082100000| Untracked 
|  33|0x0000000082100000, 0x0000000082200000, 0x0000000082200000|100%| O|  |TAMS 0x0000000082200000, 0x0000000082200000| Untracked 
|  34|0x0000000082200000, 0x0000000082300000, 0x0000000082300000|100%| O|  |TAMS 0x0000000082300000, 0x0000000082300000| Untracked 
|  35|0x0000000082300000, 0x0000000082400000, 0x0000000082400000|100%| O|  |TAMS 0x0000000082400000, 0x0000000082400000| Untracked 
|  36|0x0000000082400000, 0x0000000082500000, 0x0000000082500000|100%| O|  |TAMS 0x0000000082500000, 0x0000000082500000| Untracked 
|  37|0x0000000082500000, 0x0000000082600000, 0x0000000082600000|100%| O|  |TAMS 0x0000000082600000, 0x0000000082600000| Untracked 
|  38|0x0000000082600000, 0x0000000082700000, 0x0000000082700000|100%| O|  |TAMS 0x0000000082700000, 0x0000000082700000| Untracked 
|  39|0x0000000082700000, 0x0000000082800000, 0x0000000082800000|100%| O|  |TAMS 0x0000000082800000, 0x0000000082800000| Untracked 
|  40|0x0000000082800000, 0x0000000082900000, 0x0000000082900000|100%| O|  |TAMS 0x0000000082900000, 0x0000000082900000| Untracked 
|  41|0x0000000082900000, 0x0000000082a00000, 0x0000000082a00000|100%| O|  |TAMS 0x0000000082a00000, 0x0000000082a00000| Untracked 
|  42|0x0000000082a00000, 0x0000000082b00000, 0x0000000082b00000|100%| O|  |TAMS 0x0000000082b00000, 0x0000000082b00000| Untracked 
|  43|0x0000000082b00000, 0x0000000082c00000, 0x0000000082c00000|100%| O|  |TAMS 0x0000000082c00000, 0x0000000082c00000| Untracked 
|  44|0x0000000082c00000, 0x0000000082d00000, 0x0000000082d00000|100%| O|  |TAMS 0x0000000082d00000, 0x0000000082d00000| Untracked 
|  45|0x0000000082d00000, 0x0000000082e00000, 0x0000000082e00000|100%| O|  |TAMS 0x0000000082e00000, 0x0000000082e00000| Untracked 
|  46|0x0000000082e00000, 0x0000000082f00000, 0x0000000082f00000|100%| O|  |TAMS 0x0000000082f00000, 0x0000000082f00000| Untracked 
|  47|0x0000000082f00000, 0x0000000083000000, 0x0000000083000000|100%| O|  |TAMS 0x0000000083000000, 0x0000000083000000| Untracked 
|  48|0x0000000083000000, 0x0000000083100000, 0x0000000083100000|100%| O|  |TAMS 0x0000000083100000, 0x0000000083100000| Untracked 
|  49|0x0000000083100000, 0x0000000083200000, 0x0000000083200000|100%| O|  |TAMS 0x0000000083200000, 0x0000000083200000| Untracked 
|  50|0x0000000083200000, 0x0000000083300000, 0x0000000083300000|100%| O|  |TAMS 0x0000000083300000, 0x0000000083300000| Untracked 
|  51|0x0000000083300000, 0x0000000083400000, 0x0000000083400000|100%| O|  |TAMS 0x0000000083400000, 0x0000000083400000| Untracked 
|  52|0x0000000083400000, 0x0000000083500000, 0x0000000083500000|100%| O|  |TAMS 0x0000000083500000, 0x0000000083500000| Untracked 
|  53|0x0000000083500000, 0x0000000083600000, 0x0000000083600000|100%| O|  |TAMS 0x0000000083600000, 0x0000000083600000| Untracked 
|  54|0x0000000083600000, 0x0000000083700000, 0x0000000083700000|100%| O|  |TAMS 0x0000000083700000, 0x0000000083700000| Untracked 
|  55|0x0000000083700000, 0x0000000083800000, 0x0000000083800000|100%| O|  |TAMS 0x0000000083800000, 0x0000000083800000| Untracked 
|  56|0x0000000083800000, 0x0000000083900000, 0x0000000083900000|100%| O|  |TAMS 0x0000000083900000, 0x0000000083900000| Untracked 
|  57|0x0000000083900000, 0x0000000083a00000, 0x0000000083a00000|100%| O|  |TAMS 0x0000000083a00000, 0x0000000083a00000| Untracked 
|  58|0x0000000083a00000, 0x0000000083b00000, 0x0000000083b00000|100%| O|  |TAMS 0x0000000083b00000, 0x0000000083b00000| Untracked 
|  59|0x0000000083b00000, 0x0000000083c00000, 0x0000000083c00000|100%| O|  |TAMS 0x0000000083c00000, 0x0000000083c00000| Untracked 
|  60|0x0000000083c00000, 0x0000000083d00000, 0x0000000083d00000|100%| O|  |TAMS 0x0000000083d00000, 0x0000000083d00000| Untracked 
|  61|0x0000000083d00000, 0x0000000083e00000, 0x0000000083e00000|100%| O|  |TAMS 0x0000000083e00000, 0x0000000083e00000| Untracked 
|  62|0x0000000083e00000, 0x0000000083f00000, 0x0000000083f00000|100%| O|  |TAMS 0x0000000083f00000, 0x0000000083f00000| Untracked 
|  63|0x0000000083f00000, 0x0000000084000000, 0x0000000084000000|100%| O|  |TAMS 0x0000000084000000, 0x0000000084000000| Untracked 
|  64|0x0000000084000000, 0x0000000084100000, 0x0000000084100000|100%| O|  |TAMS 0x0000000084100000, 0x0000000084100000| Untracked 
|  65|0x0000000084100000, 0x0000000084200000, 0x0000000084200000|100%| O|  |TAMS 0x0000000084200000, 0x0000000084200000| Untracked 
|  66|0x0000000084200000, 0x0000000084300000, 0x0000000084300000|100%| O|  |TAMS 0x0000000084300000, 0x0000000084300000| Untracked 
|  67|0x0000000084300000, 0x0000000084400000, 0x0000000084400000|100%| O|  |TAMS 0x0000000084400000, 0x0000000084400000| Untracked 
|  68|0x0000000084400000, 0x0000000084500000, 0x0000000084500000|100%| O|  |TAMS 0x0000000084500000, 0x0000000084500000| Untracked 
|  69|0x0000000084500000, 0x0000000084600000, 0x0000000084600000|100%| O|  |TAMS 0x0000000084600000, 0x0000000084600000| Untracked 
|  70|0x0000000084600000, 0x0000000084700000, 0x0000000084700000|100%| O|  |TAMS 0x0000000084700000, 0x0000000084700000| Untracked 
|  71|0x0000000084700000, 0x0000000084800000, 0x0000000084800000|100%| O|  |TAMS 0x0000000084800000, 0x0000000084800000| Untracked 
|  72|0x0000000084800000, 0x0000000084900000, 0x0000000084900000|100%| O|  |TAMS 0x0000000084900000, 0x0000000084900000| Untracked 
|  73|0x0000000084900000, 0x0000000084a00000, 0x0000000084a00000|100%| O|  |TAMS 0x0000000084a00000, 0x0000000084a00000| Untracked 
|  74|0x0000000084a00000, 0x0000000084b00000, 0x0000000084b00000|100%| O|  |TAMS 0x0000000084b00000, 0x0000000084b00000| Untracked 
|  75|0x0000000084b00000, 0x0000000084c00000, 0x0000000084c00000|100%| O|  |TAMS 0x0000000084c00000, 0x0000000084c00000| Untracked 
|  76|0x0000000084c00000, 0x0000000084d00000, 0x0000000084d00000|100%| O|  |TAMS 0x0000000084d00000, 0x0000000084d00000| Untracked 
|  77|0x0000000084d00000, 0x0000000084e00000, 0x0000000084e00000|100%|HS|  |TAMS 0x0000000084e00000, 0x0000000084e00000| Complete 
|  78|0x0000000084e00000, 0x0000000084f00000, 0x0000000084f00000|100%|HC|  |TAMS 0x0000000084f00000, 0x0000000084f00000| Complete 
|  79|0x0000000084f00000, 0x0000000085000000, 0x0000000085000000|100%|HS|  |TAMS 0x0000000085000000, 0x0000000085000000| Complete 
|  80|0x0000000085000000, 0x0000000085100000, 0x0000000085100000|100%|HC|  |TAMS 0x0000000085100000, 0x0000000085100000| Complete 
|  81|0x0000000085100000, 0x0000000085200000, 0x0000000085200000|100%|HS|  |TAMS 0x0000000085200000, 0x0000000085200000| Complete 
|  82|0x0000000085200000, 0x0000000085300000, 0x0000000085300000|100%|HS|  |TAMS 0x0000000085300000, 0x0000000085300000| Complete 
|  83|0x0000000085300000, 0x0000000085400000, 0x0000000085400000|100%|HS|  |TAMS 0x0000000085400000, 0x0000000085400000| Complete 
|  84|0x0000000085400000, 0x0000000085500000, 0x0000000085500000|100%|HS|  |TAMS 0x0000000085500000, 0x0000000085500000| Complete 
|  85|0x0000000085500000, 0x0000000085600000, 0x0000000085600000|100%|HS|  |TAMS 0x0000000085600000, 0x0000000085600000| Complete 
|  86|0x0000000085600000, 0x0000000085700000, 0x0000000085700000|100%|HC|  |TAMS 0x0000000085700000, 0x0000000085700000| Complete 
|  87|0x0000000085700000, 0x0000000085800000, 0x0000000085800000|100%|HC|  |TAMS 0x0000000085800000, 0x0000000085800000| Complete 
|  88|0x0000000085800000, 0x0000000085900000, 0x0000000085900000|100%|HS|  |TAMS 0x0000000085900000, 0x0000000085900000| Complete 
|  89|0x0000000085900000, 0x0000000085a00000, 0x0000000085a00000|100%|HS|  |TAMS 0x0000000085a00000, 0x0000000085a00000| Complete 
|  90|0x0000000085a00000, 0x0000000085b00000, 0x0000000085b00000|100%|HS|  |TAMS 0x0000000085b00000, 0x0000000085b00000| Complete 
|  91|0x0000000085b00000, 0x0000000085c00000, 0x0000000085c00000|100%|HC|  |TAMS 0x0000000085c00000, 0x0000000085c00000| Complete 
|  92|0x0000000085c00000, 0x0000000085d00000, 0x0000000085d00000|100%| O|  |TAMS 0x0000000085d00000, 0x0000000085d00000| Untracked 
|  93|0x0000000085d00000, 0x0000000085e00000, 0x0000000085e00000|100%| O|  |TAMS 0x0000000085e00000, 0x0000000085e00000| Untracked 
|  94|0x0000000085e00000, 0x0000000085f00000, 0x0000000085f00000|100%|HS|  |TAMS 0x0000000085f00000, 0x0000000085f00000| Complete 
|  95|0x0000000085f00000, 0x0000000086000000, 0x0000000086000000|100%|HC|  |TAMS 0x0000000086000000, 0x0000000086000000| Complete 
|  96|0x0000000086000000, 0x0000000086100000, 0x0000000086100000|100%| O|  |TAMS 0x0000000086100000, 0x0000000086100000| Untracked 
|  97|0x0000000086100000, 0x0000000086200000, 0x0000000086200000|100%|HS|  |TAMS 0x0000000086200000, 0x0000000086200000| Complete 
|  98|0x0000000086200000, 0x0000000086300000, 0x0000000086300000|100%| O|  |TAMS 0x0000000086300000, 0x0000000086300000| Untracked 
|  99|0x0000000086300000, 0x0000000086400000, 0x0000000086400000|100%|HS|  |TAMS 0x0000000086400000, 0x0000000086400000| Complete 
| 100|0x0000000086400000, 0x0000000086500000, 0x0000000086500000|100%| O|  |TAMS 0x0000000086500000, 0x0000000086500000| Untracked 
| 101|0x0000000086500000, 0x0000000086600000, 0x0000000086600000|100%|HS|  |TAMS 0x0000000086600000, 0x0000000086600000| Complete 
| 102|0x0000000086600000, 0x0000000086700000, 0x0000000086700000|100%| O|  |TAMS 0x0000000086700000, 0x0000000086700000| Untracked 
| 103|0x0000000086700000, 0x0000000086800000, 0x0000000086800000|100%|HS|  |TAMS 0x0000000086800000, 0x0000000086800000| Complete 
| 104|0x0000000086800000, 0x0000000086900000, 0x0000000086900000|100%| O|  |TAMS 0x0000000086900000, 0x0000000086900000| Untracked 
| 105|0x0000000086900000, 0x0000000086a00000, 0x0000000086a00000|100%| O|  |TAMS 0x0000000086a00000, 0x0000000086a00000| Untracked 
| 106|0x0000000086a00000, 0x0000000086b00000, 0x0000000086b00000|100%| O|  |TAMS 0x0000000086b00000, 0x0000000086b00000| Untracked 
| 107|0x0000000086b00000, 0x0000000086c00000, 0x0000000086c00000|100%|HS|  |TAMS 0x0000000086c00000, 0x0000000086c00000| Complete 
| 108|0x0000000086c00000, 0x0000000086d00000, 0x0000000086d00000|100%|HC|  |TAMS 0x0000000086d00000, 0x0000000086d00000| Complete 
| 109|0x0000000086d00000, 0x0000000086e00000, 0x0000000086e00000|100%|HC|  |TAMS 0x0000000086e00000, 0x0000000086e00000| Complete 
| 110|0x0000000086e00000, 0x0000000086f00000, 0x0000000086f00000|100%| O|  |TAMS 0x0000000086f00000, 0x0000000086f00000| Untracked 
| 111|0x0000000086f00000, 0x0000000087000000, 0x0000000087000000|100%| O|  |TAMS 0x0000000086f00000, 0x0000000087000000| Untracked 
| 112|0x0000000087000000, 0x0000000087100000, 0x0000000087100000|100%| O|  |TAMS 0x0000000087000000, 0x0000000087100000| Untracked 
| 113|0x0000000087100000, 0x0000000087200000, 0x0000000087200000|100%| O|  |TAMS 0x0000000087100000, 0x0000000087200000| Untracked 
| 114|0x0000000087200000, 0x0000000087300000, 0x0000000087300000|100%| O|  |TAMS 0x0000000087200000, 0x0000000087300000| Untracked 
| 115|0x0000000087300000, 0x0000000087400000, 0x0000000087400000|100%| O|  |TAMS 0x0000000087300000, 0x0000000087400000| Untracked 
| 116|0x0000000087400000, 0x0000000087500000, 0x0000000087500000|100%| O|  |TAMS 0x0000000087400000, 0x0000000087500000| Untracked 
| 117|0x0000000087500000, 0x0000000087600000, 0x0000000087600000|100%| O|  |TAMS 0x0000000087500000, 0x0000000087600000| Untracked 
| 118|0x0000000087600000, 0x0000000087700000, 0x0000000087700000|100%| O|  |TAMS 0x0000000087600000, 0x0000000087700000| Untracked 
| 119|0x0000000087700000, 0x0000000087800000, 0x0000000087800000|100%| O|  |TAMS 0x0000000087700000, 0x0000000087800000| Untracked 
| 120|0x0000000087800000, 0x0000000087900000, 0x0000000087900000|100%| O|  |TAMS 0x0000000087800000, 0x0000000087900000| Untracked 
| 121|0x0000000087900000, 0x0000000087a00000, 0x0000000087a00000|100%| O|  |TAMS 0x0000000087a00000, 0x0000000087a00000| Untracked 
| 122|0x0000000087a00000, 0x0000000087b00000, 0x0000000087b00000|100%| O|  |TAMS 0x0000000087a00000, 0x0000000087b00000| Untracked 
| 123|0x0000000087b00000, 0x0000000087c00000, 0x0000000087c00000|100%| O|  |TAMS 0x0000000087b00000, 0x0000000087c00000| Untracked 
| 124|0x0000000087c00000, 0x0000000087d00000, 0x0000000087d00000|100%| O|  |TAMS 0x0000000087d00000, 0x0000000087d00000| Untracked 
| 125|0x0000000087d00000, 0x0000000087e00000, 0x0000000087e00000|100%| O|  |TAMS 0x0000000087e00000, 0x0000000087e00000| Untracked 
| 126|0x0000000087e00000, 0x0000000087f00000, 0x0000000087f00000|100%| O|  |TAMS 0x0000000087f00000, 0x0000000087f00000| Untracked 
| 127|0x0000000087f00000, 0x0000000088000000, 0x0000000088000000|100%| O|  |TAMS 0x0000000088000000, 0x0000000088000000| Untracked 
| 128|0x0000000088000000, 0x0000000088100000, 0x0000000088100000|100%| O|  |TAMS 0x0000000088100000, 0x0000000088100000| Untracked 
| 129|0x0000000088100000, 0x0000000088200000, 0x0000000088200000|100%| O|  |TAMS 0x0000000088200000, 0x0000000088200000| Untracked 
| 130|0x0000000088200000, 0x0000000088300000, 0x0000000088300000|100%| O|  |TAMS 0x0000000088300000, 0x0000000088300000| Untracked 
| 131|0x0000000088300000, 0x0000000088400000, 0x0000000088400000|100%| O|  |TAMS 0x0000000088300000, 0x0000000088400000| Untracked 
| 132|0x0000000088400000, 0x0000000088500000, 0x0000000088500000|100%| O|  |TAMS 0x0000000088400000, 0x0000000088500000| Untracked 
| 133|0x0000000088500000, 0x0000000088600000, 0x0000000088600000|100%| O|  |TAMS 0x0000000088500000, 0x0000000088600000| Untracked 
| 134|0x0000000088600000, 0x0000000088700000, 0x0000000088700000|100%| O|  |TAMS 0x0000000088600000, 0x0000000088700000| Untracked 
| 135|0x0000000088700000, 0x0000000088800000, 0x0000000088800000|100%| O|  |TAMS 0x0000000088800000, 0x0000000088800000| Untracked 
| 136|0x0000000088800000, 0x0000000088900000, 0x0000000088900000|100%| O|  |TAMS 0x0000000088900000, 0x0000000088900000| Untracked 
| 137|0x0000000088900000, 0x0000000088a00000, 0x0000000088a00000|100%| O|  |TAMS 0x000000008894e000, 0x0000000088a00000| Untracked 
| 138|0x0000000088a00000, 0x0000000088b00000, 0x0000000088b00000|100%| O|  |TAMS 0x0000000088a00000, 0x0000000088b00000| Untracked 
| 139|0x0000000088b00000, 0x0000000088c00000, 0x0000000088c00000|100%| O|  |TAMS 0x0000000088b00000, 0x0000000088c00000| Untracked 
| 140|0x0000000088c00000, 0x0000000088d00000, 0x0000000088d00000|100%| O|  |TAMS 0x0000000088c00000, 0x0000000088d00000| Untracked 
| 141|0x0000000088d00000, 0x0000000088e00000, 0x0000000088e00000|100%| O|  |TAMS 0x0000000088d00000, 0x0000000088e00000| Untracked 
| 142|0x0000000088e00000, 0x0000000088f00000, 0x0000000088f00000|100%| O|  |TAMS 0x0000000088e00000, 0x0000000088f00000| Untracked 
| 143|0x0000000088f00000, 0x0000000089000000, 0x0000000089000000|100%| O|  |TAMS 0x0000000088f00000, 0x0000000089000000| Untracked 
| 144|0x0000000089000000, 0x0000000089100000, 0x0000000089100000|100%| O|  |TAMS 0x0000000089000000, 0x0000000089100000| Untracked 
| 145|0x0000000089100000, 0x0000000089200000, 0x0000000089200000|100%| O|  |TAMS 0x0000000089100000, 0x0000000089200000| Untracked 
| 146|0x0000000089200000, 0x0000000089300000, 0x0000000089300000|100%| O|  |TAMS 0x0000000089200000, 0x0000000089300000| Untracked 
| 147|0x0000000089300000, 0x0000000089400000, 0x0000000089400000|100%| O|  |TAMS 0x0000000089300000, 0x0000000089400000| Untracked 
| 148|0x0000000089400000, 0x0000000089500000, 0x0000000089500000|100%| O|  |TAMS 0x0000000089400000, 0x0000000089500000| Untracked 
| 149|0x0000000089500000, 0x0000000089600000, 0x0000000089600000|100%| O|  |TAMS 0x0000000089500000, 0x0000000089600000| Untracked 
| 150|0x0000000089600000, 0x0000000089700000, 0x0000000089700000|100%| O|  |TAMS 0x0000000089600000, 0x0000000089700000| Untracked 
| 151|0x0000000089700000, 0x0000000089800000, 0x0000000089800000|100%| O|  |TAMS 0x0000000089700000, 0x00000000897f0000| Untracked 
| 152|0x0000000089800000, 0x0000000089900000, 0x0000000089900000|100%| O|  |TAMS 0x0000000089800000, 0x0000000089800000| Untracked 
| 153|0x0000000089900000, 0x0000000089a00000, 0x0000000089a00000|100%| O|  |TAMS 0x0000000089900000, 0x0000000089900000| Untracked 
| 154|0x0000000089a00000, 0x0000000089b00000, 0x0000000089b00000|100%| O|  |TAMS 0x0000000089a00000, 0x0000000089a00000| Untracked 
| 155|0x0000000089b00000, 0x0000000089c00000, 0x0000000089c00000|100%| O|  |TAMS 0x0000000089b00000, 0x0000000089b00000| Untracked 
| 156|0x0000000089c00000, 0x0000000089d00000, 0x0000000089d00000|100%| O|  |TAMS 0x0000000089c00000, 0x0000000089c00000| Untracked 
| 157|0x0000000089d00000, 0x0000000089e00000, 0x0000000089e00000|100%| O|  |TAMS 0x0000000089d00000, 0x0000000089d00000| Untracked 
| 158|0x0000000089e00000, 0x0000000089f00000, 0x0000000089f00000|100%| O|  |TAMS 0x0000000089e00000, 0x0000000089e00000| Untracked 
| 159|0x0000000089f00000, 0x000000008a000000, 0x000000008a000000|100%| O|  |TAMS 0x0000000089f00000, 0x0000000089f00000| Untracked 
| 160|0x000000008a000000, 0x000000008a100000, 0x000000008a100000|100%| O|  |TAMS 0x000000008a000000, 0x000000008a000000| Untracked 
| 161|0x000000008a100000, 0x000000008a200000, 0x000000008a200000|100%| O|  |TAMS 0x000000008a100000, 0x000000008a100000| Untracked 
| 162|0x000000008a200000, 0x000000008a300000, 0x000000008a300000|100%| O|  |TAMS 0x000000008a200000, 0x000000008a200000| Untracked 
| 163|0x000000008a300000, 0x000000008a400000, 0x000000008a400000|100%| O|  |TAMS 0x000000008a300000, 0x000000008a300000| Untracked 
| 164|0x000000008a400000, 0x000000008a500000, 0x000000008a500000|100%| O|  |TAMS 0x000000008a400000, 0x000000008a400000| Untracked 
| 165|0x000000008a500000, 0x000000008a600000, 0x000000008a600000|100%| O|  |TAMS 0x000000008a500000, 0x000000008a500000| Untracked 
| 166|0x000000008a600000, 0x000000008a700000, 0x000000008a700000|100%| O|  |TAMS 0x000000008a600000, 0x000000008a600000| Untracked 
| 167|0x000000008a700000, 0x000000008a800000, 0x000000008a800000|100%| O|  |TAMS 0x000000008a700000, 0x000000008a700000| Untracked 
| 168|0x000000008a800000, 0x000000008a900000, 0x000000008a900000|100%| O|  |TAMS 0x000000008a800000, 0x000000008a800000| Untracked 
| 169|0x000000008a900000, 0x000000008aa00000, 0x000000008aa00000|100%| O|  |TAMS 0x000000008a900000, 0x000000008a900000| Untracked 
| 170|0x000000008aa00000, 0x000000008ab00000, 0x000000008ab00000|100%| O|  |TAMS 0x000000008aa00000, 0x000000008aa00000| Untracked 
| 171|0x000000008ab00000, 0x000000008ac00000, 0x000000008ac00000|100%| O|  |TAMS 0x000000008ab00000, 0x000000008ab00000| Untracked 
| 172|0x000000008ac00000, 0x000000008ad00000, 0x000000008ad00000|100%| O|  |TAMS 0x000000008ac00000, 0x000000008ac00000| Untracked 
| 173|0x000000008ad00000, 0x000000008ae00000, 0x000000008ae00000|100%| O|  |TAMS 0x000000008ad00000, 0x000000008ad00000| Untracked 
| 174|0x000000008ae00000, 0x000000008ae80000, 0x000000008af00000| 50%| O|  |TAMS 0x000000008ae00000, 0x000000008ae00000| Untracked 
| 175|0x000000008af00000, 0x000000008af00000, 0x000000008b000000|  0%| F|  |TAMS 0x000000008af00000, 0x000000008af00000| Untracked 
| 176|0x000000008b000000, 0x000000008b000000, 0x000000008b100000|  0%| F|  |TAMS 0x000000008b000000, 0x000000008b000000| Untracked 
| 177|0x000000008b100000, 0x000000008b100000, 0x000000008b200000|  0%| F|  |TAMS 0x000000008b100000, 0x000000008b100000| Untracked 
| 178|0x000000008b200000, 0x000000008b200000, 0x000000008b300000|  0%| F|  |TAMS 0x000000008b200000, 0x000000008b200000| Untracked 
| 179|0x000000008b300000, 0x000000008b300000, 0x000000008b400000|  0%| F|  |TAMS 0x000000008b300000, 0x000000008b300000| Untracked 
| 180|0x000000008b400000, 0x000000008b400000, 0x000000008b500000|  0%| F|  |TAMS 0x000000008b400000, 0x000000008b400000| Untracked 
| 181|0x000000008b500000, 0x000000008b500000, 0x000000008b600000|  0%| F|  |TAMS 0x000000008b500000, 0x000000008b500000| Untracked 
| 182|0x000000008b600000, 0x000000008b600000, 0x000000008b700000|  0%| F|  |TAMS 0x000000008b600000, 0x000000008b600000| Untracked 
| 183|0x000000008b700000, 0x000000008b700000, 0x000000008b800000|  0%| F|  |TAMS 0x000000008b700000, 0x000000008b700000| Untracked 
| 184|0x000000008b800000, 0x000000008b800000, 0x000000008b900000|  0%| F|  |TAMS 0x000000008b800000, 0x000000008b800000| Untracked 
| 185|0x000000008b900000, 0x000000008b900000, 0x000000008ba00000|  0%| F|  |TAMS 0x000000008b900000, 0x000000008b900000| Untracked 
| 186|0x000000008ba00000, 0x000000008ba00000, 0x000000008bb00000|  0%| F|  |TAMS 0x000000008ba00000, 0x000000008ba00000| Untracked 
| 187|0x000000008bb00000, 0x000000008bb00000, 0x000000008bc00000|  0%| F|  |TAMS 0x000000008bb00000, 0x000000008bb00000| Untracked 
| 188|0x000000008bc00000, 0x000000008bc00000, 0x000000008bd00000|  0%| F|  |TAMS 0x000000008bc00000, 0x000000008bc00000| Untracked 
| 189|0x000000008bd00000, 0x000000008bd00000, 0x000000008be00000|  0%| F|  |TAMS 0x000000008bd00000, 0x000000008bd00000| Untracked 
| 190|0x000000008be00000, 0x000000008be00000, 0x000000008bf00000|  0%| F|  |TAMS 0x000000008be00000, 0x000000008be00000| Untracked 
| 191|0x000000008bf00000, 0x000000008bf00000, 0x000000008c000000|  0%| F|  |TAMS 0x000000008bf00000, 0x000000008bf00000| Untracked 
| 192|0x000000008c000000, 0x000000008c000000, 0x000000008c100000|  0%| F|  |TAMS 0x000000008c000000, 0x000000008c000000| Untracked 
| 193|0x000000008c100000, 0x000000008c100000, 0x000000008c200000|  0%| F|  |TAMS 0x000000008c100000, 0x000000008c100000| Untracked 
| 194|0x000000008c200000, 0x000000008c200000, 0x000000008c300000|  0%| F|  |TAMS 0x000000008c200000, 0x000000008c200000| Untracked 
| 195|0x000000008c300000, 0x000000008c300000, 0x000000008c400000|  0%| F|  |TAMS 0x000000008c300000, 0x000000008c300000| Untracked 
| 196|0x000000008c400000, 0x000000008c400000, 0x000000008c500000|  0%| F|  |TAMS 0x000000008c400000, 0x000000008c400000| Untracked 
| 197|0x000000008c500000, 0x000000008c500000, 0x000000008c600000|  0%| F|  |TAMS 0x000000008c500000, 0x000000008c500000| Untracked 
| 198|0x000000008c600000, 0x000000008c600000, 0x000000008c700000|  0%| F|  |TAMS 0x000000008c600000, 0x000000008c600000| Untracked 
| 199|0x000000008c700000, 0x000000008c700000, 0x000000008c800000|  0%| F|  |TAMS 0x000000008c700000, 0x000000008c700000| Untracked 
| 200|0x000000008c800000, 0x000000008c800000, 0x000000008c900000|  0%| F|  |TAMS 0x000000008c800000, 0x000000008c800000| Untracked 
| 201|0x000000008c900000, 0x000000008c900000, 0x000000008ca00000|  0%| F|  |TAMS 0x000000008c900000, 0x000000008c900000| Untracked 
| 202|0x000000008ca00000, 0x000000008ca00000, 0x000000008cb00000|  0%| F|  |TAMS 0x000000008ca00000, 0x000000008ca00000| Untracked 
| 203|0x000000008cb00000, 0x000000008cb00000, 0x000000008cc00000|  0%| F|  |TAMS 0x000000008cb00000, 0x000000008cb00000| Untracked 
| 204|0x000000008cc00000, 0x000000008cc00000, 0x000000008cd00000|  0%| F|  |TAMS 0x000000008cc00000, 0x000000008cc00000| Untracked 
| 205|0x000000008cd00000, 0x000000008cd00000, 0x000000008ce00000|  0%| F|  |TAMS 0x000000008cd00000, 0x000000008cd00000| Untracked 
| 206|0x000000008ce00000, 0x000000008ce00000, 0x000000008cf00000|  0%| F|  |TAMS 0x000000008ce00000, 0x000000008ce00000| Untracked 
| 207|0x000000008cf00000, 0x000000008cf00000, 0x000000008d000000|  0%| F|  |TAMS 0x000000008cf00000, 0x000000008cf00000| Untracked 
| 208|0x000000008d000000, 0x000000008d000000, 0x000000008d100000|  0%| F|  |TAMS 0x000000008d000000, 0x000000008d000000| Untracked 
| 209|0x000000008d100000, 0x000000008d100000, 0x000000008d200000|  0%| F|  |TAMS 0x000000008d100000, 0x000000008d100000| Untracked 
| 210|0x000000008d200000, 0x000000008d200000, 0x000000008d300000|  0%| F|  |TAMS 0x000000008d200000, 0x000000008d200000| Untracked 
| 211|0x000000008d300000, 0x000000008d300000, 0x000000008d400000|  0%| F|  |TAMS 0x000000008d300000, 0x000000008d300000| Untracked 
| 212|0x000000008d400000, 0x000000008d500000, 0x000000008d500000|100%| S|CS|TAMS 0x000000008d400000, 0x000000008d400000| Complete 
| 213|0x000000008d500000, 0x000000008d600000, 0x000000008d600000|100%| S|CS|TAMS 0x000000008d500000, 0x000000008d500000| Complete 
| 214|0x000000008d600000, 0x000000008d700000, 0x000000008d700000|100%| S|CS|TAMS 0x000000008d600000, 0x000000008d600000| Complete 
| 215|0x000000008d700000, 0x000000008d800000, 0x000000008d800000|100%| S|CS|TAMS 0x000000008d700000, 0x000000008d700000| Complete 
| 216|0x000000008d800000, 0x000000008d900000, 0x000000008d900000|100%| S|CS|TAMS 0x000000008d800000, 0x000000008d800000| Complete 
| 217|0x000000008d900000, 0x000000008da00000, 0x000000008da00000|100%| S|CS|TAMS 0x000000008d900000, 0x000000008d900000| Complete 
| 218|0x000000008da00000, 0x000000008da00000, 0x000000008db00000|  0%| F|  |TAMS 0x000000008da00000, 0x000000008da00000| Untracked 
| 219|0x000000008db00000, 0x000000008db00000, 0x000000008dc00000|  0%| F|  |TAMS 0x000000008db00000, 0x000000008db00000| Untracked 
| 220|0x000000008dc00000, 0x000000008dc00000, 0x000000008dd00000|  0%| F|  |TAMS 0x000000008dc00000, 0x000000008dc00000| Untracked 
| 221|0x000000008dd00000, 0x000000008dd00000, 0x000000008de00000|  0%| F|  |TAMS 0x000000008dd00000, 0x000000008dd00000| Untracked 
| 222|0x000000008de00000, 0x000000008de00000, 0x000000008df00000|  0%| F|  |TAMS 0x000000008de00000, 0x000000008de00000| Untracked 
| 223|0x000000008df00000, 0x000000008df00000, 0x000000008e000000|  0%| F|  |TAMS 0x000000008df00000, 0x000000008df00000| Untracked 
| 224|0x000000008e000000, 0x000000008e000000, 0x000000008e100000|  0%| F|  |TAMS 0x000000008e000000, 0x000000008e000000| Untracked 
| 225|0x000000008e100000, 0x000000008e100000, 0x000000008e200000|  0%| F|  |TAMS 0x000000008e100000, 0x000000008e100000| Untracked 
| 226|0x000000008e200000, 0x000000008e200000, 0x000000008e300000|  0%| F|  |TAMS 0x000000008e200000, 0x000000008e200000| Untracked 
| 227|0x000000008e300000, 0x000000008e300000, 0x000000008e400000|  0%| F|  |TAMS 0x000000008e300000, 0x000000008e300000| Untracked 
| 228|0x000000008e400000, 0x000000008e400000, 0x000000008e500000|  0%| F|  |TAMS 0x000000008e400000, 0x000000008e400000| Untracked 
| 229|0x000000008e500000, 0x000000008e500000, 0x000000008e600000|  0%| F|  |TAMS 0x000000008e500000, 0x000000008e500000| Untracked 
| 230|0x000000008e600000, 0x000000008e600000, 0x000000008e700000|  0%| F|  |TAMS 0x000000008e600000, 0x000000008e600000| Untracked 
| 231|0x000000008e700000, 0x000000008e700000, 0x000000008e800000|  0%| F|  |TAMS 0x000000008e700000, 0x000000008e700000| Untracked 
| 232|0x000000008e800000, 0x000000008e800000, 0x000000008e900000|  0%| F|  |TAMS 0x000000008e800000, 0x000000008e800000| Untracked 
| 233|0x000000008e900000, 0x000000008e900000, 0x000000008ea00000|  0%| F|  |TAMS 0x000000008e900000, 0x000000008e900000| Untracked 
| 234|0x000000008ea00000, 0x000000008ea00000, 0x000000008eb00000|  0%| F|  |TAMS 0x000000008ea00000, 0x000000008ea00000| Untracked 
| 235|0x000000008eb00000, 0x000000008eb00000, 0x000000008ec00000|  0%| F|  |TAMS 0x000000008eb00000, 0x000000008eb00000| Untracked 
| 236|0x000000008ec00000, 0x000000008ec00000, 0x000000008ed00000|  0%| F|  |TAMS 0x000000008ec00000, 0x000000008ec00000| Untracked 
| 237|0x000000008ed00000, 0x000000008ed00000, 0x000000008ee00000|  0%| F|  |TAMS 0x000000008ed00000, 0x000000008ed00000| Untracked 
| 238|0x000000008ee00000, 0x000000008ee00000, 0x000000008ef00000|  0%| F|  |TAMS 0x000000008ee00000, 0x000000008ee00000| Untracked 
| 239|0x000000008ef00000, 0x000000008ef00000, 0x000000008f000000|  0%| F|  |TAMS 0x000000008ef00000, 0x000000008ef00000| Untracked 
| 240|0x000000008f000000, 0x000000008f000000, 0x000000008f100000|  0%| F|  |TAMS 0x000000008f000000, 0x000000008f000000| Untracked 
| 241|0x000000008f100000, 0x000000008f100000, 0x000000008f200000|  0%| F|  |TAMS 0x000000008f100000, 0x000000008f100000| Untracked 
| 242|0x000000008f200000, 0x000000008f200000, 0x000000008f300000|  0%| F|  |TAMS 0x000000008f200000, 0x000000008f200000| Untracked 
| 243|0x000000008f300000, 0x000000008f300000, 0x000000008f400000|  0%| F|  |TAMS 0x000000008f300000, 0x000000008f300000| Untracked 
| 244|0x000000008f400000, 0x000000008f400000, 0x000000008f500000|  0%| F|  |TAMS 0x000000008f400000, 0x000000008f400000| Untracked 
| 245|0x000000008f500000, 0x000000008f500000, 0x000000008f600000|  0%| F|  |TAMS 0x000000008f500000, 0x000000008f500000| Untracked 
| 246|0x000000008f600000, 0x000000008f600000, 0x000000008f700000|  0%| F|  |TAMS 0x000000008f600000, 0x000000008f600000| Untracked 
| 247|0x000000008f700000, 0x000000008f700000, 0x000000008f800000|  0%| F|  |TAMS 0x000000008f700000, 0x000000008f700000| Untracked 
| 248|0x000000008f800000, 0x000000008f800000, 0x000000008f900000|  0%| F|  |TAMS 0x000000008f800000, 0x000000008f800000| Untracked 
| 249|0x000000008f900000, 0x000000008f900000, 0x000000008fa00000|  0%| F|  |TAMS 0x000000008f900000, 0x000000008f900000| Untracked 
| 250|0x000000008fa00000, 0x000000008fa00000, 0x000000008fb00000|  0%| F|  |TAMS 0x000000008fa00000, 0x000000008fa00000| Untracked 
| 251|0x000000008fb00000, 0x000000008fb00000, 0x000000008fc00000|  0%| F|  |TAMS 0x000000008fb00000, 0x000000008fb00000| Untracked 
| 252|0x000000008fc00000, 0x000000008fc00000, 0x000000008fd00000|  0%| F|  |TAMS 0x000000008fc00000, 0x000000008fc00000| Untracked 
| 253|0x000000008fd00000, 0x000000008fd00000, 0x000000008fe00000|  0%| F|  |TAMS 0x000000008fd00000, 0x000000008fd00000| Untracked 
| 254|0x000000008fe00000, 0x000000008ff00000, 0x000000008ff00000|100%| O|  |TAMS 0x000000008ff00000, 0x000000008ff00000| Untracked 
| 255|0x000000008ff00000, 0x0000000090000000, 0x0000000090000000|100%| O|  |TAMS 0x0000000090000000, 0x0000000090000000| Untracked 
| 256|0x0000000090000000, 0x0000000090100000, 0x0000000090100000|100%| O|  |TAMS 0x0000000090100000, 0x0000000090100000| Untracked 
| 257|0x0000000090100000, 0x0000000090200000, 0x0000000090200000|100%| O|  |TAMS 0x0000000090200000, 0x0000000090200000| Untracked 
| 258|0x0000000090200000, 0x0000000090300000, 0x0000000090300000|100%| O|  |TAMS 0x0000000090300000, 0x0000000090300000| Untracked 
| 259|0x0000000090300000, 0x0000000090400000, 0x0000000090400000|100%| O|  |TAMS 0x0000000090400000, 0x0000000090400000| Untracked 

Card table byte_map: [0x00000218938b0000,0x0000021893cb0000] _byte_map_base: 0x00000218934b0000

Marking Bits (Prev, Next): (CMBitMap*) 0x00000218ffab5648, (CMBitMap*) 0x00000218ffab5680
 Prev Bits: [0x00000218940b0000, 0x00000218960b0000)
 Next Bits: [0x00000218960b0000, 0x00000218980b0000)

Polling page: 0x0000021880000000

Metaspace:

Usage:
  Non-class:     85.67 MB capacity,    84.29 MB ( 98%) used,     1.12 MB (  1%) free+waste,   269.44 KB ( <1%) overhead. 
      Class:     13.38 MB capacity,    12.57 MB ( 94%) used,   710.87 KB (  5%) free+waste,   120.25 KB ( <1%) overhead. 
       Both:     99.05 MB capacity,    96.85 MB ( 98%) used,     1.81 MB (  2%) free+waste,   389.69 KB ( <1%) overhead. 

Virtual space:
  Non-class space:       88.00 MB reserved,      86.15 MB ( 98%) committed 
      Class space:        1.00 GB reserved,      13.67 MB (  1%) committed 
             Both:        1.09 GB reserved,      99.82 MB (  9%) committed 

Chunk freelists:
   Non-Class:  493.00 KB
       Class:  284.00 KB
        Both:  777.00 KB

MaxMetaspaceSize: 17179869184.00 GB
CompressedClassSpaceSize: 1.00 GB

CodeHeap 'non-profiled nmethods': size=120000Kb used=7412Kb max_used=7412Kb free=112588Kb
 bounds [0x000002188b500000, 0x000002188bc40000, 0x0000021892a30000]
CodeHeap 'profiled nmethods': size=120000Kb used=26032Kb max_used=26032Kb free=93967Kb
 bounds [0x0000021883fd0000, 0x0000021885940000, 0x000002188b500000]
CodeHeap 'non-nmethods': size=5760Kb used=2350Kb max_used=2350Kb free=3409Kb
 bounds [0x0000021883a30000, 0x0000021883ca0000, 0x0000021883fd0000]
 total_blobs=13128 nmethods=12211 adapters=826
 compilation: enabled
              stopped_count=0, restarted_count=0
 full_count=0

Compilation events (20 events):
Event: 10.382 Thread 0x000002189d8d2800 nmethod 12226 0x000002188bc3a890 code [0x000002188bc3aa40, 0x000002188bc3b238]
Event: 10.382 Thread 0x000002189d8d2800 12257       4       com.android.tools.r8.dex.j::h (41 bytes)
Event: 10.384 Thread 0x000002189b474800 12265       2       com.android.tools.r8.internal.A0::iterator (5 bytes)
Event: 10.385 Thread 0x000002189b474800 nmethod 12265 0x000002188593a110 code [0x000002188593a2c0, 0x000002188593a4a8]
Event: 10.385 Thread 0x000002189b474800 12266       2       com.android.tools.r8.internal.mu$e::iterator (12 bytes)
Event: 10.385 Thread 0x000002189b474800 nmethod 12266 0x000002188593a590 code [0x000002188593a740, 0x000002188593a928]
Event: 10.385 Thread 0x000002189b474800 12267       2       com.android.tools.r8.internal.mu$a::<init> (12 bytes)
Event: 10.385 Thread 0x000002189b474800 nmethod 12267 0x000002188593aa10 code [0x000002188593abc0, 0x000002188593ad28]
Event: 10.385 Thread 0x000002189b474800 12268       2       com.android.tools.r8.internal.mu$f::<init> (6 bytes)
Event: 10.385 Thread 0x000002189b474800 nmethod 12268 0x000002188593ae10 code [0x000002188593afc0, 0x000002188593b0c8]
Event: 10.385 Thread 0x000002189b474800 12269       2       com.android.tools.r8.internal.mu$f::<init> (41 bytes)
Event: 10.385 Thread 0x000002189b474800 nmethod 12269 0x000002188593b190 code [0x000002188593b340, 0x000002188593b4b8]
Event: 10.389 Thread 0x000002189d8d2800 nmethod 12257 0x000002188bc3b710 code [0x000002188bc3b8e0, 0x000002188bc3bd68]
Event: 10.389 Thread 0x000002189d8d2800 12264       4       com.android.tools.r8.internal.i8::a (80 bytes)
Event: 10.397 Thread 0x000002189b474800 12272       2       com.android.tools.r8.code.K1::<init> (8 bytes)
Event: 10.397 Thread 0x000002189b474800 nmethod 12272 0x000002188593b590 code [0x000002188593b760, 0x000002188593ba38]
Event: 10.403 Thread 0x000002189d8d2800 nmethod 12264 0x000002188bc3c110 code [0x000002188bc3c2e0, 0x000002188bc3c9d8]
Event: 10.403 Thread 0x000002189d8d2800 12271       4       com.android.tools.r8.internal.Ah::d (188 bytes)
Event: 10.403 Thread 0x000002189b474800 12274       2       com.android.tools.r8.code.q::<init> (7 bytes)
Event: 10.404 Thread 0x000002189b474800 nmethod 12274 0x000002188593bc90 code [0x000002188593be60, 0x000002188593c098]

GC Heap History (20 events):
Event: 2.681 GC heap after
{Heap after GC invocations=5 (full 0):
 garbage-first heap   total 260096K, used 21883K [0x0000000080000000, 0x0000000100000000)
  region size 1024K, 6 young (6144K), 6 survivors (6144K)
 Metaspace       used 35017K, capacity 35830K, committed 35840K, reserved 1081344K
  class space    used 4534K, capacity 4864K, committed 4864K, reserved 1048576K
}
Event: 4.052 GC heap before
{Heap before GC invocations=6 (full 0):
 garbage-first heap   total 260096K, used 152955K [0x0000000080000000, 0x0000000100000000)
  region size 1024K, 131 young (134144K), 6 survivors (6144K)
 Metaspace       used 45297K, capacity 46375K, committed 46540K, reserved 1089536K
  class space    used 5819K, capacity 6259K, committed 6348K, reserved 1048576K
}
Event: 4.062 GC heap after
{Heap after GC invocations=7 (full 0):
 garbage-first heap   total 260096K, used 29150K [0x0000000080000000, 0x0000000100000000)
  region size 1024K, 13 young (13312K), 13 survivors (13312K)
 Metaspace       used 45297K, capacity 46375K, committed 46540K, reserved 1089536K
  class space    used 5819K, capacity 6259K, committed 6348K, reserved 1048576K
}
Event: 5.402 GC heap before
{Heap before GC invocations=7 (full 0):
 garbage-first heap   total 260096K, used 169438K [0x0000000080000000, 0x0000000100000000)
  region size 1024K, 144 young (147456K), 13 survivors (13312K)
 Metaspace       used 58630K, capacity 60150K, committed 60236K, reserved 1101824K
  class space    used 7399K, capacity 7970K, committed 8012K, reserved 1048576K
}
Event: 5.430 GC heap after
{Heap after GC invocations=8 (full 0):
 garbage-first heap   total 260096K, used 49255K [0x0000000080000000, 0x0000000100000000)
  region size 1024K, 19 young (19456K), 19 survivors (19456K)
 Metaspace       used 58630K, capacity 60150K, committed 60236K, reserved 1101824K
  class space    used 7399K, capacity 7970K, committed 8012K, reserved 1048576K
}
Event: 6.461 GC heap before
{Heap before GC invocations=9 (full 0):
 garbage-first heap   total 260096K, used 185447K [0x0000000080000000, 0x0000000100000000)
  region size 1024K, 152 young (155648K), 19 survivors (19456K)
 Metaspace       used 69900K, capacity 71504K, committed 71756K, reserved 1112064K
  class space    used 8840K, capacity 9430K, committed 9548K, reserved 1048576K
}
Event: 6.480 GC heap after
{Heap after GC invocations=10 (full 0):
 garbage-first heap   total 260096K, used 60099K [0x0000000080000000, 0x0000000100000000)
  region size 1024K, 12 young (12288K), 12 survivors (12288K)
 Metaspace       used 69900K, capacity 71504K, committed 71756K, reserved 1112064K
  class space    used 8840K, capacity 9430K, committed 9548K, reserved 1048576K
}
Event: 7.659 GC heap before
{Heap before GC invocations=10 (full 0):
 garbage-first heap   total 260096K, used 200387K [0x0000000080000000, 0x0000000100000000)
  region size 1024K, 144 young (147456K), 12 survivors (12288K)
 Metaspace       used 83017K, capacity 84844K, committed 85196K, reserved 1122304K
  class space    used 10694K, capacity 11348K, committed 11468K, reserved 1048576K
}
Event: 7.671 GC heap after
{Heap after GC invocations=11 (full 0):
 garbage-first heap   total 260096K, used 68436K [0x0000000080000000, 0x0000000100000000)
  region size 1024K, 10 young (10240K), 10 survivors (10240K)
 Metaspace       used 83017K, capacity 84844K, committed 85196K, reserved 1122304K
  class space    used 10694K, capacity 11348K, committed 11468K, reserved 1048576K
}
Event: 8.536 GC heap before
{Heap before GC invocations=11 (full 0):
 garbage-first heap   total 260096K, used 200532K [0x0000000080000000, 0x0000000100000000)
  region size 1024K, 140 young (143360K), 10 survivors (10240K)
 Metaspace       used 87795K, capacity 90165K, committed 90316K, reserved 1128448K
  class space    used 11290K, capacity 12154K, committed 12236K, reserved 1048576K
}
Event: 8.550 GC heap after
{Heap after GC invocations=12 (full 0):
 garbage-first heap   total 260096K, used 78347K [0x0000000080000000, 0x0000000100000000)
  region size 1024K, 18 young (18432K), 18 survivors (18432K)
 Metaspace       used 87795K, capacity 90165K, committed 90316K, reserved 1128448K
  class space    used 11290K, capacity 12154K, committed 12236K, reserved 1048576K
}
Event: 9.245 GC heap before
{Heap before GC invocations=12 (full 0):
 garbage-first heap   total 260096K, used 203275K [0x0000000080000000, 0x0000000100000000)
  region size 1024K, 141 young (144384K), 18 survivors (18432K)
 Metaspace       used 93671K, capacity 95996K, committed 96204K, reserved 1132544K
  class space    used 12016K, capacity 12884K, committed 13004K, reserved 1048576K
}
Event: 9.262 GC heap after
{Heap after GC invocations=13 (full 0):
 garbage-first heap   total 260096K, used 85460K [0x0000000080000000, 0x0000000100000000)
  region size 1024K, 8 young (8192K), 8 survivors (8192K)
 Metaspace       used 93671K, capacity 95996K, committed 96204K, reserved 1132544K
  class space    used 12016K, capacity 12884K, committed 13004K, reserved 1048576K
}
Event: 9.859 GC heap before
{Heap before GC invocations=13 (full 0):
 garbage-first heap   total 260096K, used 240084K [0x0000000080000000, 0x0000000100000000)
  region size 1024K, 127 young (130048K), 8 survivors (8192K)
 Metaspace       used 97275K, capacity 99758K, committed 100044K, reserved 1136640K
  class space    used 12516K, capacity 13426K, committed 13516K, reserved 1048576K
}
Event: 9.869 GC heap after
{Heap after GC invocations=14 (full 0):
 garbage-first heap   total 266240K, used 124571K [0x0000000080000000, 0x0000000100000000)
  region size 1024K, 16 young (16384K), 16 survivors (16384K)
 Metaspace       used 97275K, capacity 99758K, committed 100044K, reserved 1136640K
  class space    used 12516K, capacity 13426K, committed 13516K, reserved 1048576K
}
Event: 10.048 GC heap before
{Heap before GC invocations=14 (full 0):
 garbage-first heap   total 266240K, used 176795K [0x0000000080000000, 0x0000000100000000)
  region size 1024K, 66 young (67584K), 16 survivors (16384K)
 Metaspace       used 98480K, capacity 100936K, committed 101036K, reserved 1136640K
  class space    used 12799K, capacity 13722K, committed 13740K, reserved 1048576K
}
Event: 10.070 GC heap after
{Heap after GC invocations=15 (full 0):
 garbage-first heap   total 266240K, used 143672K [0x0000000080000000, 0x0000000100000000)
  region size 1024K, 13 young (13312K), 13 survivors (13312K)
 Metaspace       used 98480K, capacity 100936K, committed 101036K, reserved 1136640K
  class space    used 12799K, capacity 13722K, committed 13740K, reserved 1048576K
}
Event: 10.291 GC heap before
{Heap before GC invocations=16 (full 0):
 garbage-first heap   total 266240K, used 199992K [0x0000000080000000, 0x0000000100000000)
  region size 1024K, 69 young (70656K), 13 survivors (13312K)
 Metaspace       used 99169K, capacity 101423K, committed 102212K, reserved 1138688K
  class space    used 12868K, capacity 13700K, committed 13996K, reserved 1048576K
}
Event: 10.326 GC heap after
{Heap after GC invocations=17 (full 0):
 garbage-first heap   total 266240K, used 170944K [0x0000000080000000, 0x0000000100000000)
  region size 1024K, 9 young (9216K), 9 survivors (9216K)
 Metaspace       used 99169K, capacity 101423K, committed 102212K, reserved 1138688K
  class space    used 12868K, capacity 13700K, committed 13996K, reserved 1048576K
}
Event: 10.412 GC heap before
{Heap before GC invocations=17 (full 0):
 garbage-first heap   total 266240K, used 206784K [0x0000000080000000, 0x0000000100000000)
  region size 1024K, 45 young (46080K), 9 survivors (9216K)
 Metaspace       used 99179K, capacity 101423K, committed 102212K, reserved 1138688K
  class space    used 12868K, capacity 13700K, committed 13996K, reserved 1048576K
}

Deoptimization events (20 events):
Event: 10.091 Thread 0x00000218a4d00000 DEOPT PACKING pc=0x000002188bc0b948 sp=0x00000064d23fecd0
Event: 10.091 Thread 0x00000218a4d00000 DEOPT UNPACKING pc=0x0000021883a578af sp=0x00000064d23fecd8 mode 2
Event: 10.109 Thread 0x00000218a4cf9800 Uncommon trap: trap_request=0xffffff4d fr.pc=0x000002188bc1128c relative=0x00000000000002cc
Event: 10.109 Thread 0x00000218a4cf9800 Uncommon trap: reason=unstable_if action=reinterpret pc=0x000002188bc1128c method=com.android.tools.r8.graph.c0.a(Lcom/android/tools/r8/graph/c0;)I @ 49 c2
Event: 10.109 Thread 0x00000218a4cf9800 DEOPT PACKING pc=0x000002188bc1128c sp=0x00000064d1cfe810
Event: 10.109 Thread 0x00000218a4cf9800 DEOPT UNPACKING pc=0x0000021883a578af sp=0x00000064d1cfe790 mode 2
Event: 10.234 Thread 0x00000218a4cfd800 Uncommon trap: trap_request=0xffffff4d fr.pc=0x000002188bc28984 relative=0x00000000000013e4
Event: 10.235 Thread 0x00000218a4cfd800 Uncommon trap: reason=unstable_if action=reinterpret pc=0x000002188bc28984 method=com.android.tools.r8.dex.j.i()Lcom/android/tools/r8/graph/f0; @ 54 c2
Event: 10.235 Thread 0x00000218a4cfd800 DEOPT PACKING pc=0x000002188bc28984 sp=0x00000064d1ffecc0
Event: 10.235 Thread 0x00000218a4cfd800 DEOPT UNPACKING pc=0x0000021883a578af sp=0x00000064d1ffecb0 mode 2
Event: 10.369 Thread 0x00000218a4d00000 DEOPT PACKING pc=0x00000218858573df sp=0x00000064d23fe630
Event: 10.369 Thread 0x00000218a4d00000 DEOPT UNPACKING pc=0x0000021883a576ce sp=0x00000064d23fdb88 mode 0
Event: 10.393 Thread 0x00000218a4d00000 DEOPT PACKING pc=0x00000218858573df sp=0x00000064d23fe840
Event: 10.393 Thread 0x00000218a4d00000 DEOPT UNPACKING pc=0x0000021883a576ce sp=0x00000064d23fdd98 mode 0
Event: 10.402 Thread 0x00000218a4d00000 DEOPT PACKING pc=0x00000218858573df sp=0x00000064d23fe970
Event: 10.402 Thread 0x00000218a4d00000 DEOPT UNPACKING pc=0x0000021883a576ce sp=0x00000064d23fdec8 mode 0
Event: 10.410 Thread 0x00000218a4d00800 DEOPT PACKING pc=0x00000218858573df sp=0x00000064d22fe7f0
Event: 10.410 Thread 0x00000218a4d00800 DEOPT UNPACKING pc=0x0000021883a576ce sp=0x00000064d22fdd48 mode 0
Event: 10.411 Thread 0x00000218a4cf9800 DEOPT PACKING pc=0x00000218858573df sp=0x00000064d1cfeaa0
Event: 10.411 Thread 0x00000218a4cf9800 DEOPT UNPACKING pc=0x0000021883a576ce sp=0x00000064d1cfdff8 mode 0

Classes redefined (0 events):
No events

Internal exceptions (20 events):
Event: 8.612 Thread 0x00000218a0dc1800 Exception <a 'java/lang/NoSuchMethodError'{0x000000008eac24e8}: <clinit>> (0x000000008eac24e8) thrown at [./src/hotspot/share/prims/jni.cpp, line 1362]
Event: 8.612 Thread 0x00000218a0dc1800 Exception <a 'java/lang/NoSuchMethodError'{0x000000008eac4c48}: <clinit>> (0x000000008eac4c48) thrown at [./src/hotspot/share/prims/jni.cpp, line 1362]
Event: 8.613 Thread 0x00000218a0dc1800 Exception <a 'java/lang/NoSuchMethodError'{0x000000008eadd288}: <clinit>> (0x000000008eadd288) thrown at [./src/hotspot/share/prims/jni.cpp, line 1362]
Event: 8.614 Thread 0x00000218a0dc1800 Exception <a 'java/lang/NoSuchMethodError'{0x000000008eade768}: <clinit>> (0x000000008eade768) thrown at [./src/hotspot/share/prims/jni.cpp, line 1362]
Event: 9.175 Thread 0x00000218a0dc1800 Implicit null exception at 0x000002188b99df2c to 0x000002188b99df6b
Event: 9.205 Thread 0x00000218a0dc1800 Exception <a 'java/lang/NoSuchMethodError'{0x0000000088ee92f0}: 'int java.lang.invoke.DirectMethodHandle$Holder.invokeSpecial(java.lang.Object, java.lang.Object, java.lang.Object, java.lang.Object, java.lang.Object)'> (0x0000000088ee92f0) thrown at [./src/hotspot/share/interpreter/linkResolver.cpp, line 773]
Event: 9.232 Thread 0x000002189f087800 Implicit null exception at 0x000002188bb558d2 to 0x000002188bb55cd8
Event: 9.232 Thread 0x000002189f08c000 Implicit null exception at 0x000002188bb558d2 to 0x000002188bb55cd8
Event: 9.383 Thread 0x00000218a0db6000 Implicit null exception at 0x000002188bb673d2 to 0x000002188bb67c74
Event: 9.738 Thread 0x00000218a4cf7800 Exception <a 'sun/nio/fs/WindowsException'{0x0000000089b68148}> (0x0000000089b68148) thrown at [./src/hotspot/share/prims/jni.cpp, line 615]
Event: 9.816 Thread 0x00000218a4cf7800 Exception <a 'java/lang/NoSuchMethodError'{0x0000000089423070}: 'java.lang.Object java.lang.invoke.DirectMethodHandle$Holder.invokeStatic(java.lang.Object, java.lang.Object, java.lang.Object, java.lang.Object, java.lang.Object, java.lang.Object, java.lang.Object, java.lang.Object, java.lang.Object, java.lang.Object, java.lang.Object, java.lang.Object, java.lang.Object, java.lang.Object, java.lang.Object, java.lang.Object, java.lang.Object, java.lang.Object, int, java.lang.Object)'> (0x0000000089423070) thr
Event: 9.817 Thread 0x00000218a4cf7800 Exception <a 'java/lang/NoSuchMethodError'{0x0000000089428900}: 'java.lang.Object java.lang.invoke.DirectMethodHandle$Holder.invokeStaticInit(java.lang.Object, java.lang.Object, java.lang.Object, java.lang.Object, java.lang.Object, java.lang.Object, java.lang.Object, java.lang.Object, java.lang.Object, java.lang.Object, java.lang.Object, java.lang.Object, java.lang.Object, java.lang.Object, java.lang.Object, java.lang.Object, java.lang.Object, java.lang.Object, int, java.lang.Object)'> (0x0000000089428900)
Event: 10.029 Thread 0x00000218a4d01800 Exception <a 'java/lang/IncompatibleClassChangeError'{0x000000008cf4b0c0}: Found class java.lang.Object, but interface was expected> (0x000000008cf4b0c0) thrown at [./src/hotspot/share/interpreter/linkResolver.cpp, line 839]
Event: 10.031 Thread 0x00000218a4d00000 Exception <a 'java/lang/NoSuchMethodError'{0x000000008ced7878}: 'java.lang.Object java.lang.invoke.DirectMethodHandle$Holder.newInvokeSpecial(java.lang.Object, int)'> (0x000000008ced7878) thrown at [./src/hotspot/share/interpreter/linkResolver.cpp, line 773]
Event: 10.032 Thread 0x00000218a4d01800 Exception <a 'java/lang/IncompatibleClassChangeError'{0x000000008cd14558}: Found class java.lang.Object, but interface was expected> (0x000000008cd14558) thrown at [./src/hotspot/share/interpreter/linkResolver.cpp, line 839]
Event: 10.032 Thread 0x00000218a4cfe000 Exception <a 'java/lang/IncompatibleClassChangeError'{0x000000008cec8170}: Found class java.lang.Object, but interface was expected> (0x000000008cec8170) thrown at [./src/hotspot/share/interpreter/linkResolver.cpp, line 839]
Event: 10.032 Thread 0x00000218a4cfd800 Exception <a 'java/lang/IncompatibleClassChangeError'{0x000000008cd248d8}: Found class java.lang.Object, but interface was expected> (0x000000008cd248d8) thrown at [./src/hotspot/share/interpreter/linkResolver.cpp, line 839]
Event: 10.032 Thread 0x00000218a4d01800 Exception <a 'java/lang/IncompatibleClassChangeError'{0x000000008cd1b928}: Found class java.lang.Object, but interface was expected> (0x000000008cd1b928) thrown at [./src/hotspot/share/interpreter/linkResolver.cpp, line 839]
Event: 10.032 Thread 0x00000218a4cfd800 Exception <a 'java/lang/IncompatibleClassChangeError'{0x000000008cd272a0}: Found class java.lang.Object, but interface was expected> (0x000000008cd272a0) thrown at [./src/hotspot/share/interpreter/linkResolver.cpp, line 839]
Event: 10.032 Thread 0x00000218a4cfe000 Exception <a 'java/lang/IncompatibleClassChangeError'{0x000000008cecab38}: Found class java.lang.Object, but interface was expected> (0x000000008cecab38) thrown at [./src/hotspot/share/interpreter/linkResolver.cpp, line 839]

Events (20 events):
Event: 10.126 loading class com/android/tools/r8/internal/Sb$a done
Event: 10.126 loading class com/android/tools/r8/internal/ou
Event: 10.126 loading class com/android/tools/r8/internal/ou done
Event: 10.126 loading class com/android/tools/r8/internal/qr
Event: 10.126 loading class com/android/tools/r8/internal/qr done
Event: 10.126 loading class com/android/tools/r8/internal/mu$d
Event: 10.126 loading class com/android/tools/r8/internal/mu$d done
Event: 10.127 loading class com/android/tools/r8/internal/nu
Event: 10.127 loading class com/android/tools/r8/internal/nu done
Event: 10.159 loading class com/android/tools/r8/internal/Zc
Event: 10.159 loading class com/android/tools/r8/internal/Zc done
Event: 10.159 loading class com/android/tools/r8/internal/g8
Event: 10.159 loading class com/android/tools/r8/internal/g8 done
Event: 10.172 Executing VM operation: CGC_Operation
Event: 10.182 Executing VM operation: CGC_Operation done
Event: 10.237 Executing VM operation: CGC_Operation
Event: 10.237 Executing VM operation: CGC_Operation done
Event: 10.291 Executing VM operation: G1CollectForAllocation
Event: 10.326 Executing VM operation: G1CollectForAllocation done
Event: 10.412 Executing VM operation: G1CollectForAllocation


Dynamic libraries:
0x00007ff783db0000 - 0x00007ff783dba000 	C:\Program Files\Android\Android Studio\jre\bin\java.exe
0x00007ffcc7050000 - 0x00007ffcc7244000 	C:\Windows\SYSTEM32\ntdll.dll
0x00007ffca7550000 - 0x00007ffca7566000 	C:\Program Files\Avast Software\Avast\aswhook.dll
0x00007ffcc5340000 - 0x00007ffcc53fd000 	C:\Windows\System32\KERNEL32.DLL
0x00007ffcc4b10000 - 0x00007ffcc4dd7000 	C:\Windows\System32\KERNELBASE.dll
0x00007ffcc4e10000 - 0x00007ffcc4f10000 	C:\Windows\System32\ucrtbase.dll
0x00007ffcbf920000 - 0x00007ffcbf939000 	C:\Program Files\Android\Android Studio\jre\bin\jli.dll
0x00007ffcbf140000 - 0x00007ffcbf157000 	C:\Program Files\Android\Android Studio\jre\bin\VCRUNTIME140.dll
0x00007ffcc69a0000 - 0x00007ffcc6b40000 	C:\Windows\System32\USER32.dll
0x00007ffcad2e0000 - 0x00007ffcad57a000 	C:\Windows\WinSxS\amd64_microsoft.windows.common-controls_6595b64144ccf1df_6.0.19041.1_none_b555e41d4684ddec\COMCTL32.dll
0x00007ffcc4de0000 - 0x00007ffcc4e02000 	C:\Windows\System32\win32u.dll
0x00007ffcc65c0000 - 0x00007ffcc665e000 	C:\Windows\System32\msvcrt.dll
0x00007ffcc7020000 - 0x00007ffcc704a000 	C:\Windows\System32\GDI32.dll
0x00007ffcc4980000 - 0x00007ffcc4a8a000 	C:\Windows\System32\gdi32full.dll
0x00007ffcc47d0000 - 0x00007ffcc486d000 	C:\Windows\System32\msvcp_win.dll
0x00007ffcc6ea0000 - 0x00007ffcc6ed0000 	C:\Windows\System32\IMM32.DLL
0x00007ffcb33b0000 - 0x00007ffcb344d000 	C:\Program Files\Android\Android Studio\jre\bin\msvcp140.dll
0x00007ffc6d190000 - 0x00007ffc6dc5f000 	C:\Program Files\Android\Android Studio\jre\bin\server\jvm.dll
0x00007ffcc6810000 - 0x00007ffcc68ba000 	C:\Windows\System32\ADVAPI32.dll
0x00007ffcc6c70000 - 0x00007ffcc6d0b000 	C:\Windows\System32\sechost.dll
0x00007ffcc50f0000 - 0x00007ffcc5213000 	C:\Windows\System32\RPCRT4.dll
0x00007ffcc5280000 - 0x00007ffcc5288000 	C:\Windows\System32\PSAPI.DLL
0x00007ffcbea60000 - 0x00007ffcbea6a000 	C:\Windows\SYSTEM32\VERSION.dll
0x00007ffcb0120000 - 0x00007ffcb0147000 	C:\Windows\SYSTEM32\WINMM.dll
0x00007ffcb1610000 - 0x00007ffcb1619000 	C:\Windows\SYSTEM32\WSOCK32.dll
0x00007ffcc6f30000 - 0x00007ffcc6f9b000 	C:\Windows\System32\WS2_32.dll
0x00007ffcc30e0000 - 0x00007ffcc30f3000 	C:\Windows\SYSTEM32\kernel.appcore.dll
0x00007ffcbf720000 - 0x00007ffcbf731000 	C:\Program Files\Android\Android Studio\jre\bin\verify.dll
0x00007ffcc2650000 - 0x00007ffcc2834000 	C:\Windows\SYSTEM32\DBGHELP.DLL
0x00007ffcbc1c0000 - 0x00007ffcbc1ec000 	C:\Windows\SYSTEM32\dbgcore.DLL
0x00007ffcc4a90000 - 0x00007ffcc4b0f000 	C:\Windows\System32\bcryptPrimitives.dll
0x00007ffcbf180000 - 0x00007ffcbf1a9000 	C:\Program Files\Android\Android Studio\jre\bin\java.dll
0x00007ffcc1cc0000 - 0x00007ffcc1ccb000 	C:\Program Files\Android\Android Studio\jre\bin\jimage.dll
0x00007ffcbec20000 - 0x00007ffcbec38000 	C:\Program Files\Android\Android Studio\jre\bin\zip.dll
0x00007ffcc5400000 - 0x00007ffcc5b31000 	C:\Windows\System32\SHELL32.dll
0x00007ffcc2840000 - 0x00007ffcc2fca000 	C:\Windows\SYSTEM32\windows.storage.dll
0x00007ffcc5c30000 - 0x00007ffcc5f84000 	C:\Windows\System32\combase.dll
0x00007ffcc4250000 - 0x00007ffcc427b000 	C:\Windows\SYSTEM32\Wldp.dll
0x00007ffcc60a0000 - 0x00007ffcc614e000 	C:\Windows\System32\SHCORE.dll
0x00007ffcc6ed0000 - 0x00007ffcc6f25000 	C:\Windows\System32\shlwapi.dll
0x00007ffcc4710000 - 0x00007ffcc472f000 	C:\Windows\SYSTEM32\profapi.dll
0x00007ffcbcbf0000 - 0x00007ffcbcc0a000 	C:\Program Files\Android\Android Studio\jre\bin\net.dll
0x00007ffcb4e90000 - 0x00007ffcb4f92000 	C:\Windows\SYSTEM32\WINHTTP.dll
0x00007ffcc3fd0000 - 0x00007ffcc403a000 	C:\Windows\system32\mswsock.dll
0x00007ffcb5170000 - 0x00007ffcb5184000 	C:\Program Files\Android\Android Studio\jre\bin\nio.dll
0x00007ffcb32b0000 - 0x00007ffcb32d7000 	C:\Users\Aslan\.gradle\native\8bec1ad78214c89d9ad589b4d07fe93259594b29d510b10fafb7a158f7737e5d\windows-amd64\native-platform.dll
0x00007ffc825e0000 - 0x00007ffc8271d000 	C:\Users\Aslan\.gradle\native\53dbd7edfb1c66fb8903c78663c9afc45aea4f116125fa6feffd364cf09443e8\windows-amd64\native-platform-file-events.dll
0x00007ffcc1c50000 - 0x00007ffcc1c5a000 	C:\Program Files\Android\Android Studio\jre\bin\management.dll
0x00007ffcbffb0000 - 0x00007ffcbffbc000 	C:\Program Files\Android\Android Studio\jre\bin\management_ext.dll
0x00007ffcc41a0000 - 0x00007ffcc41b8000 	C:\Windows\SYSTEM32\CRYPTSP.dll
0x00007ffcc38f0000 - 0x00007ffcc3924000 	C:\Windows\system32\rsaenh.dll
0x00007ffcc5070000 - 0x00007ffcc5097000 	C:\Windows\System32\bcrypt.dll
0x00007ffcc4690000 - 0x00007ffcc46be000 	C:\Windows\SYSTEM32\USERENV.dll
0x00007ffcc41c0000 - 0x00007ffcc41cc000 	C:\Windows\SYSTEM32\CRYPTBASE.dll
0x00007ffcc3c70000 - 0x00007ffcc3cab000 	C:\Windows\SYSTEM32\IPHLPAPI.DLL
0x00007ffcc6c60000 - 0x00007ffcc6c69000 	C:\Windows\System32\NSI.dll
0x00007ffcbceb0000 - 0x00007ffcbcec7000 	C:\Windows\SYSTEM32\dhcpcsvc6.DLL
0x00007ffcbd980000 - 0x00007ffcbd99d000 	C:\Windows\SYSTEM32\dhcpcsvc.DLL
0x00007ffcc3cc0000 - 0x00007ffcc3d8a000 	C:\Windows\SYSTEM32\DNSAPI.dll

dbghelp: loaded successfully - version: 4.0.5 - missing functions: none
symbol engine: initialized successfully - sym options: 0x614 - pdb path: .;C:\Program Files\Android\Android Studio\jre\bin;C:\Windows\SYSTEM32;C:\Program Files\Avast Software\Avast;C:\Windows\WinSxS\amd64_microsoft.windows.common-controls_6595b64144ccf1df_6.0.19041.1_none_b555e41d4684ddec;C:\Program Files\Android\Android Studio\jre\bin\server;C:\Users\Aslan\.gradle\native\8bec1ad78214c89d9ad589b4d07fe93259594b29d510b10fafb7a158f7737e5d\windows-amd64;C:\Users\Aslan\.gradle\native\53dbd7edfb1c66fb8903c78663c9afc45aea4f116125fa6feffd364cf09443e8\windows-amd64

VM Arguments:
jvm_args: --add-opens=java.base/java.util=ALL-UNNAMED --add-opens=java.base/java.lang=ALL-UNNAMED --add-opens=java.base/java.lang.invoke=ALL-UNNAMED --add-opens=java.base/java.util=ALL-UNNAMED --add-opens=java.prefs/java.util.prefs=ALL-UNNAMED --add-opens=java.prefs/java.util.prefs=ALL-UNNAMED --add-opens=java.base/java.nio.charset=ALL-UNNAMED --add-opens=java.base/java.net=ALL-UNNAMED --add-opens=java.base/java.util.concurrent.atomic=ALL-UNNAMED -Xmx2048m -Dfile.encoding=UTF-8 -Duser.country=RU -Duser.language=ru -Duser.variant 
java_command: org.gradle.launcher.daemon.bootstrap.GradleDaemon 7.0.2
java_class_path (initial): C:\Users\Aslan\.gradle\wrapper\dists\gradle-7.0.2-bin\857tjihv64xamwrf0h14cai3r\gradle-7.0.2\lib\gradle-launcher-7.0.2.jar
Launcher Type: SUN_STANDARD

[Global flags]
     intx CICompilerCount                          = 4                                         {product} {ergonomic}
     uint ConcGCThreads                            = 2                                         {product} {ergonomic}
     uint G1ConcRefinementThreads                  = 8                                         {product} {ergonomic}
   size_t G1HeapRegionSize                         = 1048576                                   {product} {ergonomic}
    uintx GCDrainStackTargetSize                   = 64                                        {product} {ergonomic}
   size_t InitialHeapSize                          = 266338304                                 {product} {ergonomic}
   size_t MarkStackSize                            = 4194304                                   {product} {ergonomic}
   size_t MaxHeapSize                              = 2147483648                                {product} {command line}
   size_t MaxNewSize                               = 1287651328                                {product} {ergonomic}
   size_t MinHeapDeltaBytes                        = 1048576                                   {product} {ergonomic}
    uintx NonNMethodCodeHeapSize                   = 5836300                                {pd product} {ergonomic}
    uintx NonProfiledCodeHeapSize                  = 122910970                              {pd product} {ergonomic}
    uintx ProfiledCodeHeapSize                     = 122910970                              {pd product} {ergonomic}
    uintx ReservedCodeCacheSize                    = 251658240                              {pd product} {ergonomic}
     bool SegmentedCodeCache                       = true                                      {product} {ergonomic}
     bool UseCompressedClassPointers               = true                                 {lp64_product} {ergonomic}
     bool UseCompressedOops                        = true                                 {lp64_product} {ergonomic}
     bool UseG1GC                                  = true                                      {product} {ergonomic}
     bool UseLargePagesIndividualAllocation        = false                                  {pd product} {ergonomic}

Logging:
Log output configuration:
 #0: stdout all=warning uptime,level,tags
 #1: stderr all=off uptime,level,tags

Environment Variables:
JAVA_HOME=C:\Program Files\Java\jdk1.8.0_281
PATH=C:\Program Files\Common Files\Oracle\Java\javapath;C:\Program Files (x86)\Common Files\Oracle\Java\javapath;C:\Windows\system32;C:\Windows;C:\Windows\System32\Wbem;C:\Windows\System32\WindowsPowerShell\v1.0\;C:\Program Files (x86)\NVIDIA Corporation\PhysX\Common;C:\Program Files\Git\cmd;C:\xampp\php;C:\ProgramData\ComposerSetup\bin;C:\Program Files\NVIDIA Corporation\NVIDIA NvDLISR;C:\Program Files\Java\jdk-11.0.13\bin;C:\Users\Aslan\AppData\Local\Microsoft\WindowsApps;C:\Program Files\Java\jdk1.8.0_281\bin;;C:\Users\Aslan\AppData\Local\Programs\Microsoft VS Code\bin;C:\Users\Aslan\AppData\Roaming\Composer\vendor\bin
USERNAME=Aslan
OS=Windows_NT
PROCESSOR_IDENTIFIER=Intel64 Family 6 Model 165 Stepping 2, GenuineIntel



---------------  S Y S T E M  ---------------

OS: Windows 10 , 64 bit Build 19041 (10.0.19041.1)
OS uptime: 2 days 3:16 hours

CPU:total 8 (initial active 8) (4 cores per cpu, 2 threads per core) family 6 model 165 stepping 2 microcode 0xea, cmov, cx8, fxsr, mmx, sse, sse2, sse3, ssse3, sse4.1, sse4.2, popcnt, avx, avx2, aes, clmul, erms, 3dnowpref, lzcnt, ht, tsc, tscinvbit, bmi1, bmi2, adx, fma

Memory: 4k page, system-wide physical 16251M (2420M free)
TotalPageFile size 16251M (AvailPageFile size 55M)
current process WorkingSet (physical memory assigned to process): 551M, peak: 553M
current process commit charge ("private bytes"): 595M, peak: 647M

vm_info: OpenJDK 64-Bit Server VM (11.0.10+0-b96-7249189) for windows-amd64 JRE (11.0.10+0-b96-7249189), built on Mar 31 2021 21:44:00 by "builder" with MS VC++ 14.0 (VS2015)

END.
