#
# There is insufficient memory for the Java Runtime Environment to continue.
# Native memory allocation (malloc) failed to allocate 1598256 bytes for Chunk::new
# Possible reasons:
#   The system is out of physical RAM or swap space
#   The process is running with CompressedOops enabled, and the Java Heap may be blocking the growth of the native heap
# Possible solutions:
#   Reduce memory load on the system
#   Increase physical memory or swap space
#   Check if swap backing store is full
#   Decrease Java heap size (-Xmx/-Xms)
#   Decrease number of Java threads
#   Decrease Java thread stack sizes (-Xss)
#   Set larger code cache with -XX:ReservedCodeCacheSize=
#   JVM is running with Unscaled Compressed Oops mode in which the Java heap is
#     placed in the first 4GB address space. The Java Heap base address is the
#     maximum limit for the native heap growth. Please use -XX:HeapBaseMinAddress
#     to set the Java Heap base and to place the Java Heap above 4GB virtual address.
# This output file may be truncated or incomplete.
#
#  Out of Memory Error (./src/hotspot/share/memory/arena.cpp:197), pid=13144, tid=3360
#
# JRE version: OpenJDK Runtime Environment (11.0.10) (build 11.0.10+0-b96-7249189)
# Java VM: OpenJDK 64-Bit Server VM (11.0.10+0-b96-7249189, mixed mode, tiered, compressed oops, g1 gc, windows-amd64)
# No core dump will be written. Minidumps are not enabled by default on client versions of Windows
#

---------------  S U M M A R Y ------------

Command Line: --add-opens=java.base/java.util=ALL-UNNAMED --add-opens=java.base/java.lang=ALL-UNNAMED --add-opens=java.base/java.lang.invoke=ALL-UNNAMED --add-opens=java.base/java.util=ALL-UNNAMED --add-opens=java.prefs/java.util.prefs=ALL-UNNAMED --add-opens=java.prefs/java.util.prefs=ALL-UNNAMED --add-opens=java.base/java.nio.charset=ALL-UNNAMED --add-opens=java.base/java.net=ALL-UNNAMED --add-opens=java.base/java.util.concurrent.atomic=ALL-UNNAMED -Xmx2048m -Dfile.encoding=UTF-8 -Duser.country=RU -Duser.language=ru -Duser.variant org.gradle.launcher.daemon.bootstrap.GradleDaemon 7.0.2

Host: Intel(R) Core(TM) i5-10300H CPU @ 2.50GHz, 8 cores, 15G,  Windows 10 , 64 bit Build 19041 (10.0.19041.1)
Time: Tue Feb  1 21:50:27 2022 Центральная Азия (зима) elapsed time: 8.422282 seconds (0d 0h 0m 8s)

---------------  T H R E A D  ---------------

Current thread (0x0000013322d64800):  JavaThread "C2 CompilerThread1" daemon [_thread_in_native, id=3360, stack(0x00000006fca00000,0x00000006fcb00000)]


Current CompileTask:
C2:   8422 10377   !   4       org.gradle.internal.instantiation.generator.AsmBackedClassGenerator$InvokeConstructorStrategy::newInstance (66 bytes)

Stack: [0x00000006fca00000,0x00000006fcb00000]
Native frames: (J=compiled Java code, j=interpreted, Vv=VM code, C=native code)
V  [jvm.dll+0x5ecfaa]
V  [jvm.dll+0x722bd5]
V  [jvm.dll+0x72412d]
V  [jvm.dll+0x7247e3]
V  [jvm.dll+0x242928]
V  [jvm.dll+0xbc4fc]
V  [jvm.dll+0xbca0c]
V  [jvm.dll+0x352d7d]
V  [jvm.dll+0x320ad3]
V  [jvm.dll+0x31ffca]
V  [jvm.dll+0x1fb602]
V  [jvm.dll+0x1fa7f4]
V  [jvm.dll+0x18354c]
V  [jvm.dll+0x208ee7]
V  [jvm.dll+0x207731]
V  [jvm.dll+0x6eb1cf]
V  [jvm.dll+0x6e3d45]
V  [jvm.dll+0x5ebe96]
C  [ucrtbase.dll+0x21542]
C  [KERNEL32.DLL+0x16fd4]
C  [ntdll.dll+0x4cf31]


---------------  P R O C E S S  ---------------

Threads class SMR info:
_java_thread_list=0x000001332ddc8490, length=53, elements={
0x0000013307130800, 0x0000013321e4b800, 0x0000013321e58800, 0x0000013321e72800,
0x0000013321e73800, 0x0000013321e74800, 0x0000013321e78000, 0x0000013321e7b000,
0x0000013321e7f000, 0x0000013321fe8800, 0x00000133235df000, 0x00000133221d1800,
0x0000013322fed000, 0x000001332443f800, 0x00000133245e8800, 0x0000013323db8800,
0x0000013323824000, 0x0000013322d64800, 0x0000013324c16800, 0x000001332428c800,
0x0000013324630800, 0x0000013324632800, 0x000001332462f800, 0x000001332462e000,
0x0000013324631000, 0x0000013324632000, 0x000001332462d000, 0x000001332462e800,
0x0000013324633800, 0x000001332577c800, 0x0000013325782000, 0x0000013325783000,
0x000001332577e800, 0x0000013325780800, 0x0000013325781000, 0x0000013325798800,
0x000001332577e000, 0x000001332577f800, 0x000001332577d000, 0x0000013325787800,
0x0000013325785800, 0x0000013325787000, 0x0000013325784800, 0x0000013325789800,
0x0000013325783800, 0x000001332578a000, 0x000001332578b000, 0x0000013327556800,
0x0000013327558800, 0x0000013327559000, 0x000001332755a000, 0x0000013327555000,
0x000001332755b800
}

Java Threads: ( => current thread )
  0x0000013307130800 JavaThread "main" [_thread_blocked, id=10656, stack(0x00000006fad00000,0x00000006fae00000)]
  0x0000013321e4b800 JavaThread "Reference Handler" daemon [_thread_blocked, id=14836, stack(0x00000006fb400000,0x00000006fb500000)]
  0x0000013321e58800 JavaThread "Finalizer" daemon [_thread_blocked, id=4968, stack(0x00000006fb500000,0x00000006fb600000)]
  0x0000013321e72800 JavaThread "Signal Dispatcher" daemon [_thread_blocked, id=14248, stack(0x00000006fb600000,0x00000006fb700000)]
  0x0000013321e73800 JavaThread "Attach Listener" daemon [_thread_blocked, id=8584, stack(0x00000006fb700000,0x00000006fb800000)]
  0x0000013321e74800 JavaThread "Service Thread" daemon [_thread_blocked, id=14848, stack(0x00000006fb800000,0x00000006fb900000)]
  0x0000013321e78000 JavaThread "C2 CompilerThread0" daemon [_thread_in_native, id=4004, stack(0x00000006fb900000,0x00000006fba00000)]
  0x0000013321e7b000 JavaThread "C1 CompilerThread0" daemon [_thread_blocked, id=10784, stack(0x00000006fba00000,0x00000006fbb00000)]
  0x0000013321e7f000 JavaThread "Sweeper thread" daemon [_thread_blocked, id=13720, stack(0x00000006fbb00000,0x00000006fbc00000)]
  0x0000013321fe8800 JavaThread "Common-Cleaner" daemon [_thread_blocked, id=6924, stack(0x00000006fbc00000,0x00000006fbd00000)]
  0x00000133235df000 JavaThread "Daemon health stats" [_thread_blocked, id=3988, stack(0x00000006fc500000,0x00000006fc600000)]
  0x00000133221d1800 JavaThread "Incoming local TCP Connector on port 57996" [_thread_in_native, id=2468, stack(0x00000006fbe00000,0x00000006fbf00000)]
  0x0000013322fed000 JavaThread "Daemon periodic checks" [_thread_blocked, id=12532, stack(0x00000006fc400000,0x00000006fc500000)]
  0x000001332443f800 JavaThread "Daemon" [_thread_blocked, id=13252, stack(0x00000006fc600000,0x00000006fc700000)]
  0x00000133245e8800 JavaThread "Handler for socket connection from /127.0.0.1:57996 to /127.0.0.1:57997" [_thread_in_native, id=9328, stack(0x00000006fc700000,0x00000006fc800000)]
  0x0000013323db8800 JavaThread "Cancel handler" [_thread_blocked, id=14452, stack(0x00000006fc800000,0x00000006fc900000)]
  0x0000013323824000 JavaThread "Daemon worker" [_thread_in_vm, id=3144, stack(0x00000006fc900000,0x00000006fca00000)]
=>0x0000013322d64800 JavaThread "C2 CompilerThread1" daemon [_thread_in_native, id=3360, stack(0x00000006fca00000,0x00000006fcb00000)]
  0x0000013324c16800 JavaThread "Asynchronous log dispatcher for DefaultDaemonConnection: socket connection from /127.0.0.1:57996 to /127.0.0.1:57997" [_thread_blocked, id=12676, stack(0x00000006fcb00000,0x00000006fcc00000)]
  0x000001332428c800 JavaThread "Stdin handler" [_thread_blocked, id=13076, stack(0x00000006fcc00000,0x00000006fcd00000)]
  0x0000013324630800 JavaThread "Daemon client event forwarder" [_thread_blocked, id=14192, stack(0x00000006fcd00000,0x00000006fce00000)]
  0x0000013324632800 JavaThread "Cache worker for file hash cache (C:\Users\Aslan\.gradle\caches\7.0.2\fileHashes)" [_thread_blocked, id=11780, stack(0x00000006fce00000,0x00000006fcf00000)]
  0x000001332462f800 JavaThread "File lock request listener" [_thread_in_native, id=11776, stack(0x00000006fcf00000,0x00000006fd000000)]
  0x000001332462e000 JavaThread "Cache worker for journal cache (C:\Users\Aslan\.gradle\caches\journal-1)" [_thread_blocked, id=14188, stack(0x00000006fd300000,0x00000006fd400000)]
  0x0000013324631000 JavaThread "Cache worker for file hash cache (C:\Users\Aslan\AndroidStudioProjects\TvShowApp\.gradle\7.0.2\fileHashes)" [_thread_blocked, id=12204, stack(0x00000006fd400000,0x00000006fd500000)]
  0x0000013324632000 JavaThread "File watcher server" daemon [_thread_in_native, id=11544, stack(0x00000006fd500000,0x00000006fd600000)]
  0x000001332462d000 JavaThread "File watcher consumer" daemon [_thread_blocked, id=13892, stack(0x00000006fd600000,0x00000006fd700000)]
  0x000001332462e800 JavaThread "jar transforms" [_thread_blocked, id=10912, stack(0x00000006fd700000,0x00000006fd800000)]
  0x0000013324633800 JavaThread "jar transforms Thread 2" [_thread_blocked, id=11212, stack(0x00000006fd800000,0x00000006fd900000)]
  0x000001332577c800 JavaThread "jar transforms Thread 3" [_thread_blocked, id=10560, stack(0x00000006fd900000,0x00000006fda00000)]
  0x0000013325782000 JavaThread "jar transforms Thread 4" [_thread_blocked, id=14376, stack(0x00000006fda00000,0x00000006fdb00000)]
  0x0000013325783000 JavaThread "jar transforms Thread 5" [_thread_blocked, id=15240, stack(0x00000006fdb00000,0x00000006fdc00000)]
  0x000001332577e800 JavaThread "jar transforms Thread 6" [_thread_blocked, id=12292, stack(0x00000006fdc00000,0x00000006fdd00000)]
  0x0000013325780800 JavaThread "jar transforms Thread 7" [_thread_blocked, id=5276, stack(0x00000006fdd00000,0x00000006fde00000)]
  0x0000013325781000 JavaThread "jar transforms Thread 8" [_thread_blocked, id=11804, stack(0x00000006fde00000,0x00000006fdf00000)]
  0x0000013325798800 JavaThread "C2 CompilerThread2" daemon [_thread_in_native, id=13876, stack(0x00000006fdf00000,0x00000006fe000000)]
  0x000001332577e000 JavaThread "Cache worker for checksums cache (C:\Users\Aslan\AndroidStudioProjects\TvShowApp\.gradle\checksums)" [_thread_blocked, id=15064, stack(0x00000006fe000000,0x00000006fe100000)]
  0x000001332577f800 JavaThread "Cache worker for cache directory md-supplier (C:\Users\Aslan\.gradle\caches\7.0.2\md-supplier)" [_thread_blocked, id=13700, stack(0x00000006fe100000,0x00000006fe200000)]
  0x000001332577d000 JavaThread "Cache worker for cache directory md-rule (C:\Users\Aslan\.gradle\caches\7.0.2\md-rule)" [_thread_blocked, id=10772, stack(0x00000006fe200000,0x00000006fe300000)]
  0x0000013325787800 JavaThread "Cache worker for execution history cache (C:\Users\Aslan\.gradle\caches\7.0.2\executionHistory)" [_thread_blocked, id=5612, stack(0x00000006fe300000,0x00000006fe400000)]
  0x0000013325785800 JavaThread "Cache worker for file content cache (C:\Users\Aslan\.gradle\caches\7.0.2\fileContent)" [_thread_blocked, id=5344, stack(0x00000006fe400000,0x00000006fe500000)]
  0x0000013325787000 JavaThread "Cache worker for dependencies-accessors (C:\Users\Aslan\AndroidStudioProjects\TvShowApp\.gradle\7.0.2\dependencies-accessors)" [_thread_blocked, id=8152, stack(0x00000006fe500000,0x00000006fe600000)]
  0x0000013325784800 JavaThread "Cache worker for Build Output Cleanup Cache (C:\Users\Aslan\AndroidStudioProjects\TvShowApp\.gradle\buildOutputCleanup)" [_thread_blocked, id=3980, stack(0x00000006fe600000,0x00000006fe700000)]
  0x0000013325789800 JavaThread "Build operations" [_thread_blocked, id=12300, stack(0x00000006fe700000,0x00000006fe800000)]
  0x0000013325783800 JavaThread "Build operations Thread 2" [_thread_blocked, id=3004, stack(0x00000006fe800000,0x00000006fe900000)]
  0x000001332578a000 JavaThread "Build operations Thread 3" [_thread_blocked, id=3344, stack(0x00000006fe900000,0x00000006fea00000)]
  0x000001332578b000 JavaThread "Build operations Thread 4" [_thread_blocked, id=12756, stack(0x00000006fea00000,0x00000006feb00000)]
  0x0000013327556800 JavaThread "Build operations Thread 5" [_thread_blocked, id=8512, stack(0x00000006feb00000,0x00000006fec00000)]
  0x0000013327558800 JavaThread "Build operations Thread 6" [_thread_blocked, id=10600, stack(0x00000006fec00000,0x00000006fed00000)]
  0x0000013327559000 JavaThread "Build operations Thread 7" [_thread_blocked, id=8856, stack(0x00000006fed00000,0x00000006fee00000)]
  0x000001332755a000 JavaThread "Build operations Thread 8" [_thread_blocked, id=14844, stack(0x00000006fee00000,0x00000006fef00000)]
  0x0000013327555000 JavaThread "Memory manager" [_thread_blocked, id=13664, stack(0x00000006ff000000,0x00000006ff100000)]
  0x000001332755b800 JavaThread "pool-3-thread-1" [_thread_blocked, id=7424, stack(0x00000006ff100000,0x00000006ff200000)]

Other Threads:
  0x0000013321e05000 VMThread "VM Thread" [stack: 0x00000006fb300000,0x00000006fb400000] [id=15164]
  0x0000013322047000 WatcherThread [stack: 0x00000006fbd00000,0x00000006fbe00000] [id=14524]
  0x0000013307149800 GCTaskThread "GC Thread#0" [stack: 0x00000006fae00000,0x00000006faf00000] [id=15044]
  0x0000013322b7b000 GCTaskThread "GC Thread#1" [stack: 0x00000006fbf00000,0x00000006fc000000] [id=9252]
  0x0000013322e6a800 GCTaskThread "GC Thread#2" [stack: 0x00000006fc000000,0x00000006fc100000] [id=12908]
  0x0000013322b87800 GCTaskThread "GC Thread#3" [stack: 0x00000006fc100000,0x00000006fc200000] [id=15228]
  0x0000013322b88800 GCTaskThread "GC Thread#4" [stack: 0x00000006fc200000,0x00000006fc300000] [id=9472]
  0x0000013322c82800 GCTaskThread "GC Thread#5" [stack: 0x00000006fc300000,0x00000006fc400000] [id=12640]
  0x000001332428b800 GCTaskThread "GC Thread#6" [stack: 0x00000006fd000000,0x00000006fd100000] [id=15260]
  0x00000133225d0800 GCTaskThread "GC Thread#7" [stack: 0x00000006fd100000,0x00000006fd200000] [id=10244]
  0x0000013307180000 ConcurrentGCThread "G1 Main Marker" [stack: 0x00000006faf00000,0x00000006fb000000] [id=1848]
  0x0000013307181000 ConcurrentGCThread "G1 Conc#0" [stack: 0x00000006fb000000,0x00000006fb100000] [id=14268]
  0x0000013324684000 ConcurrentGCThread "G1 Conc#1" [stack: 0x00000006fd200000,0x00000006fd300000] [id=13672]
  0x000001332146e800 ConcurrentGCThread "G1 Refine#0" [stack: 0x00000006fb100000,0x00000006fb200000] [id=3388]
  0x000001332919d000 ConcurrentGCThread "G1 Refine#1" [stack: 0x00000006fef00000,0x00000006ff000000] [id=12940]
  0x000001332146f800 ConcurrentGCThread "G1 Young RemSet Sampling" [stack: 0x00000006fb200000,0x00000006fb300000] [id=14332]

Threads with active compile tasks:
C2 CompilerThread0   8436 10384       4       org.gradle.internal.instantiation.generator.DependencyInjectingInstantiator::newInstance (8 bytes)
C2 CompilerThread1   8436 10377   !   4       org.gradle.internal.instantiation.generator.AsmBackedClassGenerator$InvokeConstructorStrategy::newInstance (66 bytes)
C2 CompilerThread2   8436 10375   !   4       org.gradle.internal.instantiation.generator.DependencyInjectingInstantiator::doCreate (64 bytes)

VM state:not at safepoint (normal execution)

VM Mutex/Monitor currently owned by a thread: None

Heap address: 0x0000000080000000, size: 2048 MB, Compressed Oops mode: 32-bit
Narrow klass base: 0x0000000000000000, Narrow klass shift: 3
Compressed class space size: 1073741824 Address: 0x0000000100000000

Heap:
 garbage-first heap   total 260096K, used 192560K [0x0000000080000000, 0x0000000100000000)
  region size 1024K, 99 young (101376K), 8 survivors (8192K)
 Metaspace       used 95317K, capacity 97909K, committed 98040K, reserved 1134592K
  class space    used 12177K, capacity 13144K, committed 13184K, reserved 1048576K
Heap Regions: E=young(eden), S=young(survivor), O=old, HS=humongous(starts), HC=humongous(continues), CS=collection set, F=free, A=archive, TAMS=top-at-mark-start (previous, next)
|   0|0x0000000080000000, 0x0000000080100000, 0x0000000080100000|100%| O|  |TAMS 0x0000000080100000, 0x0000000080000000| Untracked 
|   1|0x0000000080100000, 0x0000000080200000, 0x0000000080200000|100%| O|  |TAMS 0x0000000080200000, 0x0000000080100000| Untracked 
|   2|0x0000000080200000, 0x0000000080300000, 0x0000000080300000|100%| O|  |TAMS 0x0000000080300000, 0x0000000080200000| Untracked 
|   3|0x0000000080300000, 0x0000000080400000, 0x0000000080400000|100%|HS|  |TAMS 0x0000000080400000, 0x0000000080300000| Complete 
|   4|0x0000000080400000, 0x0000000080500000, 0x0000000080500000|100%|HC|  |TAMS 0x0000000080500000, 0x0000000080400000| Complete 
|   5|0x0000000080500000, 0x0000000080600000, 0x0000000080600000|100%|HC|  |TAMS 0x0000000080600000, 0x0000000080500000| Complete 
|   6|0x0000000080600000, 0x0000000080700000, 0x0000000080700000|100%| O|  |TAMS 0x0000000080700000, 0x0000000080600000| Untracked 
|   7|0x0000000080700000, 0x0000000080800000, 0x0000000080800000|100%| O|  |TAMS 0x0000000080800000, 0x0000000080700000| Untracked 
|   8|0x0000000080800000, 0x0000000080900000, 0x0000000080900000|100%| O|  |TAMS 0x0000000080900000, 0x0000000080800000| Untracked 
|   9|0x0000000080900000, 0x0000000080a00000, 0x0000000080a00000|100%| O|  |TAMS 0x0000000080a00000, 0x0000000080900000| Untracked 
|  10|0x0000000080a00000, 0x0000000080b00000, 0x0000000080b00000|100%| O|  |TAMS 0x0000000080b00000, 0x0000000080a00000| Untracked 
|  11|0x0000000080b00000, 0x0000000080c00000, 0x0000000080c00000|100%| O|  |TAMS 0x0000000080c00000, 0x0000000080b00000| Untracked 
|  12|0x0000000080c00000, 0x0000000080d00000, 0x0000000080d00000|100%| O|  |TAMS 0x0000000080d00000, 0x0000000080c00000| Untracked 
|  13|0x0000000080d00000, 0x0000000080e00000, 0x0000000080e00000|100%| O|  |TAMS 0x0000000080e00000, 0x0000000080d00000| Untracked 
|  14|0x0000000080e00000, 0x0000000080f00000, 0x0000000080f00000|100%| O|  |TAMS 0x0000000080f00000, 0x0000000080e00000| Untracked 
|  15|0x0000000080f00000, 0x0000000081000000, 0x0000000081000000|100%| O|  |TAMS 0x0000000081000000, 0x0000000080f00000| Untracked 
|  16|0x0000000081000000, 0x0000000081100000, 0x0000000081100000|100%| O|  |TAMS 0x0000000081100000, 0x0000000081000000| Untracked 
|  17|0x0000000081100000, 0x0000000081200000, 0x0000000081200000|100%|HS|  |TAMS 0x0000000081200000, 0x0000000081100000| Complete 
|  18|0x0000000081200000, 0x0000000081300000, 0x0000000081300000|100%|HC|  |TAMS 0x0000000081300000, 0x0000000081200000| Complete 
|  19|0x0000000081300000, 0x0000000081400000, 0x0000000081400000|100%|HS|  |TAMS 0x0000000081400000, 0x0000000081300000| Complete 
|  20|0x0000000081400000, 0x0000000081500000, 0x0000000081500000|100%|HC|  |TAMS 0x0000000081500000, 0x0000000081400000| Complete 
|  21|0x0000000081500000, 0x0000000081600000, 0x0000000081600000|100%|HC|  |TAMS 0x0000000081600000, 0x0000000081500000| Complete 
|  22|0x0000000081600000, 0x0000000081700000, 0x0000000081700000|100%|HS|  |TAMS 0x0000000081700000, 0x0000000081600000| Complete 
|  23|0x0000000081700000, 0x0000000081800000, 0x0000000081800000|100%|HC|  |TAMS 0x0000000081800000, 0x0000000081700000| Complete 
|  24|0x0000000081800000, 0x0000000081900000, 0x0000000081900000|100%|HC|  |TAMS 0x0000000081900000, 0x0000000081800000| Complete 
|  25|0x0000000081900000, 0x0000000081a00000, 0x0000000081a00000|100%|HC|  |TAMS 0x0000000081a00000, 0x0000000081900000| Complete 
|  26|0x0000000081a00000, 0x0000000081b00000, 0x0000000081b00000|100%|HC|  |TAMS 0x0000000081b00000, 0x0000000081a00000| Complete 
|  27|0x0000000081b00000, 0x0000000081c00000, 0x0000000081c00000|100%|HS|  |TAMS 0x0000000081c00000, 0x0000000081b00000| Complete 
|  28|0x0000000081c00000, 0x0000000081d00000, 0x0000000081d00000|100%|HS|  |TAMS 0x0000000081d00000, 0x0000000081c00000| Complete 
|  29|0x0000000081d00000, 0x0000000081e00000, 0x0000000081e00000|100%|HS|  |TAMS 0x0000000081e00000, 0x0000000081d00000| Complete 
|  30|0x0000000081e00000, 0x0000000081f00000, 0x0000000081f00000|100%|HS|  |TAMS 0x0000000081f00000, 0x0000000081e00000| Complete 
|  31|0x0000000081f00000, 0x0000000082000000, 0x0000000082000000|100%|HC|  |TAMS 0x0000000082000000, 0x0000000081f00000| Complete 
|  32|0x0000000082000000, 0x0000000082100000, 0x0000000082100000|100%|HC|  |TAMS 0x0000000082100000, 0x0000000082000000| Complete 
|  33|0x0000000082100000, 0x0000000082200000, 0x0000000082200000|100%|HC|  |TAMS 0x0000000082200000, 0x0000000082100000| Complete 
|  34|0x0000000082200000, 0x0000000082300000, 0x0000000082300000|100%|HC|  |TAMS 0x0000000082300000, 0x0000000082200000| Complete 
|  35|0x0000000082300000, 0x0000000082400000, 0x0000000082400000|100%|HS|  |TAMS 0x0000000082400000, 0x0000000082300000| Complete 
|  36|0x0000000082400000, 0x0000000082500000, 0x0000000082500000|100%|HC|  |TAMS 0x0000000082500000, 0x0000000082400000| Complete 
|  37|0x0000000082500000, 0x0000000082600000, 0x0000000082600000|100%|HC|  |TAMS 0x0000000082600000, 0x0000000082500000| Complete 
|  38|0x0000000082600000, 0x0000000082700000, 0x0000000082700000|100%| O|  |TAMS 0x0000000082700000, 0x0000000082600000| Untracked 
|  39|0x0000000082700000, 0x0000000082800000, 0x0000000082800000|100%| O|  |TAMS 0x0000000082800000, 0x0000000082700000| Untracked 
|  40|0x0000000082800000, 0x0000000082900000, 0x0000000082900000|100%|HS|  |TAMS 0x0000000082900000, 0x0000000082800000| Complete 
|  41|0x0000000082900000, 0x0000000082a00000, 0x0000000082a00000|100%|HC|  |TAMS 0x0000000082a00000, 0x0000000082900000| Complete 
|  42|0x0000000082a00000, 0x0000000082b00000, 0x0000000082b00000|100%|HC|  |TAMS 0x0000000082b00000, 0x0000000082a00000| Complete 
|  43|0x0000000082b00000, 0x0000000082c00000, 0x0000000082c00000|100%|HS|  |TAMS 0x0000000082c00000, 0x0000000082b00000| Complete 
|  44|0x0000000082c00000, 0x0000000082d00000, 0x0000000082d00000|100%|HC|  |TAMS 0x0000000082d00000, 0x0000000082c00000| Complete 
|  45|0x0000000082d00000, 0x0000000082e00000, 0x0000000082e00000|100%| O|  |TAMS 0x0000000082e00000, 0x0000000082d00000| Untracked 
|  46|0x0000000082e00000, 0x0000000082f00000, 0x0000000082f00000|100%| O|  |TAMS 0x0000000082f00000, 0x0000000082e00000| Untracked 
|  47|0x0000000082f00000, 0x0000000083000000, 0x0000000083000000|100%| O|  |TAMS 0x0000000083000000, 0x0000000082f00000| Untracked 
|  48|0x0000000083000000, 0x0000000083100000, 0x0000000083100000|100%| O|  |TAMS 0x0000000083100000, 0x0000000083000000| Untracked 
|  49|0x0000000083100000, 0x0000000083200000, 0x0000000083200000|100%| O|  |TAMS 0x0000000083200000, 0x0000000083100000| Untracked 
|  50|0x0000000083200000, 0x0000000083300000, 0x0000000083300000|100%| O|  |TAMS 0x0000000083300000, 0x0000000083200000| Untracked 
|  51|0x0000000083300000, 0x0000000083400000, 0x0000000083400000|100%| O|  |TAMS 0x0000000083400000, 0x0000000083300000| Untracked 
|  52|0x0000000083400000, 0x0000000083500000, 0x0000000083500000|100%| O|  |TAMS 0x0000000083500000, 0x0000000083400000| Untracked 
|  53|0x0000000083500000, 0x0000000083600000, 0x0000000083600000|100%| O|  |TAMS 0x0000000083500000, 0x0000000083500000| Untracked 
|  54|0x0000000083600000, 0x0000000083700000, 0x0000000083700000|100%| O|  |TAMS 0x0000000083700000, 0x0000000083600000| Untracked 
|  55|0x0000000083700000, 0x0000000083800000, 0x0000000083800000|100%| O|  |TAMS 0x0000000083800000, 0x0000000083700000| Untracked 
|  56|0x0000000083800000, 0x0000000083900000, 0x0000000083900000|100%| O|  |TAMS 0x0000000083900000, 0x0000000083800000| Untracked 
|  57|0x0000000083900000, 0x0000000083a00000, 0x0000000083a00000|100%| O|  |TAMS 0x0000000083a00000, 0x0000000083900000| Untracked 
|  58|0x0000000083a00000, 0x0000000083b00000, 0x0000000083b00000|100%| O|  |TAMS 0x0000000083b00000, 0x0000000083a00000| Untracked 
|  59|0x0000000083b00000, 0x0000000083c00000, 0x0000000083c00000|100%| O|  |TAMS 0x0000000083c00000, 0x0000000083b00000| Untracked 
|  60|0x0000000083c00000, 0x0000000083d00000, 0x0000000083d00000|100%| O|  |TAMS 0x0000000083d00000, 0x0000000083c00000| Untracked 
|  61|0x0000000083d00000, 0x0000000083e00000, 0x0000000083e00000|100%| O|  |TAMS 0x0000000083e00000, 0x0000000083d00000| Untracked 
|  62|0x0000000083e00000, 0x0000000083f00000, 0x0000000083f00000|100%| O|  |TAMS 0x0000000083f00000, 0x0000000083e00000| Untracked 
|  63|0x0000000083f00000, 0x0000000084000000, 0x0000000084000000|100%| O|  |TAMS 0x0000000084000000, 0x0000000083f00000| Untracked 
|  64|0x0000000084000000, 0x0000000084100000, 0x0000000084100000|100%| O|  |TAMS 0x0000000084100000, 0x0000000084000000| Untracked 
|  65|0x0000000084100000, 0x0000000084200000, 0x0000000084200000|100%| O|  |TAMS 0x0000000084200000, 0x0000000084100000| Untracked 
|  66|0x0000000084200000, 0x0000000084300000, 0x0000000084300000|100%| O|  |TAMS 0x0000000084300000, 0x0000000084200000| Untracked 
|  67|0x0000000084300000, 0x0000000084400000, 0x0000000084400000|100%| O|  |TAMS 0x0000000084400000, 0x0000000084300000| Untracked 
|  68|0x0000000084400000, 0x0000000084500000, 0x0000000084500000|100%| O|  |TAMS 0x0000000084500000, 0x0000000084400000| Untracked 
|  69|0x0000000084500000, 0x0000000084600000, 0x0000000084600000|100%| O|  |TAMS 0x0000000084600000, 0x0000000084500000| Untracked 
|  70|0x0000000084600000, 0x0000000084700000, 0x0000000084700000|100%| O|  |TAMS 0x0000000084700000, 0x0000000084600000| Untracked 
|  71|0x0000000084700000, 0x0000000084800000, 0x0000000084800000|100%| O|  |TAMS 0x0000000084762400, 0x0000000084700000| Untracked 
|  72|0x0000000084800000, 0x0000000084900000, 0x0000000084900000|100%| O|  |TAMS 0x0000000084800000, 0x0000000084800000| Untracked 
|  73|0x0000000084900000, 0x0000000084a00000, 0x0000000084a00000|100%| O|  |TAMS 0x0000000084900000, 0x0000000084900000| Untracked 
|  74|0x0000000084a00000, 0x0000000084b00000, 0x0000000084b00000|100%| O|  |TAMS 0x0000000084a00000, 0x0000000084a00000| Untracked 
|  75|0x0000000084b00000, 0x0000000084c00000, 0x0000000084c00000|100%| O|  |TAMS 0x0000000084b00000, 0x0000000084b00000| Untracked 
|  76|0x0000000084c00000, 0x0000000084d00000, 0x0000000084d00000|100%| O|  |TAMS 0x0000000084c00000, 0x0000000084c00000| Untracked 
|  77|0x0000000084d00000, 0x0000000084e00000, 0x0000000084e00000|100%| O|  |TAMS 0x0000000084d00000, 0x0000000084d00000| Untracked 
|  78|0x0000000084e00000, 0x0000000084e00000, 0x0000000084f00000|  0%| F|  |TAMS 0x0000000084e00000, 0x0000000084e00000| Untracked 
|  79|0x0000000084f00000, 0x0000000085000000, 0x0000000085000000|100%| O|  |TAMS 0x0000000084f00000, 0x0000000084f00000| Untracked 
|  80|0x0000000085000000, 0x0000000085100000, 0x0000000085100000|100%| O|  |TAMS 0x0000000085000000, 0x0000000085000000| Untracked 
|  81|0x0000000085100000, 0x0000000085200000, 0x0000000085200000|100%| O|  |TAMS 0x0000000085100000, 0x0000000085100000| Untracked 
|  82|0x0000000085200000, 0x0000000085300000, 0x0000000085300000|100%| O|  |TAMS 0x0000000085200000, 0x0000000085200000| Untracked 
|  83|0x0000000085300000, 0x0000000085400000, 0x0000000085400000|100%| O|  |TAMS 0x0000000085300000, 0x0000000085300000| Untracked 
|  84|0x0000000085400000, 0x0000000085500000, 0x0000000085500000|100%| O|  |TAMS 0x0000000085400000, 0x0000000085400000| Untracked 
|  85|0x0000000085500000, 0x0000000085600000, 0x0000000085600000|100%| O|  |TAMS 0x0000000085500000, 0x0000000085500000| Untracked 
|  86|0x0000000085600000, 0x0000000085700000, 0x0000000085700000|100%| O|  |TAMS 0x0000000085600000, 0x0000000085600000| Untracked 
|  87|0x0000000085700000, 0x0000000085800000, 0x0000000085800000|100%| O|  |TAMS 0x0000000085700000, 0x0000000085700000| Untracked 
|  88|0x0000000085800000, 0x0000000085900000, 0x0000000085900000|100%| O|  |TAMS 0x0000000085800000, 0x0000000085800000| Untracked 
|  89|0x0000000085900000, 0x0000000085a00000, 0x0000000085a00000|100%| O|  |TAMS 0x0000000085900000, 0x0000000085900000| Untracked 
|  90|0x0000000085a00000, 0x0000000085b00000, 0x0000000085b00000|100%| O|  |TAMS 0x0000000085a00000, 0x0000000085a00000| Untracked 
|  91|0x0000000085b00000, 0x0000000085c00000, 0x0000000085c00000|100%| O|  |TAMS 0x0000000085b00000, 0x0000000085b00000| Untracked 
|  92|0x0000000085c00000, 0x0000000085cfc200, 0x0000000085d00000| 98%| O|  |TAMS 0x0000000085c00000, 0x0000000085c00000| Untracked 
|  93|0x0000000085d00000, 0x0000000085d00000, 0x0000000085e00000|  0%| F|  |TAMS 0x0000000085d00000, 0x0000000085d00000| Untracked 
|  94|0x0000000085e00000, 0x0000000085e00000, 0x0000000085f00000|  0%| F|  |TAMS 0x0000000085e00000, 0x0000000085e00000| Untracked 
|  95|0x0000000085f00000, 0x0000000085f00000, 0x0000000086000000|  0%| F|  |TAMS 0x0000000085f00000, 0x0000000085f00000| Untracked 
|  96|0x0000000086000000, 0x0000000086000000, 0x0000000086100000|  0%| F|  |TAMS 0x0000000086000000, 0x0000000086000000| Untracked 
|  97|0x0000000086100000, 0x0000000086100000, 0x0000000086200000|  0%| F|  |TAMS 0x0000000086100000, 0x0000000086100000| Untracked 
|  98|0x0000000086200000, 0x0000000086200000, 0x0000000086300000|  0%| F|  |TAMS 0x0000000086200000, 0x0000000086200000| Untracked 
|  99|0x0000000086300000, 0x0000000086300000, 0x0000000086400000|  0%| F|  |TAMS 0x0000000086300000, 0x0000000086300000| Untracked 
| 100|0x0000000086400000, 0x0000000086400000, 0x0000000086500000|  0%| F|  |TAMS 0x0000000086400000, 0x0000000086400000| Untracked 
| 101|0x0000000086500000, 0x0000000086500000, 0x0000000086600000|  0%| F|  |TAMS 0x0000000086500000, 0x0000000086500000| Untracked 
| 102|0x0000000086600000, 0x0000000086600000, 0x0000000086700000|  0%| F|  |TAMS 0x0000000086600000, 0x0000000086600000| Untracked 
| 103|0x0000000086700000, 0x0000000086700000, 0x0000000086800000|  0%| F|  |TAMS 0x0000000086700000, 0x0000000086700000| Untracked 
| 104|0x0000000086800000, 0x0000000086800000, 0x0000000086900000|  0%| F|  |TAMS 0x0000000086800000, 0x0000000086800000| Untracked 
| 105|0x0000000086900000, 0x0000000086900000, 0x0000000086a00000|  0%| F|  |TAMS 0x0000000086900000, 0x0000000086900000| Untracked 
| 106|0x0000000086a00000, 0x0000000086a00000, 0x0000000086b00000|  0%| F|  |TAMS 0x0000000086a00000, 0x0000000086a00000| Untracked 
| 107|0x0000000086b00000, 0x0000000086b00000, 0x0000000086c00000|  0%| F|  |TAMS 0x0000000086b00000, 0x0000000086b00000| Untracked 
| 108|0x0000000086c00000, 0x0000000086c00000, 0x0000000086d00000|  0%| F|  |TAMS 0x0000000086c00000, 0x0000000086c00000| Untracked 
| 109|0x0000000086d00000, 0x0000000086d00000, 0x0000000086e00000|  0%| F|  |TAMS 0x0000000086d00000, 0x0000000086d00000| Untracked 
| 110|0x0000000086e00000, 0x0000000086e00000, 0x0000000086f00000|  0%| F|  |TAMS 0x0000000086e00000, 0x0000000086e00000| Untracked 
| 111|0x0000000086f00000, 0x0000000086f00000, 0x0000000087000000|  0%| F|  |TAMS 0x0000000086f00000, 0x0000000086f00000| Untracked 
| 112|0x0000000087000000, 0x0000000087000000, 0x0000000087100000|  0%| F|  |TAMS 0x0000000087000000, 0x0000000087000000| Untracked 
| 113|0x0000000087100000, 0x0000000087100000, 0x0000000087200000|  0%| F|  |TAMS 0x0000000087100000, 0x0000000087100000| Untracked 
| 114|0x0000000087200000, 0x0000000087200000, 0x0000000087300000|  0%| F|  |TAMS 0x0000000087200000, 0x0000000087200000| Untracked 
| 115|0x0000000087300000, 0x0000000087300000, 0x0000000087400000|  0%| F|  |TAMS 0x0000000087300000, 0x0000000087300000| Untracked 
| 116|0x0000000087400000, 0x0000000087400000, 0x0000000087500000|  0%| F|  |TAMS 0x0000000087400000, 0x0000000087400000| Untracked 
| 117|0x0000000087500000, 0x0000000087500000, 0x0000000087600000|  0%| F|  |TAMS 0x0000000087500000, 0x0000000087500000| Untracked 
| 118|0x0000000087600000, 0x0000000087600000, 0x0000000087700000|  0%| F|  |TAMS 0x0000000087600000, 0x0000000087600000| Untracked 
| 119|0x0000000087700000, 0x0000000087700000, 0x0000000087800000|  0%| F|  |TAMS 0x0000000087700000, 0x0000000087700000| Untracked 
| 120|0x0000000087800000, 0x0000000087800000, 0x0000000087900000|  0%| F|  |TAMS 0x0000000087800000, 0x0000000087800000| Untracked 
| 121|0x0000000087900000, 0x0000000087900000, 0x0000000087a00000|  0%| F|  |TAMS 0x0000000087900000, 0x0000000087900000| Untracked 
| 122|0x0000000087a00000, 0x0000000087a00000, 0x0000000087b00000|  0%| F|  |TAMS 0x0000000087a00000, 0x0000000087a00000| Untracked 
| 123|0x0000000087b00000, 0x0000000087b00000, 0x0000000087c00000|  0%| F|  |TAMS 0x0000000087b00000, 0x0000000087b00000| Untracked 
| 124|0x0000000087c00000, 0x0000000087c00000, 0x0000000087d00000|  0%| F|  |TAMS 0x0000000087c00000, 0x0000000087c00000| Untracked 
| 125|0x0000000087d00000, 0x0000000087d00000, 0x0000000087e00000|  0%| F|  |TAMS 0x0000000087d00000, 0x0000000087d00000| Untracked 
| 126|0x0000000087e00000, 0x0000000087e00000, 0x0000000087f00000|  0%| F|  |TAMS 0x0000000087e00000, 0x0000000087e00000| Untracked 
| 127|0x0000000087f00000, 0x0000000087f00000, 0x0000000088000000|  0%| F|  |TAMS 0x0000000087f00000, 0x0000000087f00000| Untracked 
| 128|0x0000000088000000, 0x0000000088000000, 0x0000000088100000|  0%| F|  |TAMS 0x0000000088000000, 0x0000000088000000| Untracked 
| 129|0x0000000088100000, 0x0000000088100000, 0x0000000088200000|  0%| F|  |TAMS 0x0000000088100000, 0x0000000088100000| Untracked 
| 130|0x0000000088200000, 0x0000000088200000, 0x0000000088300000|  0%| F|  |TAMS 0x0000000088200000, 0x0000000088200000| Untracked 
| 131|0x0000000088300000, 0x0000000088300000, 0x0000000088400000|  0%| F|  |TAMS 0x0000000088300000, 0x0000000088300000| Untracked 
| 132|0x0000000088400000, 0x0000000088400000, 0x0000000088500000|  0%| F|  |TAMS 0x0000000088400000, 0x0000000088400000| Untracked 
| 133|0x0000000088500000, 0x0000000088500000, 0x0000000088600000|  0%| F|  |TAMS 0x0000000088500000, 0x0000000088500000| Untracked 
| 134|0x0000000088600000, 0x0000000088600000, 0x0000000088700000|  0%| F|  |TAMS 0x0000000088600000, 0x0000000088600000| Untracked 
| 135|0x0000000088700000, 0x0000000088700000, 0x0000000088800000|  0%| F|  |TAMS 0x0000000088700000, 0x0000000088700000| Untracked 
| 136|0x0000000088800000, 0x0000000088800000, 0x0000000088900000|  0%| F|  |TAMS 0x0000000088800000, 0x0000000088800000| Untracked 
| 137|0x0000000088900000, 0x0000000088900000, 0x0000000088a00000|  0%| F|  |TAMS 0x0000000088900000, 0x0000000088900000| Untracked 
| 138|0x0000000088a00000, 0x0000000088a00000, 0x0000000088b00000|  0%| F|  |TAMS 0x0000000088a00000, 0x0000000088a00000| Untracked 
| 139|0x0000000088b00000, 0x0000000088b00000, 0x0000000088c00000|  0%| F|  |TAMS 0x0000000088b00000, 0x0000000088b00000| Untracked 
| 140|0x0000000088c00000, 0x0000000088c00000, 0x0000000088d00000|  0%| F|  |TAMS 0x0000000088c00000, 0x0000000088c00000| Untracked 
| 141|0x0000000088d00000, 0x0000000088d10010, 0x0000000088e00000|  6%| S|CS|TAMS 0x0000000088d00000, 0x0000000088d00000| Complete 
| 142|0x0000000088e00000, 0x0000000088f00000, 0x0000000088f00000|100%| S|CS|TAMS 0x0000000088e00000, 0x0000000088e00000| Complete 
| 143|0x0000000088f00000, 0x0000000089000000, 0x0000000089000000|100%| S|CS|TAMS 0x0000000088f00000, 0x0000000088f00000| Complete 
| 144|0x0000000089000000, 0x0000000089100000, 0x0000000089100000|100%| S|CS|TAMS 0x0000000089000000, 0x0000000089000000| Complete 
| 145|0x0000000089100000, 0x0000000089200000, 0x0000000089200000|100%| S|CS|TAMS 0x0000000089100000, 0x0000000089100000| Complete 
| 146|0x0000000089200000, 0x0000000089300000, 0x0000000089300000|100%| S|CS|TAMS 0x0000000089200000, 0x0000000089200000| Complete 
| 147|0x0000000089300000, 0x0000000089400000, 0x0000000089400000|100%| S|CS|TAMS 0x0000000089300000, 0x0000000089300000| Complete 
| 148|0x0000000089400000, 0x0000000089500000, 0x0000000089500000|100%| S|CS|TAMS 0x0000000089400000, 0x0000000089400000| Complete 
| 149|0x0000000089500000, 0x0000000089500000, 0x0000000089600000|  0%| F|  |TAMS 0x0000000089500000, 0x0000000089500000| Untracked 
| 150|0x0000000089600000, 0x0000000089600000, 0x0000000089700000|  0%| F|  |TAMS 0x0000000089600000, 0x0000000089600000| Untracked 
| 151|0x0000000089700000, 0x0000000089700000, 0x0000000089800000|  0%| F|  |TAMS 0x0000000089700000, 0x0000000089700000| Untracked 
| 152|0x0000000089800000, 0x0000000089800000, 0x0000000089900000|  0%| F|  |TAMS 0x0000000089800000, 0x0000000089800000| Untracked 
| 153|0x0000000089900000, 0x0000000089900000, 0x0000000089a00000|  0%| F|  |TAMS 0x0000000089900000, 0x0000000089900000| Untracked 
| 154|0x0000000089a00000, 0x0000000089a00000, 0x0000000089b00000|  0%| F|  |TAMS 0x0000000089a00000, 0x0000000089a00000| Untracked 
| 155|0x0000000089b00000, 0x0000000089b00000, 0x0000000089c00000|  0%| F|  |TAMS 0x0000000089b00000, 0x0000000089b00000| Untracked 
| 156|0x0000000089c00000, 0x0000000089c00000, 0x0000000089d00000|  0%| F|  |TAMS 0x0000000089c00000, 0x0000000089c00000| Untracked 
| 157|0x0000000089d00000, 0x0000000089d00000, 0x0000000089e00000|  0%| F|  |TAMS 0x0000000089d00000, 0x0000000089d00000| Untracked 
| 158|0x0000000089e00000, 0x0000000089e00000, 0x0000000089f00000|  0%| F|  |TAMS 0x0000000089e00000, 0x0000000089e00000| Untracked 
| 159|0x0000000089f00000, 0x0000000089f00000, 0x000000008a000000|  0%| F|  |TAMS 0x0000000089f00000, 0x0000000089f00000| Untracked 
| 160|0x000000008a000000, 0x000000008a000000, 0x000000008a100000|  0%| F|  |TAMS 0x000000008a000000, 0x000000008a000000| Untracked 
| 161|0x000000008a100000, 0x000000008a100000, 0x000000008a200000|  0%| F|  |TAMS 0x000000008a100000, 0x000000008a100000| Untracked 
| 162|0x000000008a200000, 0x000000008a284260, 0x000000008a300000| 51%| E|  |TAMS 0x000000008a200000, 0x000000008a200000| Complete 
| 163|0x000000008a300000, 0x000000008a400000, 0x000000008a400000|100%| E|CS|TAMS 0x000000008a300000, 0x000000008a300000| Complete 
| 164|0x000000008a400000, 0x000000008a500000, 0x000000008a500000|100%| E|CS|TAMS 0x000000008a400000, 0x000000008a400000| Complete 
| 165|0x000000008a500000, 0x000000008a600000, 0x000000008a600000|100%| E|CS|TAMS 0x000000008a500000, 0x000000008a500000| Complete 
| 166|0x000000008a600000, 0x000000008a700000, 0x000000008a700000|100%| E|CS|TAMS 0x000000008a600000, 0x000000008a600000| Complete 
| 167|0x000000008a700000, 0x000000008a800000, 0x000000008a800000|100%| E|CS|TAMS 0x000000008a700000, 0x000000008a700000| Complete 
| 168|0x000000008a800000, 0x000000008a900000, 0x000000008a900000|100%| E|CS|TAMS 0x000000008a800000, 0x000000008a800000| Complete 
| 169|0x000000008a900000, 0x000000008aa00000, 0x000000008aa00000|100%| E|CS|TAMS 0x000000008a900000, 0x000000008a900000| Complete 
| 170|0x000000008aa00000, 0x000000008ab00000, 0x000000008ab00000|100%| E|CS|TAMS 0x000000008aa00000, 0x000000008aa00000| Complete 
| 171|0x000000008ab00000, 0x000000008ac00000, 0x000000008ac00000|100%| E|CS|TAMS 0x000000008ab00000, 0x000000008ab00000| Complete 
| 172|0x000000008ac00000, 0x000000008ad00000, 0x000000008ad00000|100%| E|CS|TAMS 0x000000008ac00000, 0x000000008ac00000| Complete 
| 173|0x000000008ad00000, 0x000000008ae00000, 0x000000008ae00000|100%| E|CS|TAMS 0x000000008ad00000, 0x000000008ad00000| Complete 
| 174|0x000000008ae00000, 0x000000008af00000, 0x000000008af00000|100%| E|CS|TAMS 0x000000008ae00000, 0x000000008ae00000| Complete 
| 175|0x000000008af00000, 0x000000008b000000, 0x000000008b000000|100%| E|CS|TAMS 0x000000008af00000, 0x000000008af00000| Complete 
| 176|0x000000008b000000, 0x000000008b100000, 0x000000008b100000|100%| E|CS|TAMS 0x000000008b000000, 0x000000008b000000| Complete 
| 177|0x000000008b100000, 0x000000008b200000, 0x000000008b200000|100%| E|  |TAMS 0x000000008b100000, 0x000000008b100000| Complete 
| 178|0x000000008b200000, 0x000000008b300000, 0x000000008b300000|100%| E|CS|TAMS 0x000000008b200000, 0x000000008b200000| Complete 
| 179|0x000000008b300000, 0x000000008b400000, 0x000000008b400000|100%| E|CS|TAMS 0x000000008b300000, 0x000000008b300000| Complete 
| 180|0x000000008b400000, 0x000000008b500000, 0x000000008b500000|100%| E|CS|TAMS 0x000000008b400000, 0x000000008b400000| Complete 
| 181|0x000000008b500000, 0x000000008b600000, 0x000000008b600000|100%| E|CS|TAMS 0x000000008b500000, 0x000000008b500000| Complete 
| 182|0x000000008b600000, 0x000000008b700000, 0x000000008b700000|100%| E|CS|TAMS 0x000000008b600000, 0x000000008b600000| Complete 
| 183|0x000000008b700000, 0x000000008b800000, 0x000000008b800000|100%| E|CS|TAMS 0x000000008b700000, 0x000000008b700000| Complete 
| 184|0x000000008b800000, 0x000000008b900000, 0x000000008b900000|100%| E|CS|TAMS 0x000000008b800000, 0x000000008b800000| Complete 
| 185|0x000000008b900000, 0x000000008ba00000, 0x000000008ba00000|100%| E|CS|TAMS 0x000000008b900000, 0x000000008b900000| Complete 
| 186|0x000000008ba00000, 0x000000008bb00000, 0x000000008bb00000|100%| E|CS|TAMS 0x000000008ba00000, 0x000000008ba00000| Complete 
| 187|0x000000008bb00000, 0x000000008bc00000, 0x000000008bc00000|100%| E|CS|TAMS 0x000000008bb00000, 0x000000008bb00000| Complete 
| 188|0x000000008bc00000, 0x000000008bd00000, 0x000000008bd00000|100%| E|CS|TAMS 0x000000008bc00000, 0x000000008bc00000| Complete 
| 189|0x000000008bd00000, 0x000000008be00000, 0x000000008be00000|100%| E|CS|TAMS 0x000000008bd00000, 0x000000008bd00000| Complete 
| 190|0x000000008be00000, 0x000000008bf00000, 0x000000008bf00000|100%| E|CS|TAMS 0x000000008be00000, 0x000000008be00000| Complete 
| 191|0x000000008bf00000, 0x000000008c000000, 0x000000008c000000|100%| E|CS|TAMS 0x000000008bf00000, 0x000000008bf00000| Complete 
| 192|0x000000008c000000, 0x000000008c100000, 0x000000008c100000|100%| E|CS|TAMS 0x000000008c000000, 0x000000008c000000| Complete 
| 193|0x000000008c100000, 0x000000008c200000, 0x000000008c200000|100%| E|CS|TAMS 0x000000008c100000, 0x000000008c100000| Complete 
| 194|0x000000008c200000, 0x000000008c300000, 0x000000008c300000|100%| E|CS|TAMS 0x000000008c200000, 0x000000008c200000| Complete 
| 195|0x000000008c300000, 0x000000008c400000, 0x000000008c400000|100%| E|CS|TAMS 0x000000008c300000, 0x000000008c300000| Complete 
| 196|0x000000008c400000, 0x000000008c500000, 0x000000008c500000|100%| E|CS|TAMS 0x000000008c400000, 0x000000008c400000| Complete 
| 197|0x000000008c500000, 0x000000008c600000, 0x000000008c600000|100%| E|CS|TAMS 0x000000008c500000, 0x000000008c500000| Complete 
| 198|0x000000008c600000, 0x000000008c700000, 0x000000008c700000|100%| E|CS|TAMS 0x000000008c600000, 0x000000008c600000| Complete 
| 199|0x000000008c700000, 0x000000008c800000, 0x000000008c800000|100%| E|CS|TAMS 0x000000008c700000, 0x000000008c700000| Complete 
| 200|0x000000008c800000, 0x000000008c900000, 0x000000008c900000|100%| E|CS|TAMS 0x000000008c800000, 0x000000008c800000| Complete 
| 201|0x000000008c900000, 0x000000008ca00000, 0x000000008ca00000|100%| E|CS|TAMS 0x000000008c900000, 0x000000008c900000| Complete 
| 202|0x000000008ca00000, 0x000000008cb00000, 0x000000008cb00000|100%| E|CS|TAMS 0x000000008ca00000, 0x000000008ca00000| Complete 
| 203|0x000000008cb00000, 0x000000008cc00000, 0x000000008cc00000|100%| E|CS|TAMS 0x000000008cb00000, 0x000000008cb00000| Complete 
| 204|0x000000008cc00000, 0x000000008cd00000, 0x000000008cd00000|100%| E|CS|TAMS 0x000000008cc00000, 0x000000008cc00000| Complete 
| 205|0x000000008cd00000, 0x000000008ce00000, 0x000000008ce00000|100%| E|CS|TAMS 0x000000008cd00000, 0x000000008cd00000| Complete 
| 206|0x000000008ce00000, 0x000000008cf00000, 0x000000008cf00000|100%| E|CS|TAMS 0x000000008ce00000, 0x000000008ce00000| Complete 
| 207|0x000000008cf00000, 0x000000008d000000, 0x000000008d000000|100%| E|CS|TAMS 0x000000008cf00000, 0x000000008cf00000| Complete 
| 208|0x000000008d000000, 0x000000008d100000, 0x000000008d100000|100%| E|CS|TAMS 0x000000008d000000, 0x000000008d000000| Complete 
| 209|0x000000008d100000, 0x000000008d200000, 0x000000008d200000|100%| E|CS|TAMS 0x000000008d100000, 0x000000008d100000| Complete 
| 210|0x000000008d200000, 0x000000008d300000, 0x000000008d300000|100%| E|CS|TAMS 0x000000008d200000, 0x000000008d200000| Complete 
| 211|0x000000008d300000, 0x000000008d400000, 0x000000008d400000|100%| E|CS|TAMS 0x000000008d300000, 0x000000008d300000| Complete 
| 212|0x000000008d400000, 0x000000008d500000, 0x000000008d500000|100%| E|CS|TAMS 0x000000008d400000, 0x000000008d400000| Complete 
| 213|0x000000008d500000, 0x000000008d600000, 0x000000008d600000|100%| E|CS|TAMS 0x000000008d500000, 0x000000008d500000| Complete 
| 214|0x000000008d600000, 0x000000008d700000, 0x000000008d700000|100%| E|CS|TAMS 0x000000008d600000, 0x000000008d600000| Complete 
| 215|0x000000008d700000, 0x000000008d800000, 0x000000008d800000|100%| E|CS|TAMS 0x000000008d700000, 0x000000008d700000| Complete 
| 216|0x000000008d800000, 0x000000008d900000, 0x000000008d900000|100%| E|CS|TAMS 0x000000008d800000, 0x000000008d800000| Complete 
| 217|0x000000008d900000, 0x000000008da00000, 0x000000008da00000|100%| E|CS|TAMS 0x000000008d900000, 0x000000008d900000| Complete 
| 218|0x000000008da00000, 0x000000008db00000, 0x000000008db00000|100%| E|CS|TAMS 0x000000008da00000, 0x000000008da00000| Complete 
| 219|0x000000008db00000, 0x000000008dc00000, 0x000000008dc00000|100%| E|CS|TAMS 0x000000008db00000, 0x000000008db00000| Complete 
| 220|0x000000008dc00000, 0x000000008dd00000, 0x000000008dd00000|100%| E|CS|TAMS 0x000000008dc00000, 0x000000008dc00000| Complete 
| 221|0x000000008dd00000, 0x000000008de00000, 0x000000008de00000|100%| E|CS|TAMS 0x000000008dd00000, 0x000000008dd00000| Complete 
| 222|0x000000008de00000, 0x000000008df00000, 0x000000008df00000|100%| E|CS|TAMS 0x000000008de00000, 0x000000008de00000| Complete 
| 223|0x000000008df00000, 0x000000008e000000, 0x000000008e000000|100%| E|CS|TAMS 0x000000008df00000, 0x000000008df00000| Complete 
| 224|0x000000008e000000, 0x000000008e100000, 0x000000008e100000|100%| E|CS|TAMS 0x000000008e000000, 0x000000008e000000| Complete 
| 225|0x000000008e100000, 0x000000008e200000, 0x000000008e200000|100%| E|CS|TAMS 0x000000008e100000, 0x000000008e100000| Complete 
| 226|0x000000008e200000, 0x000000008e300000, 0x000000008e300000|100%| E|CS|TAMS 0x000000008e200000, 0x000000008e200000| Complete 
| 227|0x000000008e300000, 0x000000008e400000, 0x000000008e400000|100%| E|CS|TAMS 0x000000008e300000, 0x000000008e300000| Complete 
| 228|0x000000008e400000, 0x000000008e500000, 0x000000008e500000|100%| E|CS|TAMS 0x000000008e400000, 0x000000008e400000| Complete 
| 229|0x000000008e500000, 0x000000008e600000, 0x000000008e600000|100%| E|CS|TAMS 0x000000008e500000, 0x000000008e500000| Complete 
| 230|0x000000008e600000, 0x000000008e700000, 0x000000008e700000|100%| E|CS|TAMS 0x000000008e600000, 0x000000008e600000| Complete 
| 231|0x000000008e700000, 0x000000008e800000, 0x000000008e800000|100%| E|CS|TAMS 0x000000008e700000, 0x000000008e700000| Complete 
| 232|0x000000008e800000, 0x000000008e900000, 0x000000008e900000|100%| E|CS|TAMS 0x000000008e800000, 0x000000008e800000| Complete 
| 233|0x000000008e900000, 0x000000008ea00000, 0x000000008ea00000|100%| E|CS|TAMS 0x000000008e900000, 0x000000008e900000| Complete 
| 234|0x000000008ea00000, 0x000000008eb00000, 0x000000008eb00000|100%| E|CS|TAMS 0x000000008ea00000, 0x000000008ea00000| Complete 
| 235|0x000000008eb00000, 0x000000008ec00000, 0x000000008ec00000|100%| E|CS|TAMS 0x000000008eb00000, 0x000000008eb00000| Complete 
| 236|0x000000008ec00000, 0x000000008ed00000, 0x000000008ed00000|100%| E|CS|TAMS 0x000000008ec00000, 0x000000008ec00000| Complete 
| 237|0x000000008ed00000, 0x000000008ee00000, 0x000000008ee00000|100%| E|CS|TAMS 0x000000008ed00000, 0x000000008ed00000| Complete 
| 238|0x000000008ee00000, 0x000000008ef00000, 0x000000008ef00000|100%| E|CS|TAMS 0x000000008ee00000, 0x000000008ee00000| Complete 
| 239|0x000000008ef00000, 0x000000008f000000, 0x000000008f000000|100%| E|CS|TAMS 0x000000008ef00000, 0x000000008ef00000| Complete 
| 240|0x000000008f000000, 0x000000008f100000, 0x000000008f100000|100%| E|CS|TAMS 0x000000008f000000, 0x000000008f000000| Complete 
| 241|0x000000008f100000, 0x000000008f200000, 0x000000008f200000|100%| E|CS|TAMS 0x000000008f100000, 0x000000008f100000| Complete 
| 242|0x000000008f200000, 0x000000008f300000, 0x000000008f300000|100%| E|CS|TAMS 0x000000008f200000, 0x000000008f200000| Complete 
| 243|0x000000008f300000, 0x000000008f400000, 0x000000008f400000|100%| E|CS|TAMS 0x000000008f300000, 0x000000008f300000| Complete 
| 244|0x000000008f400000, 0x000000008f500000, 0x000000008f500000|100%| E|CS|TAMS 0x000000008f400000, 0x000000008f400000| Complete 
| 245|0x000000008f500000, 0x000000008f600000, 0x000000008f600000|100%| E|CS|TAMS 0x000000008f500000, 0x000000008f500000| Complete 
| 246|0x000000008f600000, 0x000000008f700000, 0x000000008f700000|100%| E|CS|TAMS 0x000000008f600000, 0x000000008f600000| Complete 
| 247|0x000000008f700000, 0x000000008f800000, 0x000000008f800000|100%| E|CS|TAMS 0x000000008f700000, 0x000000008f700000| Complete 
| 248|0x000000008f800000, 0x000000008f900000, 0x000000008f900000|100%| E|CS|TAMS 0x000000008f800000, 0x000000008f800000| Complete 
| 249|0x000000008f900000, 0x000000008fa00000, 0x000000008fa00000|100%| E|CS|TAMS 0x000000008f900000, 0x000000008f900000| Complete 
| 250|0x000000008fa00000, 0x000000008fb00000, 0x000000008fb00000|100%| E|CS|TAMS 0x000000008fa00000, 0x000000008fa00000| Complete 
| 251|0x000000008fb00000, 0x000000008fc00000, 0x000000008fc00000|100%| E|CS|TAMS 0x000000008fb00000, 0x000000008fb00000| Complete 
| 252|0x000000008fc00000, 0x000000008fd00000, 0x000000008fd00000|100%| E|CS|TAMS 0x000000008fc00000, 0x000000008fc00000| Complete 
| 253|0x000000008fd00000, 0x000000008fe00000, 0x000000008fe00000|100%| E|CS|TAMS 0x000000008fd00000, 0x000000008fd00000| Complete 

Card table byte_map: [0x000001331a360000,0x000001331a760000] _byte_map_base: 0x0000013319f60000

Marking Bits (Prev, Next): (CMBitMap*) 0x0000013307176fb8, (CMBitMap*) 0x0000013307176ff0
 Prev Bits: [0x000001331ab60000, 0x000001331cb60000)
 Next Bits: [0x000001331cb60000, 0x000001331eb60000)

Polling page: 0x0000013304fc0000

Metaspace:

Usage:
  Non-class:     82.90 MB capacity,    81.29 MB ( 98%) used,     1.34 MB (  2%) free+waste,   277.81 KB ( <1%) overhead. 
      Class:     12.84 MB capacity,    11.91 MB ( 93%) used,   816.34 KB (  6%) free+waste,   127.31 KB ( <1%) overhead. 
       Both:     95.74 MB capacity,    93.20 MB ( 97%) used,     2.14 MB (  2%) free+waste,   405.13 KB ( <1%) overhead. 

Virtual space:
  Non-class space:       84.00 MB reserved,      83.12 MB ( 99%) committed 
      Class space:        1.00 GB reserved,      12.88 MB (  1%) committed 
             Both:        1.08 GB reserved,      95.99 MB (  9%) committed 

Chunk freelists:
   Non-Class:  27.00 KB
       Class:  8.00 KB
        Both:  35.00 KB

MaxMetaspaceSize: 17179869184.00 GB
CompressedClassSpaceSize: 1.00 GB

CodeHeap 'non-profiled nmethods': size=120000Kb used=6466Kb max_used=6466Kb free=113533Kb
 bounds [0x00000133126f0000, 0x0000013312d50000, 0x0000013319c20000]
CodeHeap 'profiled nmethods': size=120000Kb used=23540Kb max_used=23540Kb free=96459Kb
 bounds [0x000001330b1c0000, 0x000001330c8c0000, 0x00000133126f0000]
CodeHeap 'non-nmethods': size=5760Kb used=2282Kb max_used=2348Kb free=3477Kb
 bounds [0x000001330ac20000, 0x000001330ae90000, 0x000001330b1c0000]
 total_blobs=11468 nmethods=10583 adapters=796
 compilation: enabled
              stopped_count=0, restarted_count=0
 full_count=0

Compilation events (20 events):
Event: 8.413 Thread 0x0000013321e7b000 10598       3       com.google.common.collect.ImmutableSet$SetBuilderImpl::ensureCapacity (32 bytes)
Event: 8.413 Thread 0x0000013321e7b000 nmethod 10598 0x000001330c8b5a10 code [0x000001330c8b5be0, 0x000001330c8b5e78]
Event: 8.413 Thread 0x0000013321e7b000 10599       3       com.google.common.collect.ImmutableSet$RegularSetBuilderImpl::ensureTableCapacity (62 bytes)
Event: 8.414 Thread 0x0000013321e7b000 nmethod 10599 0x000001330c8b6010 code [0x000001330c8b6220, 0x000001330c8b6598]
Event: 8.414 Thread 0x0000013321e7b000 10601       1       com.android.build.gradle.internal.ide.dependencies.ResolvedArtifact::getVariantName (5 bytes)
Event: 8.414 Thread 0x0000013321e7b000 nmethod 10601 0x0000013312d3fc10 code [0x0000013312d3fdc0, 0x0000013312d3fe78]
Event: 8.414 Thread 0x0000013321e7b000 10602       1       com.android.build.gradle.internal.ide.dependencies.ResolvedArtifact::getExtractedFolder (5 bytes)
Event: 8.414 Thread 0x0000013321e7b000 nmethod 10602 0x0000013312d3ff10 code [0x0000013312d400c0, 0x0000013312d40178]
Event: 8.414 Thread 0x0000013321e7b000 10603       1       com.android.builder.dependency.MavenCoordinatesImpl::hashCode (5 bytes)
Event: 8.414 Thread 0x0000013321e7b000 nmethod 10603 0x0000013312d40210 code [0x0000013312d403c0, 0x0000013312d40478]
Event: 8.414 Thread 0x0000013321e7b000 10605       3       com.google.common.collect.ImmutableList::asImmutableList (60 bytes)
Event: 8.414 Thread 0x0000013321e7b000 nmethod 10605 0x000001330c8b6710 code [0x000001330c8b6980, 0x000001330c8b7358]
Event: 8.414 Thread 0x0000013321e7b000 10604       3       com.google.common.collect.ImmutableList::<init> (5 bytes)
Event: 8.414 Thread 0x0000013321e7b000 nmethod 10604 0x000001330c8b7710 code [0x000001330c8b78e0, 0x000001330c8b7af8]
Event: 8.418 Thread 0x0000013321e7b000 10606       3       org.gradle.internal.service.DefaultServiceRegistry::<init> (9 bytes)
Event: 8.418 Thread 0x0000013321e7b000 nmethod 10606 0x000001330c8b7c10 code [0x000001330c8b7dc0, 0x000001330c8b7f08]
Event: 8.418 Thread 0x0000013321e7b000 10607       3       com.google.common.collect.SingletonImmutableSet::contains (9 bytes)
Event: 8.418 Thread 0x0000013321e7b000 nmethod 10607 0x000001330c8b7f90 code [0x000001330c8b8140, 0x000001330c8b8308]
Event: 8.419 Thread 0x0000013321e7b000 10608       1       org.gradle.api.internal.provider.TransformBackedProvider::getType (2 bytes)
Event: 8.419 Thread 0x0000013321e7b000 nmethod 10608 0x0000013312d40510 code [0x0000013312d406c0, 0x0000013312d40778]

GC Heap History (20 events):
Event: 0.557 GC heap before
{Heap before GC invocations=0 (full 0):
 garbage-first heap   total 260096K, used 29696K [0x0000000080000000, 0x0000000100000000)
  region size 1024K, 24 young (24576K), 0 survivors (0K)
 Metaspace       used 10194K, capacity 10433K, committed 10624K, reserved 1058816K
  class space    used 1064K, capacity 1139K, committed 1152K, reserved 1048576K
}
Event: 0.560 GC heap after
{Heap after GC invocations=1 (full 0):
 garbage-first heap   total 260096K, used 9250K [0x0000000080000000, 0x0000000100000000)
  region size 1024K, 3 young (3072K), 3 survivors (3072K)
 Metaspace       used 10194K, capacity 10433K, committed 10624K, reserved 1058816K
  class space    used 1064K, capacity 1139K, committed 1152K, reserved 1048576K
}
Event: 1.627 GC heap before
{Heap before GC invocations=1 (full 0):
 garbage-first heap   total 260096K, used 105506K [0x0000000080000000, 0x0000000100000000)
  region size 1024K, 98 young (100352K), 3 survivors (3072K)
 Metaspace       used 20554K, capacity 21131K, committed 21248K, reserved 1067008K
  class space    used 2509K, capacity 2733K, committed 2816K, reserved 1048576K
}
Event: 1.633 GC heap after
{Heap after GC invocations=2 (full 0):
 garbage-first heap   total 260096K, used 16791K [0x0000000080000000, 0x0000000100000000)
  region size 1024K, 11 young (11264K), 11 survivors (11264K)
 Metaspace       used 20554K, capacity 21131K, committed 21248K, reserved 1067008K
  class space    used 2509K, capacity 2733K, committed 2816K, reserved 1048576K
}
Event: 1.925 GC heap before
{Heap before GC invocations=3 (full 0):
 garbage-first heap   total 260096K, used 63895K [0x0000000080000000, 0x0000000100000000)
  region size 1024K, 57 young (58368K), 11 survivors (11264K)
 Metaspace       used 25374K, capacity 26048K, committed 26368K, reserved 1073152K
  class space    used 3294K, capacity 3504K, committed 3584K, reserved 1048576K
}
Event: 1.930 GC heap after
{Heap after GC invocations=4 (full 0):
 garbage-first heap   total 260096K, used 18594K [0x0000000080000000, 0x0000000100000000)
  region size 1024K, 3 young (3072K), 3 survivors (3072K)
 Metaspace       used 25374K, capacity 26048K, committed 26368K, reserved 1073152K
  class space    used 3294K, capacity 3504K, committed 3584K, reserved 1048576K
}
Event: 2.591 GC heap before
{Heap before GC invocations=4 (full 0):
 garbage-first heap   total 260096K, used 100514K [0x0000000080000000, 0x0000000100000000)
  region size 1024K, 74 young (75776K), 3 survivors (3072K)
 Metaspace       used 34742K, capacity 35610K, committed 35840K, reserved 1081344K
  class space    used 4529K, capacity 4863K, committed 4864K, reserved 1048576K
}
Event: 2.600 GC heap after
{Heap after GC invocations=5 (full 0):
 garbage-first heap   total 260096K, used 35294K [0x0000000080000000, 0x0000000100000000)
  region size 1024K, 9 young (9216K), 9 survivors (9216K)
 Metaspace       used 34742K, capacity 35610K, committed 35840K, reserved 1081344K
  class space    used 4529K, capacity 4863K, committed 4864K, reserved 1048576K
}
Event: 3.428 GC heap before
{Heap before GC invocations=6 (full 0):
 garbage-first heap   total 260096K, used 163294K [0x0000000080000000, 0x0000000100000000)
  region size 1024K, 123 young (125952K), 9 survivors (9216K)
 Metaspace       used 44432K, capacity 45660K, committed 45772K, reserved 1089536K
  class space    used 5601K, capacity 6049K, committed 6144K, reserved 1048576K
}
Event: 3.442 GC heap after
{Heap after GC invocations=7 (full 0):
 garbage-first heap   total 260096K, used 52925K [0x0000000080000000, 0x0000000100000000)
  region size 1024K, 16 young (16384K), 16 survivors (16384K)
 Metaspace       used 44432K, capacity 45660K, committed 45772K, reserved 1089536K
  class space    used 5601K, capacity 6049K, committed 6144K, reserved 1048576K
}
Event: 4.307 GC heap before
{Heap before GC invocations=8 (full 0):
 garbage-first heap   total 260096K, used 186045K [0x0000000080000000, 0x0000000100000000)
  region size 1024K, 139 young (142336K), 16 survivors (16384K)
 Metaspace       used 51999K, capacity 53578K, committed 53836K, reserved 1095680K
  class space    used 6668K, capacity 7205K, committed 7296K, reserved 1048576K
}
Event: 4.319 GC heap after
{Heap after GC invocations=9 (full 0):
 garbage-first heap   total 260096K, used 72082K [0x0000000080000000, 0x0000000100000000)
  region size 1024K, 18 young (18432K), 18 survivors (18432K)
 Metaspace       used 51999K, capacity 53578K, committed 53836K, reserved 1095680K
  class space    used 6668K, capacity 7205K, committed 7296K, reserved 1048576K
}
Event: 5.329 GC heap before
{Heap before GC invocations=9 (full 0):
 garbage-first heap   total 260096K, used 192914K [0x0000000080000000, 0x0000000100000000)
  region size 1024K, 136 young (139264K), 18 survivors (18432K)
 Metaspace       used 66997K, capacity 68850K, committed 69068K, reserved 1110016K
  class space    used 8502K, capacity 9125K, committed 9216K, reserved 1048576K
}
Event: 5.341 GC heap after
{Heap after GC invocations=10 (full 0):
 garbage-first heap   total 260096K, used 80265K [0x0000000080000000, 0x0000000100000000)
  region size 1024K, 8 young (8192K), 8 survivors (8192K)
 Metaspace       used 66997K, capacity 68850K, committed 69068K, reserved 1110016K
  class space    used 8502K, capacity 9125K, committed 9216K, reserved 1048576K
}
Event: 6.040 GC heap before
{Heap before GC invocations=10 (full 0):
 garbage-first heap   total 260096K, used 170377K [0x0000000080000000, 0x0000000100000000)
  region size 1024K, 97 young (99328K), 8 survivors (8192K)
 Metaspace       used 74601K, capacity 76477K, committed 76620K, reserved 1116160K
  class space    used 9588K, capacity 10252K, committed 10368K, reserved 1048576K
}
Event: 6.049 GC heap after
{Heap after GC invocations=11 (full 0):
 garbage-first heap   total 260096K, used 86241K [0x0000000080000000, 0x0000000100000000)
  region size 1024K, 14 young (14336K), 14 survivors (14336K)
 Metaspace       used 74601K, capacity 76477K, committed 76620K, reserved 1116160K
  class space    used 9588K, capacity 10252K, committed 10368K, reserved 1048576K
}
Event: 6.875 GC heap before
{Heap before GC invocations=12 (full 0):
 garbage-first heap   total 260096K, used 196833K [0x0000000080000000, 0x0000000100000000)
  region size 1024K, 123 young (125952K), 14 survivors (14336K)
 Metaspace       used 82463K, capacity 84575K, committed 84728K, reserved 1122304K
  class space    used 10569K, capacity 11311K, committed 11392K, reserved 1048576K
}
Event: 6.888 GC heap after
{Heap after GC invocations=13 (full 0):
 garbage-first heap   total 260096K, used 94474K [0x0000000080000000, 0x0000000100000000)
  region size 1024K, 15 young (15360K), 15 survivors (15360K)
 Metaspace       used 82463K, capacity 84575K, committed 84728K, reserved 1122304K
  class space    used 10569K, capacity 11311K, committed 11392K, reserved 1048576K
}
Event: 7.802 GC heap before
{Heap before GC invocations=13 (full 0):
 garbage-first heap   total 260096K, used 201994K [0x0000000080000000, 0x0000000100000000)
  region size 1024K, 120 young (122880K), 15 survivors (15360K)
 Metaspace       used 92977K, capacity 95326K, committed 95608K, reserved 1132544K
  class space    used 11891K, capacity 12751K, committed 12800K, reserved 1048576K
}
Event: 7.814 GC heap after
{Heap after GC invocations=14 (full 0):
 garbage-first heap   total 260096K, used 101424K [0x0000000080000000, 0x0000000100000000)
  region size 1024K, 8 young (8192K), 8 survivors (8192K)
 Metaspace       used 92977K, capacity 95326K, committed 95608K, reserved 1132544K
  class space    used 11891K, capacity 12751K, committed 12800K, reserved 1048576K
}

Deoptimization events (20 events):
Event: 8.315 Thread 0x0000013323824000 DEOPT PACKING pc=0x00000133129b7360 sp=0x00000006fc9f8f30
Event: 8.316 Thread 0x0000013323824000 DEOPT UNPACKING pc=0x000001330ac478af sp=0x00000006fc9f8ef8 mode 2
Event: 8.317 Thread 0x0000013323824000 Uncommon trap: trap_request=0xffffffc6 fr.pc=0x00000133129b7360 relative=0x0000000000000300
Event: 8.317 Thread 0x0000013323824000 Uncommon trap: reason=bimorphic_or_optimized_type_check action=maybe_recompile pc=0x00000133129b7360 method=com.google.common.collect.ImmutableList.copyOf(Ljava/util/Collection;)Lcom/google/common/collect/ImmutableList; @ 11 c2
Event: 8.317 Thread 0x0000013323824000 DEOPT PACKING pc=0x00000133129b7360 sp=0x00000006fc9f8fd0
Event: 8.317 Thread 0x0000013323824000 DEOPT UNPACKING pc=0x000001330ac478af sp=0x00000006fc9f8f98 mode 2
Event: 8.361 Thread 0x0000013323824000 DEOPT PACKING pc=0x000001330c4d2c0d sp=0x00000006fc9f7390
Event: 8.361 Thread 0x0000013323824000 DEOPT UNPACKING pc=0x000001330ac476ce sp=0x00000006fc9f6828 mode 0
Event: 8.366 Thread 0x0000013323824000 DEOPT PACKING pc=0x000001330c4d2c0d sp=0x00000006fc9f7390
Event: 8.366 Thread 0x0000013323824000 DEOPT UNPACKING pc=0x000001330ac476ce sp=0x00000006fc9f6828 mode 0
Event: 8.392 Thread 0x0000013323824000 DEOPT PACKING pc=0x000001330c4d2c0d sp=0x00000006fc9f8480
Event: 8.392 Thread 0x0000013323824000 DEOPT UNPACKING pc=0x000001330ac476ce sp=0x00000006fc9f7918 mode 0
Event: 8.392 Thread 0x0000013323824000 DEOPT PACKING pc=0x000001330c4d2c0d sp=0x00000006fc9f8480
Event: 8.392 Thread 0x0000013323824000 DEOPT UNPACKING pc=0x000001330ac476ce sp=0x00000006fc9f7918 mode 0
Event: 8.396 Thread 0x0000013323824000 DEOPT PACKING pc=0x000001330c4d2c0d sp=0x00000006fc9f8480
Event: 8.396 Thread 0x0000013323824000 DEOPT UNPACKING pc=0x000001330ac476ce sp=0x00000006fc9f7918 mode 0
Event: 8.415 Thread 0x0000013323824000 Uncommon trap: trap_request=0xffffff4d fr.pc=0x0000013312cf5b2c relative=0x00000000000011cc
Event: 8.415 Thread 0x0000013323824000 Uncommon trap: reason=unstable_if action=reinterpret pc=0x0000013312cf5b2c method=java.util.regex.Pattern.escape(ZZZ)I @ 8 c2
Event: 8.415 Thread 0x0000013323824000 DEOPT PACKING pc=0x0000013312cf5b2c sp=0x00000006fc9f8ab0
Event: 8.415 Thread 0x0000013323824000 DEOPT UNPACKING pc=0x000001330ac478af sp=0x00000006fc9f8a50 mode 2

Classes redefined (0 events):
No events

Internal exceptions (20 events):
Event: 6.989 Thread 0x0000013323824000 Exception <a 'java/lang/ClassNotFoundException'{0x000000008e9f7980}: java/util/AbstractMapCustomizer> (0x000000008e9f7980) thrown at [./src/hotspot/share/classfile/systemDictionary.cpp, line 231]
Event: 6.989 Thread 0x0000013323824000 Exception <a 'java/lang/ClassNotFoundException'{0x000000008e80b4e8}: java/util/HashMapCustomizer> (0x000000008e80b4e8) thrown at [./src/hotspot/share/classfile/systemDictionary.cpp, line 231]
Event: 6.990 Thread 0x0000013323824000 Exception <a 'java/lang/ClassNotFoundException'{0x000000008e82cd60}: java/util/LinkedHashMapCustomizer> (0x000000008e82cd60) thrown at [./src/hotspot/share/classfile/systemDictionary.cpp, line 231]
Event: 7.120 Thread 0x0000013323824000 Exception <a 'sun/nio/fs/WindowsException'{0x000000008da676a8}> (0x000000008da676a8) thrown at [./src/hotspot/share/prims/jni.cpp, line 615]
Event: 7.121 Thread 0x0000013323824000 Exception <a 'sun/nio/fs/WindowsException'{0x000000008da67c70}> (0x000000008da67c70) thrown at [./src/hotspot/share/prims/jni.cpp, line 615]
Event: 7.185 Thread 0x0000013323824000 Exception <a 'java/lang/NullPointerException'{0x000000008d1765c0}> (0x000000008d1765c0) thrown at [./src/hotspot/share/interpreter/linkResolver.cpp, line 1440]
Event: 7.328 Thread 0x0000013323824000 Exception <a 'java/lang/NoSuchMethodError'{0x000000008c2c70f0}: 'int java.lang.invoke.DirectMethodHandle$Holder.invokeStatic(java.lang.Object, java.lang.Object, int, java.lang.Object)'> (0x000000008c2c70f0) thrown at [./src/hotspot/share/interpreter/linkResolver.cpp, line 773]
Event: 7.362 Thread 0x0000013323824000 Exception <a 'sun/nio/fs/WindowsException'{0x000000008c1fb4b0}> (0x000000008c1fb4b0) thrown at [./src/hotspot/share/prims/jni.cpp, line 615]
Event: 7.362 Thread 0x0000013323824000 Exception <a 'sun/nio/fs/WindowsException'{0x000000008c1fc828}> (0x000000008c1fc828) thrown at [./src/hotspot/share/prims/jni.cpp, line 615]
Event: 7.362 Thread 0x0000013323824000 Exception <a 'sun/nio/fs/WindowsException'{0x000000008c1fdbf0}> (0x000000008c1fdbf0) thrown at [./src/hotspot/share/prims/jni.cpp, line 615]
Event: 7.362 Thread 0x0000013323824000 Exception <a 'sun/nio/fs/WindowsException'{0x000000008c1fefb8}> (0x000000008c1fefb8) thrown at [./src/hotspot/share/prims/jni.cpp, line 615]
Event: 7.455 Thread 0x0000013323824000 Implicit null exception at 0x0000013312c4ee81 to 0x0000013312c51930
Event: 7.794 Thread 0x0000013325783800 Exception <a 'java/lang/NoSuchMethodError'{0x00000000896afe40}: 'java.lang.Object java.lang.invoke.DirectMethodHandle$Holder.invokeSpecialIFC(java.lang.Object, java.lang.Object, java.lang.Object)'> (0x00000000896afe40) thrown at [./src/hotspot/share/interpreter/linkResolver.cpp, line 773]
Event: 7.794 Thread 0x0000013327556800 Exception <a 'java/lang/NoSuchMethodError'{0x0000000089650708}: 'java.lang.Object java.lang.invoke.DirectMethodHandle$Holder.invokeSpecialIFC(java.lang.Object, java.lang.Object, java.lang.Object)'> (0x0000000089650708) thrown at [./src/hotspot/share/interpreter/linkResolver.cpp, line 773]
Event: 7.794 Thread 0x0000013327559000 Exception <a 'java/lang/NoSuchMethodError'{0x0000000089686a20}: 'java.lang.Object java.lang.invoke.DirectMethodHandle$Holder.invokeSpecialIFC(java.lang.Object, java.lang.Object, java.lang.Object)'> (0x0000000089686a20) thrown at [./src/hotspot/share/interpreter/linkResolver.cpp, line 773]
Event: 7.794 Thread 0x0000013325789800 Exception <a 'java/lang/NoSuchMethodError'{0x000000008969b238}: 'java.lang.Object java.lang.invoke.DirectMethodHandle$Holder.invokeSpecialIFC(java.lang.Object, java.lang.Object, java.lang.Object)'> (0x000000008969b238) thrown at [./src/hotspot/share/interpreter/linkResolver.cpp, line 773]
Event: 7.794 Thread 0x000001332578b000 Exception <a 'java/lang/NoSuchMethodError'{0x000000008963c918}: 'java.lang.Object java.lang.invoke.DirectMethodHandle$Holder.invokeSpecialIFC(java.lang.Object, java.lang.Object, java.lang.Object)'> (0x000000008963c918) thrown at [./src/hotspot/share/interpreter/linkResolver.cpp, line 773]
Event: 7.838 Thread 0x0000013325789800 Exception <a 'java/lang/NoSuchMethodError'{0x000000008f939738}: 'int java.lang.invoke.DirectMethodHandle$Holder.invokeStaticInit(java.lang.Object, java.lang.Object, java.lang.Object, java.lang.Object, java.lang.Object)'> (0x000000008f939738) thrown at [./src/hotspot/share/interpreter/linkResolver.cpp, line 773]
Event: 7.913 Thread 0x0000013325783800 Exception <a 'java/lang/NoSuchMethodError'{0x000000008ebb5148}: 'void java.lang.invoke.DirectMethodHandle$Holder.invokeVirtual(java.lang.Object, java.lang.Object)'> (0x000000008ebb5148) thrown at [./src/hotspot/share/interpreter/linkResolver.cpp, line 773]
Event: 8.348 Thread 0x0000013323824000 Exception <a 'java/lang/NoSuchMethodError'{0x000000008aeeaf98}: 'int java.lang.invoke.DirectMethodHandle$Holder.invokeSpecialIFC(java.lang.Object, java.lang.Object, java.lang.Object)'> (0x000000008aeeaf98) thrown at [./src/hotspot/share/interpreter/linkResolver.cpp, line 773]

Events (20 events):
Event: 8.414 loading class com/android/build/gradle/internal/ide/DependencyFailureHandler$registerIssues$1
Event: 8.414 loading class com/android/build/gradle/internal/ide/DependencyFailureHandler$registerIssues$1 done
Event: 8.414 loading class com/android/build/gradle/internal/ide/DependencyFailureHandler$registerIssues$2
Event: 8.414 loading class com/android/build/gradle/internal/ide/DependencyFailureHandler$registerIssues$2 done
Event: 8.414 loading class com/android/build/gradle/internal/ide/DependencyFailureHandlerKt
Event: 8.414 loading class com/android/build/gradle/internal/ide/DependencyFailureHandlerKt done
Event: 8.415 loading class com/google/common/base/Splitter$2
Event: 8.415 loading class com/google/common/base/Splitter$2 done
Event: 8.415 loading class com/google/common/base/Splitter$2$1
Event: 8.415 loading class com/google/common/base/Splitter$2$1 done
Event: 8.416 loading class com/android/build/gradle/internal/ide/SyncIssueImpl
Event: 8.416 loading class com/android/build/gradle/internal/ide/SyncIssueImpl done
Event: 8.416 loading class com/android/build/gradle/internal/errors/SyncIssueReporterImpl$WhenMappings
Event: 8.416 loading class com/android/build/gradle/internal/errors/SyncIssueReporterImpl$WhenMappings done
Event: 8.416 loading class com/android/build/gradle/internal/errors/SyncIssueReporterImplKt
Event: 8.416 loading class com/android/build/gradle/internal/errors/SyncIssueReporterImplKt done
Event: 8.416 loading class com/android/build/gradle/internal/errors/SyncIssueKey
Event: 8.416 loading class com/android/build/gradle/internal/errors/SyncIssueKey done
Event: 8.419 loading class com/android/build/gradle/internal/TaskManager$createMockableJarTask$1$1
Event: 8.419 loading class com/android/build/gradle/internal/TaskManager$createMockableJarTask$1$1 done


Dynamic libraries:
0x00007ff783db0000 - 0x00007ff783dba000 	C:\Program Files\Android\Android Studio\jre\bin\java.exe
0x00007ffcc7050000 - 0x00007ffcc7244000 	C:\Windows\SYSTEM32\ntdll.dll
0x00007ffca7550000 - 0x00007ffca7566000 	C:\Program Files\Avast Software\Avast\aswhook.dll
0x00007ffcc5340000 - 0x00007ffcc53fd000 	C:\Windows\System32\KERNEL32.DLL
0x00007ffcc4b10000 - 0x00007ffcc4dd7000 	C:\Windows\System32\KERNELBASE.dll
0x00007ffcc4e10000 - 0x00007ffcc4f10000 	C:\Windows\System32\ucrtbase.dll
0x00007ffcbf140000 - 0x00007ffcbf159000 	C:\Program Files\Android\Android Studio\jre\bin\jli.dll
0x00007ffcb26c0000 - 0x00007ffcb26d7000 	C:\Program Files\Android\Android Studio\jre\bin\VCRUNTIME140.dll
0x00007ffcc69a0000 - 0x00007ffcc6b40000 	C:\Windows\System32\USER32.dll
0x00007ffcc4de0000 - 0x00007ffcc4e02000 	C:\Windows\System32\win32u.dll
0x00007ffcad2e0000 - 0x00007ffcad57a000 	C:\Windows\WinSxS\amd64_microsoft.windows.common-controls_6595b64144ccf1df_6.0.19041.1_none_b555e41d4684ddec\COMCTL32.dll
0x00007ffcc7020000 - 0x00007ffcc704a000 	C:\Windows\System32\GDI32.dll
0x00007ffcc65c0000 - 0x00007ffcc665e000 	C:\Windows\System32\msvcrt.dll
0x00007ffcc4980000 - 0x00007ffcc4a8a000 	C:\Windows\System32\gdi32full.dll
0x00007ffcc47d0000 - 0x00007ffcc486d000 	C:\Windows\System32\msvcp_win.dll
0x00007ffcc6ea0000 - 0x00007ffcc6ed0000 	C:\Windows\System32\IMM32.DLL
0x00007ffc83c90000 - 0x00007ffc83d2d000 	C:\Program Files\Android\Android Studio\jre\bin\msvcp140.dll
0x00007ffc6d190000 - 0x00007ffc6dc5f000 	C:\Program Files\Android\Android Studio\jre\bin\server\jvm.dll
0x00007ffcc6810000 - 0x00007ffcc68ba000 	C:\Windows\System32\ADVAPI32.dll
0x00007ffcc6c70000 - 0x00007ffcc6d0b000 	C:\Windows\System32\sechost.dll
0x00007ffcc50f0000 - 0x00007ffcc5213000 	C:\Windows\System32\RPCRT4.dll
0x00007ffcc5280000 - 0x00007ffcc5288000 	C:\Windows\System32\PSAPI.DLL
0x00007ffcb0120000 - 0x00007ffcb0147000 	C:\Windows\SYSTEM32\WINMM.dll
0x00007ffcb1610000 - 0x00007ffcb1619000 	C:\Windows\SYSTEM32\WSOCK32.dll
0x00007ffcbea60000 - 0x00007ffcbea6a000 	C:\Windows\SYSTEM32\VERSION.dll
0x00007ffcc6f30000 - 0x00007ffcc6f9b000 	C:\Windows\System32\WS2_32.dll
0x00007ffcc30e0000 - 0x00007ffcc30f3000 	C:\Windows\SYSTEM32\kernel.appcore.dll
0x00007ffcbf720000 - 0x00007ffcbf731000 	C:\Program Files\Android\Android Studio\jre\bin\verify.dll
0x00007ffcc2650000 - 0x00007ffcc2834000 	C:\Windows\SYSTEM32\DBGHELP.DLL
0x00007ffcbc1c0000 - 0x00007ffcbc1ec000 	C:\Windows\SYSTEM32\dbgcore.DLL
0x00007ffcc4a90000 - 0x00007ffcc4b0f000 	C:\Windows\System32\bcryptPrimitives.dll
0x00007ffcbf180000 - 0x00007ffcbf1a9000 	C:\Program Files\Android\Android Studio\jre\bin\java.dll
0x00007ffcc1cc0000 - 0x00007ffcc1ccb000 	C:\Program Files\Android\Android Studio\jre\bin\jimage.dll
0x00007ffcbec20000 - 0x00007ffcbec38000 	C:\Program Files\Android\Android Studio\jre\bin\zip.dll
0x00007ffcc5400000 - 0x00007ffcc5b31000 	C:\Windows\System32\SHELL32.dll
0x00007ffcc2840000 - 0x00007ffcc2fca000 	C:\Windows\SYSTEM32\windows.storage.dll
0x00007ffcc5c30000 - 0x00007ffcc5f84000 	C:\Windows\System32\combase.dll
0x00007ffcc4250000 - 0x00007ffcc427b000 	C:\Windows\SYSTEM32\Wldp.dll
0x00007ffcc60a0000 - 0x00007ffcc614e000 	C:\Windows\System32\SHCORE.dll
0x00007ffcc6ed0000 - 0x00007ffcc6f25000 	C:\Windows\System32\shlwapi.dll
0x00007ffcc4710000 - 0x00007ffcc472f000 	C:\Windows\SYSTEM32\profapi.dll
0x00007ffcbcbf0000 - 0x00007ffcbcc0a000 	C:\Program Files\Android\Android Studio\jre\bin\net.dll
0x00007ffcb4e90000 - 0x00007ffcb4f92000 	C:\Windows\SYSTEM32\WINHTTP.dll
0x00007ffcc3fd0000 - 0x00007ffcc403a000 	C:\Windows\system32\mswsock.dll
0x00007ffcb5170000 - 0x00007ffcb5184000 	C:\Program Files\Android\Android Studio\jre\bin\nio.dll
0x00007ffcb32b0000 - 0x00007ffcb32d7000 	C:\Users\Aslan\.gradle\native\8bec1ad78214c89d9ad589b4d07fe93259594b29d510b10fafb7a158f7737e5d\windows-amd64\native-platform.dll
0x00007ffc825e0000 - 0x00007ffc8271d000 	C:\Users\Aslan\.gradle\native\53dbd7edfb1c66fb8903c78663c9afc45aea4f116125fa6feffd364cf09443e8\windows-amd64\native-platform-file-events.dll
0x00007ffcc1c50000 - 0x00007ffcc1c5a000 	C:\Program Files\Android\Android Studio\jre\bin\management.dll
0x00007ffcbffb0000 - 0x00007ffcbffbc000 	C:\Program Files\Android\Android Studio\jre\bin\management_ext.dll
0x00007ffcc41a0000 - 0x00007ffcc41b8000 	C:\Windows\SYSTEM32\CRYPTSP.dll
0x00007ffcc38f0000 - 0x00007ffcc3924000 	C:\Windows\system32\rsaenh.dll
0x00007ffcc5070000 - 0x00007ffcc5097000 	C:\Windows\System32\bcrypt.dll
0x00007ffcc4690000 - 0x00007ffcc46be000 	C:\Windows\SYSTEM32\USERENV.dll
0x00007ffcc41c0000 - 0x00007ffcc41cc000 	C:\Windows\SYSTEM32\CRYPTBASE.dll
0x00007ffcc3c70000 - 0x00007ffcc3cab000 	C:\Windows\SYSTEM32\IPHLPAPI.DLL
0x00007ffcc6c60000 - 0x00007ffcc6c69000 	C:\Windows\System32\NSI.dll
0x00007ffcbceb0000 - 0x00007ffcbcec7000 	C:\Windows\SYSTEM32\dhcpcsvc6.DLL
0x00007ffcbd980000 - 0x00007ffcbd99d000 	C:\Windows\SYSTEM32\dhcpcsvc.DLL
0x00007ffcc3cc0000 - 0x00007ffcc3d8a000 	C:\Windows\SYSTEM32\DNSAPI.dll

dbghelp: loaded successfully - version: 4.0.5 - missing functions: none
symbol engine: initialized successfully - sym options: 0x614 - pdb path: .;C:\Program Files\Android\Android Studio\jre\bin;C:\Windows\SYSTEM32;C:\Program Files\Avast Software\Avast;C:\Windows\WinSxS\amd64_microsoft.windows.common-controls_6595b64144ccf1df_6.0.19041.1_none_b555e41d4684ddec;C:\Program Files\Android\Android Studio\jre\bin\server;C:\Users\Aslan\.gradle\native\8bec1ad78214c89d9ad589b4d07fe93259594b29d510b10fafb7a158f7737e5d\windows-amd64;C:\Users\Aslan\.gradle\native\53dbd7edfb1c66fb8903c78663c9afc45aea4f116125fa6feffd364cf09443e8\windows-amd64

VM Arguments:
jvm_args: --add-opens=java.base/java.util=ALL-UNNAMED --add-opens=java.base/java.lang=ALL-UNNAMED --add-opens=java.base/java.lang.invoke=ALL-UNNAMED --add-opens=java.base/java.util=ALL-UNNAMED --add-opens=java.prefs/java.util.prefs=ALL-UNNAMED --add-opens=java.prefs/java.util.prefs=ALL-UNNAMED --add-opens=java.base/java.nio.charset=ALL-UNNAMED --add-opens=java.base/java.net=ALL-UNNAMED --add-opens=java.base/java.util.concurrent.atomic=ALL-UNNAMED -Xmx2048m -Dfile.encoding=UTF-8 -Duser.country=RU -Duser.language=ru -Duser.variant 
java_command: org.gradle.launcher.daemon.bootstrap.GradleDaemon 7.0.2
java_class_path (initial): C:\Users\Aslan\.gradle\wrapper\dists\gradle-7.0.2-bin\857tjihv64xamwrf0h14cai3r\gradle-7.0.2\lib\gradle-launcher-7.0.2.jar
Launcher Type: SUN_STANDARD

[Global flags]
     intx CICompilerCount                          = 4                                         {product} {ergonomic}
     uint ConcGCThreads                            = 2                                         {product} {ergonomic}
     uint G1ConcRefinementThreads                  = 8                                         {product} {ergonomic}
   size_t G1HeapRegionSize                         = 1048576                                   {product} {ergonomic}
    uintx GCDrainStackTargetSize                   = 64                                        {product} {ergonomic}
   size_t InitialHeapSize                          = 266338304                                 {product} {ergonomic}
   size_t MarkStackSize                            = 4194304                                   {product} {ergonomic}
   size_t MaxHeapSize                              = 2147483648                                {product} {command line}
   size_t MaxNewSize                               = 1287651328                                {product} {ergonomic}
   size_t MinHeapDeltaBytes                        = 1048576                                   {product} {ergonomic}
    uintx NonNMethodCodeHeapSize                   = 5836300                                {pd product} {ergonomic}
    uintx NonProfiledCodeHeapSize                  = 122910970                              {pd product} {ergonomic}
    uintx ProfiledCodeHeapSize                     = 122910970                              {pd product} {ergonomic}
    uintx ReservedCodeCacheSize                    = 251658240                              {pd product} {ergonomic}
     bool SegmentedCodeCache                       = true                                      {product} {ergonomic}
     bool UseCompressedClassPointers               = true                                 {lp64_product} {ergonomic}
     bool UseCompressedOops                        = true                                 {lp64_product} {ergonomic}
     bool UseG1GC                                  = true                                      {product} {ergonomic}
     bool UseLargePagesIndividualAllocation        = false                                  {pd product} {ergonomic}

Logging:
Log output configuration:
 #0: stdout all=warning uptime,level,tags
 #1: stderr all=off uptime,level,tags

Environment Variables:
JAVA_HOME=C:\Program Files\Java\jdk1.8.0_281
PATH=C:\Program Files\Common Files\Oracle\Java\javapath;C:\Program Files (x86)\Common Files\Oracle\Java\javapath;C:\Windows\system32;C:\Windows;C:\Windows\System32\Wbem;C:\Windows\System32\WindowsPowerShell\v1.0\;C:\Program Files (x86)\NVIDIA Corporation\PhysX\Common;C:\Program Files\Git\cmd;C:\xampp\php;C:\ProgramData\ComposerSetup\bin;C:\Program Files\NVIDIA Corporation\NVIDIA NvDLISR;C:\Program Files\Java\jdk-11.0.13\bin;C:\Users\Aslan\AppData\Local\Microsoft\WindowsApps;C:\Program Files\Java\jdk1.8.0_281\bin;;C:\Users\Aslan\AppData\Local\Programs\Microsoft VS Code\bin;C:\Users\Aslan\AppData\Roaming\Composer\vendor\bin
USERNAME=Aslan
OS=Windows_NT
PROCESSOR_IDENTIFIER=Intel64 Family 6 Model 165 Stepping 2, GenuineIntel



---------------  S Y S T E M  ---------------

OS: Windows 10 , 64 bit Build 19041 (10.0.19041.1)
OS uptime: 2 days 3:40 hours

CPU:total 8 (initial active 8) (4 cores per cpu, 2 threads per core) family 6 model 165 stepping 2 microcode 0xea, cmov, cx8, fxsr, mmx, sse, sse2, sse3, ssse3, sse4.1, sse4.2, popcnt, avx, avx2, aes, clmul, erms, 3dnowpref, lzcnt, ht, tsc, tscinvbit, bmi1, bmi2, adx, fma

Memory: 4k page, system-wide physical 16251M (2970M free)
TotalPageFile size 16251M (AvailPageFile size 5M)
current process WorkingSet (physical memory assigned to process): 547M, peak: 547M
current process commit charge ("private bytes"): 592M, peak: 593M

vm_info: OpenJDK 64-Bit Server VM (11.0.10+0-b96-7249189) for windows-amd64 JRE (11.0.10+0-b96-7249189), built on Mar 31 2021 21:44:00 by "builder" with MS VC++ 14.0 (VS2015)

END.
