#
# There is insufficient memory for the Java Runtime Environment to continue.
# Native memory allocation (mmap) failed to map 65536 bytes for Failed to commit area from 0x000002079a8c0000 to 0x000002079a8d0000 of length 65536.
# Possible reasons:
#   The system is out of physical RAM or swap space
#   The process is running with CompressedOops enabled, and the Java Heap may be blocking the growth of the native heap
# Possible solutions:
#   Reduce memory load on the system
#   Increase physical memory or swap space
#   Check if swap backing store is full
#   Decrease Java heap size (-Xmx/-Xms)
#   Decrease number of Java threads
#   Decrease Java thread stack sizes (-Xss)
#   Set larger code cache with -XX:ReservedCodeCacheSize=
#   JVM is running with Unscaled Compressed Oops mode in which the Java heap is
#     placed in the first 4GB address space. The Java Heap base address is the
#     maximum limit for the native heap growth. Please use -XX:HeapBaseMinAddress
#     to set the Java Heap base and to place the Java Heap above 4GB virtual address.
# This output file may be truncated or incomplete.
#
#  Out of Memory Error (./open/src/hotspot/os/windows/os_windows.cpp:3276), pid=11664, tid=4172
#
# JRE version: Java(TM) SE Runtime Environment 18.9 (11.0.13+10) (build 11.0.13+10-LTS-370)
# Java VM: Java HotSpot(TM) 64-Bit Server VM 18.9 (11.0.13+10-LTS-370, mixed mode, tiered, compressed oops, g1 gc, windows-amd64)
# No core dump will be written. Minidumps are not enabled by default on client versions of Windows
#

---------------  S U M M A R Y ------------

Command Line: --add-opens=java.base/java.util=ALL-UNNAMED --add-opens=java.base/java.lang=ALL-UNNAMED --add-opens=java.base/java.lang.invoke=ALL-UNNAMED --add-opens=java.base/java.util=ALL-UNNAMED --add-opens=java.prefs/java.util.prefs=ALL-UNNAMED --add-opens=java.prefs/java.util.prefs=ALL-UNNAMED --add-opens=java.base/java.nio.charset=ALL-UNNAMED --add-opens=java.base/java.net=ALL-UNNAMED --add-opens=java.base/java.util.concurrent.atomic=ALL-UNNAMED -Xmx2048m -Dfile.encoding=UTF-8 -Duser.country=RU -Duser.language=ru -Duser.variant org.gradle.launcher.daemon.bootstrap.GradleDaemon 7.0.2

Host: Intel(R) Core(TM) i5-10300H CPU @ 2.50GHz, 8 cores, 15G,  Windows 10 , 64 bit Build 19041 (10.0.19041.1)
Time: Tue Feb  1 21:22:13 2022 Центральная Азия (зима) elapsed time: 9.400109 seconds (0d 0h 0m 9s)

---------------  T H R E A D  ---------------

Current thread (0x00000207a26de800):  VMThread "VM Thread" [stack: 0x000000c97b300000,0x000000c97b400000] [id=4172]

Stack: [0x000000c97b300000,0x000000c97b400000]
[error occurred during error reporting (printing stack bounds), id 0xc0000005, EXCEPTION_ACCESS_VIOLATION (0xc0000005) at pc=0x000002078b500f2d]

Native frames: (J=compiled Java code, j=interpreted, Vv=VM code, C=native code)
V  [jvm.dll+0x62870a]
V  [jvm.dll+0x761f2f]
V  [jvm.dll+0x7635d9]
V  [jvm.dll+0x763bc5]
V  [jvm.dll+0x763b7b]
V  [jvm.dll+0x627c53]
V  [jvm.dll+0x628308]
C  [ntdll.dll+0xa010f]
C  [ntdll.dll+0x4b4e4]
C  [ntdll.dll+0x9ec3e]
C  0x000002078b500f2d

VM_Operation (0x000000c900bfe1d0): G1CollectForAllocation, mode: safepoint, requested by thread 0x00000207ac2fe000


---------------  P R O C E S S  ---------------

Threads class SMR info:
_java_thread_list=0x00000207abfdead0, length=83, elements={
0x0000020783ed0000, 0x00000207a26e0800, 0x00000207a26e4000, 0x00000207a2745000,
0x00000207a2747000, 0x00000207a2748000, 0x00000207a2749800, 0x00000207a2755800,
0x00000207a2761000, 0x00000207a28c2800, 0x00000207a2995000, 0x00000207a3ada000,
0x00000207a3dc1000, 0x00000207a54cd800, 0x00000207a4ce8000, 0x00000207a6217000,
0x00000207a4d25000, 0x00000207a53f1000, 0x00000207a4655800, 0x00000207a4ce7000,
0x00000207a546e800, 0x00000207a546d000, 0x00000207a546f800, 0x00000207a546e000,
0x00000207a5df7000, 0x00000207a5df2800, 0x00000207a5df3000, 0x00000207a5df1800,
0x00000207a5df6800, 0x00000207a5df9000, 0x00000207a645c000, 0x00000207a5df9800,
0x00000207a5df4000, 0x00000207a5dfa800, 0x00000207a5df5000, 0x00000207a5df5800,
0x00000207a5dfc000, 0x00000207a5dff800, 0x00000207a5e00000, 0x00000207a5dfe800,
0x00000207a5dfd000, 0x00000207a5dfe000, 0x00000207a868d000, 0x00000207a8691000,
0x00000207a868e800, 0x00000207a868f800, 0x00000207a8690800, 0x00000207a8692000,
0x00000207a8693000, 0x00000207a868e000, 0x00000207a8697800, 0x00000207a8699800,
0x00000207a8693800, 0x00000207a8694800, 0x00000207a8695800, 0x00000207a8696000,
0x00000207a869b000, 0x00000207a869a000, 0x00000207a869c000, 0x00000207ac110000,
0x00000207ac10f000, 0x00000207ac10b000, 0x00000207ac10a800, 0x00000207ac10c800,
0x00000207ac111800, 0x00000207ac111000, 0x00000207ac10e800, 0x00000207ac10d800,
0x00000207ac10c000, 0x00000207ac115800, 0x00000207ac112800, 0x00000207ac113800,
0x00000207ac114000, 0x00000207ac116800, 0x00000207ac117800, 0x00000207ac115000,
0x00000207ac118000, 0x00000207ac119000, 0x00000207ac2fe000, 0x00000207ac2f9000,
0x00000207ac2fc800, 0x00000207ac2ff800, 0x00000207ac2fd000
}

Java Threads: ( => current thread )
  0x0000020783ed0000 JavaThread "main" [_thread_blocked, id=13184, stack(0x000000c97ad00000,0x000000c97ae00000)]
  0x00000207a26e0800 JavaThread "Reference Handler" daemon [_thread_blocked, id=13700, stack(0x000000c97b400000,0x000000c97b500000)]
  0x00000207a26e4000 JavaThread "Finalizer" daemon [_thread_blocked, id=4612, stack(0x000000c97b500000,0x000000c97b600000)]
  0x00000207a2745000 JavaThread "Signal Dispatcher" daemon [_thread_blocked, id=14368, stack(0x000000c97b600000,0x000000c97b700000)]
  0x00000207a2747000 JavaThread "Attach Listener" daemon [_thread_blocked, id=8696, stack(0x000000c97b700000,0x000000c97b800000)]
  0x00000207a2748000 JavaThread "Service Thread" daemon [_thread_blocked, id=14420, stack(0x000000c97b800000,0x000000c97b900000)]
  0x00000207a2749800 JavaThread "C2 CompilerThread0" daemon [_thread_in_native, id=13116, stack(0x000000c97b900000,0x000000c97ba00000)]
  0x00000207a2755800 JavaThread "C1 CompilerThread0" daemon [_thread_blocked, id=8356, stack(0x000000c97ba00000,0x000000c97bb00000)]
  0x00000207a2761000 JavaThread "Sweeper thread" daemon [_thread_blocked, id=13008, stack(0x000000c97bb00000,0x000000c97bc00000)]
  0x00000207a28c2800 JavaThread "Common-Cleaner" daemon [_thread_blocked, id=14572, stack(0x000000c97bc00000,0x000000c97bd00000)]
  0x00000207a2995000 JavaThread "C2 CompilerThread1" daemon [_thread_blocked, id=13800, stack(0x000000c97be00000,0x000000c97bf00000)]
  0x00000207a3ada000 JavaThread "Daemon health stats" [_thread_blocked, id=1768, stack(0x000000c97c500000,0x000000c97c600000)]
  0x00000207a3dc1000 JavaThread "Incoming local TCP Connector on port 57762" [_thread_in_native, id=15264, stack(0x000000c97c400000,0x000000c97c500000)]
  0x00000207a54cd800 JavaThread "Daemon periodic checks" [_thread_blocked, id=15268, stack(0x000000c97c600000,0x000000c97c700000)]
  0x00000207a4ce8000 JavaThread "Daemon" [_thread_blocked, id=12796, stack(0x000000c97c700000,0x000000c97c800000)]
  0x00000207a6217000 JavaThread "Handler for socket connection from /127.0.0.1:57762 to /127.0.0.1:57763" [_thread_in_native, id=10000, stack(0x000000c97c800000,0x000000c97c900000)]
  0x00000207a4d25000 JavaThread "Cancel handler" [_thread_blocked, id=2428, stack(0x000000c97c900000,0x000000c97ca00000)]
  0x00000207a53f1000 JavaThread "Daemon worker" [_thread_blocked, id=12264, stack(0x000000c97ca00000,0x000000c97cb00000)]
  0x00000207a4655800 JavaThread "Asynchronous log dispatcher for DefaultDaemonConnection: socket connection from /127.0.0.1:57762 to /127.0.0.1:57763" [_thread_blocked, id=11052, stack(0x000000c97cb00000,0x000000c97cc00000)]
  0x00000207a4ce7000 JavaThread "Stdin handler" [_thread_blocked, id=12992, stack(0x000000c97cc00000,0x000000c97cd00000)]
  0x00000207a546e800 JavaThread "Daemon client event forwarder" [_thread_blocked, id=14928, stack(0x000000c97cd00000,0x000000c97ce00000)]
  0x00000207a546d000 JavaThread "Cache worker for file hash cache (C:\Users\Aslan\.gradle\caches\7.0.2\fileHashes)" [_thread_blocked, id=5056, stack(0x000000c97ce00000,0x000000c97cf00000)]
  0x00000207a546f800 JavaThread "File lock request listener" [_thread_in_native, id=8288, stack(0x000000c97cf00000,0x000000c97d000000)]
  0x00000207a546e000 JavaThread "Cache worker for journal cache (C:\Users\Aslan\.gradle\caches\journal-1)" [_thread_blocked, id=2032, stack(0x000000c97d300000,0x000000c97d400000)]
  0x00000207a5df7000 JavaThread "Cache worker for file hash cache (C:\Users\Aslan\AndroidStudioProjects\TvShowApp\.gradle\7.0.2\fileHashes)" [_thread_blocked, id=13252, stack(0x000000c97d400000,0x000000c97d500000)]
  0x00000207a5df2800 JavaThread "File watcher server" daemon [_thread_blocked, id=4112, stack(0x000000c97d500000,0x000000c97d600000)]
  0x00000207a5df3000 JavaThread "File watcher consumer" daemon [_thread_blocked, id=1784, stack(0x000000c97d600000,0x000000c97d700000)]
  0x00000207a5df1800 JavaThread "Cache worker for checksums cache (C:\Users\Aslan\AndroidStudioProjects\TvShowApp\.gradle\checksums)" [_thread_blocked, id=10492, stack(0x000000c97d700000,0x000000c97d800000)]
  0x00000207a5df6800 JavaThread "Cache worker for cache directory md-supplier (C:\Users\Aslan\.gradle\caches\7.0.2\md-supplier)" [_thread_blocked, id=9348, stack(0x000000c97d800000,0x000000c97d900000)]
  0x00000207a5df9000 JavaThread "Cache worker for cache directory md-rule (C:\Users\Aslan\.gradle\caches\7.0.2\md-rule)" [_thread_blocked, id=3688, stack(0x000000c97d900000,0x000000c97da00000)]
  0x00000207a645c000 JavaThread "C2 CompilerThread2" daemon [_thread_blocked, id=10740, stack(0x000000c97da00000,0x000000c97db00000)]
  0x00000207a5df9800 JavaThread "Cache worker for execution history cache (C:\Users\Aslan\.gradle\caches\7.0.2\executionHistory)" [_thread_blocked, id=2540, stack(0x000000c97db00000,0x000000c97dc00000)]
  0x00000207a5df4000 JavaThread "jar transforms" [_thread_blocked, id=7300, stack(0x000000c97dc00000,0x000000c97dd00000)]
  0x00000207a5dfa800 JavaThread "jar transforms Thread 2" [_thread_blocked, id=10776, stack(0x000000c97dd00000,0x000000c97de00000)]
  0x00000207a5df5000 JavaThread "Cache worker for file content cache (C:\Users\Aslan\.gradle\caches\7.0.2\fileContent)" [_thread_blocked, id=14460, stack(0x000000c97de00000,0x000000c97df00000)]
  0x00000207a5df5800 JavaThread "Cache worker for dependencies-accessors (C:\Users\Aslan\AndroidStudioProjects\TvShowApp\.gradle\7.0.2\dependencies-accessors)" [_thread_blocked, id=14340, stack(0x000000c97df00000,0x000000c97e000000)]
  0x00000207a5dfc000 JavaThread "jar transforms Thread 3" [_thread_blocked, id=5996, stack(0x000000c97e000000,0x000000c97e100000)]
  0x00000207a5dff800 JavaThread "Cache worker for Build Output Cleanup Cache (C:\Users\Aslan\AndroidStudioProjects\TvShowApp\.gradle\buildOutputCleanup)" [_thread_blocked, id=13792, stack(0x000000c97e100000,0x000000c97e200000)]
  0x00000207a5e00000 JavaThread "Build operations" [_thread_blocked, id=11376, stack(0x000000c97e200000,0x000000c97e300000)]
  0x00000207a5dfe800 JavaThread "Build operations Thread 2" [_thread_blocked, id=7468, stack(0x000000c97e300000,0x000000c97e400000)]
  0x00000207a5dfd000 JavaThread "Build operations Thread 3" [_thread_blocked, id=4780, stack(0x000000c97e400000,0x000000c97e500000)]
  0x00000207a5dfe000 JavaThread "Build operations Thread 4" [_thread_blocked, id=10064, stack(0x000000c97e500000,0x000000c97e600000)]
  0x00000207a868d000 JavaThread "Build operations Thread 5" [_thread_blocked, id=8140, stack(0x000000c97e600000,0x000000c97e700000)]
  0x00000207a8691000 JavaThread "Build operations Thread 6" [_thread_blocked, id=7220, stack(0x000000c97e700000,0x000000c97e800000)]
  0x00000207a868e800 JavaThread "Build operations Thread 7" [_thread_blocked, id=4392, stack(0x000000c97e800000,0x000000c97e900000)]
  0x00000207a868f800 JavaThread "Build operations Thread 8" [_thread_blocked, id=11948, stack(0x000000c97e900000,0x000000c97ea00000)]
  0x00000207a8690800 JavaThread "jar transforms Thread 4" [_thread_blocked, id=7232, stack(0x000000c97ea00000,0x000000c97eb00000)]
  0x00000207a8692000 JavaThread "jar transforms Thread 5" [_thread_blocked, id=11216, stack(0x000000c97eb00000,0x000000c97ec00000)]
  0x00000207a8693000 JavaThread "jar transforms Thread 6" [_thread_blocked, id=3704, stack(0x000000c97ec00000,0x000000c97ed00000)]
  0x00000207a868e000 JavaThread "jar transforms Thread 7" [_thread_blocked, id=12348, stack(0x000000c97ed00000,0x000000c97ee00000)]
  0x00000207a8697800 JavaThread "jar transforms Thread 8" [_thread_blocked, id=12764, stack(0x000000c97ee00000,0x000000c97ef00000)]
  0x00000207a8699800 JavaThread "Memory manager" [_thread_blocked, id=7332, stack(0x000000c97f000000,0x000000c97f100000)]
  0x00000207a8693800 JavaThread "build event listener" [_thread_blocked, id=13716, stack(0x000000c97f100000,0x000000c97f200000)]
  0x00000207a8694800 JavaThread "pool-3-thread-1" [_thread_blocked, id=14384, stack(0x000000c97f200000,0x000000c97f300000)]
  0x00000207a8695800 JavaThread "build event listener" [_thread_blocked, id=9064, stack(0x000000c97f300000,0x000000c97f400000)]
  0x00000207a8696000 JavaThread "Execution worker for ':'" [_thread_blocked, id=5404, stack(0x000000c97f400000,0x000000c97f500000)]
  0x00000207a869b000 JavaThread "Execution worker for ':' Thread 2" [_thread_blocked, id=12772, stack(0x000000c97f500000,0x000000c97f600000)]
  0x00000207a869a000 JavaThread "Execution worker for ':' Thread 3" [_thread_blocked, id=10672, stack(0x000000c97f600000,0x000000c97f700000)]
  0x00000207a869c000 JavaThread "Execution worker for ':' Thread 4" [_thread_blocked, id=8328, stack(0x000000c97f700000,0x000000c97f800000)]
  0x00000207ac110000 JavaThread "Execution worker for ':' Thread 5" [_thread_blocked, id=12284, stack(0x000000c97f800000,0x000000c97f900000)]
  0x00000207ac10f000 JavaThread "Execution worker for ':' Thread 6" [_thread_blocked, id=13052, stack(0x000000c97f900000,0x000000c97fa00000)]
  0x00000207ac10b000 JavaThread "Execution worker for ':' Thread 7" [_thread_blocked, id=3560, stack(0x000000c97fa00000,0x000000c97fb00000)]
  0x00000207ac10a800 JavaThread "Cache worker for execution history cache (C:\Users\Aslan\AndroidStudioProjects\TvShowApp\.gradle\7.0.2\executionHistory)" [_thread_blocked, id=9968, stack(0x000000c97fb00000,0x000000c97fc00000)]
  0x00000207ac10c800 JavaThread "WorkerExecutor Queue" [_thread_blocked, id=7844, stack(0x000000c97fc00000,0x000000c97fd00000)]
  0x00000207ac111800 JavaThread "WorkerExecutor Queue Thread 2" [_thread_blocked, id=10768, stack(0x000000c97fd00000,0x000000c97fe00000)]
  0x00000207ac111000 JavaThread "WorkerExecutor Queue Thread 3" [_thread_blocked, id=13044, stack(0x000000c97fe00000,0x000000c97ff00000)]
  0x00000207ac10e800 JavaThread "WorkerExecutor Queue Thread 4" [_thread_blocked, id=4416, stack(0x000000c97ff00000,0x000000c980000000)]
  0x00000207ac10d800 JavaThread "WorkerExecutor Queue Thread 5" [_thread_blocked, id=9648, stack(0x000000c900000000,0x000000c900100000)]
  0x00000207ac10c000 JavaThread "WorkerExecutor Queue Thread 6" [_thread_blocked, id=9224, stack(0x000000c900100000,0x000000c900200000)]
  0x00000207ac115800 JavaThread "WorkerExecutor Queue Thread 7" [_thread_blocked, id=7280, stack(0x000000c900200000,0x000000c900300000)]
  0x00000207ac112800 JavaThread "WorkerExecutor Queue Thread 8" [_thread_blocked, id=15300, stack(0x000000c900300000,0x000000c900400000)]
  0x00000207ac113800 JavaThread "WorkerExecutor Queue Thread 9" [_thread_blocked, id=7800, stack(0x000000c900400000,0x000000c900500000)]
  0x00000207ac114000 JavaThread "pool-4-thread-1" [_thread_blocked, id=11284, stack(0x000000c900500000,0x000000c900600000)]
  0x00000207ac116800 JavaThread "stderr" [_thread_in_native, id=12800, stack(0x000000c900600000,0x000000c900700000)]
  0x00000207ac117800 JavaThread "stdout" [_thread_in_native, id=7212, stack(0x000000c900700000,0x000000c900800000)]
  0x00000207ac115000 JavaThread "ForkJoinPool-1-worker-3" daemon [_thread_blocked, id=14436, stack(0x000000c900800000,0x000000c900900000)]
  0x00000207ac118000 JavaThread "ForkJoinPool-1-worker-5" daemon [_thread_blocked, id=10608, stack(0x000000c900900000,0x000000c900a00000)]
  0x00000207ac119000 JavaThread "ForkJoinPool-1-worker-7" daemon [_thread_blocked, id=7532, stack(0x000000c900a00000,0x000000c900b00000)]
  0x00000207ac2fe000 JavaThread "ForkJoinPool-1-worker-9" daemon [_thread_blocked, id=13536, stack(0x000000c900b00000,0x000000c900c00000)]
  0x00000207ac2f9000 JavaThread "ForkJoinPool-1-worker-11" daemon [_thread_blocked, id=13376, stack(0x000000c900c00000,0x000000c900d00000)]
  0x00000207ac2fc800 JavaThread "ForkJoinPool-1-worker-13" daemon [_thread_blocked, id=12420, stack(0x000000c900d00000,0x000000c900e00000)]
  0x00000207ac2ff800 JavaThread "ForkJoinPool-1-worker-15" daemon [_thread_blocked, id=4128, stack(0x000000c900e00000,0x000000c900f00000)]
  0x00000207ac2fd000 JavaThread "ForkJoinPool-1-worker-1" daemon [_thread_blocked, id=3564, stack(0x000000c900f00000,0x000000c901000000)]

Other Threads:
=>0x00000207a26de800 VMThread "VM Thread" [stack: 0x000000c97b300000,0x000000c97b400000] [id=4172]
  0x00000207a28fd800 WatcherThread [stack: 0x000000c97bd00000,0x000000c97be00000] [id=9560]
  0x0000020783ee4000 GCTaskThread "GC Thread#0" [stack: 0x000000c97ae00000,0x000000c97af00000] [id=5264]
  0x00000207a335a800 GCTaskThread "GC Thread#1" [stack: 0x000000c97bf00000,0x000000c97c000000] [id=5288]
  0x00000207a34ba800 GCTaskThread "GC Thread#2" [stack: 0x000000c97c000000,0x000000c97c100000] [id=7356]
  0x00000207a34bb000 GCTaskThread "GC Thread#3" [stack: 0x000000c97c100000,0x000000c97c200000] [id=14372]
  0x00000207a3666800 GCTaskThread "GC Thread#4" [stack: 0x000000c97c200000,0x000000c97c300000] [id=604]
  0x00000207a3660000 GCTaskThread "GC Thread#5" [stack: 0x000000c97c300000,0x000000c97c400000] [id=10884]
  0x00000207a3662000 GCTaskThread "GC Thread#6" [stack: 0x000000c97d000000,0x000000c97d100000] [id=15016]
  0x00000207a3665000 GCTaskThread "GC Thread#7" [stack: 0x000000c97d100000,0x000000c97d200000] [id=10604]
  0x0000020783f17000 ConcurrentGCThread "G1 Main Marker" [stack: 0x000000c97af00000,0x000000c97b000000] [id=3320]
  0x0000020783f18800 ConcurrentGCThread "G1 Conc#0" [stack: 0x000000c97b000000,0x000000c97b100000] [id=8548]
  0x00000207a3667800 ConcurrentGCThread "G1 Conc#1" [stack: 0x000000c97d200000,0x000000c97d300000] [id=8476]
  0x0000020783fad800 ConcurrentGCThread "G1 Refine#0" [stack: 0x000000c97b100000,0x000000c97b200000] [id=11608]
  0x00000207abca5000 ConcurrentGCThread "G1 Refine#1" [stack: 0x000000c97ef00000,0x000000c97f000000] [id=13212]
  0x00000207ab4e1800 ConcurrentGCThread "G1 Refine#2" [stack: 0x000000c901000000,0x000000c901100000] [id=8480]
  0x00000207a9dfb800 ConcurrentGCThread "G1 Refine#3" [stack: 0x000000c901100000,0x000000c901200000] [id=12460]
  0x00000207a3661800 ConcurrentGCThread "G1 Refine#4" [stack: 0x000000c901200000,0x000000c901300000] [id=10888]
  0x00000207a1d2a800 ConcurrentGCThread "G1 Young RemSet Sampling" [stack: 0x000000c97b200000,0x000000c97b300000] [id=11776]

Threads with active compile tasks:
C2 CompilerThread0   9413 11524       4       com.android.tools.r8.code.w1::a (4137 bytes)
C2 CompilerThread1   9413 11607 %     4       com.android.tools.r8.dex.j::a @ 315 (1038 bytes)
C2 CompilerThread2   9413 11407       4       java.util.Arrays$ArrayList::iterator (12 bytes)

VM state:at safepoint (normal execution)

VM Mutex/Monitor currently owned by a thread:  ([mutex/lock_event])
[0x0000020783ecbbe0] Threads_lock - owner thread: 0x00000207a26de800
[0x0000020783ecb490] Heap_lock - owner thread: 0x00000207ac2fe000

Heap address: 0x0000000080000000, size: 2048 MB, Compressed Oops mode: 32-bit
Narrow klass base: 0x0000000000000000, Narrow klass shift: 3
Compressed class space size: 1073741824 Address: 0x0000000100000000

Heap:
 garbage-first heap   total 312320K, used 193536K [0x0000000080000000, 0x0000000100000000)
  region size 1024K, 5 young (5120K), 5 survivors (5120K)
 Metaspace       used 95965K, capacity 98418K, committed 98688K, reserved 1134592K
  class space    used 12611K, capacity 13579K, committed 13696K, reserved 1048576K
Heap Regions: E=young(eden), S=young(survivor), O=old, HS=humongous(starts), HC=humongous(continues), CS=collection set, F=free, A=archive, TAMS=top-at-mark-start (previous, next)
|   0|0x0000000080000000, 0x0000000080100000, 0x0000000080100000|100%| O|  |TAMS 0x0000000080100000, 0x0000000080100000| Untracked 
|   1|0x0000000080100000, 0x0000000080200000, 0x0000000080200000|100%| O|  |TAMS 0x0000000080200000, 0x0000000080200000| Untracked 
|   2|0x0000000080200000, 0x0000000080300000, 0x0000000080300000|100%| O|  |TAMS 0x0000000080300000, 0x0000000080300000| Untracked 
|   3|0x0000000080300000, 0x0000000080400000, 0x0000000080400000|100%|HS|  |TAMS 0x0000000080400000, 0x0000000080400000| Complete 
|   4|0x0000000080400000, 0x0000000080500000, 0x0000000080500000|100%|HC|  |TAMS 0x0000000080500000, 0x0000000080500000| Complete 
|   5|0x0000000080500000, 0x0000000080600000, 0x0000000080600000|100%|HC|  |TAMS 0x0000000080600000, 0x0000000080600000| Complete 
|   6|0x0000000080600000, 0x0000000080700000, 0x0000000080700000|100%| O|  |TAMS 0x0000000080700000, 0x0000000080700000| Untracked 
|   7|0x0000000080700000, 0x0000000080800000, 0x0000000080800000|100%| O|  |TAMS 0x0000000080800000, 0x0000000080800000| Untracked 
|   8|0x0000000080800000, 0x0000000080900000, 0x0000000080900000|100%| O|  |TAMS 0x0000000080900000, 0x0000000080900000| Untracked 
|   9|0x0000000080900000, 0x0000000080a00000, 0x0000000080a00000|100%| O|  |TAMS 0x0000000080a00000, 0x0000000080a00000| Untracked 
|  10|0x0000000080a00000, 0x0000000080b00000, 0x0000000080b00000|100%| O|  |TAMS 0x0000000080b00000, 0x0000000080b00000| Untracked 
|  11|0x0000000080b00000, 0x0000000080c00000, 0x0000000080c00000|100%| O|  |TAMS 0x0000000080c00000, 0x0000000080c00000| Untracked 
|  12|0x0000000080c00000, 0x0000000080d00000, 0x0000000080d00000|100%| O|  |TAMS 0x0000000080d00000, 0x0000000080d00000| Untracked 
|  13|0x0000000080d00000, 0x0000000080e00000, 0x0000000080e00000|100%| O|  |TAMS 0x0000000080e00000, 0x0000000080e00000| Untracked 
|  14|0x0000000080e00000, 0x0000000080f00000, 0x0000000080f00000|100%| O|  |TAMS 0x0000000080f00000, 0x0000000080f00000| Untracked 
|  15|0x0000000080f00000, 0x0000000081000000, 0x0000000081000000|100%| O|  |TAMS 0x0000000081000000, 0x0000000081000000| Untracked 
|  16|0x0000000081000000, 0x0000000081100000, 0x0000000081100000|100%| O|  |TAMS 0x0000000081100000, 0x0000000081100000| Untracked 
|  17|0x0000000081100000, 0x0000000081200000, 0x0000000081200000|100%|HS|  |TAMS 0x0000000081200000, 0x0000000081200000| Complete 
|  18|0x0000000081200000, 0x0000000081300000, 0x0000000081300000|100%|HS|  |TAMS 0x0000000081300000, 0x0000000081300000| Complete 
|  19|0x0000000081300000, 0x0000000081400000, 0x0000000081400000|100%|HS|  |TAMS 0x0000000081400000, 0x0000000081400000| Complete 
|  20|0x0000000081400000, 0x0000000081500000, 0x0000000081500000|100%|HS|  |TAMS 0x0000000081500000, 0x0000000081500000| Complete 
|  21|0x0000000081500000, 0x0000000081600000, 0x0000000081600000|100%|HC|  |TAMS 0x0000000081600000, 0x0000000081600000| Complete 
|  22|0x0000000081600000, 0x0000000081700000, 0x0000000081700000|100%|HC|  |TAMS 0x0000000081700000, 0x0000000081700000| Complete 
|  23|0x0000000081700000, 0x0000000081800000, 0x0000000081800000|100%|HS|  |TAMS 0x0000000081800000, 0x0000000081800000| Complete 
|  24|0x0000000081800000, 0x0000000081900000, 0x0000000081900000|100%|HC|  |TAMS 0x0000000081900000, 0x0000000081900000| Complete 
|  25|0x0000000081900000, 0x0000000081a00000, 0x0000000081a00000|100%| O|  |TAMS 0x0000000081a00000, 0x0000000081a00000| Untracked 
|  26|0x0000000081a00000, 0x0000000081b00000, 0x0000000081b00000|100%| O|  |TAMS 0x0000000081b00000, 0x0000000081b00000| Untracked 
|  27|0x0000000081b00000, 0x0000000081c00000, 0x0000000081c00000|100%| O|  |TAMS 0x0000000081c00000, 0x0000000081c00000| Untracked 
|  28|0x0000000081c00000, 0x0000000081d00000, 0x0000000081d00000|100%| O|  |TAMS 0x0000000081d00000, 0x0000000081d00000| Untracked 
|  29|0x0000000081d00000, 0x0000000081e00000, 0x0000000081e00000|100%| O|  |TAMS 0x0000000081e00000, 0x0000000081e00000| Untracked 
|  30|0x0000000081e00000, 0x0000000081f00000, 0x0000000081f00000|100%| O|  |TAMS 0x0000000081f00000, 0x0000000081f00000| Untracked 
|  31|0x0000000081f00000, 0x0000000082000000, 0x0000000082000000|100%| O|  |TAMS 0x0000000082000000, 0x0000000082000000| Untracked 
|  32|0x0000000082000000, 0x0000000082100000, 0x0000000082100000|100%| O|  |TAMS 0x0000000082100000, 0x0000000082100000| Untracked 
|  33|0x0000000082100000, 0x0000000082200000, 0x0000000082200000|100%| O|  |TAMS 0x0000000082200000, 0x0000000082200000| Untracked 
|  34|0x0000000082200000, 0x0000000082300000, 0x0000000082300000|100%| O|  |TAMS 0x0000000082300000, 0x0000000082300000| Untracked 
|  35|0x0000000082300000, 0x0000000082400000, 0x0000000082400000|100%| O|  |TAMS 0x0000000082400000, 0x0000000082400000| Untracked 
|  36|0x0000000082400000, 0x0000000082500000, 0x0000000082500000|100%| O|  |TAMS 0x0000000082500000, 0x0000000082500000| Untracked 
|  37|0x0000000082500000, 0x0000000082600000, 0x0000000082600000|100%| O|  |TAMS 0x0000000082600000, 0x0000000082600000| Untracked 
|  38|0x0000000082600000, 0x0000000082700000, 0x0000000082700000|100%| O|  |TAMS 0x0000000082700000, 0x0000000082700000| Untracked 
|  39|0x0000000082700000, 0x0000000082800000, 0x0000000082800000|100%| O|  |TAMS 0x0000000082800000, 0x0000000082800000| Untracked 
|  40|0x0000000082800000, 0x0000000082900000, 0x0000000082900000|100%| O|  |TAMS 0x0000000082900000, 0x0000000082900000| Untracked 
|  41|0x0000000082900000, 0x0000000082a00000, 0x0000000082a00000|100%| O|  |TAMS 0x0000000082a00000, 0x0000000082a00000| Untracked 
|  42|0x0000000082a00000, 0x0000000082b00000, 0x0000000082b00000|100%| O|  |TAMS 0x0000000082b00000, 0x0000000082b00000| Untracked 
|  43|0x0000000082b00000, 0x0000000082c00000, 0x0000000082c00000|100%| O|  |TAMS 0x0000000082c00000, 0x0000000082c00000| Untracked 
|  44|0x0000000082c00000, 0x0000000082d00000, 0x0000000082d00000|100%| O|  |TAMS 0x0000000082d00000, 0x0000000082d00000| Untracked 
|  45|0x0000000082d00000, 0x0000000082e00000, 0x0000000082e00000|100%| O|  |TAMS 0x0000000082e00000, 0x0000000082e00000| Untracked 
|  46|0x0000000082e00000, 0x0000000082f00000, 0x0000000082f00000|100%| O|  |TAMS 0x0000000082f00000, 0x0000000082f00000| Untracked 
|  47|0x0000000082f00000, 0x0000000083000000, 0x0000000083000000|100%| O|  |TAMS 0x0000000082f11a00, 0x0000000083000000| Untracked 
|  48|0x0000000083000000, 0x0000000083100000, 0x0000000083100000|100%| O|  |TAMS 0x0000000083000000, 0x0000000083100000| Untracked 
|  49|0x0000000083100000, 0x0000000083200000, 0x0000000083200000|100%| O|  |TAMS 0x0000000083100000, 0x0000000083200000| Untracked 
|  50|0x0000000083200000, 0x0000000083300000, 0x0000000083300000|100%| O|  |TAMS 0x0000000083200000, 0x0000000083300000| Untracked 
|  51|0x0000000083300000, 0x0000000083400000, 0x0000000083400000|100%| O|  |TAMS 0x0000000083300000, 0x0000000083400000| Untracked 
|  52|0x0000000083400000, 0x0000000083500000, 0x0000000083500000|100%| O|  |TAMS 0x0000000083400000, 0x0000000083500000| Untracked 
|  53|0x0000000083500000, 0x0000000083600000, 0x0000000083600000|100%| O|  |TAMS 0x0000000083500000, 0x0000000083600000| Untracked 
|  54|0x0000000083600000, 0x0000000083700000, 0x0000000083700000|100%| O|  |TAMS 0x0000000083600000, 0x0000000083700000| Untracked 
|  55|0x0000000083700000, 0x0000000083800000, 0x0000000083800000|100%| O|  |TAMS 0x0000000083700000, 0x0000000083800000| Untracked 
|  56|0x0000000083800000, 0x0000000083900000, 0x0000000083900000|100%| O|  |TAMS 0x0000000083800000, 0x0000000083900000| Untracked 
|  57|0x0000000083900000, 0x0000000083a00000, 0x0000000083a00000|100%| O|  |TAMS 0x0000000083900000, 0x0000000083a00000| Untracked 
|  58|0x0000000083a00000, 0x0000000083b00000, 0x0000000083b00000|100%| O|  |TAMS 0x0000000083a00000, 0x0000000083b00000| Untracked 
|  59|0x0000000083b00000, 0x0000000083c00000, 0x0000000083c00000|100%| O|  |TAMS 0x0000000083b00000, 0x0000000083c00000| Untracked 
|  60|0x0000000083c00000, 0x0000000083d00000, 0x0000000083d00000|100%| O|  |TAMS 0x0000000083c00000, 0x0000000083d00000| Untracked 
|  61|0x0000000083d00000, 0x0000000083e00000, 0x0000000083e00000|100%| O|  |TAMS 0x0000000083d00000, 0x0000000083e00000| Untracked 
|  62|0x0000000083e00000, 0x0000000083f00000, 0x0000000083f00000|100%| O|  |TAMS 0x0000000083e00000, 0x0000000083f00000| Untracked 
|  63|0x0000000083f00000, 0x0000000084000000, 0x0000000084000000|100%| O|  |TAMS 0x0000000083f00000, 0x0000000084000000| Untracked 
|  64|0x0000000084000000, 0x0000000084100000, 0x0000000084100000|100%| O|  |TAMS 0x0000000084000000, 0x0000000084100000| Untracked 
|  65|0x0000000084100000, 0x0000000084200000, 0x0000000084200000|100%| O|  |TAMS 0x0000000084100000, 0x0000000084200000| Untracked 
|  66|0x0000000084200000, 0x0000000084300000, 0x0000000084300000|100%| O|  |TAMS 0x0000000084200000, 0x0000000084300000| Untracked 
|  67|0x0000000084300000, 0x0000000084400000, 0x0000000084400000|100%| O|  |TAMS 0x0000000084300000, 0x0000000084400000| Untracked 
|  68|0x0000000084400000, 0x0000000084500000, 0x0000000084500000|100%| O|  |TAMS 0x0000000084400000, 0x0000000084500000| Untracked 
|  69|0x0000000084500000, 0x0000000084600000, 0x0000000084600000|100%|HS|  |TAMS 0x0000000084500000, 0x0000000084600000| Complete 
|  70|0x0000000084600000, 0x0000000084700000, 0x0000000084700000|100%|HC|  |TAMS 0x0000000084600000, 0x0000000084700000| Complete 
|  71|0x0000000084700000, 0x0000000084800000, 0x0000000084800000|100%|HS|  |TAMS 0x0000000084700000, 0x0000000084800000| Complete 
|  72|0x0000000084800000, 0x0000000084900000, 0x0000000084900000|100%|HC|  |TAMS 0x0000000084800000, 0x0000000084900000| Complete 
|  73|0x0000000084900000, 0x0000000084a00000, 0x0000000084a00000|100%|HS|  |TAMS 0x0000000084900000, 0x0000000084a00000| Complete 
|  74|0x0000000084a00000, 0x0000000084b00000, 0x0000000084b00000|100%|HS|  |TAMS 0x0000000084a00000, 0x0000000084b00000| Complete 
|  75|0x0000000084b00000, 0x0000000084c00000, 0x0000000084c00000|100%|HS|  |TAMS 0x0000000084b00000, 0x0000000084c00000| Complete 
|  76|0x0000000084c00000, 0x0000000084d00000, 0x0000000084d00000|100%|HS|  |TAMS 0x0000000084c00000, 0x0000000084d00000| Complete 
|  77|0x0000000084d00000, 0x0000000084e00000, 0x0000000084e00000|100%|HS|  |TAMS 0x0000000084d00000, 0x0000000084e00000| Complete 
|  78|0x0000000084e00000, 0x0000000084f00000, 0x0000000084f00000|100%|HC|  |TAMS 0x0000000084e00000, 0x0000000084f00000| Complete 
|  79|0x0000000084f00000, 0x0000000085000000, 0x0000000085000000|100%|HC|  |TAMS 0x0000000084f00000, 0x0000000085000000| Complete 
|  80|0x0000000085000000, 0x0000000085100000, 0x0000000085100000|100%|HS|  |TAMS 0x0000000085000000, 0x0000000085100000| Complete 
|  81|0x0000000085100000, 0x0000000085200000, 0x0000000085200000|100%|HS|  |TAMS 0x0000000085100000, 0x0000000085200000| Complete 
|  82|0x0000000085200000, 0x0000000085300000, 0x0000000085300000|100%|HS|  |TAMS 0x0000000085200000, 0x0000000085300000| Complete 
|  83|0x0000000085300000, 0x0000000085400000, 0x0000000085400000|100%|HC|  |TAMS 0x0000000085300000, 0x0000000085400000| Complete 
|  84|0x0000000085400000, 0x0000000085500000, 0x0000000085500000|100%| O|  |TAMS 0x0000000085400000, 0x0000000085500000| Untracked 
|  85|0x0000000085500000, 0x0000000085600000, 0x0000000085600000|100%| O|  |TAMS 0x0000000085500000, 0x0000000085600000| Untracked 
|  86|0x0000000085600000, 0x0000000085700000, 0x0000000085700000|100%|HS|  |TAMS 0x0000000085600000, 0x0000000085700000| Complete 
|  87|0x0000000085700000, 0x0000000085800000, 0x0000000085800000|100%|HC|  |TAMS 0x0000000085700000, 0x0000000085800000| Complete 
|  88|0x0000000085800000, 0x0000000085900000, 0x0000000085900000|100%| O|  |TAMS 0x0000000085800000, 0x0000000085900000| Untracked 
|  89|0x0000000085900000, 0x0000000085a00000, 0x0000000085a00000|100%|HS|  |TAMS 0x0000000085900000, 0x0000000085a00000| Complete 
|  90|0x0000000085a00000, 0x0000000085b00000, 0x0000000085b00000|100%| O|  |TAMS 0x0000000085a00000, 0x0000000085b00000| Untracked 
|  91|0x0000000085b00000, 0x0000000085c00000, 0x0000000085c00000|100%|HS|  |TAMS 0x0000000085b00000, 0x0000000085c00000| Complete 
|  92|0x0000000085c00000, 0x0000000085d00000, 0x0000000085d00000|100%| O|  |TAMS 0x0000000085c00000, 0x0000000085d00000| Untracked 
|  93|0x0000000085d00000, 0x0000000085e00000, 0x0000000085e00000|100%|HS|  |TAMS 0x0000000085d00000, 0x0000000085e00000| Complete 
|  94|0x0000000085e00000, 0x0000000085f00000, 0x0000000085f00000|100%| O|  |TAMS 0x0000000085e00000, 0x0000000085f00000| Untracked 
|  95|0x0000000085f00000, 0x0000000086000000, 0x0000000086000000|100%|HS|  |TAMS 0x0000000085f00000, 0x0000000086000000| Complete 
|  96|0x0000000086000000, 0x0000000086100000, 0x0000000086100000|100%| O|  |TAMS 0x0000000086000000, 0x0000000086100000| Untracked 
|  97|0x0000000086100000, 0x0000000086200000, 0x0000000086200000|100%| O|  |TAMS 0x0000000086100000, 0x0000000086200000| Untracked 
|  98|0x0000000086200000, 0x0000000086300000, 0x0000000086300000|100%| O|  |TAMS 0x0000000086200000, 0x0000000086300000| Untracked 
|  99|0x0000000086300000, 0x0000000086400000, 0x0000000086400000|100%|HS|  |TAMS 0x0000000086300000, 0x0000000086400000| Complete 
| 100|0x0000000086400000, 0x0000000086500000, 0x0000000086500000|100%|HC|  |TAMS 0x0000000086400000, 0x0000000086500000| Complete 
| 101|0x0000000086500000, 0x0000000086600000, 0x0000000086600000|100%|HC|  |TAMS 0x0000000086500000, 0x0000000086600000| Complete 
| 102|0x0000000086600000, 0x0000000086700000, 0x0000000086700000|100%| O|  |TAMS 0x0000000086600000, 0x0000000086700000| Untracked 
| 103|0x0000000086700000, 0x0000000086800000, 0x0000000086800000|100%| O|  |TAMS 0x0000000086700000, 0x0000000086800000| Untracked 
| 104|0x0000000086800000, 0x0000000086900000, 0x0000000086900000|100%| O|  |TAMS 0x0000000086800000, 0x0000000086900000| Untracked 
| 105|0x0000000086900000, 0x0000000086a00000, 0x0000000086a00000|100%| O|  |TAMS 0x0000000086900000, 0x0000000086a00000| Untracked 
| 106|0x0000000086a00000, 0x0000000086b00000, 0x0000000086b00000|100%| O|  |TAMS 0x0000000086a00000, 0x0000000086b00000| Untracked 
| 107|0x0000000086b00000, 0x0000000086c00000, 0x0000000086c00000|100%| O|  |TAMS 0x0000000086b00000, 0x0000000086c00000| Untracked 
| 108|0x0000000086c00000, 0x0000000086d00000, 0x0000000086d00000|100%| O|  |TAMS 0x0000000086c00000, 0x0000000086d00000| Untracked 
| 109|0x0000000086d00000, 0x0000000086e00000, 0x0000000086e00000|100%| O|  |TAMS 0x0000000086d00000, 0x0000000086e00000| Untracked 
| 110|0x0000000086e00000, 0x0000000086f00000, 0x0000000086f00000|100%| O|  |TAMS 0x0000000086e00000, 0x0000000086f00000| Untracked 
| 111|0x0000000086f00000, 0x0000000087000000, 0x0000000087000000|100%| O|  |TAMS 0x0000000086f00000, 0x0000000087000000| Untracked 
| 112|0x0000000087000000, 0x0000000087100000, 0x0000000087100000|100%| O|  |TAMS 0x0000000087000000, 0x0000000087100000| Untracked 
| 113|0x0000000087100000, 0x0000000087200000, 0x0000000087200000|100%| O|  |TAMS 0x0000000087100000, 0x0000000087200000| Untracked 
| 114|0x0000000087200000, 0x0000000087300000, 0x0000000087300000|100%| O|  |TAMS 0x0000000087200000, 0x0000000087300000| Untracked 
| 115|0x0000000087300000, 0x0000000087400000, 0x0000000087400000|100%| O|  |TAMS 0x0000000087300000, 0x0000000087400000| Untracked 
| 116|0x0000000087400000, 0x0000000087500000, 0x0000000087500000|100%| O|  |TAMS 0x0000000087400000, 0x0000000087500000| Untracked 
| 117|0x0000000087500000, 0x0000000087600000, 0x0000000087600000|100%| O|  |TAMS 0x0000000087500000, 0x0000000087600000| Untracked 
| 118|0x0000000087600000, 0x0000000087700000, 0x0000000087700000|100%| O|  |TAMS 0x0000000087600000, 0x0000000087700000| Untracked 
| 119|0x0000000087700000, 0x0000000087800000, 0x0000000087800000|100%| O|  |TAMS 0x0000000087700000, 0x0000000087800000| Untracked 
| 120|0x0000000087800000, 0x0000000087900000, 0x0000000087900000|100%| O|  |TAMS 0x0000000087800000, 0x0000000087900000| Untracked 
| 121|0x0000000087900000, 0x0000000087a00000, 0x0000000087a00000|100%| O|  |TAMS 0x0000000087900000, 0x0000000087a00000| Untracked 
| 122|0x0000000087a00000, 0x0000000087b00000, 0x0000000087b00000|100%| O|  |TAMS 0x0000000087a00000, 0x0000000087b00000| Untracked 
| 123|0x0000000087b00000, 0x0000000087c00000, 0x0000000087c00000|100%| O|  |TAMS 0x0000000087b00000, 0x0000000087c00000| Untracked 
| 124|0x0000000087c00000, 0x0000000087d00000, 0x0000000087d00000|100%| O|  |TAMS 0x0000000087c00000, 0x0000000087d00000| Untracked 
| 125|0x0000000087d00000, 0x0000000087e00000, 0x0000000087e00000|100%| O|  |TAMS 0x0000000087d00000, 0x0000000087e00000| Untracked 
| 126|0x0000000087e00000, 0x0000000087f00000, 0x0000000087f00000|100%| O|  |TAMS 0x0000000087e00000, 0x0000000087f00000| Untracked 
| 127|0x0000000087f00000, 0x0000000088000000, 0x0000000088000000|100%| O|  |TAMS 0x0000000087f00000, 0x0000000088000000| Untracked 
| 128|0x0000000088000000, 0x0000000088100000, 0x0000000088100000|100%| O|  |TAMS 0x0000000088000000, 0x0000000088100000| Untracked 
| 129|0x0000000088100000, 0x0000000088200000, 0x0000000088200000|100%| O|  |TAMS 0x0000000088100000, 0x0000000088200000| Untracked 
| 130|0x0000000088200000, 0x0000000088300000, 0x0000000088300000|100%| O|  |TAMS 0x0000000088200000, 0x0000000088300000| Untracked 
| 131|0x0000000088300000, 0x0000000088400000, 0x0000000088400000|100%| O|  |TAMS 0x0000000088300000, 0x0000000088400000| Untracked 
| 132|0x0000000088400000, 0x0000000088500000, 0x0000000088500000|100%| O|  |TAMS 0x0000000088400000, 0x0000000088500000| Untracked 
| 133|0x0000000088500000, 0x0000000088600000, 0x0000000088600000|100%| O|  |TAMS 0x0000000088500000, 0x0000000088600000| Untracked 
| 134|0x0000000088600000, 0x0000000088700000, 0x0000000088700000|100%| O|  |TAMS 0x0000000088600000, 0x0000000088700000| Untracked 
| 135|0x0000000088700000, 0x0000000088800000, 0x0000000088800000|100%| O|  |TAMS 0x0000000088700000, 0x0000000088800000| Untracked 
| 136|0x0000000088800000, 0x0000000088900000, 0x0000000088900000|100%| O|  |TAMS 0x0000000088800000, 0x0000000088900000| Untracked 
| 137|0x0000000088900000, 0x0000000088a00000, 0x0000000088a00000|100%| O|  |TAMS 0x0000000088900000, 0x0000000088a00000| Untracked 
| 138|0x0000000088a00000, 0x0000000088b00000, 0x0000000088b00000|100%| O|  |TAMS 0x0000000088a00000, 0x0000000088b00000| Untracked 
| 139|0x0000000088b00000, 0x0000000088c00000, 0x0000000088c00000|100%| O|  |TAMS 0x0000000088b00000, 0x0000000088c00000| Untracked 
| 140|0x0000000088c00000, 0x0000000088d00000, 0x0000000088d00000|100%| O|  |TAMS 0x0000000088c00000, 0x0000000088d00000| Untracked 
| 141|0x0000000088d00000, 0x0000000088e00000, 0x0000000088e00000|100%| O|  |TAMS 0x0000000088d00000, 0x0000000088e00000| Untracked 
| 142|0x0000000088e00000, 0x0000000088f00000, 0x0000000088f00000|100%| O|  |TAMS 0x0000000088e00000, 0x0000000088f00000| Untracked 
| 143|0x0000000088f00000, 0x0000000089000000, 0x0000000089000000|100%| O|  |TAMS 0x0000000088f00000, 0x0000000089000000| Untracked 
| 144|0x0000000089000000, 0x0000000089100000, 0x0000000089100000|100%| O|  |TAMS 0x0000000089000000, 0x0000000089100000| Untracked 
| 145|0x0000000089100000, 0x0000000089200000, 0x0000000089200000|100%| O|  |TAMS 0x0000000089100000, 0x0000000089200000| Untracked 
| 146|0x0000000089200000, 0x0000000089300000, 0x0000000089300000|100%| O|  |TAMS 0x0000000089200000, 0x0000000089300000| Untracked 
| 147|0x0000000089300000, 0x0000000089400000, 0x0000000089400000|100%| O|  |TAMS 0x0000000089300000, 0x0000000089400000| Untracked 
| 148|0x0000000089400000, 0x0000000089500000, 0x0000000089500000|100%| O|  |TAMS 0x0000000089400000, 0x0000000089500000| Untracked 
| 149|0x0000000089500000, 0x0000000089600000, 0x0000000089600000|100%| O|  |TAMS 0x0000000089500000, 0x0000000089600000| Untracked 
| 150|0x0000000089600000, 0x0000000089700000, 0x0000000089700000|100%| O|  |TAMS 0x0000000089600000, 0x0000000089700000| Untracked 
| 151|0x0000000089700000, 0x0000000089800000, 0x0000000089800000|100%| O|  |TAMS 0x0000000089700000, 0x0000000089800000| Untracked 
| 152|0x0000000089800000, 0x0000000089900000, 0x0000000089900000|100%| O|  |TAMS 0x0000000089800000, 0x0000000089900000| Untracked 
| 153|0x0000000089900000, 0x0000000089a00000, 0x0000000089a00000|100%| O|  |TAMS 0x0000000089900000, 0x0000000089a00000| Untracked 
| 154|0x0000000089a00000, 0x0000000089b00000, 0x0000000089b00000|100%| O|  |TAMS 0x0000000089a00000, 0x0000000089b00000| Untracked 
| 155|0x0000000089b00000, 0x0000000089c00000, 0x0000000089c00000|100%| O|  |TAMS 0x0000000089b00000, 0x0000000089c00000| Untracked 
| 156|0x0000000089c00000, 0x0000000089d00000, 0x0000000089d00000|100%| O|  |TAMS 0x0000000089c00000, 0x0000000089d00000| Untracked 
| 157|0x0000000089d00000, 0x0000000089e00000, 0x0000000089e00000|100%| O|  |TAMS 0x0000000089d00000, 0x0000000089e00000| Untracked 
| 158|0x0000000089e00000, 0x0000000089f00000, 0x0000000089f00000|100%| O|  |TAMS 0x0000000089e00000, 0x0000000089f00000| Untracked 
| 159|0x0000000089f00000, 0x000000008a000000, 0x000000008a000000|100%| O|  |TAMS 0x0000000089f00000, 0x000000008a000000| Untracked 
| 160|0x000000008a000000, 0x000000008a100000, 0x000000008a100000|100%| O|  |TAMS 0x000000008a000000, 0x000000008a100000| Untracked 
| 161|0x000000008a100000, 0x000000008a200000, 0x000000008a200000|100%| O|  |TAMS 0x000000008a100000, 0x000000008a200000| Untracked 
| 162|0x000000008a200000, 0x000000008a300000, 0x000000008a300000|100%| O|  |TAMS 0x000000008a200000, 0x000000008a300000| Untracked 
| 163|0x000000008a300000, 0x000000008a400000, 0x000000008a400000|100%| O|  |TAMS 0x000000008a300000, 0x000000008a400000| Untracked 
| 164|0x000000008a400000, 0x000000008a500000, 0x000000008a500000|100%| O|  |TAMS 0x000000008a400000, 0x000000008a500000| Untracked 
| 165|0x000000008a500000, 0x000000008a600000, 0x000000008a600000|100%| O|  |TAMS 0x000000008a500000, 0x000000008a600000| Untracked 
| 166|0x000000008a600000, 0x000000008a700000, 0x000000008a700000|100%| O|  |TAMS 0x000000008a600000, 0x000000008a600000| Untracked 
| 167|0x000000008a700000, 0x000000008a800000, 0x000000008a800000|100%| O|  |TAMS 0x000000008a700000, 0x000000008a700000| Untracked 
| 168|0x000000008a800000, 0x000000008a900000, 0x000000008a900000|100%| O|  |TAMS 0x000000008a800000, 0x000000008a800000| Untracked 
| 169|0x000000008a900000, 0x000000008aa00000, 0x000000008aa00000|100%| O|  |TAMS 0x000000008a900000, 0x000000008a900000| Untracked 
| 170|0x000000008aa00000, 0x000000008ab00000, 0x000000008ab00000|100%| O|  |TAMS 0x000000008aa00000, 0x000000008aa00000| Untracked 
| 171|0x000000008ab00000, 0x000000008ac00000, 0x000000008ac00000|100%| O|  |TAMS 0x000000008ab00000, 0x000000008ab00000| Untracked 
| 172|0x000000008ac00000, 0x000000008ad00000, 0x000000008ad00000|100%| O|  |TAMS 0x000000008ac00000, 0x000000008ac00000| Untracked 
| 173|0x000000008ad00000, 0x000000008ae00000, 0x000000008ae00000|100%| O|  |TAMS 0x000000008ad00000, 0x000000008ad00000| Untracked 
| 174|0x000000008ae00000, 0x000000008af00000, 0x000000008af00000|100%| O|  |TAMS 0x000000008ae00000, 0x000000008ae00000| Untracked 
| 175|0x000000008af00000, 0x000000008b000000, 0x000000008b000000|100%| O|  |TAMS 0x000000008af00000, 0x000000008af00000| Untracked 
| 176|0x000000008b000000, 0x000000008b100000, 0x000000008b100000|100%| O|  |TAMS 0x000000008b000000, 0x000000008b000000| Untracked 
| 177|0x000000008b100000, 0x000000008b200000, 0x000000008b200000|100%| O|  |TAMS 0x000000008b100000, 0x000000008b100000| Untracked 
| 178|0x000000008b200000, 0x000000008b300000, 0x000000008b300000|100%| O|  |TAMS 0x000000008b200000, 0x000000008b200000| Untracked 
| 179|0x000000008b300000, 0x000000008b400000, 0x000000008b400000|100%| O|  |TAMS 0x000000008b300000, 0x000000008b300000| Untracked 
| 180|0x000000008b400000, 0x000000008b500000, 0x000000008b500000|100%| O|  |TAMS 0x000000008b400000, 0x000000008b400000| Untracked 
| 181|0x000000008b500000, 0x000000008b600000, 0x000000008b600000|100%| O|  |TAMS 0x000000008b500000, 0x000000008b500000| Untracked 
| 182|0x000000008b600000, 0x000000008b700000, 0x000000008b700000|100%| O|  |TAMS 0x000000008b600000, 0x000000008b600000| Untracked 
| 183|0x000000008b700000, 0x000000008b800000, 0x000000008b800000|100%| O|  |TAMS 0x000000008b700000, 0x000000008b700000| Untracked 
| 184|0x000000008b800000, 0x000000008b800000, 0x000000008b900000|  0%| F|  |TAMS 0x000000008b800000, 0x000000008b800000| Untracked 
| 185|0x000000008b900000, 0x000000008b900000, 0x000000008ba00000|  0%| F|  |TAMS 0x000000008b900000, 0x000000008b900000| Untracked 
| 186|0x000000008ba00000, 0x000000008ba00000, 0x000000008bb00000|  0%| F|  |TAMS 0x000000008ba00000, 0x000000008ba00000| Untracked 
| 187|0x000000008bb00000, 0x000000008bb00000, 0x000000008bc00000|  0%| F|  |TAMS 0x000000008bb00000, 0x000000008bb00000| Untracked 
| 188|0x000000008bc00000, 0x000000008bc00000, 0x000000008bd00000|  0%| F|  |TAMS 0x000000008bc00000, 0x000000008bc00000| Untracked 
| 189|0x000000008bd00000, 0x000000008bd00000, 0x000000008be00000|  0%| F|  |TAMS 0x000000008bd00000, 0x000000008bd00000| Untracked 
| 190|0x000000008be00000, 0x000000008be00000, 0x000000008bf00000|  0%| F|  |TAMS 0x000000008be00000, 0x000000008be00000| Untracked 
| 191|0x000000008bf00000, 0x000000008bf00000, 0x000000008c000000|  0%| F|  |TAMS 0x000000008bf00000, 0x000000008bf00000| Untracked 
| 192|0x000000008c000000, 0x000000008c000000, 0x000000008c100000|  0%| F|  |TAMS 0x000000008c000000, 0x000000008c000000| Untracked 
| 193|0x000000008c100000, 0x000000008c100000, 0x000000008c200000|  0%| F|  |TAMS 0x000000008c100000, 0x000000008c100000| Untracked 
| 194|0x000000008c200000, 0x000000008c200000, 0x000000008c300000|  0%| F|  |TAMS 0x000000008c200000, 0x000000008c200000| Untracked 
| 195|0x000000008c300000, 0x000000008c300000, 0x000000008c400000|  0%| F|  |TAMS 0x000000008c300000, 0x000000008c300000| Untracked 
| 196|0x000000008c400000, 0x000000008c400000, 0x000000008c500000|  0%| F|  |TAMS 0x000000008c400000, 0x000000008c400000| Untracked 
| 197|0x000000008c500000, 0x000000008c500000, 0x000000008c600000|  0%| F|  |TAMS 0x000000008c500000, 0x000000008c500000| Untracked 
| 198|0x000000008c600000, 0x000000008c600000, 0x000000008c700000|  0%| F|  |TAMS 0x000000008c600000, 0x000000008c600000| Untracked 
| 199|0x000000008c700000, 0x000000008c700000, 0x000000008c800000|  0%| F|  |TAMS 0x000000008c700000, 0x000000008c700000| Untracked 
| 200|0x000000008c800000, 0x000000008c800000, 0x000000008c900000|  0%| F|  |TAMS 0x000000008c800000, 0x000000008c800000| Untracked 
| 201|0x000000008c900000, 0x000000008c900000, 0x000000008ca00000|  0%| F|  |TAMS 0x000000008c900000, 0x000000008c900000| Untracked 
| 202|0x000000008ca00000, 0x000000008ca00000, 0x000000008cb00000|  0%| F|  |TAMS 0x000000008ca00000, 0x000000008ca00000| Untracked 
| 203|0x000000008cb00000, 0x000000008cb00000, 0x000000008cc00000|  0%| F|  |TAMS 0x000000008cb00000, 0x000000008cb00000| Untracked 
| 204|0x000000008cc00000, 0x000000008cc00000, 0x000000008cd00000|  0%| F|  |TAMS 0x000000008cc00000, 0x000000008cc00000| Untracked 
| 205|0x000000008cd00000, 0x000000008cd00000, 0x000000008ce00000|  0%| F|  |TAMS 0x000000008cd00000, 0x000000008cd00000| Untracked 
| 206|0x000000008ce00000, 0x000000008ce00000, 0x000000008cf00000|  0%| F|  |TAMS 0x000000008ce00000, 0x000000008ce00000| Untracked 
| 207|0x000000008cf00000, 0x000000008cf00000, 0x000000008d000000|  0%| F|  |TAMS 0x000000008cf00000, 0x000000008cf00000| Untracked 
| 208|0x000000008d000000, 0x000000008d000000, 0x000000008d100000|  0%| F|  |TAMS 0x000000008d000000, 0x000000008d000000| Untracked 
| 209|0x000000008d100000, 0x000000008d100000, 0x000000008d200000|  0%| F|  |TAMS 0x000000008d100000, 0x000000008d100000| Untracked 
| 210|0x000000008d200000, 0x000000008d200000, 0x000000008d300000|  0%| F|  |TAMS 0x000000008d200000, 0x000000008d200000| Untracked 
| 211|0x000000008d300000, 0x000000008d300000, 0x000000008d400000|  0%| F|  |TAMS 0x000000008d300000, 0x000000008d300000| Untracked 
| 212|0x000000008d400000, 0x000000008d400000, 0x000000008d500000|  0%| F|  |TAMS 0x000000008d400000, 0x000000008d400000| Untracked 
| 213|0x000000008d500000, 0x000000008d500000, 0x000000008d600000|  0%| F|  |TAMS 0x000000008d500000, 0x000000008d500000| Untracked 
| 214|0x000000008d600000, 0x000000008d600000, 0x000000008d700000|  0%| F|  |TAMS 0x000000008d600000, 0x000000008d600000| Untracked 
| 215|0x000000008d700000, 0x000000008d700000, 0x000000008d800000|  0%| F|  |TAMS 0x000000008d700000, 0x000000008d700000| Untracked 
| 216|0x000000008d800000, 0x000000008d800000, 0x000000008d900000|  0%| F|  |TAMS 0x000000008d800000, 0x000000008d800000| Untracked 
| 217|0x000000008d900000, 0x000000008d900000, 0x000000008da00000|  0%| F|  |TAMS 0x000000008d900000, 0x000000008d900000| Untracked 
| 218|0x000000008da00000, 0x000000008da00000, 0x000000008db00000|  0%| F|  |TAMS 0x000000008da00000, 0x000000008da00000| Untracked 
| 219|0x000000008db00000, 0x000000008db00000, 0x000000008dc00000|  0%| F|  |TAMS 0x000000008db00000, 0x000000008db00000| Untracked 
| 220|0x000000008dc00000, 0x000000008dc00000, 0x000000008dd00000|  0%| F|  |TAMS 0x000000008dc00000, 0x000000008dc00000| Untracked 
| 221|0x000000008dd00000, 0x000000008de00000, 0x000000008de00000|100%| S|CS|TAMS 0x000000008dd00000, 0x000000008dd00000| Complete 
| 222|0x000000008de00000, 0x000000008df00000, 0x000000008df00000|100%| S|CS|TAMS 0x000000008de00000, 0x000000008de00000| Complete 
| 223|0x000000008df00000, 0x000000008e000000, 0x000000008e000000|100%| S|CS|TAMS 0x000000008df00000, 0x000000008df00000| Complete 
| 224|0x000000008e000000, 0x000000008e100000, 0x000000008e100000|100%| S|CS|TAMS 0x000000008e000000, 0x000000008e000000| Complete 
| 225|0x000000008e100000, 0x000000008e200000, 0x000000008e200000|100%| S|CS|TAMS 0x000000008e100000, 0x000000008e100000| Complete 
| 226|0x000000008e200000, 0x000000008e200000, 0x000000008e300000|  0%| F|  |TAMS 0x000000008e200000, 0x000000008e200000| Untracked 
| 227|0x000000008e300000, 0x000000008e300000, 0x000000008e400000|  0%| F|  |TAMS 0x000000008e300000, 0x000000008e300000| Untracked 
| 228|0x000000008e400000, 0x000000008e400000, 0x000000008e500000|  0%| F|  |TAMS 0x000000008e400000, 0x000000008e400000| Untracked 
| 229|0x000000008e500000, 0x000000008e500000, 0x000000008e600000|  0%| F|  |TAMS 0x000000008e500000, 0x000000008e500000| Untracked 
| 230|0x000000008e600000, 0x000000008e600000, 0x000000008e700000|  0%| F|  |TAMS 0x000000008e600000, 0x000000008e600000| Untracked 
| 231|0x000000008e700000, 0x000000008e700000, 0x000000008e800000|  0%| F|  |TAMS 0x000000008e700000, 0x000000008e700000| Untracked 
| 232|0x000000008e800000, 0x000000008e800000, 0x000000008e900000|  0%| F|  |TAMS 0x000000008e800000, 0x000000008e800000| Untracked 
| 233|0x000000008e900000, 0x000000008e900000, 0x000000008ea00000|  0%| F|  |TAMS 0x000000008e900000, 0x000000008e900000| Untracked 
| 234|0x000000008ea00000, 0x000000008ea00000, 0x000000008eb00000|  0%| F|  |TAMS 0x000000008ea00000, 0x000000008ea00000| Untracked 
| 235|0x000000008eb00000, 0x000000008eb00000, 0x000000008ec00000|  0%| F|  |TAMS 0x000000008eb00000, 0x000000008eb00000| Untracked 
| 236|0x000000008ec00000, 0x000000008ec00000, 0x000000008ed00000|  0%| F|  |TAMS 0x000000008ec00000, 0x000000008ec00000| Untracked 
| 237|0x000000008ed00000, 0x000000008ed00000, 0x000000008ee00000|  0%| F|  |TAMS 0x000000008ed00000, 0x000000008ed00000| Untracked 
| 238|0x000000008ee00000, 0x000000008ee00000, 0x000000008ef00000|  0%| F|  |TAMS 0x000000008ee00000, 0x000000008ee00000| Untracked 
| 239|0x000000008ef00000, 0x000000008ef00000, 0x000000008f000000|  0%| F|  |TAMS 0x000000008ef00000, 0x000000008ef00000| Untracked 
| 240|0x000000008f000000, 0x000000008f000000, 0x000000008f100000|  0%| F|  |TAMS 0x000000008f000000, 0x000000008f000000| Untracked 
| 241|0x000000008f100000, 0x000000008f100000, 0x000000008f200000|  0%| F|  |TAMS 0x000000008f100000, 0x000000008f100000| Untracked 
| 242|0x000000008f200000, 0x000000008f200000, 0x000000008f300000|  0%| F|  |TAMS 0x000000008f200000, 0x000000008f200000| Untracked 
| 243|0x000000008f300000, 0x000000008f300000, 0x000000008f400000|  0%| F|  |TAMS 0x000000008f300000, 0x000000008f300000| Untracked 
| 244|0x000000008f400000, 0x000000008f400000, 0x000000008f500000|  0%| F|  |TAMS 0x000000008f400000, 0x000000008f400000| Untracked 
| 245|0x000000008f500000, 0x000000008f500000, 0x000000008f600000|  0%| F|  |TAMS 0x000000008f500000, 0x000000008f500000| Untracked 
| 246|0x000000008f600000, 0x000000008f600000, 0x000000008f700000|  0%| F|  |TAMS 0x000000008f600000, 0x000000008f600000| Untracked 
| 247|0x000000008f700000, 0x000000008f700000, 0x000000008f800000|  0%| F|  |TAMS 0x000000008f700000, 0x000000008f700000| Untracked 
| 248|0x000000008f800000, 0x000000008f800000, 0x000000008f900000|  0%| F|  |TAMS 0x000000008f800000, 0x000000008f800000| Untracked 
| 249|0x000000008f900000, 0x000000008f900000, 0x000000008fa00000|  0%| F|  |TAMS 0x000000008f900000, 0x000000008f900000| Untracked 
| 250|0x000000008fa00000, 0x000000008fa00000, 0x000000008fb00000|  0%| F|  |TAMS 0x000000008fa00000, 0x000000008fa00000| Untracked 
| 251|0x000000008fb00000, 0x000000008fb00000, 0x000000008fc00000|  0%| F|  |TAMS 0x000000008fb00000, 0x000000008fb00000| Untracked 
| 252|0x000000008fc00000, 0x000000008fc00000, 0x000000008fd00000|  0%| F|  |TAMS 0x000000008fc00000, 0x000000008fc00000| Untracked 
| 253|0x000000008fd00000, 0x000000008fd00000, 0x000000008fe00000|  0%| F|  |TAMS 0x000000008fd00000, 0x000000008fd00000| Untracked 

Card table byte_map: [0x000002079ac30000,0x000002079b030000] _byte_map_base: 0x000002079a830000

Marking Bits (Prev, Next): (CMBitMap*) 0x0000020783f0e6a8, (CMBitMap*) 0x0000020783f0e6e0
 Prev Bits: [0x000002079b430000, 0x000002079d430000)
 Next Bits: [0x000002079d430000, 0x000002079f430000)

Polling page: 0x0000020781da0000

Metaspace:

Usage:
  Non-class:     82.85 MB capacity,    81.40 MB ( 98%) used,     1.17 MB (  1%) free+waste,   283.44 KB ( <1%) overhead. 
      Class:     13.26 MB capacity,    12.32 MB ( 93%) used,   833.20 KB (  6%) free+waste,   134.00 KB ( <1%) overhead. 
       Both:     96.11 MB capacity,    93.72 MB ( 98%) used,     1.99 MB (  2%) free+waste,   417.44 KB ( <1%) overhead. 

Virtual space:
  Non-class space:       84.00 MB reserved,      83.00 MB ( 99%) committed 
      Class space:        1.00 GB reserved,      13.38 MB (  1%) committed 
             Both:        1.08 GB reserved,      96.38 MB (  9%) committed 

Chunk freelists:
   Non-Class:  3.13 KB
       Class:  2.63 KB
        Both:  5.75 KB

CodeHeap 'non-profiled nmethods': size=120000Kb used=7020Kb max_used=7020Kb free=112979Kb
 bounds [0x0000020792fd0000, 0x00000207936b0000, 0x000002079a500000]
CodeHeap 'profiled nmethods': size=120000Kb used=25201Kb max_used=25201Kb free=94798Kb
 bounds [0x000002078baa0000, 0x000002078d340000, 0x0000020792fd0000]
CodeHeap 'non-nmethods': size=5760Kb used=2320Kb max_used=2387Kb free=3439Kb
 bounds [0x000002078b500000, 0x000002078b770000, 0x000002078baa0000]
 total_blobs=12510 nmethods=11596 adapters=822
 compilation: enabled
              stopped_count=0, restarted_count=0
 full_count=0

Compilation events (10 events):
Event: 9.359 Thread 0x00000207a645c000 nmethod 11172 0x00000207936a8710 code [0x00000207936a88a0, 0x00000207936a89b8]
Event: 9.359 Thread 0x00000207a645c000 11532       4       com.android.tools.r8.graph.X$$Lambda$1255/0x0000000100cd4440::a (5 bytes)
Event: 9.377 Thread 0x00000207a645c000 nmethod 11532 0x00000207936a8b90 code [0x00000207936a8d60, 0x00000207936a96f8]
Event: 9.378 Thread 0x00000207a645c000 11687       4       com.android.tools.r8.graph.c0::a (129 bytes)
Event: 9.378 Thread 0x00000207a645c000 nmethod 11687 0x00000207936a9f90 code [0x00000207936aa100, 0x00000207936aa1b8]
Event: 9.378 Thread 0x00000207a645c000 11551       4       com.android.tools.r8.internal.f8::a (12 bytes)
Event: 9.382 Thread 0x00000207a645c000 nmethod 11551 0x00000207936aa310 code [0x00000207936aa4a0, 0x00000207936aa7e8]
Event: 9.382 Thread 0x00000207a645c000 11533       4       com.android.tools.r8.graph.X::a (10 bytes)
Event: 9.385 Thread 0x00000207a645c000 nmethod 11533 0x00000207936aa990 code [0x00000207936aab40, 0x00000207936aaea8]
Event: 9.385 Thread 0x00000207a645c000 11407       4       java.util.Arrays$ArrayList::iterator (12 bytes)

GC Heap History (10 events):
Event: 7.566 GC heap after
{Heap after GC invocations=15 (full 0):
 garbage-first heap   total 260096K, used 77374K [0x0000000080000000, 0x0000000100000000)
  region size 1024K, 8 young (8192K), 8 survivors (8192K)
 Metaspace       used 85760K, capacity 88005K, committed 88320K, reserved 1126400K
  class space    used 11099K, capacity 11933K, committed 12032K, reserved 1048576K
}
Event: 8.097 GC heap before
{Heap before GC invocations=15 (full 0):
 garbage-first heap   total 260096K, used 176702K [0x0000000080000000, 0x0000000100000000)
  region size 1024K, 106 young (108544K), 8 survivors (8192K)
 Metaspace       used 87812K, capacity 90112K, committed 90368K, reserved 1128448K
  class space    used 11348K, capacity 12234K, committed 12288K, reserved 1048576K
}
Event: 8.105 GC heap after
{Heap after GC invocations=16 (full 0):
 garbage-first heap   total 260096K, used 81749K [0x0000000080000000, 0x0000000100000000)
  region size 1024K, 12 young (12288K), 12 survivors (12288K)
 Metaspace       used 87812K, capacity 90112K, committed 90368K, reserved 1128448K
  class space    used 11348K, capacity 12234K, committed 12288K, reserved 1048576K
}
Event: 8.715 GC heap before
{Heap before GC invocations=16 (full 0):
 garbage-first heap   total 260096K, used 216917K [0x0000000080000000, 0x0000000100000000)
  region size 1024K, 112 young (114688K), 12 survivors (12288K)
 Metaspace       used 93586K, capacity 96013K, committed 96256K, reserved 1132544K
  class space    used 12111K, capacity 13042K, committed 13056K, reserved 1048576K
}
Event: 8.726 GC heap after
{Heap after GC invocations=17 (full 0):
 garbage-first heap   total 260096K, used 120746K [0x0000000080000000, 0x0000000100000000)
  region size 1024K, 14 young (14336K), 14 survivors (14336K)
 Metaspace       used 93586K, capacity 96013K, committed 96256K, reserved 1132544K
  class space    used 12111K, capacity 13042K, committed 13056K, reserved 1048576K
}
Event: 9.097 GC heap before
{Heap before GC invocations=17 (full 0):
 garbage-first heap   total 260096K, used 198570K [0x0000000080000000, 0x0000000100000000)
  region size 1024K, 89 young (91136K), 14 survivors (14336K)
 Metaspace       used 95825K, capacity 98337K, committed 98688K, reserved 1134592K
  class space    used 12611K, capacity 13579K, committed 13696K, reserved 1048576K
}
Event: 9.126 GC heap after
{Heap after GC invocations=18 (full 0):
 garbage-first heap   total 260096K, used 152991K [0x0000000080000000, 0x0000000100000000)
  region size 1024K, 12 young (12288K), 12 survivors (12288K)
 Metaspace       used 95825K, capacity 98337K, committed 98688K, reserved 1134592K
  class space    used 12611K, capacity 13579K, committed 13696K, reserved 1048576K
}
Event: 9.243 GC heap before
{Heap before GC invocations=18 (full 0):
 garbage-first heap   total 260096K, used 199071K [0x0000000080000000, 0x0000000100000000)
  region size 1024K, 58 young (59392K), 12 survivors (12288K)
 Metaspace       used 95957K, capacity 98418K, committed 98688K, reserved 1134592K
  class space    used 12611K, capacity 13579K, committed 13696K, reserved 1048576K
}
Event: 9.272 GC heap after
{Heap after GC invocations=19 (full 0):
 garbage-first heap   total 260096K, used 178176K [0x0000000080000000, 0x0000000100000000)
  region size 1024K, 8 young (8192K), 8 survivors (8192K)
 Metaspace       used 95957K, capacity 98418K, committed 98688K, reserved 1134592K
  class space    used 12611K, capacity 13579K, committed 13696K, reserved 1048576K
}
Event: 9.386 GC heap before
{Heap before GC invocations=19 (full 0):
 garbage-first heap   total 260096K, used 205824K [0x0000000080000000, 0x0000000100000000)
  region size 1024K, 36 young (36864K), 8 survivors (8192K)
 Metaspace       used 95965K, capacity 98418K, committed 98688K, reserved 1134592K
  class space    used 12611K, capacity 13579K, committed 13696K, reserved 1048576K
}

Deoptimization events (10 events):
Event: 8.649 Thread 0x00000207ac10c800 Uncommon trap: reason=unstable_if action=reinterpret pc=0x00000207930a1ffc method=sun.nio.cs.UTF_8$Encoder.encodeArrayLoop(Ljava/nio/CharBuffer;Ljava/nio/ByteBuffer;)Ljava/nio/charset/CoderResult; @ 113 c2
Event: 8.872 Thread 0x00000207ac10c000 Uncommon trap: reason=unstable_if action=reinterpret pc=0x0000020793661a6c method=com.android.tools.r8.graph.e0.equals(Ljava/lang/Object;)Z @ 28 c2
Event: 8.909 Thread 0x00000207ac2f9000 Uncommon trap: reason=class_check action=maybe_recompile pc=0x000002079365c7a8 method=com.android.tools.r8.dex.j.a(ILjava/util/function/Supplier;)Ljava/lang/Object; @ 33 c2
Event: 8.909 Thread 0x00000207ac2fd000 Uncommon trap: reason=class_check action=maybe_recompile pc=0x000002079365c7a8 method=com.android.tools.r8.dex.j.a(ILjava/util/function/Supplier;)Ljava/lang/Object; @ 33 c2
Event: 8.909 Thread 0x00000207ac119000 Uncommon trap: reason=class_check action=maybe_recompile pc=0x000002079365c7a8 method=com.android.tools.r8.dex.j.a(ILjava/util/function/Supplier;)Ljava/lang/Object; @ 33 c2
Event: 8.909 Thread 0x00000207ac2ff800 Uncommon trap: reason=class_check action=maybe_recompile pc=0x000002079365c7a8 method=com.android.tools.r8.dex.j.a(ILjava/util/function/Supplier;)Ljava/lang/Object; @ 33 c2
Event: 8.909 Thread 0x00000207ac118000 Uncommon trap: reason=class_check action=maybe_recompile pc=0x000002079365c7a8 method=com.android.tools.r8.dex.j.a(ILjava/util/function/Supplier;)Ljava/lang/Object; @ 33 c2
Event: 8.960 Thread 0x00000207ac119000 Uncommon trap: reason=unstable_if action=reinterpret pc=0x0000020793660c08 method=com.android.tools.r8.graph.X.g(Ljava/lang/Object;)Z @ 37 c2
Event: 8.960 Thread 0x00000207ac2fd000 Uncommon trap: reason=unstable_if action=reinterpret pc=0x000002079365a764 method=com.android.tools.r8.internal.Ah.get(I)Ljava/lang/Object; @ 1 c2
Event: 9.280 Thread 0x00000207ac118000 Uncommon trap: reason=unstable_if action=reinterpret pc=0x0000020793699bec method=com.android.tools.r8.dex.j.i()Lcom/android/tools/r8/graph/f0; @ 27 c2

Classes redefined (0 events):
No events

Internal exceptions (10 events):
Event: 8.632 Thread 0x00000207ac10c000 Exception <a 'java/lang/NoSuchMethodError'{0x000000008aa2fa70}: java.lang.invoke.DirectMethodHandle$Holder.invokeStaticInit(Ljava/lang/Object;Ljava/lang/Object;Ljava/lang/Object;Ljava/lang/Object;Ljava/lang/Object;Ljava/lang/Object;Ljava/lang/Object;Ljava
Event: 8.649 Thread 0x00000207ac10c800 Exception <a 'java/lang/NoSuchMethodError'{0x000000008a1b6138}: java.lang.invoke.DirectMethodHandle$Holder.invokeSpecialIFC(Ljava/lang/Object;Ljava/lang/Object;Ljava/lang/Object;)I> (0x000000008a1b6138) thrown at [./open/src/hotspot/share/interpreter/link
Event: 8.912 Thread 0x00000207ac2fe000 Exception <a 'java/lang/IncompatibleClassChangeError'{0x000000008d365f10}: Found class java.lang.Object, but interface was expected> (0x000000008d365f10) thrown at [./open/src/hotspot/share/interpreter/linkResolver.cpp, line 838]
Event: 8.912 Thread 0x00000207ac2fc800 Exception <a 'java/lang/IncompatibleClassChangeError'{0x000000008d38a480}: Found class java.lang.Object, but interface was expected> (0x000000008d38a480) thrown at [./open/src/hotspot/share/interpreter/linkResolver.cpp, line 838]
Event: 8.914 Thread 0x00000207ac2fd000 Exception <a 'java/lang/NoSuchMethodError'{0x000000008d3dd830}: java.lang.invoke.DirectMethodHandle$Holder.newInvokeSpecial(Ljava/lang/Object;I)Ljava/lang/Object;> (0x000000008d3dd830) thrown at [./open/src/hotspot/share/interpreter/linkResolver.cpp, line
Event: 8.916 Thread 0x00000207ac2fe000 Exception <a 'java/lang/IncompatibleClassChangeError'{0x000000008d22c8c0}: Found class java.lang.Object, but interface was expected> (0x000000008d22c8c0) thrown at [./open/src/hotspot/share/interpreter/linkResolver.cpp, line 838]
Event: 8.916 Thread 0x00000207ac119000 Exception <a 'java/lang/IncompatibleClassChangeError'{0x000000008d231c80}: Found class java.lang.Object, but interface was expected> (0x000000008d231c80) thrown at [./open/src/hotspot/share/interpreter/linkResolver.cpp, line 838]
Event: 8.916 Thread 0x00000207ac2fc800 Exception <a 'java/lang/IncompatibleClassChangeError'{0x000000008d241668}: Found class java.lang.Object, but interface was expected> (0x000000008d241668) thrown at [./open/src/hotspot/share/interpreter/linkResolver.cpp, line 838]
Event: 8.917 Thread 0x00000207ac2fe000 Exception <a 'java/lang/IncompatibleClassChangeError'{0x000000008d24f8c0}: Found class java.lang.Object, but interface was expected> (0x000000008d24f8c0) thrown at [./open/src/hotspot/share/interpreter/linkResolver.cpp, line 838]
Event: 8.917 Thread 0x00000207ac2fc800 Exception <a 'java/lang/IncompatibleClassChangeError'{0x000000008d244030}: Found class java.lang.Object, but interface was expected> (0x000000008d244030) thrown at [./open/src/hotspot/share/interpreter/linkResolver.cpp, line 838]

Events (10 events):
Event: 9.097 Executing VM operation: G1CollectForAllocation
Event: 9.126 Executing VM operation: G1CollectForAllocation done
Event: 9.241 loading class com/android/tools/r8/graph/f0$a
Event: 9.241 loading class com/android/tools/r8/graph/f0$a done
Event: 9.243 Executing VM operation: G1CollectForAllocation
Event: 9.272 Executing VM operation: G1CollectForAllocation done
Event: 9.280 Thread 0x00000207ac118000 Uncommon trap: trap_request=0xffffff4d fr.pc=0x0000020793699bec relative=0x000000000000250c
Event: 9.280 Thread 0x00000207ac118000 DEOPT PACKING pc=0x0000020793699bec sp=0x000000c9009febc0
Event: 9.280 Thread 0x00000207ac118000 DEOPT UNPACKING pc=0x000002078b52662f sp=0x000000c9009febc8 mode 2
Event: 9.386 Executing VM operation: G1CollectForAllocation


Dynamic libraries:
0x00007ff67b580000 - 0x00007ff67b58f000 	C:\Program Files\Java\jdk-11.0.13\bin\java.exe
0x00007ffcc7050000 - 0x00007ffcc7244000 	C:\Windows\SYSTEM32\ntdll.dll
0x00007ffca7550000 - 0x00007ffca7566000 	C:\Program Files\Avast Software\Avast\aswhook.dll
0x00007ffcc5340000 - 0x00007ffcc53fd000 	C:\Windows\System32\KERNEL32.DLL
0x00007ffcc4b10000 - 0x00007ffcc4dd7000 	C:\Windows\System32\KERNELBASE.dll
0x00007ffcc4e10000 - 0x00007ffcc4f10000 	C:\Windows\System32\ucrtbase.dll
0x00007ffcb25e0000 - 0x00007ffcb25f8000 	C:\Program Files\Java\jdk-11.0.13\bin\jli.dll
0x00007ffcafb50000 - 0x00007ffcafb65000 	C:\Program Files\Java\jdk-11.0.13\bin\VCRUNTIME140.dll
0x00007ffcc6810000 - 0x00007ffcc68ba000 	C:\Windows\System32\ADVAPI32.dll
0x00007ffcc65c0000 - 0x00007ffcc665e000 	C:\Windows\System32\msvcrt.dll
0x00007ffcc6c70000 - 0x00007ffcc6d0b000 	C:\Windows\System32\sechost.dll
0x00007ffcc50f0000 - 0x00007ffcc5213000 	C:\Windows\System32\RPCRT4.dll
0x00007ffcc69a0000 - 0x00007ffcc6b40000 	C:\Windows\System32\USER32.dll
0x00007ffcc4de0000 - 0x00007ffcc4e02000 	C:\Windows\System32\win32u.dll
0x00007ffcad2e0000 - 0x00007ffcad57a000 	C:\Windows\WinSxS\amd64_microsoft.windows.common-controls_6595b64144ccf1df_6.0.19041.1_none_b555e41d4684ddec\COMCTL32.dll
0x00007ffcc7020000 - 0x00007ffcc704a000 	C:\Windows\System32\GDI32.dll
0x00007ffcc4980000 - 0x00007ffcc4a8a000 	C:\Windows\System32\gdi32full.dll
0x00007ffcc47d0000 - 0x00007ffcc486d000 	C:\Windows\System32\msvcp_win.dll
0x00007ffcbea60000 - 0x00007ffcbea6a000 	C:\Windows\SYSTEM32\VERSION.dll
0x00007ffcc6ea0000 - 0x00007ffcc6ed0000 	C:\Windows\System32\IMM32.DLL
0x00007ffc82790000 - 0x00007ffc8282b000 	C:\Program Files\Java\jdk-11.0.13\bin\msvcp140.dll
0x00007ffc56de0000 - 0x00007ffc578f3000 	C:\Program Files\Java\jdk-11.0.13\bin\server\jvm.dll
0x00007ffcc5280000 - 0x00007ffcc5288000 	C:\Windows\System32\PSAPI.DLL
0x00007ffcb0120000 - 0x00007ffcb0147000 	C:\Windows\SYSTEM32\WINMM.dll
0x00007ffcb1610000 - 0x00007ffcb1619000 	C:\Windows\SYSTEM32\WSOCK32.dll
0x00007ffcc6f30000 - 0x00007ffcc6f9b000 	C:\Windows\System32\WS2_32.dll
0x00007ffcc30e0000 - 0x00007ffcc30f3000 	C:\Windows\SYSTEM32\kernel.appcore.dll
0x00007ffcb4690000 - 0x00007ffcb46a0000 	C:\Program Files\Java\jdk-11.0.13\bin\verify.dll
0x00007ffcc2650000 - 0x00007ffcc2834000 	C:\Windows\SYSTEM32\DBGHELP.DLL
0x00007ffcbc1c0000 - 0x00007ffcbc1ec000 	C:\Windows\SYSTEM32\dbgcore.DLL
0x00007ffcc4a90000 - 0x00007ffcc4b0f000 	C:\Windows\System32\bcryptPrimitives.dll
0x00007ffcafac0000 - 0x00007ffcafae8000 	C:\Program Files\Java\jdk-11.0.13\bin\java.dll
0x00007ffcb32a0000 - 0x00007ffcb32aa000 	C:\Program Files\Java\jdk-11.0.13\bin\jimage.dll
0x00007ffcafa80000 - 0x00007ffcafa96000 	C:\Program Files\Java\jdk-11.0.13\bin\zip.dll
0x00007ffcc5400000 - 0x00007ffcc5b31000 	C:\Windows\System32\SHELL32.dll
0x00007ffcc2840000 - 0x00007ffcc2fca000 	C:\Windows\SYSTEM32\windows.storage.dll
0x00007ffcc5c30000 - 0x00007ffcc5f84000 	C:\Windows\System32\combase.dll
0x00007ffcc4250000 - 0x00007ffcc427b000 	C:\Windows\SYSTEM32\Wldp.dll
0x00007ffcc60a0000 - 0x00007ffcc614e000 	C:\Windows\System32\SHCORE.dll
0x00007ffcc6ed0000 - 0x00007ffcc6f25000 	C:\Windows\System32\shlwapi.dll
0x00007ffcc4710000 - 0x00007ffcc472f000 	C:\Windows\SYSTEM32\profapi.dll
0x00007ffcaf200000 - 0x00007ffcaf219000 	C:\Program Files\Java\jdk-11.0.13\bin\net.dll
0x00007ffcb4e90000 - 0x00007ffcb4f92000 	C:\Windows\SYSTEM32\WINHTTP.dll
0x00007ffcc3fd0000 - 0x00007ffcc403a000 	C:\Windows\system32\mswsock.dll
0x00007ffcaaba0000 - 0x00007ffcaabb2000 	C:\Program Files\Java\jdk-11.0.13\bin\nio.dll
0x00007ffcb32b0000 - 0x00007ffcb32d7000 	C:\Users\Aslan\.gradle\native\8bec1ad78214c89d9ad589b4d07fe93259594b29d510b10fafb7a158f7737e5d\windows-amd64\native-platform.dll
0x00007ffc825e0000 - 0x00007ffc8271d000 	C:\Users\Aslan\.gradle\native\53dbd7edfb1c66fb8903c78663c9afc45aea4f116125fa6feffd364cf09443e8\windows-amd64\native-platform-file-events.dll
0x00007ffcb4730000 - 0x00007ffcb4739000 	C:\Program Files\Java\jdk-11.0.13\bin\management.dll
0x00007ffcb4720000 - 0x00007ffcb472b000 	C:\Program Files\Java\jdk-11.0.13\bin\management_ext.dll
0x00007ffcc41a0000 - 0x00007ffcc41b8000 	C:\Windows\SYSTEM32\CRYPTSP.dll
0x00007ffcc38f0000 - 0x00007ffcc3924000 	C:\Windows\system32\rsaenh.dll
0x00007ffcc5070000 - 0x00007ffcc5097000 	C:\Windows\System32\bcrypt.dll
0x00007ffcc4690000 - 0x00007ffcc46be000 	C:\Windows\SYSTEM32\USERENV.dll
0x00007ffcc41c0000 - 0x00007ffcc41cc000 	C:\Windows\SYSTEM32\CRYPTBASE.dll
0x00007ffcc3c70000 - 0x00007ffcc3cab000 	C:\Windows\SYSTEM32\IPHLPAPI.DLL
0x00007ffcc6c60000 - 0x00007ffcc6c69000 	C:\Windows\System32\NSI.dll
0x00007ffcbceb0000 - 0x00007ffcbcec7000 	C:\Windows\SYSTEM32\dhcpcsvc6.DLL
0x00007ffcbd980000 - 0x00007ffcbd99d000 	C:\Windows\SYSTEM32\dhcpcsvc.DLL
0x00007ffcc3cc0000 - 0x00007ffcc3d8a000 	C:\Windows\SYSTEM32\DNSAPI.dll

dbghelp: loaded successfully - version: 4.0.5 - missing functions: none
symbol engine: initialized successfully - sym options: 0x614 - pdb path: .;C:\Program Files\Java\jdk-11.0.13\bin;C:\Windows\SYSTEM32;C:\Program Files\Avast Software\Avast;C:\Windows\WinSxS\amd64_microsoft.windows.common-controls_6595b64144ccf1df_6.0.19041.1_none_b555e41d4684ddec;C:\Program Files\Java\jdk-11.0.13\bin\server;C:\Users\Aslan\.gradle\native\8bec1ad78214c89d9ad589b4d07fe93259594b29d510b10fafb7a158f7737e5d\windows-amd64;C:\Users\Aslan\.gradle\native\53dbd7edfb1c66fb8903c78663c9afc45aea4f116125fa6feffd364cf09443e8\windows-amd64

VM Arguments:
jvm_args: --add-opens=java.base/java.util=ALL-UNNAMED --add-opens=java.base/java.lang=ALL-UNNAMED --add-opens=java.base/java.lang.invoke=ALL-UNNAMED --add-opens=java.base/java.util=ALL-UNNAMED --add-opens=java.prefs/java.util.prefs=ALL-UNNAMED --add-opens=java.prefs/java.util.prefs=ALL-UNNAMED --add-opens=java.base/java.nio.charset=ALL-UNNAMED --add-opens=java.base/java.net=ALL-UNNAMED --add-opens=java.base/java.util.concurrent.atomic=ALL-UNNAMED -Xmx2048m -Dfile.encoding=UTF-8 -Duser.country=RU -Duser.language=ru -Duser.variant 
java_command: org.gradle.launcher.daemon.bootstrap.GradleDaemon 7.0.2
java_class_path (initial): C:\Users\Aslan\.gradle\wrapper\dists\gradle-7.0.2-bin\857tjihv64xamwrf0h14cai3r\gradle-7.0.2\lib\gradle-launcher-7.0.2.jar
Launcher Type: SUN_STANDARD

[Global flags]
     intx CICompilerCount                          = 4                                         {product} {ergonomic}
     uint ConcGCThreads                            = 2                                         {product} {ergonomic}
     uint G1ConcRefinementThreads                  = 8                                         {product} {ergonomic}
   size_t G1HeapRegionSize                         = 1048576                                   {product} {ergonomic}
    uintx GCDrainStackTargetSize                   = 64                                        {product} {ergonomic}
   size_t InitialHeapSize                          = 266338304                                 {product} {ergonomic}
   size_t MarkStackSize                            = 4194304                                   {product} {ergonomic}
   size_t MaxHeapSize                              = 2147483648                                {product} {command line}
   size_t MaxNewSize                               = 1287651328                                {product} {ergonomic}
   size_t MinHeapDeltaBytes                        = 1048576                                   {product} {ergonomic}
    uintx NonNMethodCodeHeapSize                   = 5836300                                {pd product} {ergonomic}
    uintx NonProfiledCodeHeapSize                  = 122910970                              {pd product} {ergonomic}
    uintx ProfiledCodeHeapSize                     = 122910970                              {pd product} {ergonomic}
    uintx ReservedCodeCacheSize                    = 251658240                              {pd product} {ergonomic}
     bool SegmentedCodeCache                       = true                                      {product} {ergonomic}
     bool UseCompressedClassPointers               = true                                 {lp64_product} {ergonomic}
     bool UseCompressedOops                        = true                                 {lp64_product} {ergonomic}
     bool UseG1GC                                  = true                                      {product} {ergonomic}
     bool UseLargePagesIndividualAllocation        = false                                  {pd product} {ergonomic}

Logging:
Log output configuration:
 #0: stdout all=warning uptime,level,tags
 #1: stderr all=off uptime,level,tags

Environment Variables:
JAVA_HOME=C:\Program Files\Java\jdk1.8.0_281
PATH=C:\Program Files\Common Files\Oracle\Java\javapath;C:\Program Files (x86)\Common Files\Oracle\Java\javapath;C:\Windows\system32;C:\Windows;C:\Windows\System32\Wbem;C:\Windows\System32\WindowsPowerShell\v1.0\;C:\Program Files (x86)\NVIDIA Corporation\PhysX\Common;C:\Program Files\Git\cmd;C:\xampp\php;C:\ProgramData\ComposerSetup\bin;C:\Program Files\NVIDIA Corporation\NVIDIA NvDLISR;C:\Program Files\Java\jdk-11.0.13\bin;C:\Users\Aslan\AppData\Local\Microsoft\WindowsApps;C:\Program Files\Java\jdk1.8.0_281\bin;;C:\Users\Aslan\AppData\Local\Programs\Microsoft VS Code\bin;C:\Users\Aslan\AppData\Roaming\Composer\vendor\bin
USERNAME=Aslan
OS=Windows_NT
PROCESSOR_IDENTIFIER=Intel64 Family 6 Model 165 Stepping 2, GenuineIntel



---------------  S Y S T E M  ---------------

OS: Windows 10 , 64 bit Build 19041 (10.0.19041.1)

CPU:total 8 (initial active 8) (4 cores per cpu, 2 threads per core) family 6 model 165 stepping 2 microcode 0xea, cmov, cx8, fxsr, mmx, sse, sse2, sse3, ssse3, sse4.1, sse4.2, popcnt, avx, avx2, aes, clmul, erms, 3dnowpref, lzcnt, ht, tsc, tscinvbit, bmi1, bmi2, adx, fma

Memory: 4k page, system-wide physical 16251M (2510M free)
TotalPageFile size 16251M (AvailPageFile size 4M)
current process WorkingSet (physical memory assigned to process): 538M, peak: 539M
current process commit charge ("private bytes"): 638M, peak: 640M

vm_info: Java HotSpot(TM) 64-Bit Server VM (11.0.13+10-LTS-370) for windows-amd64 JRE (11.0.13+10-LTS-370), built on Sep 15 2021 22:10:36 by "mach5one" with MS VC++ 15.9 (VS2017)

END.
