#
# There is insufficient memory for the Java Runtime Environment to continue.
# Native memory allocation (malloc) failed to allocate 3256816 bytes for Chunk::new
# Possible reasons:
#   The system is out of physical RAM or swap space
#   The process is running with CompressedOops enabled, and the Java Heap may be blocking the growth of the native heap
# Possible solutions:
#   Reduce memory load on the system
#   Increase physical memory or swap space
#   Check if swap backing store is full
#   Decrease Java heap size (-Xmx/-Xms)
#   Decrease number of Java threads
#   Decrease Java thread stack sizes (-Xss)
#   Set larger code cache with -XX:ReservedCodeCacheSize=
#   JVM is running with Unscaled Compressed Oops mode in which the Java heap is
#     placed in the first 4GB address space. The Java Heap base address is the
#     maximum limit for the native heap growth. Please use -XX:HeapBaseMinAddress
#     to set the Java Heap base and to place the Java Heap above 4GB virtual address.
# This output file may be truncated or incomplete.
#
#  Out of Memory Error (./open/src/hotspot/share/memory/arena.cpp:197), pid=4780, tid=15300
#
# JRE version: Java(TM) SE Runtime Environment 18.9 (11.0.13+10) (build 11.0.13+10-LTS-370)
# Java VM: Java HotSpot(TM) 64-Bit Server VM 18.9 (11.0.13+10-LTS-370, mixed mode, tiered, compressed oops, g1 gc, windows-amd64)
# No core dump will be written. Minidumps are not enabled by default on client versions of Windows
#

---------------  S U M M A R Y ------------

Command Line: --add-opens=java.base/java.util=ALL-UNNAMED --add-opens=java.base/java.lang=ALL-UNNAMED --add-opens=java.base/java.lang.invoke=ALL-UNNAMED --add-opens=java.base/java.util=ALL-UNNAMED --add-opens=java.prefs/java.util.prefs=ALL-UNNAMED --add-opens=java.prefs/java.util.prefs=ALL-UNNAMED --add-opens=java.base/java.nio.charset=ALL-UNNAMED --add-opens=java.base/java.net=ALL-UNNAMED --add-opens=java.base/java.util.concurrent.atomic=ALL-UNNAMED -Xmx2048m -Dfile.encoding=UTF-8 -Duser.country=RU -Duser.language=ru -Duser.variant org.gradle.launcher.daemon.bootstrap.GradleDaemon 7.0.2

Host: Intel(R) Core(TM) i5-10300H CPU @ 2.50GHz, 8 cores, 15G,  Windows 10 , 64 bit Build 19041 (10.0.19041.1)
Time: Tue Feb  1 21:24:54 2022 Центральная Азия (зима) elapsed time: 12.353722 seconds (0d 0h 0m 12s)

---------------  T H R E A D  ---------------

Current thread (0x000002c9079b1800):  JavaThread "C2 CompilerThread2" daemon [_thread_in_native, id=15300, stack(0x000000f11aa00000,0x000000f11ab00000)]


Current CompileTask:
C2:  12353 16014 % !   4       com.android.tools.r8.dex.m::c @ 828 (2765 bytes)

Stack: [0x000000f11aa00000,0x000000f11ab00000]
Native frames: (J=compiled Java code, j=interpreted, Vv=VM code, C=native code)
V  [jvm.dll+0x62870a]
V  [jvm.dll+0x761f2f]
V  [jvm.dll+0x7635d9]
V  [jvm.dll+0x763c63]
V  [jvm.dll+0x23d728]
V  [jvm.dll+0xb293c]
V  [jvm.dll+0xb2efc]
V  [jvm.dll+0x3408b7]
V  [jvm.dll+0x18c9e1]
V  [jvm.dll+0x1f8362]
V  [jvm.dll+0x1f743d]
V  [jvm.dll+0x177991]
V  [jvm.dll+0x206d84]
V  [jvm.dll+0x204ebb]
V  [jvm.dll+0x727e70]
V  [jvm.dll+0x720a54]
V  [jvm.dll+0x627606]
C  [ucrtbase.dll+0x21542]
C  [KERNEL32.DLL+0x16fd4]
C  [ntdll.dll+0x4cf31]


---------------  P R O C E S S  ---------------

Threads class SMR info:
_java_thread_list=0x000002c90e6ed350, length=83, elements={
0x000002c96896d800, 0x000002c90695a800, 0x000002c90696b800, 0x000002c907248000,
0x000002c90724a000, 0x000002c90724b800, 0x000002c90724e800, 0x000002c90725a000,
0x000002c907281000, 0x000002c9073ea800, 0x000002c90747c800, 0x000002c9079b1800,
0x000002c909286800, 0x000002c9093c3800, 0x000002c90a83a800, 0x000002c908e47000,
0x000002c908379800, 0x000002c909e4a000, 0x000002c9099e3000, 0x000002c909792000,
0x000002c909bd2000, 0x000002c90a614800, 0x000002c90a618800, 0x000002c90a616000,
0x000002c90a619000, 0x000002c90a617800, 0x000002c90a615000, 0x000002c90a61a000,
0x000002c90a61b000, 0x000002c90a617000, 0x000002c90938f800, 0x000002c909393800,
0x000002c909394800, 0x000002c909391000, 0x000002c909397800, 0x000002c909398800,
0x000002c909395000, 0x000002c909396000, 0x000002c909396800, 0x000002c909392800,
0x000002c909399000, 0x000002c90939d800, 0x000002c90939a000, 0x000002c90939b000,
0x000002c90939b800, 0x000002c90939c800, 0x000002c90939e000, 0x000002c90e87f800,
0x000002c90e87e000, 0x000002c90e87c800, 0x000002c90e881800, 0x000002c90e87d000,
0x000002c90e882000, 0x000002c90e883000, 0x000002c90e880800, 0x000002c90e9a3000,
0x000002c90e9a1800, 0x000002c90e9a2000, 0x000002c90e9a4000, 0x000002c90e9a0800,
0x000002c90e9a4800, 0x000002c90e9a7000, 0x000002c90e9a5800, 0x000002c90e9a6800,
0x000002c90fdf7000, 0x000002c90fdf2000, 0x000002c90fdf3000, 0x000002c90fdf4000,
0x000002c90fdf8800, 0x000002c90fdf6800, 0x000002c90fdf8000, 0x000002c90fdf4800,
0x000002c90fdf5800, 0x000002c90ea48800, 0x000002c90ea45800, 0x000002c90ea49800,
0x000002c90ea4a000, 0x000002c90ea46000, 0x000002c90ea4b000, 0x000002c90ea4c000,
0x000002c90ea47800, 0x000002c90ea4c800, 0x000002c90ea47000
}

Java Threads: ( => current thread )
  0x000002c96896d800 JavaThread "main" [_thread_blocked, id=9064, stack(0x000000f119800000,0x000000f119900000)]
  0x000002c90695a800 JavaThread "Reference Handler" daemon [_thread_blocked, id=3560, stack(0x000000f119f00000,0x000000f11a000000)]
  0x000002c90696b800 JavaThread "Finalizer" daemon [_thread_blocked, id=9968, stack(0x000000f11a000000,0x000000f11a100000)]
  0x000002c907248000 JavaThread "Signal Dispatcher" daemon [_thread_blocked, id=13044, stack(0x000000f11a100000,0x000000f11a200000)]
  0x000002c90724a000 JavaThread "Attach Listener" daemon [_thread_blocked, id=11284, stack(0x000000f11a200000,0x000000f11a300000)]
  0x000002c90724b800 JavaThread "Service Thread" daemon [_thread_blocked, id=9648, stack(0x000000f11a300000,0x000000f11a400000)]
  0x000002c90724e800 JavaThread "C2 CompilerThread0" daemon [_thread_in_native, id=7844, stack(0x000000f11a400000,0x000000f11a500000)]
  0x000002c90725a000 JavaThread "C1 CompilerThread0" daemon [_thread_blocked, id=12460, stack(0x000000f11a500000,0x000000f11a600000)]
  0x000002c907281000 JavaThread "Sweeper thread" daemon [_thread_blocked, id=10768, stack(0x000000f11a600000,0x000000f11a700000)]
  0x000002c9073ea800 JavaThread "Common-Cleaner" daemon [_thread_blocked, id=4416, stack(0x000000f11a700000,0x000000f11a800000)]
  0x000002c90747c800 JavaThread "C2 CompilerThread1" daemon [_thread_in_native, id=7280, stack(0x000000f11a900000,0x000000f11aa00000)]
=>0x000002c9079b1800 JavaThread "C2 CompilerThread2" daemon [_thread_in_native, id=15300, stack(0x000000f11aa00000,0x000000f11ab00000)]
  0x000002c909286800 JavaThread "Daemon health stats" [_thread_blocked, id=13536, stack(0x000000f11b000000,0x000000f11b100000)]
  0x000002c9093c3800 JavaThread "Incoming local TCP Connector on port 57779" [_thread_in_native, id=13376, stack(0x000000f11b100000,0x000000f11b200000)]
  0x000002c90a83a800 JavaThread "Daemon periodic checks" [_thread_blocked, id=12420, stack(0x000000f11b200000,0x000000f11b300000)]
  0x000002c908e47000 JavaThread "Daemon" [_thread_blocked, id=4128, stack(0x000000f11b300000,0x000000f11b400000)]
  0x000002c908379800 JavaThread "Handler for socket connection from /127.0.0.1:57779 to /127.0.0.1:57780" [_thread_in_native, id=3564, stack(0x000000f11b400000,0x000000f11b500000)]
  0x000002c909e4a000 JavaThread "Cancel handler" [_thread_blocked, id=8480, stack(0x000000f11b500000,0x000000f11b600000)]
  0x000002c9099e3000 JavaThread "Daemon worker" [_thread_blocked, id=10888, stack(0x000000f11b600000,0x000000f11b700000)]
  0x000002c909792000 JavaThread "Asynchronous log dispatcher for DefaultDaemonConnection: socket connection from /127.0.0.1:57779 to /127.0.0.1:57780" [_thread_blocked, id=1284, stack(0x000000f11b700000,0x000000f11b800000)]
  0x000002c909bd2000 JavaThread "Stdin handler" [_thread_blocked, id=14904, stack(0x000000f11b800000,0x000000f11b900000)]
  0x000002c90a614800 JavaThread "Daemon client event forwarder" [_thread_blocked, id=3204, stack(0x000000f11b900000,0x000000f11ba00000)]
  0x000002c90a618800 JavaThread "Cache worker for file hash cache (C:\Users\Aslan\.gradle\caches\7.0.2\fileHashes)" [_thread_blocked, id=11664, stack(0x000000f11ba00000,0x000000f11bb00000)]
  0x000002c90a616000 JavaThread "File lock request listener" [_thread_in_native, id=14472, stack(0x000000f11bb00000,0x000000f11bc00000)]
  0x000002c90a619000 JavaThread "Cache worker for journal cache (C:\Users\Aslan\.gradle\caches\journal-1)" [_thread_blocked, id=6500, stack(0x000000f11bf00000,0x000000f11c000000)]
  0x000002c90a617800 JavaThread "Cache worker for file hash cache (C:\Users\Aslan\AndroidStudioProjects\TvShowApp\.gradle\7.0.2\fileHashes)" [_thread_blocked, id=7440, stack(0x000000f11c000000,0x000000f11c100000)]
  0x000002c90a615000 JavaThread "File watcher server" daemon [_thread_in_native, id=8484, stack(0x000000f11c100000,0x000000f11c200000)]
  0x000002c90a61a000 JavaThread "File watcher consumer" daemon [_thread_blocked, id=3152, stack(0x000000f11c200000,0x000000f11c300000)]
  0x000002c90a61b000 JavaThread "Cache worker for checksums cache (C:\Users\Aslan\AndroidStudioProjects\TvShowApp\.gradle\checksums)" [_thread_blocked, id=7836, stack(0x000000f11c300000,0x000000f11c400000)]
  0x000002c90a617000 JavaThread "Cache worker for cache directory md-supplier (C:\Users\Aslan\.gradle\caches\7.0.2\md-supplier)" [_thread_blocked, id=2996, stack(0x000000f11c400000,0x000000f11c500000)]
  0x000002c90938f800 JavaThread "Cache worker for cache directory md-rule (C:\Users\Aslan\.gradle\caches\7.0.2\md-rule)" [_thread_blocked, id=14480, stack(0x000000f11c500000,0x000000f11c600000)]
  0x000002c909393800 JavaThread "Cache worker for execution history cache (C:\Users\Aslan\.gradle\caches\7.0.2\executionHistory)" [_thread_blocked, id=13072, stack(0x000000f11c600000,0x000000f11c700000)]
  0x000002c909394800 JavaThread "jar transforms" [_thread_blocked, id=14536, stack(0x000000f11c700000,0x000000f11c800000)]
  0x000002c909391000 JavaThread "jar transforms Thread 2" [_thread_blocked, id=11844, stack(0x000000f11c800000,0x000000f11c900000)]
  0x000002c909397800 JavaThread "Cache worker for file content cache (C:\Users\Aslan\.gradle\caches\7.0.2\fileContent)" [_thread_blocked, id=12580, stack(0x000000f11c900000,0x000000f11ca00000)]
  0x000002c909398800 JavaThread "Cache worker for dependencies-accessors (C:\Users\Aslan\AndroidStudioProjects\TvShowApp\.gradle\7.0.2\dependencies-accessors)" [_thread_blocked, id=12096, stack(0x000000f11ca00000,0x000000f11cb00000)]
  0x000002c909395000 JavaThread "jar transforms Thread 3" [_thread_blocked, id=5748, stack(0x000000f11cb00000,0x000000f11cc00000)]
  0x000002c909396000 JavaThread "Cache worker for Build Output Cleanup Cache (C:\Users\Aslan\AndroidStudioProjects\TvShowApp\.gradle\buildOutputCleanup)" [_thread_blocked, id=14008, stack(0x000000f11cc00000,0x000000f11cd00000)]
  0x000002c909396800 JavaThread "Build operations" [_thread_blocked, id=2144, stack(0x000000f11cd00000,0x000000f11ce00000)]
  0x000002c909392800 JavaThread "Build operations Thread 2" [_thread_blocked, id=13836, stack(0x000000f11ce00000,0x000000f11cf00000)]
  0x000002c909399000 JavaThread "Build operations Thread 3" [_thread_blocked, id=10736, stack(0x000000f11cf00000,0x000000f11d000000)]
  0x000002c90939d800 JavaThread "Build operations Thread 4" [_thread_blocked, id=4592, stack(0x000000f11d000000,0x000000f11d100000)]
  0x000002c90939a000 JavaThread "Build operations Thread 5" [_thread_blocked, id=5796, stack(0x000000f11d100000,0x000000f11d200000)]
  0x000002c90939b000 JavaThread "Build operations Thread 6" [_thread_blocked, id=13556, stack(0x000000f11d200000,0x000000f11d300000)]
  0x000002c90939b800 JavaThread "Build operations Thread 7" [_thread_blocked, id=1668, stack(0x000000f11d300000,0x000000f11d400000)]
  0x000002c90939c800 JavaThread "Build operations Thread 8" [_thread_blocked, id=10452, stack(0x000000f11d400000,0x000000f11d500000)]
  0x000002c90939e000 JavaThread "jar transforms Thread 4" [_thread_blocked, id=1584, stack(0x000000f11d500000,0x000000f11d600000)]
  0x000002c90e87f800 JavaThread "jar transforms Thread 5" [_thread_blocked, id=14392, stack(0x000000f11d600000,0x000000f11d700000)]
  0x000002c90e87e000 JavaThread "jar transforms Thread 6" [_thread_blocked, id=10652, stack(0x000000f11d700000,0x000000f11d800000)]
  0x000002c90e87c800 JavaThread "jar transforms Thread 7" [_thread_blocked, id=14380, stack(0x000000f11d800000,0x000000f11d900000)]
  0x000002c90e881800 JavaThread "jar transforms Thread 8" [_thread_blocked, id=14232, stack(0x000000f11d900000,0x000000f11da00000)]
  0x000002c90e87d000 JavaThread "Memory manager" [_thread_blocked, id=5012, stack(0x000000f11da00000,0x000000f11db00000)]
  0x000002c90e882000 JavaThread "build event listener" [_thread_blocked, id=3220, stack(0x000000f11db00000,0x000000f11dc00000)]
  0x000002c90e883000 JavaThread "pool-3-thread-1" [_thread_blocked, id=15204, stack(0x000000f11dc00000,0x000000f11dd00000)]
  0x000002c90e880800 JavaThread "build event listener" [_thread_blocked, id=3132, stack(0x000000f11dd00000,0x000000f11de00000)]
  0x000002c90e9a3000 JavaThread "Execution worker for ':'" [_thread_blocked, id=4808, stack(0x000000f11de00000,0x000000f11df00000)]
  0x000002c90e9a1800 JavaThread "Execution worker for ':' Thread 2" [_thread_blocked, id=7112, stack(0x000000f11df00000,0x000000f11e000000)]
  0x000002c90e9a2000 JavaThread "Execution worker for ':' Thread 3" [_thread_blocked, id=9760, stack(0x000000f11e000000,0x000000f11e100000)]
  0x000002c90e9a4000 JavaThread "Execution worker for ':' Thread 4" [_thread_blocked, id=6368, stack(0x000000f11e100000,0x000000f11e200000)]
  0x000002c90e9a0800 JavaThread "Execution worker for ':' Thread 5" [_thread_blocked, id=7924, stack(0x000000f11e200000,0x000000f11e300000)]
  0x000002c90e9a4800 JavaThread "Execution worker for ':' Thread 6" [_thread_blocked, id=9672, stack(0x000000f11e300000,0x000000f11e400000)]
  0x000002c90e9a7000 JavaThread "Execution worker for ':' Thread 7" [_thread_blocked, id=14992, stack(0x000000f11e400000,0x000000f11e500000)]
  0x000002c90e9a5800 JavaThread "Cache worker for execution history cache (C:\Users\Aslan\AndroidStudioProjects\TvShowApp\.gradle\7.0.2\executionHistory)" [_thread_blocked, id=9388, stack(0x000000f11e500000,0x000000f11e600000)]
  0x000002c90e9a6800 JavaThread "WorkerExecutor Queue" [_thread_blocked, id=4176, stack(0x000000f11e600000,0x000000f11e700000)]
  0x000002c90fdf7000 JavaThread "WorkerExecutor Queue Thread 2" [_thread_blocked, id=15212, stack(0x000000f11e700000,0x000000f11e800000)]
  0x000002c90fdf2000 JavaThread "WorkerExecutor Queue Thread 3" [_thread_blocked, id=11308, stack(0x000000f11e800000,0x000000f11e900000)]
  0x000002c90fdf3000 JavaThread "WorkerExecutor Queue Thread 4" [_thread_in_Java, id=10136, stack(0x000000f11e900000,0x000000f11ea00000)]
  0x000002c90fdf4000 JavaThread "pool-4-thread-1" [_thread_blocked, id=13712, stack(0x000000f11ea00000,0x000000f11eb00000)]
  0x000002c90fdf8800 JavaThread "stderr" [_thread_in_native, id=12928, stack(0x000000f11eb00000,0x000000f11ec00000)]
  0x000002c90fdf6800 JavaThread "stdout" [_thread_in_native, id=11248, stack(0x000000f11ec00000,0x000000f11ed00000)]
  0x000002c90fdf8000 JavaThread "ForkJoinPool-1-worker-3" daemon [_thread_blocked, id=8224, stack(0x000000f11ed00000,0x000000f11ee00000)]
  0x000002c90fdf4800 JavaThread "ForkJoinPool-1-worker-5" daemon [_thread_blocked, id=13380, stack(0x000000f11ee00000,0x000000f11ef00000)]
  0x000002c90fdf5800 JavaThread "ForkJoinPool-1-worker-7" daemon [_thread_blocked, id=12280, stack(0x000000f11ef00000,0x000000f11f000000)]
  0x000002c90ea48800 JavaThread "ForkJoinPool-1-worker-11" daemon [_thread_blocked, id=8124, stack(0x000000f11f000000,0x000000f11f100000)]
  0x000002c90ea45800 JavaThread "ForkJoinPool-1-worker-9" daemon [_thread_blocked, id=4008, stack(0x000000f11f100000,0x000000f11f200000)]
  0x000002c90ea49800 JavaThread "ForkJoinPool-1-worker-13" daemon [_thread_blocked, id=13844, stack(0x000000f11f200000,0x000000f11f300000)]
  0x000002c90ea4a000 JavaThread "ForkJoinPool-1-worker-15" daemon [_thread_blocked, id=9396, stack(0x000000f11f300000,0x000000f11f400000)]
  0x000002c90ea46000 JavaThread "ForkJoinPool-1-worker-1" daemon [_thread_blocked, id=10724, stack(0x000000f11f400000,0x000000f11f500000)]
  0x000002c90ea4b000 JavaThread "WorkerExecutor Queue Thread 5" [_thread_blocked, id=13412, stack(0x000000f11fc00000,0x000000f11fd00000)]
  0x000002c90ea4c000 JavaThread "WorkerExecutor Queue Thread 6" [_thread_blocked, id=1180, stack(0x000000f11fd00000,0x000000f11fe00000)]
  0x000002c90ea47800 JavaThread "WorkerExecutor Queue Thread 7" [_thread_blocked, id=12840, stack(0x000000f11fe00000,0x000000f11ff00000)]
  0x000002c90ea4c800 JavaThread "WorkerExecutor Queue Thread 8" [_thread_blocked, id=14908, stack(0x000000f11ff00000,0x000000f120000000)]
  0x000002c90ea47000 JavaThread "WorkerExecutor Queue Thread 9" [_thread_blocked, id=12736, stack(0x000000f120000000,0x000000f120100000)]

Other Threads:
  0x000002c906956800 VMThread "VM Thread" [stack: 0x000000f119e00000,0x000000f119f00000] [id=13052]
  0x000002c90742a000 WatcherThread [stack: 0x000000f11a800000,0x000000f11a900000] [id=9224]
  0x000002c968981800 GCTaskThread "GC Thread#0" [stack: 0x000000f119900000,0x000000f119a00000] [id=5404]
  0x000002c90823d000 GCTaskThread "GC Thread#1" [stack: 0x000000f11ab00000,0x000000f11ac00000] [id=7800]
  0x000002c908111000 GCTaskThread "GC Thread#2" [stack: 0x000000f11ac00000,0x000000f11ad00000] [id=7532]
  0x000002c9085e4000 GCTaskThread "GC Thread#3" [stack: 0x000000f11ad00000,0x000000f11ae00000] [id=7212]
  0x000002c90851c800 GCTaskThread "GC Thread#4" [stack: 0x000000f11ae00000,0x000000f11af00000] [id=14436]
  0x000002c9080cd000 GCTaskThread "GC Thread#5" [stack: 0x000000f11af00000,0x000000f11b000000] [id=10608]
  0x000002c909d39800 GCTaskThread "GC Thread#6" [stack: 0x000000f11bc00000,0x000000f11bd00000] [id=13292]
  0x000002c909a84800 GCTaskThread "GC Thread#7" [stack: 0x000000f11bd00000,0x000000f11be00000] [id=4384]
  0x000002c9689bc000 ConcurrentGCThread "G1 Main Marker" [stack: 0x000000f119a00000,0x000000f119b00000] [id=12772]
  0x000002c9689bd800 ConcurrentGCThread "G1 Conc#0" [stack: 0x000000f119b00000,0x000000f119c00000] [id=10672]
  0x000002c909a96800 ConcurrentGCThread "G1 Conc#1" [stack: 0x000000f11be00000,0x000000f11bf00000] [id=14476]
  0x000002c906826000 ConcurrentGCThread "G1 Refine#0" [stack: 0x000000f119c00000,0x000000f119d00000] [id=8328]
  0x000002c912f8a800 ConcurrentGCThread "G1 Refine#1" [stack: 0x000000f11f500000,0x000000f11f600000] [id=14280]
  0x000002c90e7f2800 ConcurrentGCThread "G1 Refine#2" [stack: 0x000000f11f600000,0x000000f11f700000] [id=13992]
  0x000002c907e6e000 ConcurrentGCThread "G1 Refine#3" [stack: 0x000000f11f700000,0x000000f11f800000] [id=13484]
  0x000002c9101ff800 ConcurrentGCThread "G1 Refine#4" [stack: 0x000000f11f800000,0x000000f11f900000] [id=7364]
  0x000002c9139ef800 ConcurrentGCThread "G1 Refine#5" [stack: 0x000000f11f900000,0x000000f11fa00000] [id=9724]
  0x000002c913f6d800 ConcurrentGCThread "G1 Refine#6" [stack: 0x000000f11fa00000,0x000000f11fb00000] [id=1412]
  0x000002c913b42000 ConcurrentGCThread "G1 Refine#7" [stack: 0x000000f11fb00000,0x000000f11fc00000] [id=13956]
  0x000002c906827000 ConcurrentGCThread "G1 Young RemSet Sampling" [stack: 0x000000f119d00000,0x000000f119e00000] [id=12284]

Threads with active compile tasks:
C2 CompilerThread0  12375 15959       4       com.android.tools.r8.dex.j::m (2086 bytes)
C2 CompilerThread1  12375 15971 %     4       com.android.tools.r8.dex.j::a @ 315 (1038 bytes)
C2 CompilerThread2  12375 16014 % !   4       com.android.tools.r8.dex.m::c @ 828 (2765 bytes)

VM state:not at safepoint (normal execution)

VM Mutex/Monitor currently owned by a thread: None

Heap address: 0x0000000080000000, size: 2048 MB, Compressed Oops mode: 32-bit
Narrow klass base: 0x0000000000000000, Narrow klass shift: 3
Compressed class space size: 1073741824 Address: 0x0000000100000000

Heap:
 garbage-first heap   total 431104K, used 310748K [0x0000000080000000, 0x0000000100000000)
  region size 1024K, 22 young (22528K), 2 survivors (2048K)
 Metaspace       used 108314K, capacity 111118K, committed 111360K, reserved 1144832K
  class space    used 14043K, capacity 15172K, committed 15360K, reserved 1048576K
Heap Regions: E=young(eden), S=young(survivor), O=old, HS=humongous(starts), HC=humongous(continues), CS=collection set, F=free, A=archive, TAMS=top-at-mark-start (previous, next)
|   0|0x0000000080000000, 0x0000000080100000, 0x0000000080100000|100%| O|  |TAMS 0x0000000080100000, 0x0000000080000000| Untracked 
|   1|0x0000000080100000, 0x0000000080200000, 0x0000000080200000|100%| O|  |TAMS 0x0000000080200000, 0x0000000080100000| Untracked 
|   2|0x0000000080200000, 0x0000000080300000, 0x0000000080300000|100%| O|  |TAMS 0x0000000080300000, 0x0000000080200000| Untracked 
|   3|0x0000000080300000, 0x0000000080400000, 0x0000000080400000|100%|HS|  |TAMS 0x0000000080400000, 0x0000000080300000| Complete 
|   4|0x0000000080400000, 0x0000000080500000, 0x0000000080500000|100%|HC|  |TAMS 0x0000000080500000, 0x0000000080400000| Complete 
|   5|0x0000000080500000, 0x0000000080600000, 0x0000000080600000|100%|HC|  |TAMS 0x0000000080600000, 0x0000000080500000| Complete 
|   6|0x0000000080600000, 0x0000000080700000, 0x0000000080700000|100%| O|  |TAMS 0x0000000080700000, 0x0000000080600000| Untracked 
|   7|0x0000000080700000, 0x0000000080800000, 0x0000000080800000|100%| O|  |TAMS 0x0000000080800000, 0x0000000080700000| Untracked 
|   8|0x0000000080800000, 0x0000000080900000, 0x0000000080900000|100%| O|  |TAMS 0x0000000080900000, 0x0000000080800000| Untracked 
|   9|0x0000000080900000, 0x0000000080a00000, 0x0000000080a00000|100%| O|  |TAMS 0x0000000080a00000, 0x0000000080900000| Untracked 
|  10|0x0000000080a00000, 0x0000000080b00000, 0x0000000080b00000|100%| O|  |TAMS 0x0000000080b00000, 0x0000000080a00000| Untracked 
|  11|0x0000000080b00000, 0x0000000080c00000, 0x0000000080c00000|100%| O|  |TAMS 0x0000000080c00000, 0x0000000080b00000| Untracked 
|  12|0x0000000080c00000, 0x0000000080d00000, 0x0000000080d00000|100%| O|  |TAMS 0x0000000080d00000, 0x0000000080c00000| Untracked 
|  13|0x0000000080d00000, 0x0000000080e00000, 0x0000000080e00000|100%| O|  |TAMS 0x0000000080e00000, 0x0000000080d00000| Untracked 
|  14|0x0000000080e00000, 0x0000000080f00000, 0x0000000080f00000|100%| O|  |TAMS 0x0000000080f00000, 0x0000000080e00000| Untracked 
|  15|0x0000000080f00000, 0x0000000081000000, 0x0000000081000000|100%| O|  |TAMS 0x0000000081000000, 0x0000000080f00000| Untracked 
|  16|0x0000000081000000, 0x0000000081100000, 0x0000000081100000|100%|HS|  |TAMS 0x0000000081100000, 0x0000000081000000| Complete 
|  17|0x0000000081100000, 0x0000000081200000, 0x0000000081200000|100%|HS|  |TAMS 0x0000000081200000, 0x0000000081100000| Complete 
|  18|0x0000000081200000, 0x0000000081300000, 0x0000000081300000|100%|HS|  |TAMS 0x0000000081300000, 0x0000000081200000| Complete 
|  19|0x0000000081300000, 0x0000000081400000, 0x0000000081400000|100%|HS|  |TAMS 0x0000000081400000, 0x0000000081300000| Complete 
|  20|0x0000000081400000, 0x0000000081500000, 0x0000000081500000|100%|HC|  |TAMS 0x0000000081500000, 0x0000000081400000| Complete 
|  21|0x0000000081500000, 0x0000000081600000, 0x0000000081600000|100%|HC|  |TAMS 0x0000000081600000, 0x0000000081500000| Complete 
|  22|0x0000000081600000, 0x0000000081700000, 0x0000000081700000|100%|HS|  |TAMS 0x0000000081700000, 0x0000000081600000| Complete 
|  23|0x0000000081700000, 0x0000000081800000, 0x0000000081800000|100%|HC|  |TAMS 0x0000000081800000, 0x0000000081700000| Complete 
|  24|0x0000000081800000, 0x0000000081900000, 0x0000000081900000|100%| O|  |TAMS 0x0000000081900000, 0x0000000081800000| Untracked 
|  25|0x0000000081900000, 0x0000000081a00000, 0x0000000081a00000|100%| O|  |TAMS 0x0000000081a00000, 0x0000000081900000| Untracked 
|  26|0x0000000081a00000, 0x0000000081b00000, 0x0000000081b00000|100%| O|  |TAMS 0x0000000081b00000, 0x0000000081a00000| Untracked 
|  27|0x0000000081b00000, 0x0000000081c00000, 0x0000000081c00000|100%| O|  |TAMS 0x0000000081c00000, 0x0000000081b00000| Untracked 
|  28|0x0000000081c00000, 0x0000000081d00000, 0x0000000081d00000|100%| O|  |TAMS 0x0000000081d00000, 0x0000000081c00000| Untracked 
|  29|0x0000000081d00000, 0x0000000081e00000, 0x0000000081e00000|100%| O|  |TAMS 0x0000000081e00000, 0x0000000081d00000| Untracked 
|  30|0x0000000081e00000, 0x0000000081f00000, 0x0000000081f00000|100%| O|  |TAMS 0x0000000081f00000, 0x0000000081e00000| Untracked 
|  31|0x0000000081f00000, 0x0000000082000000, 0x0000000082000000|100%| O|  |TAMS 0x0000000082000000, 0x0000000081f00000| Untracked 
|  32|0x0000000082000000, 0x0000000082100000, 0x0000000082100000|100%| O|  |TAMS 0x0000000082100000, 0x0000000082000000| Untracked 
|  33|0x0000000082100000, 0x0000000082200000, 0x0000000082200000|100%| O|  |TAMS 0x0000000082200000, 0x0000000082100000| Untracked 
|  34|0x0000000082200000, 0x0000000082300000, 0x0000000082300000|100%| O|  |TAMS 0x0000000082300000, 0x0000000082200000| Untracked 
|  35|0x0000000082300000, 0x0000000082400000, 0x0000000082400000|100%| O|  |TAMS 0x0000000082400000, 0x0000000082300000| Untracked 
|  36|0x0000000082400000, 0x0000000082500000, 0x0000000082500000|100%| O|  |TAMS 0x0000000082500000, 0x0000000082400000| Untracked 
|  37|0x0000000082500000, 0x0000000082600000, 0x0000000082600000|100%| O|  |TAMS 0x0000000082600000, 0x0000000082500000| Untracked 
|  38|0x0000000082600000, 0x0000000082700000, 0x0000000082700000|100%| O|  |TAMS 0x0000000082700000, 0x0000000082600000| Untracked 
|  39|0x0000000082700000, 0x0000000082800000, 0x0000000082800000|100%| O|  |TAMS 0x0000000082800000, 0x0000000082700000| Untracked 
|  40|0x0000000082800000, 0x0000000082900000, 0x0000000082900000|100%| O|  |TAMS 0x0000000082900000, 0x0000000082800000| Untracked 
|  41|0x0000000082900000, 0x0000000082a00000, 0x0000000082a00000|100%| O|  |TAMS 0x0000000082a00000, 0x0000000082900000| Untracked 
|  42|0x0000000082a00000, 0x0000000082b00000, 0x0000000082b00000|100%| O|  |TAMS 0x0000000082b00000, 0x0000000082a00000| Untracked 
|  43|0x0000000082b00000, 0x0000000082c00000, 0x0000000082c00000|100%| O|  |TAMS 0x0000000082c00000, 0x0000000082b00000| Untracked 
|  44|0x0000000082c00000, 0x0000000082d00000, 0x0000000082d00000|100%| O|  |TAMS 0x0000000082d00000, 0x0000000082c00000| Untracked 
|  45|0x0000000082d00000, 0x0000000082e00000, 0x0000000082e00000|100%| O|  |TAMS 0x0000000082e00000, 0x0000000082d00000| Untracked 
|  46|0x0000000082e00000, 0x0000000082f00000, 0x0000000082f00000|100%| O|  |TAMS 0x0000000082f00000, 0x0000000082e00000| Untracked 
|  47|0x0000000082f00000, 0x0000000083000000, 0x0000000083000000|100%| O|  |TAMS 0x0000000083000000, 0x0000000082f00000| Untracked 
|  48|0x0000000083000000, 0x0000000083100000, 0x0000000083100000|100%|HS|  |TAMS 0x0000000083100000, 0x0000000083000000| Complete 
|  49|0x0000000083100000, 0x0000000083200000, 0x0000000083200000|100%| O|  |TAMS 0x0000000083200000, 0x0000000083100000| Untracked 
|  50|0x0000000083200000, 0x0000000083300000, 0x0000000083300000|100%| O|  |TAMS 0x0000000083300000, 0x0000000083200000| Untracked 
|  51|0x0000000083300000, 0x0000000083400000, 0x0000000083400000|100%| O|  |TAMS 0x0000000083400000, 0x0000000083300000| Untracked 
|  52|0x0000000083400000, 0x0000000083500000, 0x0000000083500000|100%| O|  |TAMS 0x0000000083500000, 0x0000000083400000| Untracked 
|  53|0x0000000083500000, 0x0000000083600000, 0x0000000083600000|100%| O|  |TAMS 0x0000000083600000, 0x0000000083500000| Untracked 
|  54|0x0000000083600000, 0x0000000083700000, 0x0000000083700000|100%| O|  |TAMS 0x0000000083700000, 0x0000000083600000| Untracked 
|  55|0x0000000083700000, 0x0000000083800000, 0x0000000083800000|100%| O|  |TAMS 0x0000000083800000, 0x0000000083700000| Untracked 
|  56|0x0000000083800000, 0x0000000083900000, 0x0000000083900000|100%| O|  |TAMS 0x0000000083900000, 0x0000000083800000| Untracked 
|  57|0x0000000083900000, 0x0000000083a00000, 0x0000000083a00000|100%| O|  |TAMS 0x0000000083a00000, 0x0000000083900000| Untracked 
|  58|0x0000000083a00000, 0x0000000083b00000, 0x0000000083b00000|100%| O|  |TAMS 0x0000000083b00000, 0x0000000083a00000| Untracked 
|  59|0x0000000083b00000, 0x0000000083c00000, 0x0000000083c00000|100%| O|  |TAMS 0x0000000083c00000, 0x0000000083b00000| Untracked 
|  60|0x0000000083c00000, 0x0000000083d00000, 0x0000000083d00000|100%| O|  |TAMS 0x0000000083d00000, 0x0000000083c00000| Untracked 
|  61|0x0000000083d00000, 0x0000000083e00000, 0x0000000083e00000|100%| O|  |TAMS 0x0000000083e00000, 0x0000000083d00000| Untracked 
|  62|0x0000000083e00000, 0x0000000083f00000, 0x0000000083f00000|100%| O|  |TAMS 0x0000000083f00000, 0x0000000083e00000| Untracked 
|  63|0x0000000083f00000, 0x0000000084000000, 0x0000000084000000|100%| O|  |TAMS 0x0000000084000000, 0x0000000083f00000| Untracked 
|  64|0x0000000084000000, 0x0000000084100000, 0x0000000084100000|100%| O|  |TAMS 0x0000000084100000, 0x0000000084000000| Untracked 
|  65|0x0000000084100000, 0x0000000084200000, 0x0000000084200000|100%| O|  |TAMS 0x0000000084200000, 0x0000000084100000| Untracked 
|  66|0x0000000084200000, 0x0000000084300000, 0x0000000084300000|100%| O|  |TAMS 0x0000000084300000, 0x0000000084200000| Untracked 
|  67|0x0000000084300000, 0x0000000084400000, 0x0000000084400000|100%| O|  |TAMS 0x0000000084400000, 0x0000000084300000| Untracked 
|  68|0x0000000084400000, 0x0000000084500000, 0x0000000084500000|100%| O|  |TAMS 0x0000000084500000, 0x0000000084400000| Untracked 
|  69|0x0000000084500000, 0x0000000084600000, 0x0000000084600000|100%| O|  |TAMS 0x0000000084600000, 0x0000000084500000| Untracked 
|  70|0x0000000084600000, 0x0000000084700000, 0x0000000084700000|100%|HS|  |TAMS 0x0000000084700000, 0x0000000084600000| Complete 
|  71|0x0000000084700000, 0x0000000084800000, 0x0000000084800000|100%|HC|  |TAMS 0x0000000084800000, 0x0000000084700000| Complete 
|  72|0x0000000084800000, 0x0000000084900000, 0x0000000084900000|100%|HS|  |TAMS 0x0000000084900000, 0x0000000084800000| Complete 
|  73|0x0000000084900000, 0x0000000084a00000, 0x0000000084a00000|100%|HC|  |TAMS 0x0000000084a00000, 0x0000000084900000| Complete 
|  74|0x0000000084a00000, 0x0000000084b00000, 0x0000000084b00000|100%|HS|  |TAMS 0x0000000084b00000, 0x0000000084a00000| Complete 
|  75|0x0000000084b00000, 0x0000000084c00000, 0x0000000084c00000|100%|HS|  |TAMS 0x0000000084c00000, 0x0000000084b00000| Complete 
|  76|0x0000000084c00000, 0x0000000084d00000, 0x0000000084d00000|100%|HS|  |TAMS 0x0000000084d00000, 0x0000000084c00000| Complete 
|  77|0x0000000084d00000, 0x0000000084e00000, 0x0000000084e00000|100%|HS|  |TAMS 0x0000000084e00000, 0x0000000084d00000| Complete 
|  78|0x0000000084e00000, 0x0000000084f00000, 0x0000000084f00000|100%|HS|  |TAMS 0x0000000084f00000, 0x0000000084e00000| Complete 
|  79|0x0000000084f00000, 0x0000000085000000, 0x0000000085000000|100%|HC|  |TAMS 0x0000000085000000, 0x0000000084f00000| Complete 
|  80|0x0000000085000000, 0x0000000085100000, 0x0000000085100000|100%|HC|  |TAMS 0x0000000085100000, 0x0000000085000000| Complete 
|  81|0x0000000085100000, 0x0000000085200000, 0x0000000085200000|100%| O|  |TAMS 0x0000000085200000, 0x0000000085100000| Untracked 
|  82|0x0000000085200000, 0x0000000085300000, 0x0000000085300000|100%| O|  |TAMS 0x0000000085300000, 0x0000000085200000| Untracked 
|  83|0x0000000085300000, 0x0000000085400000, 0x0000000085400000|100%| O|  |TAMS 0x0000000085400000, 0x0000000085300000| Untracked 
|  84|0x0000000085400000, 0x0000000085500000, 0x0000000085500000|100%| O|  |TAMS 0x0000000085500000, 0x0000000085400000| Untracked 
|  85|0x0000000085500000, 0x0000000085600000, 0x0000000085600000|100%| O|  |TAMS 0x0000000085600000, 0x0000000085500000| Untracked 
|  86|0x0000000085600000, 0x0000000085700000, 0x0000000085700000|100%| O|  |TAMS 0x0000000085700000, 0x0000000085600000| Untracked 
|  87|0x0000000085700000, 0x0000000085800000, 0x0000000085800000|100%| O|  |TAMS 0x0000000085800000, 0x0000000085700000| Untracked 
|  88|0x0000000085800000, 0x0000000085900000, 0x0000000085900000|100%| O|  |TAMS 0x0000000085900000, 0x0000000085800000| Untracked 
|  89|0x0000000085900000, 0x0000000085a00000, 0x0000000085a00000|100%| O|  |TAMS 0x0000000085a00000, 0x0000000085900000| Untracked 
|  90|0x0000000085a00000, 0x0000000085b00000, 0x0000000085b00000|100%| O|  |TAMS 0x0000000085b00000, 0x0000000085a00000| Untracked 
|  91|0x0000000085b00000, 0x0000000085c00000, 0x0000000085c00000|100%| O|  |TAMS 0x0000000085c00000, 0x0000000085b00000| Untracked 
|  92|0x0000000085c00000, 0x0000000085d00000, 0x0000000085d00000|100%| O|  |TAMS 0x0000000085d00000, 0x0000000085c00000| Untracked 
|  93|0x0000000085d00000, 0x0000000085e00000, 0x0000000085e00000|100%| O|  |TAMS 0x0000000085e00000, 0x0000000085d00000| Untracked 
|  94|0x0000000085e00000, 0x0000000085f00000, 0x0000000085f00000|100%|HS|  |TAMS 0x0000000085f00000, 0x0000000085e00000| Complete 
|  95|0x0000000085f00000, 0x0000000086000000, 0x0000000086000000|100%| O|  |TAMS 0x0000000086000000, 0x0000000085f00000| Untracked 
|  96|0x0000000086000000, 0x0000000086100000, 0x0000000086100000|100%| O|  |TAMS 0x0000000086100000, 0x0000000086000000| Untracked 
|  97|0x0000000086100000, 0x0000000086200000, 0x0000000086200000|100%| O|  |TAMS 0x0000000086200000, 0x0000000086100000| Untracked 
|  98|0x0000000086200000, 0x0000000086300000, 0x0000000086300000|100%| O|  |TAMS 0x0000000086300000, 0x0000000086200000| Untracked 
|  99|0x0000000086300000, 0x0000000086400000, 0x0000000086400000|100%| O|  |TAMS 0x0000000086400000, 0x0000000086300000| Untracked 
| 100|0x0000000086400000, 0x0000000086500000, 0x0000000086500000|100%| O|  |TAMS 0x0000000086500000, 0x0000000086400000| Untracked 
| 101|0x0000000086500000, 0x0000000086600000, 0x0000000086600000|100%| O|  |TAMS 0x0000000086600000, 0x0000000086500000| Untracked 
| 102|0x0000000086600000, 0x0000000086700000, 0x0000000086700000|100%| O|  |TAMS 0x0000000086700000, 0x0000000086600000| Untracked 
| 103|0x0000000086700000, 0x0000000086800000, 0x0000000086800000|100%|HS|  |TAMS 0x0000000086800000, 0x0000000086700000| Complete 
| 104|0x0000000086800000, 0x0000000086900000, 0x0000000086900000|100%|HS|  |TAMS 0x0000000086900000, 0x0000000086800000| Complete 
| 105|0x0000000086900000, 0x0000000086a00000, 0x0000000086a00000|100%| O|  |TAMS 0x0000000086a00000, 0x0000000086900000| Untracked 
| 106|0x0000000086a00000, 0x0000000086b00000, 0x0000000086b00000|100%| O|  |TAMS 0x0000000086b00000, 0x0000000086a00000| Untracked 
| 107|0x0000000086b00000, 0x0000000086c00000, 0x0000000086c00000|100%| O|  |TAMS 0x0000000086c00000, 0x0000000086b00000| Untracked 
| 108|0x0000000086c00000, 0x0000000086d00000, 0x0000000086d00000|100%| O|  |TAMS 0x0000000086d00000, 0x0000000086c00000| Untracked 
| 109|0x0000000086d00000, 0x0000000086e00000, 0x0000000086e00000|100%| O|  |TAMS 0x0000000086e00000, 0x0000000086d00000| Untracked 
| 110|0x0000000086e00000, 0x0000000086f00000, 0x0000000086f00000|100%| O|  |TAMS 0x0000000086f00000, 0x0000000086e00000| Untracked 
| 111|0x0000000086f00000, 0x0000000087000000, 0x0000000087000000|100%| O|  |TAMS 0x0000000087000000, 0x0000000086f00000| Untracked 
| 112|0x0000000087000000, 0x0000000087100000, 0x0000000087100000|100%| O|  |TAMS 0x0000000087100000, 0x0000000087000000| Untracked 
| 113|0x0000000087100000, 0x0000000087200000, 0x0000000087200000|100%| O|  |TAMS 0x0000000087200000, 0x0000000087100000| Untracked 
| 114|0x0000000087200000, 0x0000000087300000, 0x0000000087300000|100%| O|  |TAMS 0x0000000087300000, 0x0000000087200000| Untracked 
| 115|0x0000000087300000, 0x0000000087400000, 0x0000000087400000|100%| O|  |TAMS 0x0000000087400000, 0x0000000087300000| Untracked 
| 116|0x0000000087400000, 0x0000000087500000, 0x0000000087500000|100%| O|  |TAMS 0x0000000087500000, 0x0000000087400000| Untracked 
| 117|0x0000000087500000, 0x0000000087600000, 0x0000000087600000|100%| O|  |TAMS 0x0000000087600000, 0x0000000087500000| Untracked 
| 118|0x0000000087600000, 0x0000000087700000, 0x0000000087700000|100%| O|  |TAMS 0x0000000087700000, 0x0000000087600000| Untracked 
| 119|0x0000000087700000, 0x0000000087800000, 0x0000000087800000|100%| O|  |TAMS 0x0000000087800000, 0x0000000087700000| Untracked 
| 120|0x0000000087800000, 0x0000000087900000, 0x0000000087900000|100%| O|  |TAMS 0x0000000087900000, 0x0000000087800000| Untracked 
| 121|0x0000000087900000, 0x0000000087a00000, 0x0000000087a00000|100%| O|  |TAMS 0x0000000087a00000, 0x0000000087900000| Untracked 
| 122|0x0000000087a00000, 0x0000000087b00000, 0x0000000087b00000|100%| O|  |TAMS 0x0000000087b00000, 0x0000000087a00000| Untracked 
| 123|0x0000000087b00000, 0x0000000087c00000, 0x0000000087c00000|100%| O|  |TAMS 0x0000000087c00000, 0x0000000087b00000| Untracked 
| 124|0x0000000087c00000, 0x0000000087d00000, 0x0000000087d00000|100%| O|  |TAMS 0x0000000087d00000, 0x0000000087c00000| Untracked 
| 125|0x0000000087d00000, 0x0000000087e00000, 0x0000000087e00000|100%| O|  |TAMS 0x0000000087e00000, 0x0000000087d00000| Untracked 
| 126|0x0000000087e00000, 0x0000000087f00000, 0x0000000087f00000|100%| O|  |TAMS 0x0000000087f00000, 0x0000000087e00000| Untracked 
| 127|0x0000000087f00000, 0x0000000088000000, 0x0000000088000000|100%| O|  |TAMS 0x0000000088000000, 0x0000000087f00000| Untracked 
| 128|0x0000000088000000, 0x0000000088100000, 0x0000000088100000|100%| O|  |TAMS 0x0000000088100000, 0x0000000088000000| Untracked 
| 129|0x0000000088100000, 0x0000000088200000, 0x0000000088200000|100%| O|  |TAMS 0x0000000088200000, 0x0000000088100000| Untracked 
| 130|0x0000000088200000, 0x0000000088300000, 0x0000000088300000|100%| O|  |TAMS 0x0000000088300000, 0x0000000088200000| Untracked 
| 131|0x0000000088300000, 0x0000000088400000, 0x0000000088400000|100%| O|  |TAMS 0x0000000088400000, 0x0000000088300000| Untracked 
| 132|0x0000000088400000, 0x0000000088500000, 0x0000000088500000|100%|HS|  |TAMS 0x0000000088500000, 0x0000000088400000| Complete 
| 133|0x0000000088500000, 0x0000000088600000, 0x0000000088600000|100%|HS|  |TAMS 0x0000000088600000, 0x0000000088500000| Complete 
| 134|0x0000000088600000, 0x0000000088700000, 0x0000000088700000|100%| O|  |TAMS 0x0000000088700000, 0x0000000088600000| Untracked 
| 135|0x0000000088700000, 0x0000000088800000, 0x0000000088800000|100%| O|  |TAMS 0x0000000088800000, 0x0000000088700000| Untracked 
| 136|0x0000000088800000, 0x0000000088900000, 0x0000000088900000|100%| O|  |TAMS 0x0000000088900000, 0x0000000088800000| Untracked 
| 137|0x0000000088900000, 0x0000000088a00000, 0x0000000088a00000|100%| O|  |TAMS 0x0000000088a00000, 0x0000000088900000| Untracked 
| 138|0x0000000088a00000, 0x0000000088b00000, 0x0000000088b00000|100%| O|  |TAMS 0x0000000088b00000, 0x0000000088a00000| Untracked 
| 139|0x0000000088b00000, 0x0000000088c00000, 0x0000000088c00000|100%| O|  |TAMS 0x0000000088c00000, 0x0000000088b00000| Untracked 
| 140|0x0000000088c00000, 0x0000000088d00000, 0x0000000088d00000|100%| O|  |TAMS 0x0000000088d00000, 0x0000000088c00000| Untracked 
| 141|0x0000000088d00000, 0x0000000088e00000, 0x0000000088e00000|100%| O|  |TAMS 0x0000000088e00000, 0x0000000088d00000| Untracked 
| 142|0x0000000088e00000, 0x0000000088f00000, 0x0000000088f00000|100%| O|  |TAMS 0x0000000088f00000, 0x0000000088e00000| Untracked 
| 143|0x0000000088f00000, 0x0000000089000000, 0x0000000089000000|100%| O|  |TAMS 0x0000000089000000, 0x0000000088f00000| Untracked 
| 144|0x0000000089000000, 0x0000000089100000, 0x0000000089100000|100%| O|  |TAMS 0x0000000089100000, 0x0000000089000000| Untracked 
| 145|0x0000000089100000, 0x0000000089200000, 0x0000000089200000|100%| O|  |TAMS 0x0000000089200000, 0x0000000089100000| Untracked 
| 146|0x0000000089200000, 0x0000000089300000, 0x0000000089300000|100%| O|  |TAMS 0x0000000089300000, 0x0000000089200000| Untracked 
| 147|0x0000000089300000, 0x0000000089400000, 0x0000000089400000|100%| O|  |TAMS 0x0000000089400000, 0x0000000089300000| Untracked 
| 148|0x0000000089400000, 0x0000000089500000, 0x0000000089500000|100%| O|  |TAMS 0x0000000089500000, 0x0000000089400000| Untracked 
| 149|0x0000000089500000, 0x0000000089600000, 0x0000000089600000|100%| O|  |TAMS 0x0000000089600000, 0x0000000089500000| Untracked 
| 150|0x0000000089600000, 0x0000000089700000, 0x0000000089700000|100%| O|  |TAMS 0x0000000089700000, 0x0000000089600000| Untracked 
| 151|0x0000000089700000, 0x0000000089800000, 0x0000000089800000|100%| O|  |TAMS 0x0000000089700000, 0x0000000089700000| Untracked 
| 152|0x0000000089800000, 0x0000000089900000, 0x0000000089900000|100%|HS|  |TAMS 0x0000000089900000, 0x0000000089800000| Complete 
| 153|0x0000000089900000, 0x0000000089a00000, 0x0000000089a00000|100%|HC|  |TAMS 0x0000000089a00000, 0x0000000089900000| Complete 
| 154|0x0000000089a00000, 0x0000000089b00000, 0x0000000089b00000|100%| O|  |TAMS 0x0000000089b00000, 0x0000000089a00000| Untracked 
| 155|0x0000000089b00000, 0x0000000089c00000, 0x0000000089c00000|100%| O|  |TAMS 0x0000000089c00000, 0x0000000089b00000| Untracked 
| 156|0x0000000089c00000, 0x0000000089d00000, 0x0000000089d00000|100%| O|  |TAMS 0x0000000089c65400, 0x0000000089c00000| Untracked 
| 157|0x0000000089d00000, 0x0000000089e00000, 0x0000000089e00000|100%|HS|  |TAMS 0x0000000089d00000, 0x0000000089d00000| Complete 
| 158|0x0000000089e00000, 0x0000000089f00000, 0x0000000089f00000|100%| O|  |TAMS 0x0000000089f00000, 0x0000000089e00000| Untracked 
| 159|0x0000000089f00000, 0x000000008a000000, 0x000000008a000000|100%| O|  |TAMS 0x000000008a000000, 0x0000000089f00000| Untracked 
| 160|0x000000008a000000, 0x000000008a100000, 0x000000008a100000|100%| O|  |TAMS 0x000000008a100000, 0x000000008a000000| Untracked 
| 161|0x000000008a100000, 0x000000008a200000, 0x000000008a200000|100%| O|  |TAMS 0x000000008a200000, 0x000000008a100000| Untracked 
| 162|0x000000008a200000, 0x000000008a300000, 0x000000008a300000|100%| O|  |TAMS 0x000000008a300000, 0x000000008a200000| Untracked 
| 163|0x000000008a300000, 0x000000008a400000, 0x000000008a400000|100%|HS|  |TAMS 0x000000008a300000, 0x000000008a300000| Complete 
| 164|0x000000008a400000, 0x000000008a500000, 0x000000008a500000|100%|HS|  |TAMS 0x000000008a500000, 0x000000008a400000| Complete 
| 165|0x000000008a500000, 0x000000008a600000, 0x000000008a600000|100%|HC|  |TAMS 0x000000008a600000, 0x000000008a500000| Complete 
| 166|0x000000008a600000, 0x000000008a700000, 0x000000008a700000|100%|HS|  |TAMS 0x000000008a700000, 0x000000008a600000| Complete 
| 167|0x000000008a700000, 0x000000008a800000, 0x000000008a800000|100%|HS|  |TAMS 0x000000008a800000, 0x000000008a700000| Complete 
| 168|0x000000008a800000, 0x000000008a900000, 0x000000008a900000|100%|HS|  |TAMS 0x000000008a900000, 0x000000008a800000| Complete 
| 169|0x000000008a900000, 0x000000008aa00000, 0x000000008aa00000|100%|HC|  |TAMS 0x000000008aa00000, 0x000000008a900000| Complete 
| 170|0x000000008aa00000, 0x000000008ab00000, 0x000000008ab00000|100%| O|  |TAMS 0x000000008ab00000, 0x000000008aa00000| Untracked 
| 171|0x000000008ab00000, 0x000000008ac00000, 0x000000008ac00000|100%| O|  |TAMS 0x000000008ac00000, 0x000000008ab00000| Untracked 
| 172|0x000000008ac00000, 0x000000008ad00000, 0x000000008ad00000|100%| O|  |TAMS 0x000000008ad00000, 0x000000008ac00000| Untracked 
| 173|0x000000008ad00000, 0x000000008ae00000, 0x000000008ae00000|100%| O|  |TAMS 0x000000008ae00000, 0x000000008ad00000| Untracked 
| 174|0x000000008ae00000, 0x000000008af00000, 0x000000008af00000|100%| O|  |TAMS 0x000000008af00000, 0x000000008ae00000| Untracked 
| 175|0x000000008af00000, 0x000000008b000000, 0x000000008b000000|100%| O|  |TAMS 0x000000008b000000, 0x000000008af00000| Untracked 
| 176|0x000000008b000000, 0x000000008b100000, 0x000000008b100000|100%| O|  |TAMS 0x000000008b100000, 0x000000008b000000| Untracked 
| 177|0x000000008b100000, 0x000000008b200000, 0x000000008b200000|100%| O|  |TAMS 0x000000008b200000, 0x000000008b100000| Untracked 
| 178|0x000000008b200000, 0x000000008b300000, 0x000000008b300000|100%|HS|  |TAMS 0x000000008b300000, 0x000000008b200000| Complete 
| 179|0x000000008b300000, 0x000000008b400000, 0x000000008b400000|100%|HC|  |TAMS 0x000000008b400000, 0x000000008b300000| Complete 
| 180|0x000000008b400000, 0x000000008b500000, 0x000000008b500000|100%|HS|  |TAMS 0x000000008b500000, 0x000000008b400000| Complete 
| 181|0x000000008b500000, 0x000000008b600000, 0x000000008b600000|100%| O|  |TAMS 0x000000008b600000, 0x000000008b500000| Untracked 
| 182|0x000000008b600000, 0x000000008b700000, 0x000000008b700000|100%| O|  |TAMS 0x000000008b700000, 0x000000008b600000| Untracked 
| 183|0x000000008b700000, 0x000000008b800000, 0x000000008b800000|100%| O|  |TAMS 0x000000008b800000, 0x000000008b700000| Untracked 
| 184|0x000000008b800000, 0x000000008b900000, 0x000000008b900000|100%|HS|  |TAMS 0x000000008b900000, 0x000000008b800000| Complete 
| 185|0x000000008b900000, 0x000000008ba00000, 0x000000008ba00000|100%|HC|  |TAMS 0x000000008ba00000, 0x000000008b900000| Complete 
| 186|0x000000008ba00000, 0x000000008bb00000, 0x000000008bb00000|100%| O|  |TAMS 0x000000008bb00000, 0x000000008ba00000| Untracked 
| 187|0x000000008bb00000, 0x000000008bc00000, 0x000000008bc00000|100%| O|  |TAMS 0x000000008bc00000, 0x000000008bb00000| Untracked 
| 188|0x000000008bc00000, 0x000000008bd00000, 0x000000008bd00000|100%| O|  |TAMS 0x000000008bd00000, 0x000000008bc00000| Untracked 
| 189|0x000000008bd00000, 0x000000008be00000, 0x000000008be00000|100%| O|  |TAMS 0x000000008be00000, 0x000000008bd00000| Untracked 
| 190|0x000000008be00000, 0x000000008bf00000, 0x000000008bf00000|100%| O|  |TAMS 0x000000008bf00000, 0x000000008be00000| Untracked 
| 191|0x000000008bf00000, 0x000000008c000000, 0x000000008c000000|100%| O|  |TAMS 0x000000008c000000, 0x000000008bf00000| Untracked 
| 192|0x000000008c000000, 0x000000008c100000, 0x000000008c100000|100%| O|  |TAMS 0x000000008c100000, 0x000000008c000000| Untracked 
| 193|0x000000008c100000, 0x000000008c200000, 0x000000008c200000|100%| O|  |TAMS 0x000000008c200000, 0x000000008c100000| Untracked 
| 194|0x000000008c200000, 0x000000008c300000, 0x000000008c300000|100%| O|  |TAMS 0x000000008c300000, 0x000000008c200000| Untracked 
| 195|0x000000008c300000, 0x000000008c400000, 0x000000008c400000|100%| O|  |TAMS 0x000000008c400000, 0x000000008c300000| Untracked 
| 196|0x000000008c400000, 0x000000008c500000, 0x000000008c500000|100%| O|  |TAMS 0x000000008c500000, 0x000000008c400000| Untracked 
| 197|0x000000008c500000, 0x000000008c600000, 0x000000008c600000|100%|HS|  |TAMS 0x000000008c500000, 0x000000008c500000| Complete 
| 198|0x000000008c600000, 0x000000008c700000, 0x000000008c700000|100%|HS|  |TAMS 0x000000008c600000, 0x000000008c600000| Complete 
| 199|0x000000008c700000, 0x000000008c800000, 0x000000008c800000|100%|HC|  |TAMS 0x000000008c700000, 0x000000008c700000| Complete 
| 200|0x000000008c800000, 0x000000008c900000, 0x000000008c900000|100%| O|  |TAMS 0x000000008c800000, 0x000000008c800000| Untracked 
| 201|0x000000008c900000, 0x000000008ca00000, 0x000000008ca00000|100%| O|  |TAMS 0x000000008c900000, 0x000000008c900000| Untracked 
| 202|0x000000008ca00000, 0x000000008cb00000, 0x000000008cb00000|100%| O|  |TAMS 0x000000008ca00000, 0x000000008ca00000| Untracked 
| 203|0x000000008cb00000, 0x000000008cc00000, 0x000000008cc00000|100%| O|  |TAMS 0x000000008cb00000, 0x000000008cb00000| Untracked 
| 204|0x000000008cc00000, 0x000000008cd00000, 0x000000008cd00000|100%| O|  |TAMS 0x000000008cc00000, 0x000000008cc00000| Untracked 
| 205|0x000000008cd00000, 0x000000008ce00000, 0x000000008ce00000|100%|HS|  |TAMS 0x000000008cd00000, 0x000000008cd00000| Complete 
| 206|0x000000008ce00000, 0x000000008cf00000, 0x000000008cf00000|100%|HC|  |TAMS 0x000000008ce00000, 0x000000008ce00000| Complete 
| 207|0x000000008cf00000, 0x000000008cf00000, 0x000000008d000000|  0%| F|  |TAMS 0x000000008cf00000, 0x000000008cf00000| Untracked 
| 208|0x000000008d000000, 0x000000008d100000, 0x000000008d100000|100%| O|  |TAMS 0x000000008d000000, 0x000000008d000000| Untracked 
| 209|0x000000008d100000, 0x000000008d200000, 0x000000008d200000|100%| O|  |TAMS 0x000000008d100000, 0x000000008d100000| Untracked 
| 210|0x000000008d200000, 0x000000008d300000, 0x000000008d300000|100%|HS|  |TAMS 0x000000008d200000, 0x000000008d200000| Complete 
| 211|0x000000008d300000, 0x000000008d400000, 0x000000008d400000|100%|HC|  |TAMS 0x000000008d300000, 0x000000008d300000| Complete 
| 212|0x000000008d400000, 0x000000008d500000, 0x000000008d500000|100%|HC|  |TAMS 0x000000008d400000, 0x000000008d400000| Complete 
| 213|0x000000008d500000, 0x000000008d600000, 0x000000008d600000|100%|HC|  |TAMS 0x000000008d500000, 0x000000008d500000| Complete 
| 214|0x000000008d600000, 0x000000008d700000, 0x000000008d700000|100%|HC|  |TAMS 0x000000008d600000, 0x000000008d600000| Complete 
| 215|0x000000008d700000, 0x000000008d800000, 0x000000008d800000|100%|HC|  |TAMS 0x000000008d700000, 0x000000008d700000| Complete 
| 216|0x000000008d800000, 0x000000008d900000, 0x000000008d900000|100%|HC|  |TAMS 0x000000008d800000, 0x000000008d800000| Complete 
| 217|0x000000008d900000, 0x000000008da00000, 0x000000008da00000|100%|HC|  |TAMS 0x000000008d900000, 0x000000008d900000| Complete 
| 218|0x000000008da00000, 0x000000008db00000, 0x000000008db00000|100%|HC|  |TAMS 0x000000008da00000, 0x000000008da00000| Complete 
| 219|0x000000008db00000, 0x000000008dc00000, 0x000000008dc00000|100%|HC|  |TAMS 0x000000008db00000, 0x000000008db00000| Complete 
| 220|0x000000008dc00000, 0x000000008dc00000, 0x000000008dd00000|  0%| F|  |TAMS 0x000000008dc00000, 0x000000008dc00000| Untracked 
| 221|0x000000008dd00000, 0x000000008dd00000, 0x000000008de00000|  0%| F|  |TAMS 0x000000008dd00000, 0x000000008dd00000| Untracked 
| 222|0x000000008de00000, 0x000000008df00000, 0x000000008df00000|100%| O|  |TAMS 0x000000008de00000, 0x000000008de00000| Untracked 
| 223|0x000000008df00000, 0x000000008e000000, 0x000000008e000000|100%| O|  |TAMS 0x000000008df00000, 0x000000008df00000| Untracked 
| 224|0x000000008e000000, 0x000000008e100000, 0x000000008e100000|100%| O|  |TAMS 0x000000008e000000, 0x000000008e000000| Untracked 
| 225|0x000000008e100000, 0x000000008e200000, 0x000000008e200000|100%| O|  |TAMS 0x000000008e100000, 0x000000008e100000| Untracked 
| 226|0x000000008e200000, 0x000000008e300000, 0x000000008e300000|100%| O|  |TAMS 0x000000008e200000, 0x000000008e200000| Untracked 
| 227|0x000000008e300000, 0x000000008e400000, 0x000000008e400000|100%| O|  |TAMS 0x000000008e300000, 0x000000008e300000| Untracked 
| 228|0x000000008e400000, 0x000000008e500000, 0x000000008e500000|100%| O|  |TAMS 0x000000008e400000, 0x000000008e400000| Untracked 
| 229|0x000000008e500000, 0x000000008e600000, 0x000000008e600000|100%| O|  |TAMS 0x000000008e500000, 0x000000008e500000| Untracked 
| 230|0x000000008e600000, 0x000000008e700000, 0x000000008e700000|100%| O|  |TAMS 0x000000008e600000, 0x000000008e600000| Untracked 
| 231|0x000000008e700000, 0x000000008e800000, 0x000000008e800000|100%| O|  |TAMS 0x000000008e700000, 0x000000008e700000| Untracked 
| 232|0x000000008e800000, 0x000000008e83d800, 0x000000008e900000| 24%| O|  |TAMS 0x000000008e800000, 0x000000008e800000| Untracked 
| 233|0x000000008e900000, 0x000000008ea00000, 0x000000008ea00000|100%|HS|  |TAMS 0x000000008e900000, 0x000000008e900000| Complete 
| 234|0x000000008ea00000, 0x000000008eb00000, 0x000000008eb00000|100%|HC|  |TAMS 0x000000008ea00000, 0x000000008ea00000| Complete 
| 235|0x000000008eb00000, 0x000000008ec00000, 0x000000008ec00000|100%|HC|  |TAMS 0x000000008eb00000, 0x000000008eb00000| Complete 
| 236|0x000000008ec00000, 0x000000008ed00000, 0x000000008ed00000|100%|HC|  |TAMS 0x000000008ec00000, 0x000000008ec00000| Complete 
| 237|0x000000008ed00000, 0x000000008ee00000, 0x000000008ee00000|100%|HC|  |TAMS 0x000000008ed00000, 0x000000008ed00000| Complete 
| 238|0x000000008ee00000, 0x000000008ef00000, 0x000000008ef00000|100%|HC|  |TAMS 0x000000008ee00000, 0x000000008ee00000| Complete 
| 239|0x000000008ef00000, 0x000000008f000000, 0x000000008f000000|100%|HC|  |TAMS 0x000000008ef00000, 0x000000008ef00000| Complete 
| 240|0x000000008f000000, 0x000000008f100000, 0x000000008f100000|100%|HC|  |TAMS 0x000000008f000000, 0x000000008f000000| Complete 
| 241|0x000000008f100000, 0x000000008f200000, 0x000000008f200000|100%|HC|  |TAMS 0x000000008f100000, 0x000000008f100000| Complete 
| 242|0x000000008f200000, 0x000000008f300000, 0x000000008f300000|100%|HC|  |TAMS 0x000000008f200000, 0x000000008f200000| Complete 
| 243|0x000000008f300000, 0x000000008f400000, 0x000000008f400000|100%|HC|  |TAMS 0x000000008f300000, 0x000000008f300000| Complete 
| 244|0x000000008f400000, 0x000000008f500000, 0x000000008f500000|100%|HC|  |TAMS 0x000000008f400000, 0x000000008f400000| Complete 
| 245|0x000000008f500000, 0x000000008f600000, 0x000000008f600000|100%|HC|  |TAMS 0x000000008f500000, 0x000000008f500000| Complete 
| 246|0x000000008f600000, 0x000000008f700000, 0x000000008f700000|100%|HC|  |TAMS 0x000000008f600000, 0x000000008f600000| Complete 
| 247|0x000000008f700000, 0x000000008f800000, 0x000000008f800000|100%|HC|  |TAMS 0x000000008f700000, 0x000000008f700000| Complete 
| 248|0x000000008f800000, 0x000000008f900000, 0x000000008f900000|100%|HC|  |TAMS 0x000000008f800000, 0x000000008f800000| Complete 
| 249|0x000000008f900000, 0x000000008fa00000, 0x000000008fa00000|100%|HC|  |TAMS 0x000000008f900000, 0x000000008f900000| Complete 
| 250|0x000000008fa00000, 0x000000008fb00000, 0x000000008fb00000|100%|HC|  |TAMS 0x000000008fa00000, 0x000000008fa00000| Complete 
| 251|0x000000008fb00000, 0x000000008fc00000, 0x000000008fc00000|100%|HC|  |TAMS 0x000000008fb00000, 0x000000008fb00000| Complete 
| 252|0x000000008fc00000, 0x000000008fd00000, 0x000000008fd00000|100%|HC|  |TAMS 0x000000008fc00000, 0x000000008fc00000| Complete 
| 253|0x000000008fd00000, 0x000000008fd00000, 0x000000008fe00000|  0%| F|  |TAMS 0x000000008fd00000, 0x000000008fd00000| Untracked 
| 254|0x000000008fe00000, 0x000000008fe00000, 0x000000008ff00000|  0%| F|  |TAMS 0x000000008fe00000, 0x000000008fe00000| Untracked 
| 255|0x000000008ff00000, 0x0000000090000000, 0x0000000090000000|100%| O|  |TAMS 0x0000000090000000, 0x000000008ff00000| Untracked 
| 256|0x0000000090000000, 0x0000000090000000, 0x0000000090100000|  0%| F|  |TAMS 0x0000000090000000, 0x0000000090000000| Untracked 
| 257|0x0000000090100000, 0x0000000090100000, 0x0000000090200000|  0%| F|  |TAMS 0x0000000090100000, 0x0000000090100000| Untracked 
| 258|0x0000000090200000, 0x0000000090300000, 0x0000000090300000|100%| O|  |TAMS 0x0000000090300000, 0x0000000090200000| Untracked 
| 259|0x0000000090300000, 0x0000000090300000, 0x0000000090400000|  0%| F|  |TAMS 0x0000000090300000, 0x0000000090300000| Untracked 
| 260|0x0000000090400000, 0x0000000090500000, 0x0000000090500000|100%| O|  |TAMS 0x0000000090500000, 0x0000000090400000| Untracked 
| 261|0x0000000090500000, 0x0000000090600000, 0x0000000090600000|100%| O|  |TAMS 0x0000000090600000, 0x0000000090500000| Untracked 
| 262|0x0000000090600000, 0x0000000090700000, 0x0000000090700000|100%| O|  |TAMS 0x0000000090700000, 0x0000000090600000| Untracked 
| 263|0x0000000090700000, 0x0000000090800000, 0x0000000090800000|100%| O|  |TAMS 0x0000000090800000, 0x0000000090700000| Untracked 
| 264|0x0000000090800000, 0x0000000090900000, 0x0000000090900000|100%| O|  |TAMS 0x0000000090900000, 0x0000000090800000| Untracked 
| 265|0x0000000090900000, 0x0000000090a00000, 0x0000000090a00000|100%| O|  |TAMS 0x0000000090a00000, 0x0000000090900000| Untracked 
| 266|0x0000000090a00000, 0x0000000090b00000, 0x0000000090b00000|100%| O|  |TAMS 0x0000000090b00000, 0x0000000090a00000| Untracked 
| 267|0x0000000090b00000, 0x0000000090c00000, 0x0000000090c00000|100%| O|  |TAMS 0x0000000090c00000, 0x0000000090b00000| Untracked 
| 268|0x0000000090c00000, 0x0000000090d00000, 0x0000000090d00000|100%| O|  |TAMS 0x0000000090d00000, 0x0000000090c00000| Untracked 
| 269|0x0000000090d00000, 0x0000000090e00000, 0x0000000090e00000|100%| O|  |TAMS 0x0000000090e00000, 0x0000000090d00000| Untracked 
| 270|0x0000000090e00000, 0x0000000090f00000, 0x0000000090f00000|100%| O|  |TAMS 0x0000000090f00000, 0x0000000090e00000| Untracked 
| 271|0x0000000090f00000, 0x0000000091000000, 0x0000000091000000|100%| O|  |TAMS 0x0000000091000000, 0x0000000090f00000| Untracked 
| 272|0x0000000091000000, 0x0000000091100000, 0x0000000091100000|100%| O|  |TAMS 0x0000000091100000, 0x0000000091000000| Untracked 
| 273|0x0000000091100000, 0x0000000091200000, 0x0000000091200000|100%| O|  |TAMS 0x0000000091200000, 0x0000000091100000| Untracked 
| 274|0x0000000091200000, 0x0000000091300000, 0x0000000091300000|100%| O|  |TAMS 0x0000000091300000, 0x0000000091200000| Untracked 
| 275|0x0000000091300000, 0x0000000091400000, 0x0000000091400000|100%| O|  |TAMS 0x0000000091400000, 0x0000000091300000| Untracked 
| 276|0x0000000091400000, 0x0000000091500000, 0x0000000091500000|100%| O|  |TAMS 0x0000000091500000, 0x0000000091400000| Untracked 
| 277|0x0000000091500000, 0x0000000091600000, 0x0000000091600000|100%| O|  |TAMS 0x0000000091600000, 0x0000000091500000| Untracked 
| 278|0x0000000091600000, 0x0000000091700000, 0x0000000091700000|100%| O|  |TAMS 0x0000000091700000, 0x0000000091600000| Untracked 
| 279|0x0000000091700000, 0x0000000091800000, 0x0000000091800000|100%| O|  |TAMS 0x0000000091800000, 0x0000000091700000| Untracked 
| 280|0x0000000091800000, 0x0000000091900000, 0x0000000091900000|100%| O|  |TAMS 0x0000000091900000, 0x0000000091800000| Untracked 
| 281|0x0000000091900000, 0x0000000091a00000, 0x0000000091a00000|100%| O|  |TAMS 0x0000000091a00000, 0x0000000091900000| Untracked 
| 282|0x0000000091a00000, 0x0000000091b00000, 0x0000000091b00000|100%| O|  |TAMS 0x0000000091b00000, 0x0000000091a00000| Untracked 
| 283|0x0000000091b00000, 0x0000000091c00000, 0x0000000091c00000|100%| O|  |TAMS 0x0000000091c00000, 0x0000000091b00000| Untracked 
| 284|0x0000000091c00000, 0x0000000091d00000, 0x0000000091d00000|100%| O|  |TAMS 0x0000000091d00000, 0x0000000091c00000| Untracked 
| 285|0x0000000091d00000, 0x0000000091e00000, 0x0000000091e00000|100%| O|  |TAMS 0x0000000091e00000, 0x0000000091d00000| Untracked 
| 286|0x0000000091e00000, 0x0000000091e00000, 0x0000000091f00000|  0%| F|  |TAMS 0x0000000091e00000, 0x0000000091e00000| Untracked 
| 287|0x0000000091f00000, 0x0000000092000000, 0x0000000092000000|100%| O|  |TAMS 0x0000000092000000, 0x0000000091f00000| Untracked 
| 288|0x0000000092000000, 0x0000000092100000, 0x0000000092100000|100%| O|  |TAMS 0x0000000092100000, 0x0000000092000000| Untracked 
| 289|0x0000000092100000, 0x0000000092200000, 0x0000000092200000|100%| O|  |TAMS 0x0000000092200000, 0x0000000092100000| Untracked 
| 290|0x0000000092200000, 0x0000000092300000, 0x0000000092300000|100%| O|  |TAMS 0x0000000092300000, 0x0000000092200000| Untracked 
| 291|0x0000000092300000, 0x0000000092300000, 0x0000000092400000|  0%| F|  |TAMS 0x0000000092300000, 0x0000000092300000| Untracked 
| 292|0x0000000092400000, 0x0000000092500000, 0x0000000092500000|100%| O|  |TAMS 0x0000000092500000, 0x0000000092400000| Untracked 
| 293|0x0000000092500000, 0x0000000092600000, 0x0000000092600000|100%| O|  |TAMS 0x0000000092600000, 0x0000000092500000| Untracked 
| 294|0x0000000092600000, 0x0000000092600000, 0x0000000092700000|  0%| F|  |TAMS 0x0000000092600000, 0x0000000092600000| Untracked 
| 295|0x0000000092700000, 0x0000000092700000, 0x0000000092800000|  0%| F|  |TAMS 0x0000000092700000, 0x0000000092700000| Untracked 
| 296|0x0000000092800000, 0x0000000092800000, 0x0000000092900000|  0%| F|  |TAMS 0x0000000092800000, 0x0000000092800000| Untracked 
| 297|0x0000000092900000, 0x0000000092900000, 0x0000000092a00000|  0%| F|  |TAMS 0x0000000092900000, 0x0000000092900000| Untracked 
| 298|0x0000000092a00000, 0x0000000092a00000, 0x0000000092b00000|  0%| F|  |TAMS 0x0000000092a00000, 0x0000000092a00000| Untracked 
| 299|0x0000000092b00000, 0x0000000092b00000, 0x0000000092c00000|  0%| F|  |TAMS 0x0000000092b00000, 0x0000000092b00000| Untracked 
| 300|0x0000000092c00000, 0x0000000092c00000, 0x0000000092d00000|  0%| F|  |TAMS 0x0000000092c00000, 0x0000000092c00000| Untracked 
| 301|0x0000000092d00000, 0x0000000092d00000, 0x0000000092e00000|  0%| F|  |TAMS 0x0000000092d00000, 0x0000000092d00000| Untracked 
| 302|0x0000000092e00000, 0x0000000092e00000, 0x0000000092f00000|  0%| F|  |TAMS 0x0000000092e00000, 0x0000000092e00000| Untracked 
| 303|0x0000000092f00000, 0x0000000092f00000, 0x0000000093000000|  0%| F|  |TAMS 0x0000000092f00000, 0x0000000092f00000| Untracked 
| 304|0x0000000093000000, 0x0000000093000000, 0x0000000093100000|  0%| F|  |TAMS 0x0000000093000000, 0x0000000093000000| Untracked 
| 305|0x0000000093100000, 0x0000000093100000, 0x0000000093200000|  0%| F|  |TAMS 0x0000000093100000, 0x0000000093100000| Untracked 
| 306|0x0000000093200000, 0x0000000093200000, 0x0000000093300000|  0%| F|  |TAMS 0x0000000093200000, 0x0000000093200000| Untracked 
| 307|0x0000000093300000, 0x0000000093300000, 0x0000000093400000|  0%| F|  |TAMS 0x0000000093300000, 0x0000000093300000| Untracked 
| 308|0x0000000093400000, 0x0000000093400000, 0x0000000093500000|  0%| F|  |TAMS 0x0000000093400000, 0x0000000093400000| Untracked 
| 309|0x0000000093500000, 0x0000000093500000, 0x0000000093600000|  0%| F|  |TAMS 0x0000000093500000, 0x0000000093500000| Untracked 
| 310|0x0000000093600000, 0x0000000093600000, 0x0000000093700000|  0%| F|  |TAMS 0x0000000093600000, 0x0000000093600000| Untracked 
| 311|0x0000000093700000, 0x0000000093700000, 0x0000000093800000|  0%| F|  |TAMS 0x0000000093700000, 0x0000000093700000| Untracked 
| 312|0x0000000093800000, 0x0000000093800000, 0x0000000093900000|  0%| F|  |TAMS 0x0000000093800000, 0x0000000093800000| Untracked 
| 313|0x0000000093900000, 0x0000000093900000, 0x0000000093a00000|  0%| F|  |TAMS 0x0000000093900000, 0x0000000093900000| Untracked 
| 314|0x0000000093a00000, 0x0000000093a00000, 0x0000000093b00000|  0%| F|  |TAMS 0x0000000093a00000, 0x0000000093a00000| Untracked 
| 315|0x0000000093b00000, 0x0000000093b00000, 0x0000000093c00000|  0%| F|  |TAMS 0x0000000093b00000, 0x0000000093b00000| Untracked 
| 316|0x0000000093c00000, 0x0000000093c00000, 0x0000000093d00000|  0%| F|  |TAMS 0x0000000093c00000, 0x0000000093c00000| Untracked 
| 317|0x0000000093d00000, 0x0000000093d00000, 0x0000000093e00000|  0%| F|  |TAMS 0x0000000093d00000, 0x0000000093d00000| Untracked 
| 318|0x0000000093e00000, 0x0000000093e00000, 0x0000000093f00000|  0%| F|  |TAMS 0x0000000093e00000, 0x0000000093e00000| Untracked 
| 319|0x0000000093f00000, 0x0000000093f00000, 0x0000000094000000|  0%| F|  |TAMS 0x0000000093f00000, 0x0000000093f00000| Untracked 
| 320|0x0000000094000000, 0x0000000094000000, 0x0000000094100000|  0%| F|  |TAMS 0x0000000094000000, 0x0000000094000000| Untracked 
| 321|0x0000000094100000, 0x0000000094100000, 0x0000000094200000|  0%| F|  |TAMS 0x0000000094100000, 0x0000000094100000| Untracked 
| 322|0x0000000094200000, 0x0000000094200000, 0x0000000094300000|  0%| F|  |TAMS 0x0000000094200000, 0x0000000094200000| Untracked 
| 323|0x0000000094300000, 0x0000000094300000, 0x0000000094400000|  0%| F|  |TAMS 0x0000000094300000, 0x0000000094300000| Untracked 
| 324|0x0000000094400000, 0x0000000094400000, 0x0000000094500000|  0%| F|  |TAMS 0x0000000094400000, 0x0000000094400000| Untracked 
| 325|0x0000000094500000, 0x0000000094500000, 0x0000000094600000|  0%| F|  |TAMS 0x0000000094500000, 0x0000000094500000| Untracked 
| 326|0x0000000094600000, 0x0000000094600000, 0x0000000094700000|  0%| F|  |TAMS 0x0000000094600000, 0x0000000094600000| Untracked 
| 327|0x0000000094700000, 0x0000000094700000, 0x0000000094800000|  0%| F|  |TAMS 0x0000000094700000, 0x0000000094700000| Untracked 
| 328|0x0000000094800000, 0x0000000094800000, 0x0000000094900000|  0%| F|  |TAMS 0x0000000094800000, 0x0000000094800000| Untracked 
| 329|0x0000000094900000, 0x0000000094900000, 0x0000000094a00000|  0%| F|  |TAMS 0x0000000094900000, 0x0000000094900000| Untracked 
| 330|0x0000000094a00000, 0x0000000094a00000, 0x0000000094b00000|  0%| F|  |TAMS 0x0000000094a00000, 0x0000000094a00000| Untracked 
| 331|0x0000000094b00000, 0x0000000094b00000, 0x0000000094c00000|  0%| F|  |TAMS 0x0000000094b00000, 0x0000000094b00000| Untracked 
| 332|0x0000000094c00000, 0x0000000094c00000, 0x0000000094d00000|  0%| F|  |TAMS 0x0000000094c00000, 0x0000000094c00000| Untracked 
| 333|0x0000000094d00000, 0x0000000094d00000, 0x0000000094e00000|  0%| F|  |TAMS 0x0000000094d00000, 0x0000000094d00000| Untracked 
| 334|0x0000000094e00000, 0x0000000094e00000, 0x0000000094f00000|  0%| F|  |TAMS 0x0000000094e00000, 0x0000000094e00000| Untracked 
| 335|0x0000000094f00000, 0x0000000094f00000, 0x0000000095000000|  0%| F|  |TAMS 0x0000000094f00000, 0x0000000094f00000| Untracked 
| 336|0x0000000095000000, 0x0000000095000000, 0x0000000095100000|  0%| F|  |TAMS 0x0000000095000000, 0x0000000095000000| Untracked 
| 337|0x0000000095100000, 0x0000000095100000, 0x0000000095200000|  0%| F|  |TAMS 0x0000000095100000, 0x0000000095100000| Untracked 
| 338|0x0000000095200000, 0x0000000095200000, 0x0000000095300000|  0%| F|  |TAMS 0x0000000095200000, 0x0000000095200000| Untracked 
| 339|0x0000000095300000, 0x0000000095300000, 0x0000000095400000|  0%| F|  |TAMS 0x0000000095300000, 0x0000000095300000| Untracked 
| 340|0x0000000095400000, 0x0000000095400000, 0x0000000095500000|  0%| F|  |TAMS 0x0000000095400000, 0x0000000095400000| Untracked 
| 341|0x0000000095500000, 0x0000000095500000, 0x0000000095600000|  0%| F|  |TAMS 0x0000000095500000, 0x0000000095500000| Untracked 
| 342|0x0000000095600000, 0x0000000095600000, 0x0000000095700000|  0%| F|  |TAMS 0x0000000095600000, 0x0000000095600000| Untracked 
| 343|0x0000000095700000, 0x0000000095739858, 0x0000000095800000| 22%| S|CS|TAMS 0x0000000095700000, 0x0000000095700000| Complete 
| 344|0x0000000095800000, 0x0000000095900000, 0x0000000095900000|100%| S|CS|TAMS 0x0000000095800000, 0x0000000095800000| Complete 
| 345|0x0000000095900000, 0x0000000095900000, 0x0000000095a00000|  0%| F|  |TAMS 0x0000000095900000, 0x0000000095900000| Untracked 
| 346|0x0000000095a00000, 0x0000000095a00000, 0x0000000095b00000|  0%| F|  |TAMS 0x0000000095a00000, 0x0000000095a00000| Untracked 
| 347|0x0000000095b00000, 0x0000000095b00000, 0x0000000095c00000|  0%| F|  |TAMS 0x0000000095b00000, 0x0000000095b00000| Untracked 
| 348|0x0000000095c00000, 0x0000000095c00000, 0x0000000095d00000|  0%| F|  |TAMS 0x0000000095c00000, 0x0000000095c00000| Untracked 
| 349|0x0000000095d00000, 0x0000000095d00000, 0x0000000095e00000|  0%| F|  |TAMS 0x0000000095d00000, 0x0000000095d00000| Untracked 
| 350|0x0000000095e00000, 0x0000000095e00000, 0x0000000095f00000|  0%| F|  |TAMS 0x0000000095e00000, 0x0000000095e00000| Untracked 
| 351|0x0000000095f00000, 0x0000000095f00000, 0x0000000096000000|  0%| F|  |TAMS 0x0000000095f00000, 0x0000000095f00000| Untracked 
| 352|0x0000000096000000, 0x0000000096000000, 0x0000000096100000|  0%| F|  |TAMS 0x0000000096000000, 0x0000000096000000| Untracked 
| 353|0x0000000096100000, 0x0000000096100000, 0x0000000096200000|  0%| F|  |TAMS 0x0000000096100000, 0x0000000096100000| Untracked 
| 354|0x0000000096200000, 0x0000000096200000, 0x0000000096300000|  0%| F|  |TAMS 0x0000000096200000, 0x0000000096200000| Untracked 
| 355|0x0000000096300000, 0x0000000096300000, 0x0000000096400000|  0%| F|  |TAMS 0x0000000096300000, 0x0000000096300000| Untracked 
| 356|0x0000000096400000, 0x0000000096400000, 0x0000000096500000|  0%| F|  |TAMS 0x0000000096400000, 0x0000000096400000| Untracked 
| 357|0x0000000096500000, 0x0000000096500000, 0x0000000096600000|  0%| F|  |TAMS 0x0000000096500000, 0x0000000096500000| Untracked 
| 358|0x0000000096600000, 0x0000000096600000, 0x0000000096700000|  0%| F|  |TAMS 0x0000000096600000, 0x0000000096600000| Untracked 
| 359|0x0000000096700000, 0x0000000096700000, 0x0000000096800000|  0%| F|  |TAMS 0x0000000096700000, 0x0000000096700000| Untracked 
| 360|0x0000000096800000, 0x0000000096800000, 0x0000000096900000|  0%| F|  |TAMS 0x0000000096800000, 0x0000000096800000| Untracked 
| 361|0x0000000096900000, 0x0000000096900000, 0x0000000096a00000|  0%| F|  |TAMS 0x0000000096900000, 0x0000000096900000| Untracked 
| 362|0x0000000096a00000, 0x0000000096a00000, 0x0000000096b00000|  0%| F|  |TAMS 0x0000000096a00000, 0x0000000096a00000| Untracked 
| 363|0x0000000096b00000, 0x0000000096b00000, 0x0000000096c00000|  0%| F|  |TAMS 0x0000000096b00000, 0x0000000096b00000| Untracked 
| 364|0x0000000096c00000, 0x0000000096c00000, 0x0000000096d00000|  0%| F|  |TAMS 0x0000000096c00000, 0x0000000096c00000| Untracked 
| 365|0x0000000096d00000, 0x0000000096d00000, 0x0000000096e00000|  0%| F|  |TAMS 0x0000000096d00000, 0x0000000096d00000| Untracked 
| 366|0x0000000096e00000, 0x0000000096e00000, 0x0000000096f00000|  0%| F|  |TAMS 0x0000000096e00000, 0x0000000096e00000| Untracked 
| 367|0x0000000096f00000, 0x0000000096f00000, 0x0000000097000000|  0%| F|  |TAMS 0x0000000096f00000, 0x0000000096f00000| Untracked 
| 368|0x0000000097000000, 0x0000000097000000, 0x0000000097100000|  0%| F|  |TAMS 0x0000000097000000, 0x0000000097000000| Untracked 
| 369|0x0000000097100000, 0x0000000097100000, 0x0000000097200000|  0%| F|  |TAMS 0x0000000097100000, 0x0000000097100000| Untracked 
| 370|0x0000000097200000, 0x0000000097200000, 0x0000000097300000|  0%| F|  |TAMS 0x0000000097200000, 0x0000000097200000| Untracked 
| 371|0x0000000097300000, 0x0000000097300000, 0x0000000097400000|  0%| F|  |TAMS 0x0000000097300000, 0x0000000097300000| Untracked 
| 372|0x0000000097400000, 0x0000000097400000, 0x0000000097500000|  0%| F|  |TAMS 0x0000000097400000, 0x0000000097400000| Untracked 
| 373|0x0000000097500000, 0x0000000097500000, 0x0000000097600000|  0%| F|  |TAMS 0x0000000097500000, 0x0000000097500000| Untracked 
| 374|0x0000000097600000, 0x0000000097600000, 0x0000000097700000|  0%| F|  |TAMS 0x0000000097600000, 0x0000000097600000| Untracked 
| 375|0x0000000097700000, 0x0000000097700000, 0x0000000097800000|  0%| F|  |TAMS 0x0000000097700000, 0x0000000097700000| Untracked 
| 376|0x0000000097800000, 0x0000000097800000, 0x0000000097900000|  0%| F|  |TAMS 0x0000000097800000, 0x0000000097800000| Untracked 
| 377|0x0000000097900000, 0x0000000097900000, 0x0000000097a00000|  0%| F|  |TAMS 0x0000000097900000, 0x0000000097900000| Untracked 
| 378|0x0000000097a00000, 0x0000000097a00000, 0x0000000097b00000|  0%| F|  |TAMS 0x0000000097a00000, 0x0000000097a00000| Untracked 
| 379|0x0000000097b00000, 0x0000000097b00000, 0x0000000097c00000|  0%| F|  |TAMS 0x0000000097b00000, 0x0000000097b00000| Untracked 
| 380|0x0000000097c00000, 0x0000000097c00000, 0x0000000097d00000|  0%| F|  |TAMS 0x0000000097c00000, 0x0000000097c00000| Untracked 
| 381|0x0000000097d00000, 0x0000000097d00000, 0x0000000097e00000|  0%| F|  |TAMS 0x0000000097d00000, 0x0000000097d00000| Untracked 
| 382|0x0000000097e00000, 0x0000000097e00000, 0x0000000097f00000|  0%| F|  |TAMS 0x0000000097e00000, 0x0000000097e00000| Untracked 
| 383|0x0000000097f00000, 0x0000000097f00000, 0x0000000098000000|  0%| F|  |TAMS 0x0000000097f00000, 0x0000000097f00000| Untracked 
| 384|0x0000000098000000, 0x0000000098000000, 0x0000000098100000|  0%| F|  |TAMS 0x0000000098000000, 0x0000000098000000| Untracked 
| 385|0x0000000098100000, 0x0000000098100000, 0x0000000098200000|  0%| F|  |TAMS 0x0000000098100000, 0x0000000098100000| Untracked 
| 386|0x0000000098200000, 0x0000000098200000, 0x0000000098300000|  0%| F|  |TAMS 0x0000000098200000, 0x0000000098200000| Untracked 
| 387|0x0000000098300000, 0x0000000098300000, 0x0000000098400000|  0%| F|  |TAMS 0x0000000098300000, 0x0000000098300000| Untracked 
| 388|0x0000000098400000, 0x0000000098400000, 0x0000000098500000|  0%| F|  |TAMS 0x0000000098400000, 0x0000000098400000| Untracked 
| 389|0x0000000098500000, 0x0000000098500000, 0x0000000098600000|  0%| F|  |TAMS 0x0000000098500000, 0x0000000098500000| Untracked 
| 390|0x0000000098600000, 0x0000000098600000, 0x0000000098700000|  0%| F|  |TAMS 0x0000000098600000, 0x0000000098600000| Untracked 
| 391|0x0000000098700000, 0x0000000098700000, 0x0000000098800000|  0%| F|  |TAMS 0x0000000098700000, 0x0000000098700000| Untracked 
| 392|0x0000000098800000, 0x0000000098800000, 0x0000000098900000|  0%| F|  |TAMS 0x0000000098800000, 0x0000000098800000| Untracked 
| 393|0x0000000098900000, 0x0000000098900000, 0x0000000098a00000|  0%| F|  |TAMS 0x0000000098900000, 0x0000000098900000| Untracked 
| 394|0x0000000098a00000, 0x0000000098a00000, 0x0000000098b00000|  0%| F|  |TAMS 0x0000000098a00000, 0x0000000098a00000| Untracked 
| 395|0x0000000098b00000, 0x0000000098b00000, 0x0000000098c00000|  0%| F|  |TAMS 0x0000000098b00000, 0x0000000098b00000| Untracked 
| 396|0x0000000098c00000, 0x0000000098c00000, 0x0000000098d00000|  0%| F|  |TAMS 0x0000000098c00000, 0x0000000098c00000| Untracked 
| 397|0x0000000098d00000, 0x0000000098d00000, 0x0000000098e00000|  0%| F|  |TAMS 0x0000000098d00000, 0x0000000098d00000| Untracked 
| 398|0x0000000098e00000, 0x0000000098e00000, 0x0000000098f00000|  0%| F|  |TAMS 0x0000000098e00000, 0x0000000098e00000| Untracked 
| 399|0x0000000098f00000, 0x0000000098f00000, 0x0000000099000000|  0%| F|  |TAMS 0x0000000098f00000, 0x0000000098f00000| Untracked 
| 400|0x0000000099000000, 0x0000000099016ce8, 0x0000000099100000|  8%| E|  |TAMS 0x0000000099000000, 0x0000000099000000| Complete 
| 401|0x0000000099100000, 0x0000000099200000, 0x0000000099200000|100%| E|CS|TAMS 0x0000000099100000, 0x0000000099100000| Complete 
| 402|0x0000000099200000, 0x0000000099300000, 0x0000000099300000|100%| E|CS|TAMS 0x0000000099200000, 0x0000000099200000| Complete 
| 403|0x0000000099300000, 0x0000000099400000, 0x0000000099400000|100%| E|CS|TAMS 0x0000000099300000, 0x0000000099300000| Complete 
| 404|0x0000000099400000, 0x0000000099500000, 0x0000000099500000|100%| E|CS|TAMS 0x0000000099400000, 0x0000000099400000| Complete 
| 405|0x0000000099500000, 0x0000000099600000, 0x0000000099600000|100%| E|CS|TAMS 0x0000000099500000, 0x0000000099500000| Complete 
| 406|0x0000000099600000, 0x0000000099700000, 0x0000000099700000|100%| E|CS|TAMS 0x0000000099600000, 0x0000000099600000| Complete 
| 407|0x0000000099700000, 0x0000000099800000, 0x0000000099800000|100%| E|CS|TAMS 0x0000000099700000, 0x0000000099700000| Complete 
| 408|0x0000000099800000, 0x0000000099900000, 0x0000000099900000|100%| E|CS|TAMS 0x0000000099800000, 0x0000000099800000| Complete 
| 409|0x0000000099900000, 0x0000000099a00000, 0x0000000099a00000|100%| E|CS|TAMS 0x0000000099900000, 0x0000000099900000| Complete 
| 410|0x0000000099a00000, 0x0000000099b00000, 0x0000000099b00000|100%| E|CS|TAMS 0x0000000099a00000, 0x0000000099a00000| Complete 
| 411|0x0000000099b00000, 0x0000000099c00000, 0x0000000099c00000|100%| E|CS|TAMS 0x0000000099b00000, 0x0000000099b00000| Complete 
| 412|0x0000000099c00000, 0x0000000099d00000, 0x0000000099d00000|100%| E|CS|TAMS 0x0000000099c00000, 0x0000000099c00000| Complete 
| 413|0x0000000099d00000, 0x0000000099e00000, 0x0000000099e00000|100%| E|CS|TAMS 0x0000000099d00000, 0x0000000099d00000| Complete 
| 414|0x0000000099e00000, 0x0000000099f00000, 0x0000000099f00000|100%| E|CS|TAMS 0x0000000099e00000, 0x0000000099e00000| Complete 
| 415|0x0000000099f00000, 0x000000009a000000, 0x000000009a000000|100%| E|CS|TAMS 0x0000000099f00000, 0x0000000099f00000| Complete 
| 416|0x000000009a000000, 0x000000009a100000, 0x000000009a100000|100%| E|CS|TAMS 0x000000009a000000, 0x000000009a000000| Complete 
| 417|0x000000009a100000, 0x000000009a200000, 0x000000009a200000|100%| E|CS|TAMS 0x000000009a100000, 0x000000009a100000| Complete 
| 418|0x000000009a200000, 0x000000009a300000, 0x000000009a300000|100%| E|CS|TAMS 0x000000009a200000, 0x000000009a200000| Complete 
| 419|0x000000009a300000, 0x000000009a400000, 0x000000009a400000|100%| E|CS|TAMS 0x000000009a300000, 0x000000009a300000| Complete 
| 420|0x000000009a400000, 0x000000009a500000, 0x000000009a500000|100%| E|CS|TAMS 0x000000009a400000, 0x000000009a400000| Complete 

Card table byte_map: [0x000002c97f6d0000,0x000002c97fad0000] _byte_map_base: 0x000002c97f2d0000

Marking Bits (Prev, Next): (CMBitMap*) 0x000002c9689b1568, (CMBitMap*) 0x000002c9689b15a0
 Prev Bits: [0x000002c900000000, 0x000002c902000000)
 Next Bits: [0x000002c902000000, 0x000002c904000000)

Polling page: 0x000002c966960000

Metaspace:

Usage:
  Non-class:     93.76 MB capacity,    92.12 MB ( 98%) used,     1.30 MB (  1%) free+waste,   344.56 KB ( <1%) overhead. 
      Class:     14.82 MB capacity,    13.72 MB ( 93%) used,   962.70 KB (  6%) free+waste,   158.13 KB (  1%) overhead. 
       Both:    108.58 MB capacity,   105.84 MB ( 97%) used,     2.24 MB (  2%) free+waste,   502.69 KB ( <1%) overhead. 

Virtual space:
  Non-class space:       94.00 MB reserved,      94.00 MB (100%) committed 
      Class space:        1.00 GB reserved,      15.00 MB (  1%) committed 
             Both:        1.09 GB reserved,     109.00 MB ( 10%) committed 

Chunk freelists:
   Non-Class:  6.38 KB
       Class:  11.25 KB
        Both:  17.63 KB

CodeHeap 'non-profiled nmethods': size=120000Kb used=9013Kb max_used=9013Kb free=110986Kb
 bounds [0x000002c977a70000, 0x000002c978340000, 0x000002c97efa0000]
CodeHeap 'profiled nmethods': size=120000Kb used=31513Kb max_used=31513Kb free=88486Kb
 bounds [0x000002c970540000, 0x000002c972420000, 0x000002c977a70000]
CodeHeap 'non-nmethods': size=5760Kb used=2331Kb max_used=2431Kb free=3428Kb
 bounds [0x000002c96ffa0000, 0x000002c970210000, 0x000002c970540000]
 total_blobs=16200 nmethods=15252 adapters=859
 compilation: enabled
              stopped_count=0, restarted_count=0
 full_count=0

Compilation events (10 events):
Event: 12.335 Thread 0x000002c90724e800 nmethod 16394 0x000002c977d1d290 code [0x000002c977d1d400, 0x000002c977d1d458]
Event: 12.335 Thread 0x000002c90724e800 16367       4       com.android.tools.r8.graph.N::hashCode (8 bytes)
Event: 12.335 Thread 0x000002c90724e800 nmethod 16367 0x000002c977d9f290 code [0x000002c977d9f420, 0x000002c977d9f4a8]
Event: 12.335 Thread 0x000002c90724e800 16338       4       com.android.tools.r8.graph.f0$l::a (14 bytes)
Event: 12.335 Thread 0x000002c90724e800 nmethod 16338 0x000002c97833dc90 code [0x000002c97833de20, 0x000002c97833dec8]
Event: 12.335 Thread 0x000002c90724e800 16353       4       com.android.tools.r8.internal.rj$$Lambda$1940/0x0000000100ec5440::accept (11 bytes)
Event: 12.336 Thread 0x000002c90724e800 nmethod 16353 0x000002c97833df90 code [0x000002c97833e100, 0x000002c97833e198]
Event: 12.336 Thread 0x000002c90724e800 16346       4       com.android.tools.r8.graph.f0$i::a0 (4 bytes)
Event: 12.336 Thread 0x000002c90724e800 nmethod 16346 0x000002c97833e290 code [0x000002c97833e400, 0x000002c97833e478]
Event: 12.336 Thread 0x000002c90724e800 15959       4       com.android.tools.r8.dex.j::m (2086 bytes)

GC Heap History (10 events):
Event: 11.102 GC heap before
{Heap before GC invocations=29 (full 0):
 garbage-first heap   total 361472K, used 243059K [0x0000000080000000, 0x0000000100000000)
  region size 1024K, 17 young (17408K), 8 survivors (8192K)
 Metaspace       used 106078K, capacity 108778K, committed 108928K, reserved 1142784K
  class space    used 13889K, capacity 14927K, committed 14976K, reserved 1048576K
}
Event: 11.109 GC heap after
{Heap after GC invocations=30 (full 0):
 garbage-first heap   total 361472K, used 232128K [0x0000000080000000, 0x0000000100000000)
  region size 1024K, 2 young (2048K), 2 survivors (2048K)
 Metaspace       used 106078K, capacity 108778K, committed 108928K, reserved 1142784K
  class space    used 13889K, capacity 14927K, committed 14976K, reserved 1048576K
}
Event: 11.299 GC heap before
{Heap before GC invocations=30 (full 0):
 garbage-first heap   total 361472K, used 289472K [0x0000000080000000, 0x0000000100000000)
  region size 1024K, 59 young (60416K), 2 survivors (2048K)
 Metaspace       used 107434K, capacity 110351K, committed 110464K, reserved 1144832K
  class space    used 14043K, capacity 15191K, committed 15232K, reserved 1048576K
}
Event: 11.305 GC heap after
{Heap after GC invocations=31 (full 0):
 garbage-first heap   total 361472K, used 242069K [0x0000000080000000, 0x0000000100000000)
  region size 1024K, 8 young (8192K), 8 survivors (8192K)
 Metaspace       used 107434K, capacity 110351K, committed 110464K, reserved 1144832K
  class space    used 14043K, capacity 15191K, committed 15232K, reserved 1048576K
}
Event: 11.574 GC heap before
{Heap before GC invocations=31 (full 0):
 garbage-first heap   total 361472K, used 297365K [0x0000000080000000, 0x0000000100000000)
  region size 1024K, 59 young (60416K), 8 survivors (8192K)
 Metaspace       used 107713K, capacity 110527K, committed 110976K, reserved 1144832K
  class space    used 14024K, capacity 15128K, committed 15232K, reserved 1048576K
}
Event: 11.582 GC heap after
{Heap after GC invocations=32 (full 0):
 garbage-first heap   total 431104K, used 248230K [0x0000000080000000, 0x0000000100000000)
  region size 1024K, 5 young (5120K), 5 survivors (5120K)
 Metaspace       used 107713K, capacity 110527K, committed 110976K, reserved 1144832K
  class space    used 14024K, capacity 15128K, committed 15232K, reserved 1048576K
}
Event: 11.851 GC heap before
{Heap before GC invocations=33 (full 0):
 garbage-first heap   total 431104K, used 331174K [0x0000000080000000, 0x0000000100000000)
  region size 1024K, 83 young (84992K), 5 survivors (5120K)
 Metaspace       used 108053K, capacity 110892K, committed 111232K, reserved 1144832K
  class space    used 14025K, capacity 15129K, committed 15232K, reserved 1048576K
}
Event: 11.862 GC heap after
{Heap after GC invocations=34 (full 0):
 garbage-first heap   total 431104K, used 259210K [0x0000000080000000, 0x0000000100000000)
  region size 1024K, 11 young (11264K), 11 survivors (11264K)
 Metaspace       used 108053K, capacity 110892K, committed 111232K, reserved 1144832K
  class space    used 14025K, capacity 15129K, committed 15232K, reserved 1048576K
}
Event: 12.071 GC heap before
{Heap before GC invocations=34 (full 0):
 garbage-first heap   total 431104K, used 349322K [0x0000000080000000, 0x0000000100000000)
  region size 1024K, 87 young (89088K), 11 survivors (11264K)
 Metaspace       used 108223K, capacity 111017K, committed 111232K, reserved 1144832K
  class space    used 14031K, capacity 15138K, committed 15232K, reserved 1048576K
}
Event: 12.077 GC heap after
{Heap after GC invocations=35 (full 0):
 garbage-first heap   total 431104K, used 270812K [0x0000000080000000, 0x0000000100000000)
  region size 1024K, 2 young (2048K), 2 survivors (2048K)
 Metaspace       used 108223K, capacity 111017K, committed 111232K, reserved 1144832K
  class space    used 14031K, capacity 15138K, committed 15232K, reserved 1048576K
}

Deoptimization events (10 events):
Event: 12.100 Thread 0x000002c90ea45800 Uncommon trap: reason=class_check action=maybe_recompile pc=0x000002c977c6e5ec method=com.android.tools.r8.graph.G.a(Lcom/android/tools/r8/graph/G;Lcom/android/tools/r8/internal/f8;)I @ 3 c2
Event: 12.225 Thread 0x000002c90ea45800 Uncommon trap: reason=unstable_if action=reinterpret pc=0x000002c977d0d8d8 method=com.android.tools.r8.dex.i.c(I)V @ 8 c2
Event: 12.235 Thread 0x000002c90ea45800 Uncommon trap: reason=class_check action=maybe_recompile pc=0x000002c977d1e494 method=com.android.tools.r8.internal.Vt.a(Ljava/lang/Object;)I @ 35 c2
Event: 12.235 Thread 0x000002c90ea45800 Uncommon trap: reason=class_check action=maybe_recompile pc=0x000002c977d1e494 method=com.android.tools.r8.internal.Vt.a(Ljava/lang/Object;)I @ 35 c2
Event: 12.235 Thread 0x000002c90ea45800 Uncommon trap: reason=class_check action=maybe_recompile pc=0x000002c977d1e494 method=com.android.tools.r8.internal.Vt.a(Ljava/lang/Object;)I @ 35 c2
Event: 12.235 Thread 0x000002c90ea45800 Uncommon trap: reason=class_check action=maybe_recompile pc=0x000002c977d1e494 method=com.android.tools.r8.internal.Vt.a(Ljava/lang/Object;)I @ 35 c2
Event: 12.313 Thread 0x000002c90ea45800 Uncommon trap: reason=bimorphic_or_optimized_type_check action=maybe_recompile pc=0x000002c978337b98 method=com.android.tools.r8.internal.Vt.a(Ljava/lang/Object;)I @ 35 c2
Event: 12.313 Thread 0x000002c90ea45800 Uncommon trap: reason=bimorphic_or_optimized_type_check action=maybe_recompile pc=0x000002c978337b98 method=com.android.tools.r8.internal.Vt.a(Ljava/lang/Object;)I @ 35 c2
Event: 12.313 Thread 0x000002c90ea45800 Uncommon trap: reason=bimorphic_or_optimized_type_check action=maybe_recompile pc=0x000002c978337b98 method=com.android.tools.r8.internal.Vt.a(Ljava/lang/Object;)I @ 35 c2
Event: 12.313 Thread 0x000002c90ea45800 Uncommon trap: reason=bimorphic_or_optimized_type_check action=maybe_recompile pc=0x000002c978337b98 method=com.android.tools.r8.internal.Vt.a(Ljava/lang/Object;)I @ 35 c2

Classes redefined (0 events):
No events

Internal exceptions (10 events):
Event: 11.899 Thread 0x000002c90e9a6800 Exception <a 'sun/nio/fs/WindowsException'{0x000000009a0df4c8}> (0x000000009a0df4c8) thrown at [./open/src/hotspot/share/prims/jni.cpp, line 611]
Event: 11.901 Thread 0x000002c90ea4b000 Exception <a 'sun/nio/fs/WindowsException'{0x000000009963ddc8}> (0x000000009963ddc8) thrown at [./open/src/hotspot/share/prims/jni.cpp, line 611]
Event: 11.903 Thread 0x000002c90e9a6800 Exception <a 'sun/nio/fs/WindowsException'{0x0000000099452dc8}> (0x0000000099452dc8) thrown at [./open/src/hotspot/share/prims/jni.cpp, line 611]
Event: 11.905 Thread 0x000002c90ea4c800 Exception <a 'sun/nio/fs/WindowsException'{0x0000000099d539b0}> (0x0000000099d539b0) thrown at [./open/src/hotspot/share/prims/jni.cpp, line 611]
Event: 11.906 Thread 0x000002c90ea47000 Exception <a 'sun/nio/fs/WindowsException'{0x00000000999d50a8}> (0x00000000999d50a8) thrown at [./open/src/hotspot/share/prims/jni.cpp, line 611]
Event: 11.911 Thread 0x000002c90ea47000 Exception <a 'sun/nio/fs/WindowsException'{0x0000000098d4f708}> (0x0000000098d4f708) thrown at [./open/src/hotspot/share/prims/jni.cpp, line 611]
Event: 11.912 Thread 0x000002c90ea4c800 Exception <a 'sun/nio/fs/WindowsException'{0x0000000098dbeb10}> (0x0000000098dbeb10) thrown at [./open/src/hotspot/share/prims/jni.cpp, line 611]
Event: 11.919 Thread 0x000002c90ea4c000 Exception <a 'sun/nio/fs/WindowsException'{0x000000009893aa40}> (0x000000009893aa40) thrown at [./open/src/hotspot/share/prims/jni.cpp, line 611]
Event: 11.932 Thread 0x000002c90ea4c000 Exception <a 'sun/nio/fs/WindowsException'{0x0000000097f0cba0}> (0x0000000097f0cba0) thrown at [./open/src/hotspot/share/prims/jni.cpp, line 611]
Event: 11.998 Thread 0x000002c90ea47800 Exception <a 'sun/nio/fs/WindowsException'{0x000000009621bc38}> (0x000000009621bc38) thrown at [./open/src/hotspot/share/prims/jni.cpp, line 611]

Events (10 events):
Event: 12.313 Thread 0x000002c90ea45800 DEOPT UNPACKING pc=0x000002c96ffc662f sp=0x000000f11f1fe320 mode 2
Event: 12.313 Thread 0x000002c90ea45800 Uncommon trap: trap_request=0xffffffc6 fr.pc=0x000002c978337b98 relative=0x0000000000000d58
Event: 12.313 Thread 0x000002c90ea45800 DEOPT PACKING pc=0x000002c978337b98 sp=0x000000f11f1fe360
Event: 12.313 Thread 0x000002c90ea45800 DEOPT UNPACKING pc=0x000002c96ffc662f sp=0x000000f11f1fe310 mode 2
Event: 12.313 Thread 0x000002c90ea45800 Uncommon trap: trap_request=0xffffffc6 fr.pc=0x000002c978337b98 relative=0x0000000000000d58
Event: 12.313 Thread 0x000002c90ea45800 DEOPT PACKING pc=0x000002c978337b98 sp=0x000000f11f1fe370
Event: 12.313 Thread 0x000002c90ea45800 DEOPT UNPACKING pc=0x000002c96ffc662f sp=0x000000f11f1fe320 mode 2
Event: 12.313 Thread 0x000002c90ea45800 Uncommon trap: trap_request=0xffffffc6 fr.pc=0x000002c978337b98 relative=0x0000000000000d58
Event: 12.313 Thread 0x000002c90ea45800 DEOPT PACKING pc=0x000002c978337b98 sp=0x000000f11f1fe370
Event: 12.313 Thread 0x000002c90ea45800 DEOPT UNPACKING pc=0x000002c96ffc662f sp=0x000000f11f1fe320 mode 2


Dynamic libraries:
0x00007ff67b580000 - 0x00007ff67b58f000 	C:\Program Files\Java\jdk-11.0.13\bin\java.exe
0x00007ffcc7050000 - 0x00007ffcc7244000 	C:\Windows\SYSTEM32\ntdll.dll
0x00007ffca7550000 - 0x00007ffca7566000 	C:\Program Files\Avast Software\Avast\aswhook.dll
0x00007ffcc5340000 - 0x00007ffcc53fd000 	C:\Windows\System32\KERNEL32.DLL
0x00007ffcc4b10000 - 0x00007ffcc4dd7000 	C:\Windows\System32\KERNELBASE.dll
0x00007ffcc4e10000 - 0x00007ffcc4f10000 	C:\Windows\System32\ucrtbase.dll
0x00007ffcb25e0000 - 0x00007ffcb25f8000 	C:\Program Files\Java\jdk-11.0.13\bin\jli.dll
0x00007ffcafb50000 - 0x00007ffcafb65000 	C:\Program Files\Java\jdk-11.0.13\bin\VCRUNTIME140.dll
0x00007ffcc6810000 - 0x00007ffcc68ba000 	C:\Windows\System32\ADVAPI32.dll
0x00007ffcc65c0000 - 0x00007ffcc665e000 	C:\Windows\System32\msvcrt.dll
0x00007ffcc6c70000 - 0x00007ffcc6d0b000 	C:\Windows\System32\sechost.dll
0x00007ffcc50f0000 - 0x00007ffcc5213000 	C:\Windows\System32\RPCRT4.dll
0x00007ffcc69a0000 - 0x00007ffcc6b40000 	C:\Windows\System32\USER32.dll
0x00007ffcad2e0000 - 0x00007ffcad57a000 	C:\Windows\WinSxS\amd64_microsoft.windows.common-controls_6595b64144ccf1df_6.0.19041.1_none_b555e41d4684ddec\COMCTL32.dll
0x00007ffcc4de0000 - 0x00007ffcc4e02000 	C:\Windows\System32\win32u.dll
0x00007ffcc7020000 - 0x00007ffcc704a000 	C:\Windows\System32\GDI32.dll
0x00007ffcc4980000 - 0x00007ffcc4a8a000 	C:\Windows\System32\gdi32full.dll
0x00007ffcc47d0000 - 0x00007ffcc486d000 	C:\Windows\System32\msvcp_win.dll
0x00007ffcbea60000 - 0x00007ffcbea6a000 	C:\Windows\SYSTEM32\VERSION.dll
0x00007ffcc6ea0000 - 0x00007ffcc6ed0000 	C:\Windows\System32\IMM32.DLL
0x00007ffc82790000 - 0x00007ffc8282b000 	C:\Program Files\Java\jdk-11.0.13\bin\msvcp140.dll
0x00007ffc56de0000 - 0x00007ffc578f3000 	C:\Program Files\Java\jdk-11.0.13\bin\server\jvm.dll
0x00007ffcc5280000 - 0x00007ffcc5288000 	C:\Windows\System32\PSAPI.DLL
0x00007ffcb0120000 - 0x00007ffcb0147000 	C:\Windows\SYSTEM32\WINMM.dll
0x00007ffcb1610000 - 0x00007ffcb1619000 	C:\Windows\SYSTEM32\WSOCK32.dll
0x00007ffcc6f30000 - 0x00007ffcc6f9b000 	C:\Windows\System32\WS2_32.dll
0x00007ffcc30e0000 - 0x00007ffcc30f3000 	C:\Windows\SYSTEM32\kernel.appcore.dll
0x00007ffcb4690000 - 0x00007ffcb46a0000 	C:\Program Files\Java\jdk-11.0.13\bin\verify.dll
0x00007ffcc2650000 - 0x00007ffcc2834000 	C:\Windows\SYSTEM32\DBGHELP.DLL
0x00007ffcbc1c0000 - 0x00007ffcbc1ec000 	C:\Windows\SYSTEM32\dbgcore.DLL
0x00007ffcc4a90000 - 0x00007ffcc4b0f000 	C:\Windows\System32\bcryptPrimitives.dll
0x00007ffcafac0000 - 0x00007ffcafae8000 	C:\Program Files\Java\jdk-11.0.13\bin\java.dll
0x00007ffcb32a0000 - 0x00007ffcb32aa000 	C:\Program Files\Java\jdk-11.0.13\bin\jimage.dll
0x00007ffcafa80000 - 0x00007ffcafa96000 	C:\Program Files\Java\jdk-11.0.13\bin\zip.dll
0x00007ffcc5400000 - 0x00007ffcc5b31000 	C:\Windows\System32\SHELL32.dll
0x00007ffcc2840000 - 0x00007ffcc2fca000 	C:\Windows\SYSTEM32\windows.storage.dll
0x00007ffcc5c30000 - 0x00007ffcc5f84000 	C:\Windows\System32\combase.dll
0x00007ffcc4250000 - 0x00007ffcc427b000 	C:\Windows\SYSTEM32\Wldp.dll
0x00007ffcc60a0000 - 0x00007ffcc614e000 	C:\Windows\System32\SHCORE.dll
0x00007ffcc6ed0000 - 0x00007ffcc6f25000 	C:\Windows\System32\shlwapi.dll
0x00007ffcc4710000 - 0x00007ffcc472f000 	C:\Windows\SYSTEM32\profapi.dll
0x00007ffcaf200000 - 0x00007ffcaf219000 	C:\Program Files\Java\jdk-11.0.13\bin\net.dll
0x00007ffcb4e90000 - 0x00007ffcb4f92000 	C:\Windows\SYSTEM32\WINHTTP.dll
0x00007ffcc3fd0000 - 0x00007ffcc403a000 	C:\Windows\system32\mswsock.dll
0x00007ffcaaba0000 - 0x00007ffcaabb2000 	C:\Program Files\Java\jdk-11.0.13\bin\nio.dll
0x00007ffcb32b0000 - 0x00007ffcb32d7000 	C:\Users\Aslan\.gradle\native\8bec1ad78214c89d9ad589b4d07fe93259594b29d510b10fafb7a158f7737e5d\windows-amd64\native-platform.dll
0x00007ffc825e0000 - 0x00007ffc8271d000 	C:\Users\Aslan\.gradle\native\53dbd7edfb1c66fb8903c78663c9afc45aea4f116125fa6feffd364cf09443e8\windows-amd64\native-platform-file-events.dll
0x00007ffcb4730000 - 0x00007ffcb4739000 	C:\Program Files\Java\jdk-11.0.13\bin\management.dll
0x00007ffcb4720000 - 0x00007ffcb472b000 	C:\Program Files\Java\jdk-11.0.13\bin\management_ext.dll
0x00007ffcc41a0000 - 0x00007ffcc41b8000 	C:\Windows\SYSTEM32\CRYPTSP.dll
0x00007ffcc38f0000 - 0x00007ffcc3924000 	C:\Windows\system32\rsaenh.dll
0x00007ffcc5070000 - 0x00007ffcc5097000 	C:\Windows\System32\bcrypt.dll
0x00007ffcc4690000 - 0x00007ffcc46be000 	C:\Windows\SYSTEM32\USERENV.dll
0x00007ffcc41c0000 - 0x00007ffcc41cc000 	C:\Windows\SYSTEM32\CRYPTBASE.dll
0x00007ffcc3c70000 - 0x00007ffcc3cab000 	C:\Windows\SYSTEM32\IPHLPAPI.DLL
0x00007ffcc6c60000 - 0x00007ffcc6c69000 	C:\Windows\System32\NSI.dll
0x00007ffcbceb0000 - 0x00007ffcbcec7000 	C:\Windows\SYSTEM32\dhcpcsvc6.DLL
0x00007ffcbd980000 - 0x00007ffcbd99d000 	C:\Windows\SYSTEM32\dhcpcsvc.DLL
0x00007ffcc3cc0000 - 0x00007ffcc3d8a000 	C:\Windows\SYSTEM32\DNSAPI.dll

dbghelp: loaded successfully - version: 4.0.5 - missing functions: none
symbol engine: initialized successfully - sym options: 0x614 - pdb path: .;C:\Program Files\Java\jdk-11.0.13\bin;C:\Windows\SYSTEM32;C:\Program Files\Avast Software\Avast;C:\Windows\WinSxS\amd64_microsoft.windows.common-controls_6595b64144ccf1df_6.0.19041.1_none_b555e41d4684ddec;C:\Program Files\Java\jdk-11.0.13\bin\server;C:\Users\Aslan\.gradle\native\8bec1ad78214c89d9ad589b4d07fe93259594b29d510b10fafb7a158f7737e5d\windows-amd64;C:\Users\Aslan\.gradle\native\53dbd7edfb1c66fb8903c78663c9afc45aea4f116125fa6feffd364cf09443e8\windows-amd64

VM Arguments:
jvm_args: --add-opens=java.base/java.util=ALL-UNNAMED --add-opens=java.base/java.lang=ALL-UNNAMED --add-opens=java.base/java.lang.invoke=ALL-UNNAMED --add-opens=java.base/java.util=ALL-UNNAMED --add-opens=java.prefs/java.util.prefs=ALL-UNNAMED --add-opens=java.prefs/java.util.prefs=ALL-UNNAMED --add-opens=java.base/java.nio.charset=ALL-UNNAMED --add-opens=java.base/java.net=ALL-UNNAMED --add-opens=java.base/java.util.concurrent.atomic=ALL-UNNAMED -Xmx2048m -Dfile.encoding=UTF-8 -Duser.country=RU -Duser.language=ru -Duser.variant 
java_command: org.gradle.launcher.daemon.bootstrap.GradleDaemon 7.0.2
java_class_path (initial): C:\Users\Aslan\.gradle\wrapper\dists\gradle-7.0.2-bin\857tjihv64xamwrf0h14cai3r\gradle-7.0.2\lib\gradle-launcher-7.0.2.jar
Launcher Type: SUN_STANDARD

[Global flags]
     intx CICompilerCount                          = 4                                         {product} {ergonomic}
     uint ConcGCThreads                            = 2                                         {product} {ergonomic}
     uint G1ConcRefinementThreads                  = 8                                         {product} {ergonomic}
   size_t G1HeapRegionSize                         = 1048576                                   {product} {ergonomic}
    uintx GCDrainStackTargetSize                   = 64                                        {product} {ergonomic}
   size_t InitialHeapSize                          = 266338304                                 {product} {ergonomic}
   size_t MarkStackSize                            = 4194304                                   {product} {ergonomic}
   size_t MaxHeapSize                              = 2147483648                                {product} {command line}
   size_t MaxNewSize                               = 1287651328                                {product} {ergonomic}
   size_t MinHeapDeltaBytes                        = 1048576                                   {product} {ergonomic}
    uintx NonNMethodCodeHeapSize                   = 5836300                                {pd product} {ergonomic}
    uintx NonProfiledCodeHeapSize                  = 122910970                              {pd product} {ergonomic}
    uintx ProfiledCodeHeapSize                     = 122910970                              {pd product} {ergonomic}
    uintx ReservedCodeCacheSize                    = 251658240                              {pd product} {ergonomic}
     bool SegmentedCodeCache                       = true                                      {product} {ergonomic}
     bool UseCompressedClassPointers               = true                                 {lp64_product} {ergonomic}
     bool UseCompressedOops                        = true                                 {lp64_product} {ergonomic}
     bool UseG1GC                                  = true                                      {product} {ergonomic}
     bool UseLargePagesIndividualAllocation        = false                                  {pd product} {ergonomic}

Logging:
Log output configuration:
 #0: stdout all=warning uptime,level,tags
 #1: stderr all=off uptime,level,tags

Environment Variables:
JAVA_HOME=C:\Program Files\Java\jdk1.8.0_281
PATH=C:\Program Files\Common Files\Oracle\Java\javapath;C:\Program Files (x86)\Common Files\Oracle\Java\javapath;C:\Windows\system32;C:\Windows;C:\Windows\System32\Wbem;C:\Windows\System32\WindowsPowerShell\v1.0\;C:\Program Files (x86)\NVIDIA Corporation\PhysX\Common;C:\Program Files\Git\cmd;C:\xampp\php;C:\ProgramData\ComposerSetup\bin;C:\Program Files\NVIDIA Corporation\NVIDIA NvDLISR;C:\Program Files\Java\jdk-11.0.13\bin;C:\Users\Aslan\AppData\Local\Microsoft\WindowsApps;C:\Program Files\Java\jdk1.8.0_281\bin;;C:\Users\Aslan\AppData\Local\Programs\Microsoft VS Code\bin;C:\Users\Aslan\AppData\Roaming\Composer\vendor\bin
USERNAME=Aslan
OS=Windows_NT
PROCESSOR_IDENTIFIER=Intel64 Family 6 Model 165 Stepping 2, GenuineIntel



---------------  S Y S T E M  ---------------

OS: Windows 10 , 64 bit Build 19041 (10.0.19041.1)

CPU:total 8 (initial active 8) (4 cores per cpu, 2 threads per core) family 6 model 165 stepping 2 microcode 0xea, cmov, cx8, fxsr, mmx, sse, sse2, sse3, ssse3, sse4.1, sse4.2, popcnt, avx, avx2, aes, clmul, erms, 3dnowpref, lzcnt, ht, tsc, tscinvbit, bmi1, bmi2, adx, fma

Memory: 4k page, system-wide physical 16251M (2629M free)
TotalPageFile size 16251M (AvailPageFile size 8M)
current process WorkingSet (physical memory assigned to process): 777M, peak: 781M
current process commit charge ("private bytes"): 830M, peak: 840M

vm_info: Java HotSpot(TM) 64-Bit Server VM (11.0.13+10-LTS-370) for windows-amd64 JRE (11.0.13+10-LTS-370), built on Sep 15 2021 22:10:36 by "mach5one" with MS VC++ 15.9 (VS2017)

END.
